<?xml version="1.0" encoding="UTF-8"?>
<!-- Generated by org.testng.reporters.JUnitReportReporter -->
<testsuite hostname="users-MacBook-Pro-2.local" name="com.sav.ra.test.racouponadapter.TestGetGoupon" tests="20" failures="0" timestamp="8 Jan 2014 22:08:00 GMT" time="0.100" errors="2">
  <testcase name="testGetCouponPositive" time="0.004" classname="com.sav.ra.test.racouponadapter.TestGetGoupon"/>
  <testcase name="testGetCouponPositive" time="0.004" classname="com.sav.ra.test.racouponadapter.TestGetGoupon"/>
  <testcase name="testGetCouponPositive" time="0.005" classname="com.sav.ra.test.racouponadapter.TestGetGoupon"/>
  <testcase name="testGetCouponPositive" time="0.005" classname="com.sav.ra.test.racouponadapter.TestGetGoupon"/>
  <testcase name="testGetCouponPositive" time="0.005" classname="com.sav.ra.test.racouponadapter.TestGetGoupon"/>
  <testcase name="testGetCouponNegative" time="0.013" classname="com.sav.ra.test.racouponadapter.TestGetGoupon"/>
  <testcase name="testGetCouponNegative" time="0.005" classname="com.sav.ra.test.racouponadapter.TestGetGoupon"/>
  <testcase name="testGetCouponNegative" time="0.004" classname="com.sav.ra.test.racouponadapter.TestGetGoupon"/>
  <testcase name="testGetCouponNegative" time="0.006" classname="com.sav.ra.test.racouponadapter.TestGetGoupon"/>
  <testcase name="testGetCouponPositive" time="0.004" classname="com.sav.ra.test.racouponadapter.TestGetGoupon">
    <error type="java.lang.AssertionError" message="expected:&lt;22&gt; but was:&lt;13&gt;">
      <![CDATA[java.lang.AssertionError: expected:<22> but was:<13>
	at org.junit.Assert.fail(Assert.java:93)
	at org.junit.Assert.failNotEquals(Assert.java:647)
	at org.junit.Assert.assertEquals(Assert.java:128)
	at org.junit.Assert.assertEquals(Assert.java:472)
	at org.junit.Assert.assertEquals(Assert.java:456)
	at com.sav.ra.test.racouponadapter.TestGetGoupon.testGetCouponPositive(TestGetGoupon.java:47)
	at sun.reflect.NativeMethodAccessorImpl.invoke0(Native Method)
	at sun.reflect.NativeMethodAccessorImpl.invoke(NativeMethodAccessorImpl.java:39)
	at sun.reflect.DelegatingMethodAccessorImpl.invoke(DelegatingMethodAccessorImpl.java:25)
	at java.lang.reflect.Method.invoke(Method.java:597)
	at org.testng.internal.MethodInvocationHelper.invokeMethod(MethodInvocationHelper.java:80)
	at org.testng.internal.Invoker.invokeMethod(Invoker.java:714)
	at org.testng.internal.Invoker.invokeTestMethod(Invoker.java:901)
	at org.testng.internal.Invoker.invokeTestMethods(Invoker.java:1231)
	at org.testng.internal.TestMethodWorker.invokeTestMethods(TestMethodWorker.java:127)
	at org.testng.internal.TestMethodWorker.run(TestMethodWorker.java:111)
	at org.testng.TestRunner.privateRun(TestRunner.java:767)
	at org.testng.TestRunner.run(TestRunner.java:617)
	at org.testng.SuiteRunner.runTest(SuiteRunner.java:334)
	at org.testng.SuiteRunner.runSequentially(SuiteRunner.java:329)
	at org.testng.SuiteRunner.privateRun(SuiteRunner.java:291)
	at org.testng.SuiteRunner.run(SuiteRunner.java:240)
	at org.testng.SuiteRunnerWorker.runSuite(SuiteRunnerWorker.java:52)
	at org.testng.SuiteRunnerWorker.run(SuiteRunnerWorker.java:86)
	at org.testng.TestNG.runSuitesSequentially(TestNG.java:1198)
	at org.testng.TestNG.runSuitesLocally(TestNG.java:1123)
	at org.testng.TestNG.run(TestNG.java:1031)
	at org.apache.maven.surefire.testng.TestNGExecutor.run(TestNGExecutor.java:77)
	at org.apache.maven.surefire.testng.TestNGDirectoryTestSuite.executeMulti(TestNGDirectoryTestSuite.java:159)
	at org.apache.maven.surefire.testng.TestNGDirectoryTestSuite.execute(TestNGDirectoryTestSuite.java:99)
	at org.apache.maven.surefire.testng.TestNGProvider.invoke(TestNGProvider.java:106)
	at sun.reflect.NativeMethodAccessorImpl.invoke0(Native Method)
	at sun.reflect.NativeMethodAccessorImpl.invoke(NativeMethodAccessorImpl.java:39)
	at sun.reflect.DelegatingMethodAccessorImpl.invoke(DelegatingMethodAccessorImpl.java:25)
	at java.lang.reflect.Method.invoke(Method.java:597)
	at org.apache.maven.surefire.util.ReflectionUtils.invokeMethodWithArray(ReflectionUtils.java:189)
	at org.apache.maven.surefire.booter.ProviderFactory$ProviderProxy.invoke(ProviderFactory.java:165)
	at org.apache.maven.surefire.booter.ProviderFactory.invokeProvider(ProviderFactory.java:85)
	at org.apache.maven.surefire.booter.ForkedBooter.runSuitesInProcess(ForkedBooter.java:115)
	at org.apache.maven.surefire.booter.ForkedBooter.main(ForkedBooter.java:75)
]]>
    </error>
  </testcase> <!-- testGetCouponPositive -->
  <testcase name="testGetCouponPositive" time="0.006" classname="com.sav.ra.test.racouponadapter.TestGetGoupon"/>
  <testcase name="testGetCouponNegative" time="0.004" classname="com.sav.ra.test.racouponadapter.TestGetGoupon"/>
  <testcase name="testGetCouponPositive" time="0.005" classname="com.sav.ra.test.racouponadapter.TestGetGoupon"/>
  <testcase name="testGetCouponNegative" time="0.004" classname="com.sav.ra.test.racouponadapter.TestGetGoupon"/>
  <testcase name="testGetCouponPositive" time="0.004" classname="com.sav.ra.test.racouponadapter.TestGetGoupon"/>
  <testcase name="testGetCouponNegative" time="0.004" classname="com.sav.ra.test.racouponadapter.TestGetGoupon"/>
  <testcase name="testGetCouponNegative" time="0.004" classname="com.sav.ra.test.racouponadapter.TestGetGoupon"/>
  <testcase name="testGetCouponPositive" time="0.006" classname="com.sav.ra.test.racouponadapter.TestGetGoupon">
    <error type="java.lang.AssertionError" message="expected:&lt;32&gt; but was:&lt;23&gt;">
      <![CDATA[java.lang.AssertionError: expected:<32> but was:<23>
	at org.junit.Assert.fail(Assert.java:93)
	at org.junit.Assert.failNotEquals(Assert.java:647)
	at org.junit.Assert.assertEquals(Assert.java:128)
	at org.junit.Assert.assertEquals(Assert.java:472)
	at org.junit.Assert.assertEquals(Assert.java:456)
	at com.sav.ra.test.racouponadapter.TestGetGoupon.testGetCouponPositive(TestGetGoupon.java:47)
	at sun.reflect.NativeMethodAccessorImpl.invoke0(Native Method)
	at sun.reflect.NativeMethodAccessorImpl.invoke(NativeMethodAccessorImpl.java:39)
	at sun.reflect.DelegatingMethodAccessorImpl.invoke(DelegatingMethodAccessorImpl.java:25)
	at java.lang.reflect.Method.invoke(Method.java:597)
	at org.testng.internal.MethodInvocationHelper.invokeMethod(MethodInvocationHelper.java:80)
	at org.testng.internal.Invoker.invokeMethod(Invoker.java:714)
	at org.testng.internal.Invoker.invokeTestMethod(Invoker.java:901)
	at org.testng.internal.Invoker.invokeTestMethods(Invoker.java:1231)
	at org.testng.internal.TestMethodWorker.invokeTestMethods(TestMethodWorker.java:127)
	at org.testng.internal.TestMethodWorker.run(TestMethodWorker.java:111)
	at org.testng.TestRunner.privateRun(TestRunner.java:767)
	at org.testng.TestRunner.run(TestRunner.java:617)
	at org.testng.SuiteRunner.runTest(SuiteRunner.java:334)
	at org.testng.SuiteRunner.runSequentially(SuiteRunner.java:329)
	at org.testng.SuiteRunner.privateRun(SuiteRunner.java:291)
	at org.testng.SuiteRunner.run(SuiteRunner.java:240)
	at org.testng.SuiteRunnerWorker.runSuite(SuiteRunnerWorker.java:52)
	at org.testng.SuiteRunnerWorker.run(SuiteRunnerWorker.java:86)
	at org.testng.TestNG.runSuitesSequentially(TestNG.java:1198)
	at org.testng.TestNG.runSuitesLocally(TestNG.java:1123)
	at org.testng.TestNG.run(TestNG.java:1031)
	at org.apache.maven.surefire.testng.TestNGExecutor.run(TestNGExecutor.java:77)
	at org.apache.maven.surefire.testng.TestNGDirectoryTestSuite.executeMulti(TestNGDirectoryTestSuite.java:159)
	at org.apache.maven.surefire.testng.TestNGDirectoryTestSuite.execute(TestNGDirectoryTestSuite.java:99)
	at org.apache.maven.surefire.testng.TestNGProvider.invoke(TestNGProvider.java:106)
	at sun.reflect.NativeMethodAccessorImpl.invoke0(Native Method)
	at sun.reflect.NativeMethodAccessorImpl.invoke(NativeMethodAccessorImpl.java:39)
	at sun.reflect.DelegatingMethodAccessorImpl.invoke(DelegatingMethodAccessorImpl.java:25)
	at java.lang.reflect.Method.invoke(Method.java:597)
	at org.apache.maven.surefire.util.ReflectionUtils.invokeMethodWithArray(ReflectionUtils.java:189)
	at org.apache.maven.surefire.booter.ProviderFactory$ProviderProxy.invoke(ProviderFactory.java:165)
	at org.apache.maven.surefire.booter.ProviderFactory.invokeProvider(ProviderFactory.java:85)
	at org.apache.maven.surefire.booter.ForkedBooter.runSuitesInProcess(ForkedBooter.java:115)
	at org.apache.maven.surefire.booter.ForkedBooter.main(ForkedBooter.java:75)
]]>
    </error>
  </testcase> <!-- testGetCouponPositive -->
  <testcase name="testGetCouponNegative" time="0.004" classname="com.sav.ra.test.racouponadapter.TestGetGoupon"/>
  <testcase name="testGetCouponNegative" time="0.004" classname="com.sav.ra.test.racouponadapter.TestGetGoupon"/>
</testsuite> <!-- com.sav.ra.test.racouponadapter.TestGetGoupon -->
