<html xmlns:string="xalan://java.lang.String" xmlns:lxslt="http://xml.apache.org/xslt">
<head>
<META http-equiv="Content-Type" content="text/html; charset=UTF-8">
<title>Unit Test Results: com.sav.ra.test.bid.TestBidOnRideFromAirport</title>
<link rel="stylesheet" type="text/css" title="Style" href="../../../../../stylesheet.css">
<script type="text/javascript" language="JavaScript">
        var TestCases = new Array();
        var cur;
        </script><script type="text/javascript" language="JavaScript">
        function displayProperties (name) {
          var win = window.open('','JUnitSystemProperties','scrollbars=1,resizable=1');
          var doc = win.document;
          doc.open();
          doc.write("<html><head><title>Properties of " + name + "</title>");
          doc.write("<style type=\"text/css\">");
          doc.write("body {font:normal 68% verdana,arial,helvetica; color:#000000; }");
          doc.write("table tr td, table tr th { font-size: 68%; }");
          doc.write("table.properties { border-collapse:collapse; border-left:solid 1 #cccccc; border-top:solid 1 #cccccc; padding:5px; }");
          doc.write("table.properties th { text-align:left; border-right:solid 1 #cccccc; border-bottom:solid 1 #cccccc; background-color:#eeeeee; }");
          doc.write("table.properties td { font:normal; text-align:left; border-right:solid 1 #cccccc; border-bottom:solid 1 #cccccc; background-color:#fffffff; }");
          doc.write("h3 { margin-bottom: 0.5em; font: bold 115% verdana,arial,helvetica }");
          doc.write("</style>");
          doc.write("</head><body>");
          doc.write("<h3>Properties of " + name + "</h3>");
          doc.write("<div align=\"right\"><a href=\"javascript:window.close();\">Close</a></div>");
          doc.write("<table class='properties'>");
          doc.write("<tr><th>Name</th><th>Value</th></tr>");
          for (prop in TestCases[name]) {
            doc.write("<tr><th>" + prop + "</th><td>" + TestCases[name][prop] + "</td></tr>");
          }
          doc.write("</table>");
          doc.write("</body></html>");
          doc.close();
          win.focus();
        }
      
      </script>
</head>
<body>
<h1>Unit Test Results.</h1>
<table width="100%">
<tr>
<td align="left"></td><td align="right">Designed for use with <a href="http://www.junit.org/">JUnit</a> and <a href="http://ant.apache.org/">Ant</a>.</td>
</tr>
</table>
<hr size="1">
<h3>Class com.sav.ra.test.bid.TestBidOnRideFromAirport</h3>
<table class="details" border="0" cellpadding="5" cellspacing="2" width="95%">
<tr valign="top">
<th width="80%">Name</th><th>Tests</th><th>Errors</th><th>Failures</th><th>Skipped</th><th nowrap>Time(s)</th><th nowrap>Time Stamp</th><th>Host</th>
</tr>
<tr valign="top" class="Error">
<td><a title="Display all tests" href="1_TestBidOnRideFromAirport.html">TestBidOnRideFromAirport</a></td><td><a title="Display all tests" href="1_TestBidOnRideFromAirport.html">114</a></td><td><a title="Display only errors" href="1_TestBidOnRideFromAirport-errors.html">38</a></td><td><a title="Display only failures" href="1_TestBidOnRideFromAirport-fails.html">6</a></td><td></td><td>30621.533</td><td>8 Jan 2014 22:08:00 GMT</td><td>users-MacBook-Pro-2.local</td>
</tr>
</table>
<h2>Failures</h2>
<table class="details" border="0" cellpadding="5" cellspacing="2" width="95%">
<tr valign="top">
<th>Name</th><th>Status</th><th width="80%">Type</th><th nowrap>Time(s)</th>
</tr>
<tr valign="top" class="Failure">
<td><a name="testBidOnRideFromAirport"></a>testBidOnRideFromAirport</td><td>Failure</td><td>Element is not currently visible and so may not be interacted with Command duration or timeout: 11 milliseconds Build info: version: '2.37.1', revision: 'a7c61cbd68657e133ae96672cf995890bad2ee42', time: '2013-10-21 09:08:07' System info: host: 'users-MacBook-Pro-2.local', ip: '192.168.1.107', os.name: 'Mac OS X', os.arch: 'x86_64', os.version: '10.9.1', java.version: '1.6.0_65' Session ID: 6ad65a22-2bbf-724d-821b-449bad830e9f Driver info: org.openqa.selenium.firefox.FirefoxDriver Capabilities [{platform=MAC, acceptSslCerts=true, javascriptEnabled=true, browserName=firefox, rotatable=false, locationContextEnabled=true, version=26.0, cssSelectorsEnabled=true, databaseEnabled=true, handlesAlerts=true, browserConnectionEnabled=true, nativeEvents=false, webStorageEnabled=true, applicationCacheEnabled=true, takesScreenshot=true}]<br>
<br>
<code>
<br>      org.openqa.selenium.ElementNotVisibleException: Element is not currently visible and so may not be interacted with<br>Command duration or timeout: 11 milliseconds<br>Build info: version: '2.37.1', revision: 'a7c61cbd68657e133ae96672cf995890bad2ee42', time: '2013-10-21 09:08:07'<br>System info: host: 'users-MacBook-Pro-2.local', ip: '192.168.1.107', os.name: 'Mac OS X', os.arch: 'x86_64', os.version: '10.9.1', java.version: '1.6.0_65'<br>Session ID: 6ad65a22-2bbf-724d-821b-449bad830e9f<br>Driver info: org.openqa.selenium.firefox.FirefoxDriver<br>Capabilities [{platform=MAC, acceptSslCerts=true, javascriptEnabled=true, browserName=firefox, rotatable=false, locationContextEnabled=true, version=26.0, cssSelectorsEnabled=true, databaseEnabled=true, handlesAlerts=true, browserConnectionEnabled=true, nativeEvents=false, webStorageEnabled=true, applicationCacheEnabled=true, takesScreenshot=true}]<br>	at sun.reflect.NativeConstructorAccessorImpl.newInstance0(Native Method)<br>	at sun.reflect.NativeConstructorAccessorImpl.newInstance(NativeConstructorAccessorImpl.java:39)<br>	at sun.reflect.DelegatingConstructorAccessorImpl.newInstance(DelegatingConstructorAccessorImpl.java:27)<br>	at java.lang.reflect.Constructor.newInstance(Constructor.java:513)<br>	at org.openqa.selenium.remote.ErrorHandler.createThrowable(ErrorHandler.java:193)<br>	at org.openqa.selenium.remote.ErrorHandler.throwIfResponseFailed(ErrorHandler.java:145)<br>	at org.openqa.selenium.remote.RemoteWebDriver.execute(RemoteWebDriver.java:554)<br>	at org.openqa.selenium.remote.RemoteWebElement.execute(RemoteWebElement.java:268)<br>	at org.openqa.selenium.remote.RemoteWebElement.click(RemoteWebElement.java:79)<br>	at com.sav.ra.framework.WebDriverTest.verifyAndClickElement(WebDriverTest.java:135)<br>	at com.sav.ra.test.bid.TestBidOnRideFromAirport.testBidOnRideFromAirport(TestBidOnRideFromAirport.java:65)<br>	at sun.reflect.GeneratedMethodAccessor17.invoke(Unknown Source)<br>	at sun.reflect.DelegatingMethodAccessorImpl.invoke(DelegatingMethodAccessorImpl.java:25)<br>	at java.lang.reflect.Method.invoke(Method.java:597)<br>	at org.testng.internal.MethodInvocationHelper.invokeMethod(MethodInvocationHelper.java:80)<br>	at org.testng.internal.Invoker.invokeMethod(Invoker.java:714)<br>	at org.testng.internal.Invoker.invokeTestMethod(Invoker.java:901)<br>	at org.testng.internal.Invoker.invokeTestMethods(Invoker.java:1231)<br>	at org.testng.internal.TestMethodWorker.invokeTestMethods(TestMethodWorker.java:127)<br>	at org.testng.internal.TestMethodWorker.run(TestMethodWorker.java:111)<br>	at org.testng.TestRunner.privateRun(TestRunner.java:767)<br>	at org.testng.TestRunner.run(TestRunner.java:617)<br>	at org.testng.SuiteRunner.runTest(SuiteRunner.java:334)<br>	at org.testng.SuiteRunner.runSequentially(SuiteRunner.java:329)<br>	at org.testng.SuiteRunner.privateRun(SuiteRunner.java:291)<br>	at org.testng.SuiteRunner.run(SuiteRunner.java:240)<br>	at org.testng.SuiteRunnerWorker.runSuite(SuiteRunnerWorker.java:52)<br>	at org.testng.SuiteRunnerWorker.run(SuiteRunnerWorker.java:86)<br>	at org.testng.TestNG.runSuitesSequentially(TestNG.java:1198)<br>	at org.testng.TestNG.runSuitesLocally(TestNG.java:1123)<br>	at org.testng.TestNG.run(TestNG.java:1031)<br>	at org.apache.maven.surefire.testng.TestNGExecutor.run(TestNGExecutor.java:77)<br>	at org.apache.maven.surefire.testng.TestNGDirectoryTestSuite.executeMulti(TestNGDirectoryTestSuite.java:159)<br>	at org.apache.maven.surefire.testng.TestNGDirectoryTestSuite.execute(TestNGDirectoryTestSuite.java:99)<br>	at org.apache.maven.surefire.testng.TestNGProvider.invoke(TestNGProvider.java:106)<br>	at sun.reflect.NativeMethodAccessorImpl.invoke0(Native Method)<br>	at sun.reflect.NativeMethodAccessorImpl.invoke(NativeMethodAccessorImpl.java:39)<br>	at sun.reflect.DelegatingMethodAccessorImpl.invoke(DelegatingMethodAccessorImpl.java:25)<br>	at java.lang.reflect.Method.invoke(Method.java:597)<br>	at org.apache.maven.surefire.util.ReflectionUtils.invokeMethodWithArray(ReflectionUtils.java:189)<br>	at org.apache.maven.surefire.booter.ProviderFactory$ProviderProxy.invoke(ProviderFactory.java:165)<br>	at org.apache.maven.surefire.booter.ProviderFactory.invokeProvider(ProviderFactory.java:85)<br>	at org.apache.maven.surefire.booter.ForkedBooter.runSuitesInProcess(ForkedBooter.java:115)<br>	at org.apache.maven.surefire.booter.ForkedBooter.main(ForkedBooter.java:75)<br>Caused by: org.openqa.selenium.remote.ErrorHandler$UnknownServerException: Element is not currently visible and so may not be interacted with<br>Build info: version: '2.37.1', revision: 'a7c61cbd68657e133ae96672cf995890bad2ee42', time: '2013-10-21 09:08:07'<br>System info: host: 'users-MacBook-Pro-2.local', ip: '192.168.1.107', os.name: 'Mac OS X', os.arch: 'x86_64', os.version: '10.9.1', java.version: '1.6.0_65'<br>Driver info: driver.version: unknown<br>	at &lt;anonymous class&gt;.fxdriver.preconditions.visible(file:///var/folders/3r/pyh6fkjj3k78lhxjrpryl7c80000gn/T/anonymous6552259122201581459webdriver-profile/extensions/fxdriver@googlecode.com/components/command_processor.js:8210)<br>	at &lt;anonymous class&gt;.DelayedCommand.prototype.checkPreconditions_(file:///var/folders/3r/pyh6fkjj3k78lhxjrpryl7c80000gn/T/anonymous6552259122201581459webdriver-profile/extensions/fxdriver@googlecode.com/components/command_processor.js:10827)<br>	at &lt;anonymous class&gt;.DelayedCommand.prototype.executeInternal_/h(file:///var/folders/3r/pyh6fkjj3k78lhxjrpryl7c80000gn/T/anonymous6552259122201581459webdriver-profile/extensions/fxdriver@googlecode.com/components/command_processor.js:10844)<br>	at &lt;anonymous class&gt;.DelayedCommand.prototype.executeInternal_(file:///var/folders/3r/pyh6fkjj3k78lhxjrpryl7c80000gn/T/anonymous6552259122201581459webdriver-profile/extensions/fxdriver@googlecode.com/components/command_processor.js:10849)<br>	at &lt;anonymous class&gt;.DelayedCommand.prototype.execute/&lt;(file:///var/folders/3r/pyh6fkjj3k78lhxjrpryl7c80000gn/T/anonymous6552259122201581459webdriver-profile/extensions/fxdriver@googlecode.com/components/command_processor.js:10791)<br>
<br>    
</code></td><td>28425.783</td>
</tr>
<tr valign="top" class="Failure">
<td><a name="testBidOnRideFromAirport"></a>testBidOnRideFromAirport</td><td>Failure</td><td>Element is not currently visible and so may not be interacted with Command duration or timeout: 8 milliseconds Build info: version: '2.37.1', revision: 'a7c61cbd68657e133ae96672cf995890bad2ee42', time: '2013-10-21 09:08:07' System info: host: 'users-MacBook-Pro-2.local', ip: '192.168.1.107', os.name: 'Mac OS X', os.arch: 'x86_64', os.version: '10.9.1', java.version: '1.6.0_65' Session ID: 560b44ba-2835-7c4b-955f-ee621fea50b5 Driver info: org.openqa.selenium.firefox.FirefoxDriver Capabilities [{platform=MAC, acceptSslCerts=true, javascriptEnabled=true, browserName=firefox, rotatable=false, locationContextEnabled=true, version=26.0, cssSelectorsEnabled=true, databaseEnabled=true, handlesAlerts=true, browserConnectionEnabled=true, nativeEvents=false, webStorageEnabled=true, applicationCacheEnabled=true, takesScreenshot=true}]<br>
<br>
<code>
<br>      org.openqa.selenium.ElementNotVisibleException: Element is not currently visible and so may not be interacted with<br>Command duration or timeout: 8 milliseconds<br>Build info: version: '2.37.1', revision: 'a7c61cbd68657e133ae96672cf995890bad2ee42', time: '2013-10-21 09:08:07'<br>System info: host: 'users-MacBook-Pro-2.local', ip: '192.168.1.107', os.name: 'Mac OS X', os.arch: 'x86_64', os.version: '10.9.1', java.version: '1.6.0_65'<br>Session ID: 560b44ba-2835-7c4b-955f-ee621fea50b5<br>Driver info: org.openqa.selenium.firefox.FirefoxDriver<br>Capabilities [{platform=MAC, acceptSslCerts=true, javascriptEnabled=true, browserName=firefox, rotatable=false, locationContextEnabled=true, version=26.0, cssSelectorsEnabled=true, databaseEnabled=true, handlesAlerts=true, browserConnectionEnabled=true, nativeEvents=false, webStorageEnabled=true, applicationCacheEnabled=true, takesScreenshot=true}]<br>	at sun.reflect.NativeConstructorAccessorImpl.newInstance0(Native Method)<br>	at sun.reflect.NativeConstructorAccessorImpl.newInstance(NativeConstructorAccessorImpl.java:39)<br>	at sun.reflect.DelegatingConstructorAccessorImpl.newInstance(DelegatingConstructorAccessorImpl.java:27)<br>	at java.lang.reflect.Constructor.newInstance(Constructor.java:513)<br>	at org.openqa.selenium.remote.ErrorHandler.createThrowable(ErrorHandler.java:193)<br>	at org.openqa.selenium.remote.ErrorHandler.throwIfResponseFailed(ErrorHandler.java:145)<br>	at org.openqa.selenium.remote.RemoteWebDriver.execute(RemoteWebDriver.java:554)<br>	at org.openqa.selenium.remote.RemoteWebElement.execute(RemoteWebElement.java:268)<br>	at org.openqa.selenium.remote.RemoteWebElement.click(RemoteWebElement.java:79)<br>	at com.sav.ra.framework.WebDriverTest.verifyAndClickElement(WebDriverTest.java:135)<br>	at com.sav.ra.test.bid.TestBidOnRideFromAirport.testBidOnRideFromAirport(TestBidOnRideFromAirport.java:65)<br>	at sun.reflect.GeneratedMethodAccessor17.invoke(Unknown Source)<br>	at sun.reflect.DelegatingMethodAccessorImpl.invoke(DelegatingMethodAccessorImpl.java:25)<br>	at java.lang.reflect.Method.invoke(Method.java:597)<br>	at org.testng.internal.MethodInvocationHelper.invokeMethod(MethodInvocationHelper.java:80)<br>	at org.testng.internal.Invoker.invokeMethod(Invoker.java:714)<br>	at org.testng.internal.Invoker.invokeTestMethod(Invoker.java:901)<br>	at org.testng.internal.Invoker.invokeTestMethods(Invoker.java:1231)<br>	at org.testng.internal.TestMethodWorker.invokeTestMethods(TestMethodWorker.java:127)<br>	at org.testng.internal.TestMethodWorker.run(TestMethodWorker.java:111)<br>	at org.testng.TestRunner.privateRun(TestRunner.java:767)<br>	at org.testng.TestRunner.run(TestRunner.java:617)<br>	at org.testng.SuiteRunner.runTest(SuiteRunner.java:334)<br>	at org.testng.SuiteRunner.runSequentially(SuiteRunner.java:329)<br>	at org.testng.SuiteRunner.privateRun(SuiteRunner.java:291)<br>	at org.testng.SuiteRunner.run(SuiteRunner.java:240)<br>	at org.testng.SuiteRunnerWorker.runSuite(SuiteRunnerWorker.java:52)<br>	at org.testng.SuiteRunnerWorker.run(SuiteRunnerWorker.java:86)<br>	at org.testng.TestNG.runSuitesSequentially(TestNG.java:1198)<br>	at org.testng.TestNG.runSuitesLocally(TestNG.java:1123)<br>	at org.testng.TestNG.run(TestNG.java:1031)<br>	at org.apache.maven.surefire.testng.TestNGExecutor.run(TestNGExecutor.java:77)<br>	at org.apache.maven.surefire.testng.TestNGDirectoryTestSuite.executeMulti(TestNGDirectoryTestSuite.java:159)<br>	at org.apache.maven.surefire.testng.TestNGDirectoryTestSuite.execute(TestNGDirectoryTestSuite.java:99)<br>	at org.apache.maven.surefire.testng.TestNGProvider.invoke(TestNGProvider.java:106)<br>	at sun.reflect.NativeMethodAccessorImpl.invoke0(Native Method)<br>	at sun.reflect.NativeMethodAccessorImpl.invoke(NativeMethodAccessorImpl.java:39)<br>	at sun.reflect.DelegatingMethodAccessorImpl.invoke(DelegatingMethodAccessorImpl.java:25)<br>	at java.lang.reflect.Method.invoke(Method.java:597)<br>	at org.apache.maven.surefire.util.ReflectionUtils.invokeMethodWithArray(ReflectionUtils.java:189)<br>	at org.apache.maven.surefire.booter.ProviderFactory$ProviderProxy.invoke(ProviderFactory.java:165)<br>	at org.apache.maven.surefire.booter.ProviderFactory.invokeProvider(ProviderFactory.java:85)<br>	at org.apache.maven.surefire.booter.ForkedBooter.runSuitesInProcess(ForkedBooter.java:115)<br>	at org.apache.maven.surefire.booter.ForkedBooter.main(ForkedBooter.java:75)<br>Caused by: org.openqa.selenium.remote.ErrorHandler$UnknownServerException: Element is not currently visible and so may not be interacted with<br>Build info: version: '2.37.1', revision: 'a7c61cbd68657e133ae96672cf995890bad2ee42', time: '2013-10-21 09:08:07'<br>System info: host: 'users-MacBook-Pro-2.local', ip: '192.168.1.107', os.name: 'Mac OS X', os.arch: 'x86_64', os.version: '10.9.1', java.version: '1.6.0_65'<br>Driver info: driver.version: unknown<br>	at &lt;anonymous class&gt;.fxdriver.preconditions.visible(file:///var/folders/3r/pyh6fkjj3k78lhxjrpryl7c80000gn/T/anonymous7003956290024859311webdriver-profile/extensions/fxdriver@googlecode.com/components/command_processor.js:8210)<br>	at &lt;anonymous class&gt;.DelayedCommand.prototype.checkPreconditions_(file:///var/folders/3r/pyh6fkjj3k78lhxjrpryl7c80000gn/T/anonymous7003956290024859311webdriver-profile/extensions/fxdriver@googlecode.com/components/command_processor.js:10827)<br>	at &lt;anonymous class&gt;.DelayedCommand.prototype.executeInternal_/h(file:///var/folders/3r/pyh6fkjj3k78lhxjrpryl7c80000gn/T/anonymous7003956290024859311webdriver-profile/extensions/fxdriver@googlecode.com/components/command_processor.js:10844)<br>	at &lt;anonymous class&gt;.DelayedCommand.prototype.executeInternal_(file:///var/folders/3r/pyh6fkjj3k78lhxjrpryl7c80000gn/T/anonymous7003956290024859311webdriver-profile/extensions/fxdriver@googlecode.com/components/command_processor.js:10849)<br>	at &lt;anonymous class&gt;.DelayedCommand.prototype.execute/&lt;(file:///var/folders/3r/pyh6fkjj3k78lhxjrpryl7c80000gn/T/anonymous7003956290024859311webdriver-profile/extensions/fxdriver@googlecode.com/components/command_processor.js:10791)<br>
<br>    
</code></td><td>5.154</td>
</tr>
<tr valign="top" class="Failure">
<td><a name="testBidOnRideFromAirport"></a>testBidOnRideFromAirport</td><td>Failure</td><td>Element is not currently visible and so may not be interacted with Command duration or timeout: 33 milliseconds Build info: version: '2.37.1', revision: 'a7c61cbd68657e133ae96672cf995890bad2ee42', time: '2013-10-21 09:08:07' System info: host: 'users-MacBook-Pro-2.local', ip: '192.168.1.107', os.name: 'Mac OS X', os.arch: 'x86_64', os.version: '10.9.1', java.version: '1.6.0_65' Session ID: 8f288c89-1241-d84a-ba80-b7f4a895394f Driver info: org.openqa.selenium.firefox.FirefoxDriver Capabilities [{platform=MAC, acceptSslCerts=true, javascriptEnabled=true, browserName=firefox, rotatable=false, locationContextEnabled=true, version=26.0, cssSelectorsEnabled=true, databaseEnabled=true, handlesAlerts=true, browserConnectionEnabled=true, nativeEvents=false, webStorageEnabled=true, applicationCacheEnabled=true, takesScreenshot=true}]<br>
<br>
<code>
<br>      org.openqa.selenium.ElementNotVisibleException: Element is not currently visible and so may not be interacted with<br>Command duration or timeout: 33 milliseconds<br>Build info: version: '2.37.1', revision: 'a7c61cbd68657e133ae96672cf995890bad2ee42', time: '2013-10-21 09:08:07'<br>System info: host: 'users-MacBook-Pro-2.local', ip: '192.168.1.107', os.name: 'Mac OS X', os.arch: 'x86_64', os.version: '10.9.1', java.version: '1.6.0_65'<br>Session ID: 8f288c89-1241-d84a-ba80-b7f4a895394f<br>Driver info: org.openqa.selenium.firefox.FirefoxDriver<br>Capabilities [{platform=MAC, acceptSslCerts=true, javascriptEnabled=true, browserName=firefox, rotatable=false, locationContextEnabled=true, version=26.0, cssSelectorsEnabled=true, databaseEnabled=true, handlesAlerts=true, browserConnectionEnabled=true, nativeEvents=false, webStorageEnabled=true, applicationCacheEnabled=true, takesScreenshot=true}]<br>	at sun.reflect.NativeConstructorAccessorImpl.newInstance0(Native Method)<br>	at sun.reflect.NativeConstructorAccessorImpl.newInstance(NativeConstructorAccessorImpl.java:39)<br>	at sun.reflect.DelegatingConstructorAccessorImpl.newInstance(DelegatingConstructorAccessorImpl.java:27)<br>	at java.lang.reflect.Constructor.newInstance(Constructor.java:513)<br>	at org.openqa.selenium.remote.ErrorHandler.createThrowable(ErrorHandler.java:193)<br>	at org.openqa.selenium.remote.ErrorHandler.throwIfResponseFailed(ErrorHandler.java:145)<br>	at org.openqa.selenium.remote.RemoteWebDriver.execute(RemoteWebDriver.java:554)<br>	at org.openqa.selenium.remote.RemoteWebElement.execute(RemoteWebElement.java:268)<br>	at org.openqa.selenium.remote.RemoteWebElement.click(RemoteWebElement.java:79)<br>	at com.sav.ra.framework.WebDriverTest.verifyAndClickElement(WebDriverTest.java:135)<br>	at com.sav.ra.test.bid.TestBidOnRideFromAirport.testBidOnRideFromAirport(TestBidOnRideFromAirport.java:65)<br>	at sun.reflect.GeneratedMethodAccessor17.invoke(Unknown Source)<br>	at sun.reflect.DelegatingMethodAccessorImpl.invoke(DelegatingMethodAccessorImpl.java:25)<br>	at java.lang.reflect.Method.invoke(Method.java:597)<br>	at org.testng.internal.MethodInvocationHelper.invokeMethod(MethodInvocationHelper.java:80)<br>	at org.testng.internal.Invoker.invokeMethod(Invoker.java:714)<br>	at org.testng.internal.Invoker.invokeTestMethod(Invoker.java:901)<br>	at org.testng.internal.Invoker.invokeTestMethods(Invoker.java:1231)<br>	at org.testng.internal.TestMethodWorker.invokeTestMethods(TestMethodWorker.java:127)<br>	at org.testng.internal.TestMethodWorker.run(TestMethodWorker.java:111)<br>	at org.testng.TestRunner.privateRun(TestRunner.java:767)<br>	at org.testng.TestRunner.run(TestRunner.java:617)<br>	at org.testng.SuiteRunner.runTest(SuiteRunner.java:334)<br>	at org.testng.SuiteRunner.runSequentially(SuiteRunner.java:329)<br>	at org.testng.SuiteRunner.privateRun(SuiteRunner.java:291)<br>	at org.testng.SuiteRunner.run(SuiteRunner.java:240)<br>	at org.testng.SuiteRunnerWorker.runSuite(SuiteRunnerWorker.java:52)<br>	at org.testng.SuiteRunnerWorker.run(SuiteRunnerWorker.java:86)<br>	at org.testng.TestNG.runSuitesSequentially(TestNG.java:1198)<br>	at org.testng.TestNG.runSuitesLocally(TestNG.java:1123)<br>	at org.testng.TestNG.run(TestNG.java:1031)<br>	at org.apache.maven.surefire.testng.TestNGExecutor.run(TestNGExecutor.java:77)<br>	at org.apache.maven.surefire.testng.TestNGDirectoryTestSuite.executeMulti(TestNGDirectoryTestSuite.java:159)<br>	at org.apache.maven.surefire.testng.TestNGDirectoryTestSuite.execute(TestNGDirectoryTestSuite.java:99)<br>	at org.apache.maven.surefire.testng.TestNGProvider.invoke(TestNGProvider.java:106)<br>	at sun.reflect.NativeMethodAccessorImpl.invoke0(Native Method)<br>	at sun.reflect.NativeMethodAccessorImpl.invoke(NativeMethodAccessorImpl.java:39)<br>	at sun.reflect.DelegatingMethodAccessorImpl.invoke(DelegatingMethodAccessorImpl.java:25)<br>	at java.lang.reflect.Method.invoke(Method.java:597)<br>	at org.apache.maven.surefire.util.ReflectionUtils.invokeMethodWithArray(ReflectionUtils.java:189)<br>	at org.apache.maven.surefire.booter.ProviderFactory$ProviderProxy.invoke(ProviderFactory.java:165)<br>	at org.apache.maven.surefire.booter.ProviderFactory.invokeProvider(ProviderFactory.java:85)<br>	at org.apache.maven.surefire.booter.ForkedBooter.runSuitesInProcess(ForkedBooter.java:115)<br>	at org.apache.maven.surefire.booter.ForkedBooter.main(ForkedBooter.java:75)<br>Caused by: org.openqa.selenium.remote.ErrorHandler$UnknownServerException: Element is not currently visible and so may not be interacted with<br>Build info: version: '2.37.1', revision: 'a7c61cbd68657e133ae96672cf995890bad2ee42', time: '2013-10-21 09:08:07'<br>System info: host: 'users-MacBook-Pro-2.local', ip: '192.168.1.107', os.name: 'Mac OS X', os.arch: 'x86_64', os.version: '10.9.1', java.version: '1.6.0_65'<br>Driver info: driver.version: unknown<br>	at &lt;anonymous class&gt;.fxdriver.preconditions.visible(file:///var/folders/3r/pyh6fkjj3k78lhxjrpryl7c80000gn/T/anonymous1650483652042018830webdriver-profile/extensions/fxdriver@googlecode.com/components/command_processor.js:8210)<br>	at &lt;anonymous class&gt;.DelayedCommand.prototype.checkPreconditions_(file:///var/folders/3r/pyh6fkjj3k78lhxjrpryl7c80000gn/T/anonymous1650483652042018830webdriver-profile/extensions/fxdriver@googlecode.com/components/command_processor.js:10827)<br>	at &lt;anonymous class&gt;.DelayedCommand.prototype.executeInternal_/h(file:///var/folders/3r/pyh6fkjj3k78lhxjrpryl7c80000gn/T/anonymous1650483652042018830webdriver-profile/extensions/fxdriver@googlecode.com/components/command_processor.js:10844)<br>	at &lt;anonymous class&gt;.DelayedCommand.prototype.executeInternal_(file:///var/folders/3r/pyh6fkjj3k78lhxjrpryl7c80000gn/T/anonymous1650483652042018830webdriver-profile/extensions/fxdriver@googlecode.com/components/command_processor.js:10849)<br>	at &lt;anonymous class&gt;.DelayedCommand.prototype.execute/&lt;(file:///var/folders/3r/pyh6fkjj3k78lhxjrpryl7c80000gn/T/anonymous1650483652042018830webdriver-profile/extensions/fxdriver@googlecode.com/components/command_processor.js:10791)<br>
<br>    
</code></td><td>6.241</td>
</tr>
<tr valign="top" class="Failure">
<td><a name="testBidOnRideFromAirport"></a>testBidOnRideFromAirport</td><td>Failure</td><td>Element is not currently visible and so may not be interacted with Command duration or timeout: 24 milliseconds Build info: version: '2.37.1', revision: 'a7c61cbd68657e133ae96672cf995890bad2ee42', time: '2013-10-21 09:08:07' System info: host: 'users-MacBook-Pro-2.local', ip: '192.168.1.107', os.name: 'Mac OS X', os.arch: 'x86_64', os.version: '10.9.1', java.version: '1.6.0_65' Session ID: 2ec1cd2a-ca64-c743-ab1c-bcc8bc3ef9e4 Driver info: org.openqa.selenium.firefox.FirefoxDriver Capabilities [{platform=MAC, acceptSslCerts=true, javascriptEnabled=true, browserName=firefox, rotatable=false, locationContextEnabled=true, version=26.0, cssSelectorsEnabled=true, databaseEnabled=true, handlesAlerts=true, browserConnectionEnabled=true, nativeEvents=false, webStorageEnabled=true, applicationCacheEnabled=true, takesScreenshot=true}]<br>
<br>
<code>
<br>      org.openqa.selenium.ElementNotVisibleException: Element is not currently visible and so may not be interacted with<br>Command duration or timeout: 24 milliseconds<br>Build info: version: '2.37.1', revision: 'a7c61cbd68657e133ae96672cf995890bad2ee42', time: '2013-10-21 09:08:07'<br>System info: host: 'users-MacBook-Pro-2.local', ip: '192.168.1.107', os.name: 'Mac OS X', os.arch: 'x86_64', os.version: '10.9.1', java.version: '1.6.0_65'<br>Session ID: 2ec1cd2a-ca64-c743-ab1c-bcc8bc3ef9e4<br>Driver info: org.openqa.selenium.firefox.FirefoxDriver<br>Capabilities [{platform=MAC, acceptSslCerts=true, javascriptEnabled=true, browserName=firefox, rotatable=false, locationContextEnabled=true, version=26.0, cssSelectorsEnabled=true, databaseEnabled=true, handlesAlerts=true, browserConnectionEnabled=true, nativeEvents=false, webStorageEnabled=true, applicationCacheEnabled=true, takesScreenshot=true}]<br>	at sun.reflect.NativeConstructorAccessorImpl.newInstance0(Native Method)<br>	at sun.reflect.NativeConstructorAccessorImpl.newInstance(NativeConstructorAccessorImpl.java:39)<br>	at sun.reflect.DelegatingConstructorAccessorImpl.newInstance(DelegatingConstructorAccessorImpl.java:27)<br>	at java.lang.reflect.Constructor.newInstance(Constructor.java:513)<br>	at org.openqa.selenium.remote.ErrorHandler.createThrowable(ErrorHandler.java:193)<br>	at org.openqa.selenium.remote.ErrorHandler.throwIfResponseFailed(ErrorHandler.java:145)<br>	at org.openqa.selenium.remote.RemoteWebDriver.execute(RemoteWebDriver.java:554)<br>	at org.openqa.selenium.remote.RemoteWebElement.execute(RemoteWebElement.java:268)<br>	at org.openqa.selenium.remote.RemoteWebElement.click(RemoteWebElement.java:79)<br>	at com.sav.ra.framework.WebDriverTest.verifyAndClickElement(WebDriverTest.java:135)<br>	at com.sav.ra.test.bid.TestBidOnRideFromAirport.testBidOnRideFromAirport(TestBidOnRideFromAirport.java:65)<br>	at sun.reflect.GeneratedMethodAccessor17.invoke(Unknown Source)<br>	at sun.reflect.DelegatingMethodAccessorImpl.invoke(DelegatingMethodAccessorImpl.java:25)<br>	at java.lang.reflect.Method.invoke(Method.java:597)<br>	at org.testng.internal.MethodInvocationHelper.invokeMethod(MethodInvocationHelper.java:80)<br>	at org.testng.internal.Invoker.invokeMethod(Invoker.java:714)<br>	at org.testng.internal.Invoker.invokeTestMethod(Invoker.java:901)<br>	at org.testng.internal.Invoker.invokeTestMethods(Invoker.java:1231)<br>	at org.testng.internal.TestMethodWorker.invokeTestMethods(TestMethodWorker.java:127)<br>	at org.testng.internal.TestMethodWorker.run(TestMethodWorker.java:111)<br>	at org.testng.TestRunner.privateRun(TestRunner.java:767)<br>	at org.testng.TestRunner.run(TestRunner.java:617)<br>	at org.testng.SuiteRunner.runTest(SuiteRunner.java:334)<br>	at org.testng.SuiteRunner.runSequentially(SuiteRunner.java:329)<br>	at org.testng.SuiteRunner.privateRun(SuiteRunner.java:291)<br>	at org.testng.SuiteRunner.run(SuiteRunner.java:240)<br>	at org.testng.SuiteRunnerWorker.runSuite(SuiteRunnerWorker.java:52)<br>	at org.testng.SuiteRunnerWorker.run(SuiteRunnerWorker.java:86)<br>	at org.testng.TestNG.runSuitesSequentially(TestNG.java:1198)<br>	at org.testng.TestNG.runSuitesLocally(TestNG.java:1123)<br>	at org.testng.TestNG.run(TestNG.java:1031)<br>	at org.apache.maven.surefire.testng.TestNGExecutor.run(TestNGExecutor.java:77)<br>	at org.apache.maven.surefire.testng.TestNGDirectoryTestSuite.executeMulti(TestNGDirectoryTestSuite.java:159)<br>	at org.apache.maven.surefire.testng.TestNGDirectoryTestSuite.execute(TestNGDirectoryTestSuite.java:99)<br>	at org.apache.maven.surefire.testng.TestNGProvider.invoke(TestNGProvider.java:106)<br>	at sun.reflect.NativeMethodAccessorImpl.invoke0(Native Method)<br>	at sun.reflect.NativeMethodAccessorImpl.invoke(NativeMethodAccessorImpl.java:39)<br>	at sun.reflect.DelegatingMethodAccessorImpl.invoke(DelegatingMethodAccessorImpl.java:25)<br>	at java.lang.reflect.Method.invoke(Method.java:597)<br>	at org.apache.maven.surefire.util.ReflectionUtils.invokeMethodWithArray(ReflectionUtils.java:189)<br>	at org.apache.maven.surefire.booter.ProviderFactory$ProviderProxy.invoke(ProviderFactory.java:165)<br>	at org.apache.maven.surefire.booter.ProviderFactory.invokeProvider(ProviderFactory.java:85)<br>	at org.apache.maven.surefire.booter.ForkedBooter.runSuitesInProcess(ForkedBooter.java:115)<br>	at org.apache.maven.surefire.booter.ForkedBooter.main(ForkedBooter.java:75)<br>Caused by: org.openqa.selenium.remote.ErrorHandler$UnknownServerException: Element is not currently visible and so may not be interacted with<br>Build info: version: '2.37.1', revision: 'a7c61cbd68657e133ae96672cf995890bad2ee42', time: '2013-10-21 09:08:07'<br>System info: host: 'users-MacBook-Pro-2.local', ip: '192.168.1.107', os.name: 'Mac OS X', os.arch: 'x86_64', os.version: '10.9.1', java.version: '1.6.0_65'<br>Driver info: driver.version: unknown<br>	at &lt;anonymous class&gt;.fxdriver.preconditions.visible(file:///var/folders/3r/pyh6fkjj3k78lhxjrpryl7c80000gn/T/anonymous3189173202793942828webdriver-profile/extensions/fxdriver@googlecode.com/components/command_processor.js:8210)<br>	at &lt;anonymous class&gt;.DelayedCommand.prototype.checkPreconditions_(file:///var/folders/3r/pyh6fkjj3k78lhxjrpryl7c80000gn/T/anonymous3189173202793942828webdriver-profile/extensions/fxdriver@googlecode.com/components/command_processor.js:10827)<br>	at &lt;anonymous class&gt;.DelayedCommand.prototype.executeInternal_/h(file:///var/folders/3r/pyh6fkjj3k78lhxjrpryl7c80000gn/T/anonymous3189173202793942828webdriver-profile/extensions/fxdriver@googlecode.com/components/command_processor.js:10844)<br>	at &lt;anonymous class&gt;.DelayedCommand.prototype.executeInternal_(file:///var/folders/3r/pyh6fkjj3k78lhxjrpryl7c80000gn/T/anonymous3189173202793942828webdriver-profile/extensions/fxdriver@googlecode.com/components/command_processor.js:10849)<br>	at &lt;anonymous class&gt;.DelayedCommand.prototype.execute/&lt;(file:///var/folders/3r/pyh6fkjj3k78lhxjrpryl7c80000gn/T/anonymous3189173202793942828webdriver-profile/extensions/fxdriver@googlecode.com/components/command_processor.js:10791)<br>
<br>    
</code></td><td>5.800</td>
</tr>
<tr valign="top" class="Failure">
<td><a name="testBidOnRideFromAirport"></a>testBidOnRideFromAirport</td><td>Failure</td><td>Element is not currently visible and so may not be interacted with Command duration or timeout: 16 milliseconds Build info: version: '2.37.1', revision: 'a7c61cbd68657e133ae96672cf995890bad2ee42', time: '2013-10-21 09:08:07' System info: host: 'users-MacBook-Pro-2.local', ip: '192.168.1.107', os.name: 'Mac OS X', os.arch: 'x86_64', os.version: '10.9.1', java.version: '1.6.0_65' Session ID: 0c5260ef-609c-9f45-9542-7a00f3652242 Driver info: org.openqa.selenium.firefox.FirefoxDriver Capabilities [{platform=MAC, acceptSslCerts=true, javascriptEnabled=true, browserName=firefox, rotatable=false, locationContextEnabled=true, version=26.0, cssSelectorsEnabled=true, databaseEnabled=true, handlesAlerts=true, browserConnectionEnabled=true, nativeEvents=false, webStorageEnabled=true, applicationCacheEnabled=true, takesScreenshot=true}]<br>
<br>
<code>
<br>      org.openqa.selenium.ElementNotVisibleException: Element is not currently visible and so may not be interacted with<br>Command duration or timeout: 16 milliseconds<br>Build info: version: '2.37.1', revision: 'a7c61cbd68657e133ae96672cf995890bad2ee42', time: '2013-10-21 09:08:07'<br>System info: host: 'users-MacBook-Pro-2.local', ip: '192.168.1.107', os.name: 'Mac OS X', os.arch: 'x86_64', os.version: '10.9.1', java.version: '1.6.0_65'<br>Session ID: 0c5260ef-609c-9f45-9542-7a00f3652242<br>Driver info: org.openqa.selenium.firefox.FirefoxDriver<br>Capabilities [{platform=MAC, acceptSslCerts=true, javascriptEnabled=true, browserName=firefox, rotatable=false, locationContextEnabled=true, version=26.0, cssSelectorsEnabled=true, databaseEnabled=true, handlesAlerts=true, browserConnectionEnabled=true, nativeEvents=false, webStorageEnabled=true, applicationCacheEnabled=true, takesScreenshot=true}]<br>	at sun.reflect.NativeConstructorAccessorImpl.newInstance0(Native Method)<br>	at sun.reflect.NativeConstructorAccessorImpl.newInstance(NativeConstructorAccessorImpl.java:39)<br>	at sun.reflect.DelegatingConstructorAccessorImpl.newInstance(DelegatingConstructorAccessorImpl.java:27)<br>	at java.lang.reflect.Constructor.newInstance(Constructor.java:513)<br>	at org.openqa.selenium.remote.ErrorHandler.createThrowable(ErrorHandler.java:193)<br>	at org.openqa.selenium.remote.ErrorHandler.throwIfResponseFailed(ErrorHandler.java:145)<br>	at org.openqa.selenium.remote.RemoteWebDriver.execute(RemoteWebDriver.java:554)<br>	at org.openqa.selenium.remote.RemoteWebElement.execute(RemoteWebElement.java:268)<br>	at org.openqa.selenium.remote.RemoteWebElement.click(RemoteWebElement.java:79)<br>	at com.sav.ra.framework.WebDriverTest.verifyAndClickElement(WebDriverTest.java:135)<br>	at com.sav.ra.test.bid.TestBidOnRideFromAirport.testBidOnRideFromAirport(TestBidOnRideFromAirport.java:65)<br>	at sun.reflect.GeneratedMethodAccessor17.invoke(Unknown Source)<br>	at sun.reflect.DelegatingMethodAccessorImpl.invoke(DelegatingMethodAccessorImpl.java:25)<br>	at java.lang.reflect.Method.invoke(Method.java:597)<br>	at org.testng.internal.MethodInvocationHelper.invokeMethod(MethodInvocationHelper.java:80)<br>	at org.testng.internal.Invoker.invokeMethod(Invoker.java:714)<br>	at org.testng.internal.Invoker.invokeTestMethod(Invoker.java:901)<br>	at org.testng.internal.Invoker.invokeTestMethods(Invoker.java:1231)<br>	at org.testng.internal.TestMethodWorker.invokeTestMethods(TestMethodWorker.java:127)<br>	at org.testng.internal.TestMethodWorker.run(TestMethodWorker.java:111)<br>	at org.testng.TestRunner.privateRun(TestRunner.java:767)<br>	at org.testng.TestRunner.run(TestRunner.java:617)<br>	at org.testng.SuiteRunner.runTest(SuiteRunner.java:334)<br>	at org.testng.SuiteRunner.runSequentially(SuiteRunner.java:329)<br>	at org.testng.SuiteRunner.privateRun(SuiteRunner.java:291)<br>	at org.testng.SuiteRunner.run(SuiteRunner.java:240)<br>	at org.testng.SuiteRunnerWorker.runSuite(SuiteRunnerWorker.java:52)<br>	at org.testng.SuiteRunnerWorker.run(SuiteRunnerWorker.java:86)<br>	at org.testng.TestNG.runSuitesSequentially(TestNG.java:1198)<br>	at org.testng.TestNG.runSuitesLocally(TestNG.java:1123)<br>	at org.testng.TestNG.run(TestNG.java:1031)<br>	at org.apache.maven.surefire.testng.TestNGExecutor.run(TestNGExecutor.java:77)<br>	at org.apache.maven.surefire.testng.TestNGDirectoryTestSuite.executeMulti(TestNGDirectoryTestSuite.java:159)<br>	at org.apache.maven.surefire.testng.TestNGDirectoryTestSuite.execute(TestNGDirectoryTestSuite.java:99)<br>	at org.apache.maven.surefire.testng.TestNGProvider.invoke(TestNGProvider.java:106)<br>	at sun.reflect.NativeMethodAccessorImpl.invoke0(Native Method)<br>	at sun.reflect.NativeMethodAccessorImpl.invoke(NativeMethodAccessorImpl.java:39)<br>	at sun.reflect.DelegatingMethodAccessorImpl.invoke(DelegatingMethodAccessorImpl.java:25)<br>	at java.lang.reflect.Method.invoke(Method.java:597)<br>	at org.apache.maven.surefire.util.ReflectionUtils.invokeMethodWithArray(ReflectionUtils.java:189)<br>	at org.apache.maven.surefire.booter.ProviderFactory$ProviderProxy.invoke(ProviderFactory.java:165)<br>	at org.apache.maven.surefire.booter.ProviderFactory.invokeProvider(ProviderFactory.java:85)<br>	at org.apache.maven.surefire.booter.ForkedBooter.runSuitesInProcess(ForkedBooter.java:115)<br>	at org.apache.maven.surefire.booter.ForkedBooter.main(ForkedBooter.java:75)<br>Caused by: org.openqa.selenium.remote.ErrorHandler$UnknownServerException: Element is not currently visible and so may not be interacted with<br>Build info: version: '2.37.1', revision: 'a7c61cbd68657e133ae96672cf995890bad2ee42', time: '2013-10-21 09:08:07'<br>System info: host: 'users-MacBook-Pro-2.local', ip: '192.168.1.107', os.name: 'Mac OS X', os.arch: 'x86_64', os.version: '10.9.1', java.version: '1.6.0_65'<br>Driver info: driver.version: unknown<br>	at &lt;anonymous class&gt;.fxdriver.preconditions.visible(file:///var/folders/3r/pyh6fkjj3k78lhxjrpryl7c80000gn/T/anonymous8533240055370646218webdriver-profile/extensions/fxdriver@googlecode.com/components/command_processor.js:8210)<br>	at &lt;anonymous class&gt;.DelayedCommand.prototype.checkPreconditions_(file:///var/folders/3r/pyh6fkjj3k78lhxjrpryl7c80000gn/T/anonymous8533240055370646218webdriver-profile/extensions/fxdriver@googlecode.com/components/command_processor.js:10827)<br>	at &lt;anonymous class&gt;.DelayedCommand.prototype.executeInternal_/h(file:///var/folders/3r/pyh6fkjj3k78lhxjrpryl7c80000gn/T/anonymous8533240055370646218webdriver-profile/extensions/fxdriver@googlecode.com/components/command_processor.js:10844)<br>	at &lt;anonymous class&gt;.DelayedCommand.prototype.executeInternal_(file:///var/folders/3r/pyh6fkjj3k78lhxjrpryl7c80000gn/T/anonymous8533240055370646218webdriver-profile/extensions/fxdriver@googlecode.com/components/command_processor.js:10849)<br>	at &lt;anonymous class&gt;.DelayedCommand.prototype.execute/&lt;(file:///var/folders/3r/pyh6fkjj3k78lhxjrpryl7c80000gn/T/anonymous8533240055370646218webdriver-profile/extensions/fxdriver@googlecode.com/components/command_processor.js:10791)<br>
<br>    
</code></td><td>5.362</td>
</tr>
<tr valign="top" class="Failure">
<td><a name="testBidOnRideFromAirport"></a>testBidOnRideFromAirport</td><td>Failure</td><td>Element is not currently visible and so may not be interacted with Command duration or timeout: 13 milliseconds Build info: version: '2.37.1', revision: 'a7c61cbd68657e133ae96672cf995890bad2ee42', time: '2013-10-21 09:08:07' System info: host: 'users-MacBook-Pro-2.local', ip: '192.168.1.107', os.name: 'Mac OS X', os.arch: 'x86_64', os.version: '10.9.1', java.version: '1.6.0_65' Session ID: c882cc32-cafc-0a40-a368-c344b555ff67 Driver info: org.openqa.selenium.firefox.FirefoxDriver Capabilities [{platform=MAC, acceptSslCerts=true, javascriptEnabled=true, browserName=firefox, rotatable=false, locationContextEnabled=true, version=26.0, cssSelectorsEnabled=true, databaseEnabled=true, handlesAlerts=true, browserConnectionEnabled=true, nativeEvents=false, webStorageEnabled=true, applicationCacheEnabled=true, takesScreenshot=true}]<br>
<br>
<code>
<br>      org.openqa.selenium.ElementNotVisibleException: Element is not currently visible and so may not be interacted with<br>Command duration or timeout: 13 milliseconds<br>Build info: version: '2.37.1', revision: 'a7c61cbd68657e133ae96672cf995890bad2ee42', time: '2013-10-21 09:08:07'<br>System info: host: 'users-MacBook-Pro-2.local', ip: '192.168.1.107', os.name: 'Mac OS X', os.arch: 'x86_64', os.version: '10.9.1', java.version: '1.6.0_65'<br>Session ID: c882cc32-cafc-0a40-a368-c344b555ff67<br>Driver info: org.openqa.selenium.firefox.FirefoxDriver<br>Capabilities [{platform=MAC, acceptSslCerts=true, javascriptEnabled=true, browserName=firefox, rotatable=false, locationContextEnabled=true, version=26.0, cssSelectorsEnabled=true, databaseEnabled=true, handlesAlerts=true, browserConnectionEnabled=true, nativeEvents=false, webStorageEnabled=true, applicationCacheEnabled=true, takesScreenshot=true}]<br>	at sun.reflect.NativeConstructorAccessorImpl.newInstance0(Native Method)<br>	at sun.reflect.NativeConstructorAccessorImpl.newInstance(NativeConstructorAccessorImpl.java:39)<br>	at sun.reflect.DelegatingConstructorAccessorImpl.newInstance(DelegatingConstructorAccessorImpl.java:27)<br>	at java.lang.reflect.Constructor.newInstance(Constructor.java:513)<br>	at org.openqa.selenium.remote.ErrorHandler.createThrowable(ErrorHandler.java:193)<br>	at org.openqa.selenium.remote.ErrorHandler.throwIfResponseFailed(ErrorHandler.java:145)<br>	at org.openqa.selenium.remote.RemoteWebDriver.execute(RemoteWebDriver.java:554)<br>	at org.openqa.selenium.remote.RemoteWebElement.execute(RemoteWebElement.java:268)<br>	at org.openqa.selenium.remote.RemoteWebElement.click(RemoteWebElement.java:79)<br>	at com.sav.ra.framework.WebDriverTest.verifyAndClickElement(WebDriverTest.java:135)<br>	at com.sav.ra.test.bid.TestBidOnRideFromAirport.testBidOnRideFromAirport(TestBidOnRideFromAirport.java:100)<br>	at sun.reflect.GeneratedMethodAccessor17.invoke(Unknown Source)<br>	at sun.reflect.DelegatingMethodAccessorImpl.invoke(DelegatingMethodAccessorImpl.java:25)<br>	at java.lang.reflect.Method.invoke(Method.java:597)<br>	at org.testng.internal.MethodInvocationHelper.invokeMethod(MethodInvocationHelper.java:80)<br>	at org.testng.internal.Invoker.invokeMethod(Invoker.java:714)<br>	at org.testng.internal.Invoker.invokeTestMethod(Invoker.java:901)<br>	at org.testng.internal.Invoker.invokeTestMethods(Invoker.java:1231)<br>	at org.testng.internal.TestMethodWorker.invokeTestMethods(TestMethodWorker.java:127)<br>	at org.testng.internal.TestMethodWorker.run(TestMethodWorker.java:111)<br>	at org.testng.TestRunner.privateRun(TestRunner.java:767)<br>	at org.testng.TestRunner.run(TestRunner.java:617)<br>	at org.testng.SuiteRunner.runTest(SuiteRunner.java:334)<br>	at org.testng.SuiteRunner.runSequentially(SuiteRunner.java:329)<br>	at org.testng.SuiteRunner.privateRun(SuiteRunner.java:291)<br>	at org.testng.SuiteRunner.run(SuiteRunner.java:240)<br>	at org.testng.SuiteRunnerWorker.runSuite(SuiteRunnerWorker.java:52)<br>	at org.testng.SuiteRunnerWorker.run(SuiteRunnerWorker.java:86)<br>	at org.testng.TestNG.runSuitesSequentially(TestNG.java:1198)<br>	at org.testng.TestNG.runSuitesLocally(TestNG.java:1123)<br>	at org.testng.TestNG.run(TestNG.java:1031)<br>	at org.apache.maven.surefire.testng.TestNGExecutor.run(TestNGExecutor.java:77)<br>	at org.apache.maven.surefire.testng.TestNGDirectoryTestSuite.executeMulti(TestNGDirectoryTestSuite.java:159)<br>	at org.apache.maven.surefire.testng.TestNGDirectoryTestSuite.execute(TestNGDirectoryTestSuite.java:99)<br>	at org.apache.maven.surefire.testng.TestNGProvider.invoke(TestNGProvider.java:106)<br>	at sun.reflect.NativeMethodAccessorImpl.invoke0(Native Method)<br>	at sun.reflect.NativeMethodAccessorImpl.invoke(NativeMethodAccessorImpl.java:39)<br>	at sun.reflect.DelegatingMethodAccessorImpl.invoke(DelegatingMethodAccessorImpl.java:25)<br>	at java.lang.reflect.Method.invoke(Method.java:597)<br>	at org.apache.maven.surefire.util.ReflectionUtils.invokeMethodWithArray(ReflectionUtils.java:189)<br>	at org.apache.maven.surefire.booter.ProviderFactory$ProviderProxy.invoke(ProviderFactory.java:165)<br>	at org.apache.maven.surefire.booter.ProviderFactory.invokeProvider(ProviderFactory.java:85)<br>	at org.apache.maven.surefire.booter.ForkedBooter.runSuitesInProcess(ForkedBooter.java:115)<br>	at org.apache.maven.surefire.booter.ForkedBooter.main(ForkedBooter.java:75)<br>Caused by: org.openqa.selenium.remote.ErrorHandler$UnknownServerException: Element is not currently visible and so may not be interacted with<br>Build info: version: '2.37.1', revision: 'a7c61cbd68657e133ae96672cf995890bad2ee42', time: '2013-10-21 09:08:07'<br>System info: host: 'users-MacBook-Pro-2.local', ip: '192.168.1.107', os.name: 'Mac OS X', os.arch: 'x86_64', os.version: '10.9.1', java.version: '1.6.0_65'<br>Driver info: driver.version: unknown<br>	at &lt;anonymous class&gt;.fxdriver.preconditions.visible(file:///var/folders/3r/pyh6fkjj3k78lhxjrpryl7c80000gn/T/anonymous4165215718456627834webdriver-profile/extensions/fxdriver@googlecode.com/components/command_processor.js:8210)<br>	at &lt;anonymous class&gt;.DelayedCommand.prototype.checkPreconditions_(file:///var/folders/3r/pyh6fkjj3k78lhxjrpryl7c80000gn/T/anonymous4165215718456627834webdriver-profile/extensions/fxdriver@googlecode.com/components/command_processor.js:10827)<br>	at &lt;anonymous class&gt;.DelayedCommand.prototype.executeInternal_/h(file:///var/folders/3r/pyh6fkjj3k78lhxjrpryl7c80000gn/T/anonymous4165215718456627834webdriver-profile/extensions/fxdriver@googlecode.com/components/command_processor.js:10844)<br>	at &lt;anonymous class&gt;.DelayedCommand.prototype.executeInternal_(file:///var/folders/3r/pyh6fkjj3k78lhxjrpryl7c80000gn/T/anonymous4165215718456627834webdriver-profile/extensions/fxdriver@googlecode.com/components/command_processor.js:10849)<br>	at &lt;anonymous class&gt;.DelayedCommand.prototype.execute/&lt;(file:///var/folders/3r/pyh6fkjj3k78lhxjrpryl7c80000gn/T/anonymous4165215718456627834webdriver-profile/extensions/fxdriver@googlecode.com/components/command_processor.js:10791)<br>
<br>    
</code></td><td>17.801</td>
</tr>
</table>
<div class="Properties">
<a href="javascript:displayProperties('com.sav.ra.test.bid.TestBidOnRideFromAirport');">
                    Properties &raquo;
                </a>
</div>
</body>
</html>
