<html xmlns:string="xalan://java.lang.String" xmlns:lxslt="http://xml.apache.org/xslt">
<head>
<META http-equiv="Content-Type" content="text/html; charset=UTF-8">
<title>Unit Test Results: com.sav.ra.test.bid.TestBidOnRideFromAirport</title>
<link rel="stylesheet" type="text/css" title="Style" href="../../../../../stylesheet.css">
<script type="text/javascript" language="JavaScript">
        var TestCases = new Array();
        var cur;
        </script><script type="text/javascript" language="JavaScript">
        function displayProperties (name) {
          var win = window.open('','JUnitSystemProperties','scrollbars=1,resizable=1');
          var doc = win.document;
          doc.open();
          doc.write("<html><head><title>Properties of " + name + "</title>");
          doc.write("<style type=\"text/css\">");
          doc.write("body {font:normal 68% verdana,arial,helvetica; color:#000000; }");
          doc.write("table tr td, table tr th { font-size: 68%; }");
          doc.write("table.properties { border-collapse:collapse; border-left:solid 1 #cccccc; border-top:solid 1 #cccccc; padding:5px; }");
          doc.write("table.properties th { text-align:left; border-right:solid 1 #cccccc; border-bottom:solid 1 #cccccc; background-color:#eeeeee; }");
          doc.write("table.properties td { font:normal; text-align:left; border-right:solid 1 #cccccc; border-bottom:solid 1 #cccccc; background-color:#fffffff; }");
          doc.write("h3 { margin-bottom: 0.5em; font: bold 115% verdana,arial,helvetica }");
          doc.write("</style>");
          doc.write("</head><body>");
          doc.write("<h3>Properties of " + name + "</h3>");
          doc.write("<div align=\"right\"><a href=\"javascript:window.close();\">Close</a></div>");
          doc.write("<table class='properties'>");
          doc.write("<tr><th>Name</th><th>Value</th></tr>");
          for (prop in TestCases[name]) {
            doc.write("<tr><th>" + prop + "</th><td>" + TestCases[name][prop] + "</td></tr>");
          }
          doc.write("</table>");
          doc.write("</body></html>");
          doc.close();
          win.focus();
        }
      
      </script>
</head>
<body>
<h1>Unit Test Results.</h1>
<table width="100%">
<tr>
<td align="left"></td><td align="right">Designed for use with <a href="http://www.junit.org/">JUnit</a> and <a href="http://ant.apache.org/">Ant</a>.</td>
</tr>
</table>
<hr size="1">
<h3>Class com.sav.ra.test.bid.TestBidOnRideFromAirport</h3>
<table class="details" border="0" cellpadding="5" cellspacing="2" width="95%">
<tr valign="top">
<th width="80%">Name</th><th>Tests</th><th>Errors</th><th>Failures</th><th>Skipped</th><th nowrap>Time(s)</th><th nowrap>Time Stamp</th><th>Host</th>
</tr>
<tr valign="top" class="Error">
<td><a title="Display all tests" href="1_TestBidOnRideFromAirport.html">TestBidOnRideFromAirport</a></td><td><a title="Display all tests" href="1_TestBidOnRideFromAirport.html">114</a></td><td><a title="Display only errors" href="1_TestBidOnRideFromAirport-errors.html">38</a></td><td><a title="Display only failures" href="1_TestBidOnRideFromAirport-fails.html">6</a></td><td></td><td>30621.533</td><td>8 Jan 2014 22:08:00 GMT</td><td>users-MacBook-Pro-2.local</td>
</tr>
</table>
<h2>Errors</h2>
<table class="details" border="0" cellpadding="5" cellspacing="2" width="95%">
<tr valign="top">
<th>Name</th><th>Status</th><th width="80%">Type</th><th nowrap>Time(s)</th>
</tr>
<tr valign="top" class="Error">
<td><a name="testBidOnRideFromAirport"></a>testBidOnRideFromAirport</td><td>Error</td><td>expected object to not be null<br>
<br>
<code>
<br>      java.lang.AssertionError: expected object to not be null<br>	at org.testng.Assert.fail(Assert.java:94)<br>	at org.testng.Assert.assertNotNull(Assert.java:404)<br>	at org.testng.Assert.assertNotNull(Assert.java:389)<br>	at com.sav.ra.framework.WebDriverTest.verifyElementPresent(WebDriverTest.java:106)<br>	at com.sav.ra.test.bid.TestBidOnRideFromAirport.testBidOnRideFromAirport(TestBidOnRideFromAirport.java:99)<br>	at sun.reflect.GeneratedMethodAccessor17.invoke(Unknown Source)<br>	at sun.reflect.DelegatingMethodAccessorImpl.invoke(DelegatingMethodAccessorImpl.java:25)<br>	at java.lang.reflect.Method.invoke(Method.java:597)<br>	at org.testng.internal.MethodInvocationHelper.invokeMethod(MethodInvocationHelper.java:80)<br>	at org.testng.internal.Invoker.invokeMethod(Invoker.java:714)<br>	at org.testng.internal.Invoker.invokeTestMethod(Invoker.java:901)<br>	at org.testng.internal.Invoker.invokeTestMethods(Invoker.java:1231)<br>	at org.testng.internal.TestMethodWorker.invokeTestMethods(TestMethodWorker.java:127)<br>	at org.testng.internal.TestMethodWorker.run(TestMethodWorker.java:111)<br>	at org.testng.TestRunner.privateRun(TestRunner.java:767)<br>	at org.testng.TestRunner.run(TestRunner.java:617)<br>	at org.testng.SuiteRunner.runTest(SuiteRunner.java:334)<br>	at org.testng.SuiteRunner.runSequentially(SuiteRunner.java:329)<br>	at org.testng.SuiteRunner.privateRun(SuiteRunner.java:291)<br>	at org.testng.SuiteRunner.run(SuiteRunner.java:240)<br>	at org.testng.SuiteRunnerWorker.runSuite(SuiteRunnerWorker.java:52)<br>	at org.testng.SuiteRunnerWorker.run(SuiteRunnerWorker.java:86)<br>	at org.testng.TestNG.runSuitesSequentially(TestNG.java:1198)<br>	at org.testng.TestNG.runSuitesLocally(TestNG.java:1123)<br>	at org.testng.TestNG.run(TestNG.java:1031)<br>	at org.apache.maven.surefire.testng.TestNGExecutor.run(TestNGExecutor.java:77)<br>	at org.apache.maven.surefire.testng.TestNGDirectoryTestSuite.executeMulti(TestNGDirectoryTestSuite.java:159)<br>	at org.apache.maven.surefire.testng.TestNGDirectoryTestSuite.execute(TestNGDirectoryTestSuite.java:99)<br>	at org.apache.maven.surefire.testng.TestNGProvider.invoke(TestNGProvider.java:106)<br>	at sun.reflect.NativeMethodAccessorImpl.invoke0(Native Method)<br>	at sun.reflect.NativeMethodAccessorImpl.invoke(NativeMethodAccessorImpl.java:39)<br>	at sun.reflect.DelegatingMethodAccessorImpl.invoke(DelegatingMethodAccessorImpl.java:25)<br>	at java.lang.reflect.Method.invoke(Method.java:597)<br>	at org.apache.maven.surefire.util.ReflectionUtils.invokeMethodWithArray(ReflectionUtils.java:189)<br>	at org.apache.maven.surefire.booter.ProviderFactory$ProviderProxy.invoke(ProviderFactory.java:165)<br>	at org.apache.maven.surefire.booter.ProviderFactory.invokeProvider(ProviderFactory.java:85)<br>	at org.apache.maven.surefire.booter.ForkedBooter.runSuitesInProcess(ForkedBooter.java:115)<br>	at org.apache.maven.surefire.booter.ForkedBooter.main(ForkedBooter.java:75)<br>
<br>    
</code></td><td>17.264</td>
</tr>
<tr valign="top" class="Error">
<td><a name="testBidOnRideFromAirport"></a>testBidOnRideFromAirport</td><td>Error</td><td>expected object to not be null<br>
<br>
<code>
<br>      java.lang.AssertionError: expected object to not be null<br>	at org.testng.Assert.fail(Assert.java:94)<br>	at org.testng.Assert.assertNotNull(Assert.java:404)<br>	at org.testng.Assert.assertNotNull(Assert.java:389)<br>	at com.sav.ra.framework.WebDriverTest.verifyElementPresent(WebDriverTest.java:106)<br>	at com.sav.ra.test.bid.TestBidOnRideFromAirport.testBidOnRideFromAirport(TestBidOnRideFromAirport.java:99)<br>	at sun.reflect.GeneratedMethodAccessor17.invoke(Unknown Source)<br>	at sun.reflect.DelegatingMethodAccessorImpl.invoke(DelegatingMethodAccessorImpl.java:25)<br>	at java.lang.reflect.Method.invoke(Method.java:597)<br>	at org.testng.internal.MethodInvocationHelper.invokeMethod(MethodInvocationHelper.java:80)<br>	at org.testng.internal.Invoker.invokeMethod(Invoker.java:714)<br>	at org.testng.internal.Invoker.invokeTestMethod(Invoker.java:901)<br>	at org.testng.internal.Invoker.invokeTestMethods(Invoker.java:1231)<br>	at org.testng.internal.TestMethodWorker.invokeTestMethods(TestMethodWorker.java:127)<br>	at org.testng.internal.TestMethodWorker.run(TestMethodWorker.java:111)<br>	at org.testng.TestRunner.privateRun(TestRunner.java:767)<br>	at org.testng.TestRunner.run(TestRunner.java:617)<br>	at org.testng.SuiteRunner.runTest(SuiteRunner.java:334)<br>	at org.testng.SuiteRunner.runSequentially(SuiteRunner.java:329)<br>	at org.testng.SuiteRunner.privateRun(SuiteRunner.java:291)<br>	at org.testng.SuiteRunner.run(SuiteRunner.java:240)<br>	at org.testng.SuiteRunnerWorker.runSuite(SuiteRunnerWorker.java:52)<br>	at org.testng.SuiteRunnerWorker.run(SuiteRunnerWorker.java:86)<br>	at org.testng.TestNG.runSuitesSequentially(TestNG.java:1198)<br>	at org.testng.TestNG.runSuitesLocally(TestNG.java:1123)<br>	at org.testng.TestNG.run(TestNG.java:1031)<br>	at org.apache.maven.surefire.testng.TestNGExecutor.run(TestNGExecutor.java:77)<br>	at org.apache.maven.surefire.testng.TestNGDirectoryTestSuite.executeMulti(TestNGDirectoryTestSuite.java:159)<br>	at org.apache.maven.surefire.testng.TestNGDirectoryTestSuite.execute(TestNGDirectoryTestSuite.java:99)<br>	at org.apache.maven.surefire.testng.TestNGProvider.invoke(TestNGProvider.java:106)<br>	at sun.reflect.NativeMethodAccessorImpl.invoke0(Native Method)<br>	at sun.reflect.NativeMethodAccessorImpl.invoke(NativeMethodAccessorImpl.java:39)<br>	at sun.reflect.DelegatingMethodAccessorImpl.invoke(DelegatingMethodAccessorImpl.java:25)<br>	at java.lang.reflect.Method.invoke(Method.java:597)<br>	at org.apache.maven.surefire.util.ReflectionUtils.invokeMethodWithArray(ReflectionUtils.java:189)<br>	at org.apache.maven.surefire.booter.ProviderFactory$ProviderProxy.invoke(ProviderFactory.java:165)<br>	at org.apache.maven.surefire.booter.ProviderFactory.invokeProvider(ProviderFactory.java:85)<br>	at org.apache.maven.surefire.booter.ForkedBooter.runSuitesInProcess(ForkedBooter.java:115)<br>	at org.apache.maven.surefire.booter.ForkedBooter.main(ForkedBooter.java:75)<br>
<br>    
</code></td><td>18.624</td>
</tr>
<tr valign="top" class="Error">
<td><a name="testBidOnRideFromAirport"></a>testBidOnRideFromAirport</td><td>Error</td><td> Expected: not &lt;0&gt;      got: &lt;0&gt; <br>
<br>
<code>
<br>      java.lang.AssertionError: <br>Expected: not &lt;0&gt;<br>     got: &lt;0&gt;<br>
<br>	at org.junit.Assert.assertThat(Assert.java:780)<br>	at org.junit.Assert.assertThat(Assert.java:738)<br>	at com.sav.ra.shared.RideauctionSharedTestsAndUtils.bidOrBuyPositive(RideauctionSharedTestsAndUtils.java:110)<br>	at com.sav.ra.test.bid.TestBidOnRideFromAirport.testBidOnRideFromAirport(TestBidOnRideFromAirport.java:134)<br>	at sun.reflect.GeneratedMethodAccessor17.invoke(Unknown Source)<br>	at sun.reflect.DelegatingMethodAccessorImpl.invoke(DelegatingMethodAccessorImpl.java:25)<br>	at java.lang.reflect.Method.invoke(Method.java:597)<br>	at org.testng.internal.MethodInvocationHelper.invokeMethod(MethodInvocationHelper.java:80)<br>	at org.testng.internal.Invoker.invokeMethod(Invoker.java:714)<br>	at org.testng.internal.Invoker.invokeTestMethod(Invoker.java:901)<br>	at org.testng.internal.Invoker.invokeTestMethods(Invoker.java:1231)<br>	at org.testng.internal.TestMethodWorker.invokeTestMethods(TestMethodWorker.java:127)<br>	at org.testng.internal.TestMethodWorker.run(TestMethodWorker.java:111)<br>	at org.testng.TestRunner.privateRun(TestRunner.java:767)<br>	at org.testng.TestRunner.run(TestRunner.java:617)<br>	at org.testng.SuiteRunner.runTest(SuiteRunner.java:334)<br>	at org.testng.SuiteRunner.runSequentially(SuiteRunner.java:329)<br>	at org.testng.SuiteRunner.privateRun(SuiteRunner.java:291)<br>	at org.testng.SuiteRunner.run(SuiteRunner.java:240)<br>	at org.testng.SuiteRunnerWorker.runSuite(SuiteRunnerWorker.java:52)<br>	at org.testng.SuiteRunnerWorker.run(SuiteRunnerWorker.java:86)<br>	at org.testng.TestNG.runSuitesSequentially(TestNG.java:1198)<br>	at org.testng.TestNG.runSuitesLocally(TestNG.java:1123)<br>	at org.testng.TestNG.run(TestNG.java:1031)<br>	at org.apache.maven.surefire.testng.TestNGExecutor.run(TestNGExecutor.java:77)<br>	at org.apache.maven.surefire.testng.TestNGDirectoryTestSuite.executeMulti(TestNGDirectoryTestSuite.java:159)<br>	at org.apache.maven.surefire.testng.TestNGDirectoryTestSuite.execute(TestNGDirectoryTestSuite.java:99)<br>	at org.apache.maven.surefire.testng.TestNGProvider.invoke(TestNGProvider.java:106)<br>	at sun.reflect.NativeMethodAccessorImpl.invoke0(Native Method)<br>	at sun.reflect.NativeMethodAccessorImpl.invoke(NativeMethodAccessorImpl.java:39)<br>	at sun.reflect.DelegatingMethodAccessorImpl.invoke(DelegatingMethodAccessorImpl.java:25)<br>	at java.lang.reflect.Method.invoke(Method.java:597)<br>	at org.apache.maven.surefire.util.ReflectionUtils.invokeMethodWithArray(ReflectionUtils.java:189)<br>	at org.apache.maven.surefire.booter.ProviderFactory$ProviderProxy.invoke(ProviderFactory.java:165)<br>	at org.apache.maven.surefire.booter.ProviderFactory.invokeProvider(ProviderFactory.java:85)<br>	at org.apache.maven.surefire.booter.ForkedBooter.runSuitesInProcess(ForkedBooter.java:115)<br>	at org.apache.maven.surefire.booter.ForkedBooter.main(ForkedBooter.java:75)<br>
<br>    
</code></td><td>19.198</td>
</tr>
<tr valign="top" class="Error">
<td><a name="testBidOnRideFromAirport"></a>testBidOnRideFromAirport</td><td>Error</td><td>expected object to not be null<br>
<br>
<code>
<br>      java.lang.AssertionError: expected object to not be null<br>	at org.testng.Assert.fail(Assert.java:94)<br>	at org.testng.Assert.assertNotNull(Assert.java:404)<br>	at org.testng.Assert.assertNotNull(Assert.java:389)<br>	at com.sav.ra.framework.WebDriverTest.verifyElementPresent(WebDriverTest.java:106)<br>	at com.sav.ra.test.bid.TestBidOnRideFromAirport.testBidOnRideFromAirport(TestBidOnRideFromAirport.java:99)<br>	at sun.reflect.GeneratedMethodAccessor17.invoke(Unknown Source)<br>	at sun.reflect.DelegatingMethodAccessorImpl.invoke(DelegatingMethodAccessorImpl.java:25)<br>	at java.lang.reflect.Method.invoke(Method.java:597)<br>	at org.testng.internal.MethodInvocationHelper.invokeMethod(MethodInvocationHelper.java:80)<br>	at org.testng.internal.Invoker.invokeMethod(Invoker.java:714)<br>	at org.testng.internal.Invoker.invokeTestMethod(Invoker.java:901)<br>	at org.testng.internal.Invoker.invokeTestMethods(Invoker.java:1231)<br>	at org.testng.internal.TestMethodWorker.invokeTestMethods(TestMethodWorker.java:127)<br>	at org.testng.internal.TestMethodWorker.run(TestMethodWorker.java:111)<br>	at org.testng.TestRunner.privateRun(TestRunner.java:767)<br>	at org.testng.TestRunner.run(TestRunner.java:617)<br>	at org.testng.SuiteRunner.runTest(SuiteRunner.java:334)<br>	at org.testng.SuiteRunner.runSequentially(SuiteRunner.java:329)<br>	at org.testng.SuiteRunner.privateRun(SuiteRunner.java:291)<br>	at org.testng.SuiteRunner.run(SuiteRunner.java:240)<br>	at org.testng.SuiteRunnerWorker.runSuite(SuiteRunnerWorker.java:52)<br>	at org.testng.SuiteRunnerWorker.run(SuiteRunnerWorker.java:86)<br>	at org.testng.TestNG.runSuitesSequentially(TestNG.java:1198)<br>	at org.testng.TestNG.runSuitesLocally(TestNG.java:1123)<br>	at org.testng.TestNG.run(TestNG.java:1031)<br>	at org.apache.maven.surefire.testng.TestNGExecutor.run(TestNGExecutor.java:77)<br>	at org.apache.maven.surefire.testng.TestNGDirectoryTestSuite.executeMulti(TestNGDirectoryTestSuite.java:159)<br>	at org.apache.maven.surefire.testng.TestNGDirectoryTestSuite.execute(TestNGDirectoryTestSuite.java:99)<br>	at org.apache.maven.surefire.testng.TestNGProvider.invoke(TestNGProvider.java:106)<br>	at sun.reflect.NativeMethodAccessorImpl.invoke0(Native Method)<br>	at sun.reflect.NativeMethodAccessorImpl.invoke(NativeMethodAccessorImpl.java:39)<br>	at sun.reflect.DelegatingMethodAccessorImpl.invoke(DelegatingMethodAccessorImpl.java:25)<br>	at java.lang.reflect.Method.invoke(Method.java:597)<br>	at org.apache.maven.surefire.util.ReflectionUtils.invokeMethodWithArray(ReflectionUtils.java:189)<br>	at org.apache.maven.surefire.booter.ProviderFactory$ProviderProxy.invoke(ProviderFactory.java:165)<br>	at org.apache.maven.surefire.booter.ProviderFactory.invokeProvider(ProviderFactory.java:85)<br>	at org.apache.maven.surefire.booter.ForkedBooter.runSuitesInProcess(ForkedBooter.java:115)<br>	at org.apache.maven.surefire.booter.ForkedBooter.main(ForkedBooter.java:75)<br>
<br>    
</code></td><td>17.807</td>
</tr>
<tr valign="top" class="Error">
<td><a name="testBidOnRideFromAirport"></a>testBidOnRideFromAirport</td><td>Error</td><td>N/A<br>
<br>
<code>
<br>      java.lang.AssertionError<br>	at org.junit.Assert.fail(Assert.java:92)<br>	at org.junit.Assert.assertTrue(Assert.java:43)<br>	at org.junit.Assert.assertTrue(Assert.java:54)<br>	at com.sav.ra.shared.RideauctionSharedTestsAndUtils.bidOrBuyPositive(RideauctionSharedTestsAndUtils.java:117)<br>	at com.sav.ra.test.bid.TestBidOnRideFromAirport.testBidOnRideFromAirport(TestBidOnRideFromAirport.java:134)<br>	at sun.reflect.GeneratedMethodAccessor17.invoke(Unknown Source)<br>	at sun.reflect.DelegatingMethodAccessorImpl.invoke(DelegatingMethodAccessorImpl.java:25)<br>	at java.lang.reflect.Method.invoke(Method.java:597)<br>	at org.testng.internal.MethodInvocationHelper.invokeMethod(MethodInvocationHelper.java:80)<br>	at org.testng.internal.Invoker.invokeMethod(Invoker.java:714)<br>	at org.testng.internal.Invoker.invokeTestMethod(Invoker.java:901)<br>	at org.testng.internal.Invoker.invokeTestMethods(Invoker.java:1231)<br>	at org.testng.internal.TestMethodWorker.invokeTestMethods(TestMethodWorker.java:127)<br>	at org.testng.internal.TestMethodWorker.run(TestMethodWorker.java:111)<br>	at org.testng.TestRunner.privateRun(TestRunner.java:767)<br>	at org.testng.TestRunner.run(TestRunner.java:617)<br>	at org.testng.SuiteRunner.runTest(SuiteRunner.java:334)<br>	at org.testng.SuiteRunner.runSequentially(SuiteRunner.java:329)<br>	at org.testng.SuiteRunner.privateRun(SuiteRunner.java:291)<br>	at org.testng.SuiteRunner.run(SuiteRunner.java:240)<br>	at org.testng.SuiteRunnerWorker.runSuite(SuiteRunnerWorker.java:52)<br>	at org.testng.SuiteRunnerWorker.run(SuiteRunnerWorker.java:86)<br>	at org.testng.TestNG.runSuitesSequentially(TestNG.java:1198)<br>	at org.testng.TestNG.runSuitesLocally(TestNG.java:1123)<br>	at org.testng.TestNG.run(TestNG.java:1031)<br>	at org.apache.maven.surefire.testng.TestNGExecutor.run(TestNGExecutor.java:77)<br>	at org.apache.maven.surefire.testng.TestNGDirectoryTestSuite.executeMulti(TestNGDirectoryTestSuite.java:159)<br>	at org.apache.maven.surefire.testng.TestNGDirectoryTestSuite.execute(TestNGDirectoryTestSuite.java:99)<br>	at org.apache.maven.surefire.testng.TestNGProvider.invoke(TestNGProvider.java:106)<br>	at sun.reflect.NativeMethodAccessorImpl.invoke0(Native Method)<br>	at sun.reflect.NativeMethodAccessorImpl.invoke(NativeMethodAccessorImpl.java:39)<br>	at sun.reflect.DelegatingMethodAccessorImpl.invoke(DelegatingMethodAccessorImpl.java:25)<br>	at java.lang.reflect.Method.invoke(Method.java:597)<br>	at org.apache.maven.surefire.util.ReflectionUtils.invokeMethodWithArray(ReflectionUtils.java:189)<br>	at org.apache.maven.surefire.booter.ProviderFactory$ProviderProxy.invoke(ProviderFactory.java:165)<br>	at org.apache.maven.surefire.booter.ProviderFactory.invokeProvider(ProviderFactory.java:85)<br>	at org.apache.maven.surefire.booter.ForkedBooter.runSuitesInProcess(ForkedBooter.java:115)<br>	at org.apache.maven.surefire.booter.ForkedBooter.main(ForkedBooter.java:75)<br>
<br>    
</code></td><td>18.586</td>
</tr>
<tr valign="top" class="Error">
<td><a name="testBidOnRideFromAirport"></a>testBidOnRideFromAirport</td><td>Error</td><td>N/A<br>
<br>
<code>
<br>      java.lang.AssertionError<br>	at org.junit.Assert.fail(Assert.java:92)<br>	at org.junit.Assert.assertTrue(Assert.java:43)<br>	at org.junit.Assert.assertTrue(Assert.java:54)<br>	at com.sav.ra.shared.RideauctionSharedTestsAndUtils.bidOrBuyPositive(RideauctionSharedTestsAndUtils.java:117)<br>	at com.sav.ra.test.bid.TestBidOnRideFromAirport.testBidOnRideFromAirport(TestBidOnRideFromAirport.java:134)<br>	at sun.reflect.GeneratedMethodAccessor17.invoke(Unknown Source)<br>	at sun.reflect.DelegatingMethodAccessorImpl.invoke(DelegatingMethodAccessorImpl.java:25)<br>	at java.lang.reflect.Method.invoke(Method.java:597)<br>	at org.testng.internal.MethodInvocationHelper.invokeMethod(MethodInvocationHelper.java:80)<br>	at org.testng.internal.Invoker.invokeMethod(Invoker.java:714)<br>	at org.testng.internal.Invoker.invokeTestMethod(Invoker.java:901)<br>	at org.testng.internal.Invoker.invokeTestMethods(Invoker.java:1231)<br>	at org.testng.internal.TestMethodWorker.invokeTestMethods(TestMethodWorker.java:127)<br>	at org.testng.internal.TestMethodWorker.run(TestMethodWorker.java:111)<br>	at org.testng.TestRunner.privateRun(TestRunner.java:767)<br>	at org.testng.TestRunner.run(TestRunner.java:617)<br>	at org.testng.SuiteRunner.runTest(SuiteRunner.java:334)<br>	at org.testng.SuiteRunner.runSequentially(SuiteRunner.java:329)<br>	at org.testng.SuiteRunner.privateRun(SuiteRunner.java:291)<br>	at org.testng.SuiteRunner.run(SuiteRunner.java:240)<br>	at org.testng.SuiteRunnerWorker.runSuite(SuiteRunnerWorker.java:52)<br>	at org.testng.SuiteRunnerWorker.run(SuiteRunnerWorker.java:86)<br>	at org.testng.TestNG.runSuitesSequentially(TestNG.java:1198)<br>	at org.testng.TestNG.runSuitesLocally(TestNG.java:1123)<br>	at org.testng.TestNG.run(TestNG.java:1031)<br>	at org.apache.maven.surefire.testng.TestNGExecutor.run(TestNGExecutor.java:77)<br>	at org.apache.maven.surefire.testng.TestNGDirectoryTestSuite.executeMulti(TestNGDirectoryTestSuite.java:159)<br>	at org.apache.maven.surefire.testng.TestNGDirectoryTestSuite.execute(TestNGDirectoryTestSuite.java:99)<br>	at org.apache.maven.surefire.testng.TestNGProvider.invoke(TestNGProvider.java:106)<br>	at sun.reflect.NativeMethodAccessorImpl.invoke0(Native Method)<br>	at sun.reflect.NativeMethodAccessorImpl.invoke(NativeMethodAccessorImpl.java:39)<br>	at sun.reflect.DelegatingMethodAccessorImpl.invoke(DelegatingMethodAccessorImpl.java:25)<br>	at java.lang.reflect.Method.invoke(Method.java:597)<br>	at org.apache.maven.surefire.util.ReflectionUtils.invokeMethodWithArray(ReflectionUtils.java:189)<br>	at org.apache.maven.surefire.booter.ProviderFactory$ProviderProxy.invoke(ProviderFactory.java:165)<br>	at org.apache.maven.surefire.booter.ProviderFactory.invokeProvider(ProviderFactory.java:85)<br>	at org.apache.maven.surefire.booter.ForkedBooter.runSuitesInProcess(ForkedBooter.java:115)<br>	at org.apache.maven.surefire.booter.ForkedBooter.main(ForkedBooter.java:75)<br>
<br>    
</code></td><td>18.671</td>
</tr>
<tr valign="top" class="Error">
<td><a name="testBidOnRideFromAirport"></a>testBidOnRideFromAirport</td><td>Error</td><td>expected object to not be null<br>
<br>
<code>
<br>      java.lang.AssertionError: expected object to not be null<br>	at org.testng.Assert.fail(Assert.java:94)<br>	at org.testng.Assert.assertNotNull(Assert.java:404)<br>	at org.testng.Assert.assertNotNull(Assert.java:389)<br>	at com.sav.ra.framework.WebDriverTest.verifyElementPresent(WebDriverTest.java:106)<br>	at com.sav.ra.test.bid.TestBidOnRideFromAirport.testBidOnRideFromAirport(TestBidOnRideFromAirport.java:99)<br>	at sun.reflect.GeneratedMethodAccessor17.invoke(Unknown Source)<br>	at sun.reflect.DelegatingMethodAccessorImpl.invoke(DelegatingMethodAccessorImpl.java:25)<br>	at java.lang.reflect.Method.invoke(Method.java:597)<br>	at org.testng.internal.MethodInvocationHelper.invokeMethod(MethodInvocationHelper.java:80)<br>	at org.testng.internal.Invoker.invokeMethod(Invoker.java:714)<br>	at org.testng.internal.Invoker.invokeTestMethod(Invoker.java:901)<br>	at org.testng.internal.Invoker.invokeTestMethods(Invoker.java:1231)<br>	at org.testng.internal.TestMethodWorker.invokeTestMethods(TestMethodWorker.java:127)<br>	at org.testng.internal.TestMethodWorker.run(TestMethodWorker.java:111)<br>	at org.testng.TestRunner.privateRun(TestRunner.java:767)<br>	at org.testng.TestRunner.run(TestRunner.java:617)<br>	at org.testng.SuiteRunner.runTest(SuiteRunner.java:334)<br>	at org.testng.SuiteRunner.runSequentially(SuiteRunner.java:329)<br>	at org.testng.SuiteRunner.privateRun(SuiteRunner.java:291)<br>	at org.testng.SuiteRunner.run(SuiteRunner.java:240)<br>	at org.testng.SuiteRunnerWorker.runSuite(SuiteRunnerWorker.java:52)<br>	at org.testng.SuiteRunnerWorker.run(SuiteRunnerWorker.java:86)<br>	at org.testng.TestNG.runSuitesSequentially(TestNG.java:1198)<br>	at org.testng.TestNG.runSuitesLocally(TestNG.java:1123)<br>	at org.testng.TestNG.run(TestNG.java:1031)<br>	at org.apache.maven.surefire.testng.TestNGExecutor.run(TestNGExecutor.java:77)<br>	at org.apache.maven.surefire.testng.TestNGDirectoryTestSuite.executeMulti(TestNGDirectoryTestSuite.java:159)<br>	at org.apache.maven.surefire.testng.TestNGDirectoryTestSuite.execute(TestNGDirectoryTestSuite.java:99)<br>	at org.apache.maven.surefire.testng.TestNGProvider.invoke(TestNGProvider.java:106)<br>	at sun.reflect.NativeMethodAccessorImpl.invoke0(Native Method)<br>	at sun.reflect.NativeMethodAccessorImpl.invoke(NativeMethodAccessorImpl.java:39)<br>	at sun.reflect.DelegatingMethodAccessorImpl.invoke(DelegatingMethodAccessorImpl.java:25)<br>	at java.lang.reflect.Method.invoke(Method.java:597)<br>	at org.apache.maven.surefire.util.ReflectionUtils.invokeMethodWithArray(ReflectionUtils.java:189)<br>	at org.apache.maven.surefire.booter.ProviderFactory$ProviderProxy.invoke(ProviderFactory.java:165)<br>	at org.apache.maven.surefire.booter.ProviderFactory.invokeProvider(ProviderFactory.java:85)<br>	at org.apache.maven.surefire.booter.ForkedBooter.runSuitesInProcess(ForkedBooter.java:115)<br>	at org.apache.maven.surefire.booter.ForkedBooter.main(ForkedBooter.java:75)<br>
<br>    
</code></td><td>18.311</td>
</tr>
<tr valign="top" class="Error">
<td><a name="testBidOnRideFromAirport"></a>testBidOnRideFromAirport</td><td>Error</td><td>expected object to not be null<br>
<br>
<code>
<br>      java.lang.AssertionError: expected object to not be null<br>	at org.testng.Assert.fail(Assert.java:94)<br>	at org.testng.Assert.assertNotNull(Assert.java:404)<br>	at org.testng.Assert.assertNotNull(Assert.java:389)<br>	at com.sav.ra.framework.WebDriverTest.verifyElementPresent(WebDriverTest.java:106)<br>	at com.sav.ra.test.bid.TestBidOnRideFromAirport.testBidOnRideFromAirport(TestBidOnRideFromAirport.java:99)<br>	at sun.reflect.GeneratedMethodAccessor17.invoke(Unknown Source)<br>	at sun.reflect.DelegatingMethodAccessorImpl.invoke(DelegatingMethodAccessorImpl.java:25)<br>	at java.lang.reflect.Method.invoke(Method.java:597)<br>	at org.testng.internal.MethodInvocationHelper.invokeMethod(MethodInvocationHelper.java:80)<br>	at org.testng.internal.Invoker.invokeMethod(Invoker.java:714)<br>	at org.testng.internal.Invoker.invokeTestMethod(Invoker.java:901)<br>	at org.testng.internal.Invoker.invokeTestMethods(Invoker.java:1231)<br>	at org.testng.internal.TestMethodWorker.invokeTestMethods(TestMethodWorker.java:127)<br>	at org.testng.internal.TestMethodWorker.run(TestMethodWorker.java:111)<br>	at org.testng.TestRunner.privateRun(TestRunner.java:767)<br>	at org.testng.TestRunner.run(TestRunner.java:617)<br>	at org.testng.SuiteRunner.runTest(SuiteRunner.java:334)<br>	at org.testng.SuiteRunner.runSequentially(SuiteRunner.java:329)<br>	at org.testng.SuiteRunner.privateRun(SuiteRunner.java:291)<br>	at org.testng.SuiteRunner.run(SuiteRunner.java:240)<br>	at org.testng.SuiteRunnerWorker.runSuite(SuiteRunnerWorker.java:52)<br>	at org.testng.SuiteRunnerWorker.run(SuiteRunnerWorker.java:86)<br>	at org.testng.TestNG.runSuitesSequentially(TestNG.java:1198)<br>	at org.testng.TestNG.runSuitesLocally(TestNG.java:1123)<br>	at org.testng.TestNG.run(TestNG.java:1031)<br>	at org.apache.maven.surefire.testng.TestNGExecutor.run(TestNGExecutor.java:77)<br>	at org.apache.maven.surefire.testng.TestNGDirectoryTestSuite.executeMulti(TestNGDirectoryTestSuite.java:159)<br>	at org.apache.maven.surefire.testng.TestNGDirectoryTestSuite.execute(TestNGDirectoryTestSuite.java:99)<br>	at org.apache.maven.surefire.testng.TestNGProvider.invoke(TestNGProvider.java:106)<br>	at sun.reflect.NativeMethodAccessorImpl.invoke0(Native Method)<br>	at sun.reflect.NativeMethodAccessorImpl.invoke(NativeMethodAccessorImpl.java:39)<br>	at sun.reflect.DelegatingMethodAccessorImpl.invoke(DelegatingMethodAccessorImpl.java:25)<br>	at java.lang.reflect.Method.invoke(Method.java:597)<br>	at org.apache.maven.surefire.util.ReflectionUtils.invokeMethodWithArray(ReflectionUtils.java:189)<br>	at org.apache.maven.surefire.booter.ProviderFactory$ProviderProxy.invoke(ProviderFactory.java:165)<br>	at org.apache.maven.surefire.booter.ProviderFactory.invokeProvider(ProviderFactory.java:85)<br>	at org.apache.maven.surefire.booter.ForkedBooter.runSuitesInProcess(ForkedBooter.java:115)<br>	at org.apache.maven.surefire.booter.ForkedBooter.main(ForkedBooter.java:75)<br>
<br>    
</code></td><td>17.217</td>
</tr>
<tr valign="top" class="Error">
<td><a name="testBidOnRideFromAirport"></a>testBidOnRideFromAirport</td><td>Error</td><td>N/A<br>
<br>
<code>
<br>      java.lang.AssertionError<br>	at org.junit.Assert.fail(Assert.java:92)<br>	at org.junit.Assert.assertTrue(Assert.java:43)<br>	at org.junit.Assert.assertTrue(Assert.java:54)<br>	at com.sav.ra.shared.RideauctionSharedTestsAndUtils.bidOrBuyPositive(RideauctionSharedTestsAndUtils.java:117)<br>	at com.sav.ra.test.bid.TestBidOnRideFromAirport.testBidOnRideFromAirport(TestBidOnRideFromAirport.java:134)<br>	at sun.reflect.GeneratedMethodAccessor17.invoke(Unknown Source)<br>	at sun.reflect.DelegatingMethodAccessorImpl.invoke(DelegatingMethodAccessorImpl.java:25)<br>	at java.lang.reflect.Method.invoke(Method.java:597)<br>	at org.testng.internal.MethodInvocationHelper.invokeMethod(MethodInvocationHelper.java:80)<br>	at org.testng.internal.Invoker.invokeMethod(Invoker.java:714)<br>	at org.testng.internal.Invoker.invokeTestMethod(Invoker.java:901)<br>	at org.testng.internal.Invoker.invokeTestMethods(Invoker.java:1231)<br>	at org.testng.internal.TestMethodWorker.invokeTestMethods(TestMethodWorker.java:127)<br>	at org.testng.internal.TestMethodWorker.run(TestMethodWorker.java:111)<br>	at org.testng.TestRunner.privateRun(TestRunner.java:767)<br>	at org.testng.TestRunner.run(TestRunner.java:617)<br>	at org.testng.SuiteRunner.runTest(SuiteRunner.java:334)<br>	at org.testng.SuiteRunner.runSequentially(SuiteRunner.java:329)<br>	at org.testng.SuiteRunner.privateRun(SuiteRunner.java:291)<br>	at org.testng.SuiteRunner.run(SuiteRunner.java:240)<br>	at org.testng.SuiteRunnerWorker.runSuite(SuiteRunnerWorker.java:52)<br>	at org.testng.SuiteRunnerWorker.run(SuiteRunnerWorker.java:86)<br>	at org.testng.TestNG.runSuitesSequentially(TestNG.java:1198)<br>	at org.testng.TestNG.runSuitesLocally(TestNG.java:1123)<br>	at org.testng.TestNG.run(TestNG.java:1031)<br>	at org.apache.maven.surefire.testng.TestNGExecutor.run(TestNGExecutor.java:77)<br>	at org.apache.maven.surefire.testng.TestNGDirectoryTestSuite.executeMulti(TestNGDirectoryTestSuite.java:159)<br>	at org.apache.maven.surefire.testng.TestNGDirectoryTestSuite.execute(TestNGDirectoryTestSuite.java:99)<br>	at org.apache.maven.surefire.testng.TestNGProvider.invoke(TestNGProvider.java:106)<br>	at sun.reflect.NativeMethodAccessorImpl.invoke0(Native Method)<br>	at sun.reflect.NativeMethodAccessorImpl.invoke(NativeMethodAccessorImpl.java:39)<br>	at sun.reflect.DelegatingMethodAccessorImpl.invoke(DelegatingMethodAccessorImpl.java:25)<br>	at java.lang.reflect.Method.invoke(Method.java:597)<br>	at org.apache.maven.surefire.util.ReflectionUtils.invokeMethodWithArray(ReflectionUtils.java:189)<br>	at org.apache.maven.surefire.booter.ProviderFactory$ProviderProxy.invoke(ProviderFactory.java:165)<br>	at org.apache.maven.surefire.booter.ProviderFactory.invokeProvider(ProviderFactory.java:85)<br>	at org.apache.maven.surefire.booter.ForkedBooter.runSuitesInProcess(ForkedBooter.java:115)<br>	at org.apache.maven.surefire.booter.ForkedBooter.main(ForkedBooter.java:75)<br>
<br>    
</code></td><td>18.846</td>
</tr>
<tr valign="top" class="Error">
<td><a name="testBidOnRideFromAirport"></a>testBidOnRideFromAirport</td><td>Error</td><td>expected object to not be null<br>
<br>
<code>
<br>      java.lang.AssertionError: expected object to not be null<br>	at org.testng.Assert.fail(Assert.java:94)<br>	at org.testng.Assert.assertNotNull(Assert.java:404)<br>	at org.testng.Assert.assertNotNull(Assert.java:389)<br>	at com.sav.ra.framework.WebDriverTest.verifyElementPresent(WebDriverTest.java:106)<br>	at com.sav.ra.test.bid.TestBidOnRideFromAirport.testBidOnRideFromAirport(TestBidOnRideFromAirport.java:99)<br>	at sun.reflect.GeneratedMethodAccessor17.invoke(Unknown Source)<br>	at sun.reflect.DelegatingMethodAccessorImpl.invoke(DelegatingMethodAccessorImpl.java:25)<br>	at java.lang.reflect.Method.invoke(Method.java:597)<br>	at org.testng.internal.MethodInvocationHelper.invokeMethod(MethodInvocationHelper.java:80)<br>	at org.testng.internal.Invoker.invokeMethod(Invoker.java:714)<br>	at org.testng.internal.Invoker.invokeTestMethod(Invoker.java:901)<br>	at org.testng.internal.Invoker.invokeTestMethods(Invoker.java:1231)<br>	at org.testng.internal.TestMethodWorker.invokeTestMethods(TestMethodWorker.java:127)<br>	at org.testng.internal.TestMethodWorker.run(TestMethodWorker.java:111)<br>	at org.testng.TestRunner.privateRun(TestRunner.java:767)<br>	at org.testng.TestRunner.run(TestRunner.java:617)<br>	at org.testng.SuiteRunner.runTest(SuiteRunner.java:334)<br>	at org.testng.SuiteRunner.runSequentially(SuiteRunner.java:329)<br>	at org.testng.SuiteRunner.privateRun(SuiteRunner.java:291)<br>	at org.testng.SuiteRunner.run(SuiteRunner.java:240)<br>	at org.testng.SuiteRunnerWorker.runSuite(SuiteRunnerWorker.java:52)<br>	at org.testng.SuiteRunnerWorker.run(SuiteRunnerWorker.java:86)<br>	at org.testng.TestNG.runSuitesSequentially(TestNG.java:1198)<br>	at org.testng.TestNG.runSuitesLocally(TestNG.java:1123)<br>	at org.testng.TestNG.run(TestNG.java:1031)<br>	at org.apache.maven.surefire.testng.TestNGExecutor.run(TestNGExecutor.java:77)<br>	at org.apache.maven.surefire.testng.TestNGDirectoryTestSuite.executeMulti(TestNGDirectoryTestSuite.java:159)<br>	at org.apache.maven.surefire.testng.TestNGDirectoryTestSuite.execute(TestNGDirectoryTestSuite.java:99)<br>	at org.apache.maven.surefire.testng.TestNGProvider.invoke(TestNGProvider.java:106)<br>	at sun.reflect.NativeMethodAccessorImpl.invoke0(Native Method)<br>	at sun.reflect.NativeMethodAccessorImpl.invoke(NativeMethodAccessorImpl.java:39)<br>	at sun.reflect.DelegatingMethodAccessorImpl.invoke(DelegatingMethodAccessorImpl.java:25)<br>	at java.lang.reflect.Method.invoke(Method.java:597)<br>	at org.apache.maven.surefire.util.ReflectionUtils.invokeMethodWithArray(ReflectionUtils.java:189)<br>	at org.apache.maven.surefire.booter.ProviderFactory$ProviderProxy.invoke(ProviderFactory.java:165)<br>	at org.apache.maven.surefire.booter.ProviderFactory.invokeProvider(ProviderFactory.java:85)<br>	at org.apache.maven.surefire.booter.ForkedBooter.runSuitesInProcess(ForkedBooter.java:115)<br>	at org.apache.maven.surefire.booter.ForkedBooter.main(ForkedBooter.java:75)<br>
<br>    
</code></td><td>17.691</td>
</tr>
<tr valign="top" class="Error">
<td><a name="testBidOnRideFromAirport"></a>testBidOnRideFromAirport</td><td>Error</td><td>expected object to not be null<br>
<br>
<code>
<br>      java.lang.AssertionError: expected object to not be null<br>	at org.testng.Assert.fail(Assert.java:94)<br>	at org.testng.Assert.assertNotNull(Assert.java:404)<br>	at org.testng.Assert.assertNotNull(Assert.java:389)<br>	at com.sav.ra.framework.WebDriverTest.verifyElementPresent(WebDriverTest.java:106)<br>	at com.sav.ra.test.bid.TestBidOnRideFromAirport.testBidOnRideFromAirport(TestBidOnRideFromAirport.java:99)<br>	at sun.reflect.GeneratedMethodAccessor17.invoke(Unknown Source)<br>	at sun.reflect.DelegatingMethodAccessorImpl.invoke(DelegatingMethodAccessorImpl.java:25)<br>	at java.lang.reflect.Method.invoke(Method.java:597)<br>	at org.testng.internal.MethodInvocationHelper.invokeMethod(MethodInvocationHelper.java:80)<br>	at org.testng.internal.Invoker.invokeMethod(Invoker.java:714)<br>	at org.testng.internal.Invoker.invokeTestMethod(Invoker.java:901)<br>	at org.testng.internal.Invoker.invokeTestMethods(Invoker.java:1231)<br>	at org.testng.internal.TestMethodWorker.invokeTestMethods(TestMethodWorker.java:127)<br>	at org.testng.internal.TestMethodWorker.run(TestMethodWorker.java:111)<br>	at org.testng.TestRunner.privateRun(TestRunner.java:767)<br>	at org.testng.TestRunner.run(TestRunner.java:617)<br>	at org.testng.SuiteRunner.runTest(SuiteRunner.java:334)<br>	at org.testng.SuiteRunner.runSequentially(SuiteRunner.java:329)<br>	at org.testng.SuiteRunner.privateRun(SuiteRunner.java:291)<br>	at org.testng.SuiteRunner.run(SuiteRunner.java:240)<br>	at org.testng.SuiteRunnerWorker.runSuite(SuiteRunnerWorker.java:52)<br>	at org.testng.SuiteRunnerWorker.run(SuiteRunnerWorker.java:86)<br>	at org.testng.TestNG.runSuitesSequentially(TestNG.java:1198)<br>	at org.testng.TestNG.runSuitesLocally(TestNG.java:1123)<br>	at org.testng.TestNG.run(TestNG.java:1031)<br>	at org.apache.maven.surefire.testng.TestNGExecutor.run(TestNGExecutor.java:77)<br>	at org.apache.maven.surefire.testng.TestNGDirectoryTestSuite.executeMulti(TestNGDirectoryTestSuite.java:159)<br>	at org.apache.maven.surefire.testng.TestNGDirectoryTestSuite.execute(TestNGDirectoryTestSuite.java:99)<br>	at org.apache.maven.surefire.testng.TestNGProvider.invoke(TestNGProvider.java:106)<br>	at sun.reflect.NativeMethodAccessorImpl.invoke0(Native Method)<br>	at sun.reflect.NativeMethodAccessorImpl.invoke(NativeMethodAccessorImpl.java:39)<br>	at sun.reflect.DelegatingMethodAccessorImpl.invoke(DelegatingMethodAccessorImpl.java:25)<br>	at java.lang.reflect.Method.invoke(Method.java:597)<br>	at org.apache.maven.surefire.util.ReflectionUtils.invokeMethodWithArray(ReflectionUtils.java:189)<br>	at org.apache.maven.surefire.booter.ProviderFactory$ProviderProxy.invoke(ProviderFactory.java:165)<br>	at org.apache.maven.surefire.booter.ProviderFactory.invokeProvider(ProviderFactory.java:85)<br>	at org.apache.maven.surefire.booter.ForkedBooter.runSuitesInProcess(ForkedBooter.java:115)<br>	at org.apache.maven.surefire.booter.ForkedBooter.main(ForkedBooter.java:75)<br>
<br>    
</code></td><td>17.475</td>
</tr>
<tr valign="top" class="Error">
<td><a name="testBidOnRideFromAirport"></a>testBidOnRideFromAirport</td><td>Error</td><td>expected object to not be null<br>
<br>
<code>
<br>      java.lang.AssertionError: expected object to not be null<br>	at org.testng.Assert.fail(Assert.java:94)<br>	at org.testng.Assert.assertNotNull(Assert.java:404)<br>	at org.testng.Assert.assertNotNull(Assert.java:389)<br>	at com.sav.ra.framework.WebDriverTest.verifyElementPresent(WebDriverTest.java:106)<br>	at com.sav.ra.test.bid.TestBidOnRideFromAirport.testBidOnRideFromAirport(TestBidOnRideFromAirport.java:99)<br>	at sun.reflect.NativeMethodAccessorImpl.invoke0(Native Method)<br>	at sun.reflect.NativeMethodAccessorImpl.invoke(NativeMethodAccessorImpl.java:39)<br>	at sun.reflect.DelegatingMethodAccessorImpl.invoke(DelegatingMethodAccessorImpl.java:25)<br>	at java.lang.reflect.Method.invoke(Method.java:597)<br>	at org.testng.internal.MethodInvocationHelper.invokeMethod(MethodInvocationHelper.java:80)<br>	at org.testng.internal.Invoker.invokeMethod(Invoker.java:714)<br>	at org.testng.internal.Invoker.invokeTestMethod(Invoker.java:901)<br>	at org.testng.internal.Invoker.invokeTestMethods(Invoker.java:1231)<br>	at org.testng.internal.TestMethodWorker.invokeTestMethods(TestMethodWorker.java:127)<br>	at org.testng.internal.TestMethodWorker.run(TestMethodWorker.java:111)<br>	at org.testng.TestRunner.privateRun(TestRunner.java:767)<br>	at org.testng.TestRunner.run(TestRunner.java:617)<br>	at org.testng.SuiteRunner.runTest(SuiteRunner.java:334)<br>	at org.testng.SuiteRunner.runSequentially(SuiteRunner.java:329)<br>	at org.testng.SuiteRunner.privateRun(SuiteRunner.java:291)<br>	at org.testng.SuiteRunner.run(SuiteRunner.java:240)<br>	at org.testng.SuiteRunnerWorker.runSuite(SuiteRunnerWorker.java:52)<br>	at org.testng.SuiteRunnerWorker.run(SuiteRunnerWorker.java:86)<br>	at org.testng.TestNG.runSuitesSequentially(TestNG.java:1198)<br>	at org.testng.TestNG.runSuitesLocally(TestNG.java:1123)<br>	at org.testng.TestNG.run(TestNG.java:1031)<br>	at org.apache.maven.surefire.testng.TestNGExecutor.run(TestNGExecutor.java:77)<br>	at org.apache.maven.surefire.testng.TestNGDirectoryTestSuite.executeMulti(TestNGDirectoryTestSuite.java:159)<br>	at org.apache.maven.surefire.testng.TestNGDirectoryTestSuite.execute(TestNGDirectoryTestSuite.java:99)<br>	at org.apache.maven.surefire.testng.TestNGProvider.invoke(TestNGProvider.java:106)<br>	at sun.reflect.NativeMethodAccessorImpl.invoke0(Native Method)<br>	at sun.reflect.NativeMethodAccessorImpl.invoke(NativeMethodAccessorImpl.java:39)<br>	at sun.reflect.DelegatingMethodAccessorImpl.invoke(DelegatingMethodAccessorImpl.java:25)<br>	at java.lang.reflect.Method.invoke(Method.java:597)<br>	at org.apache.maven.surefire.util.ReflectionUtils.invokeMethodWithArray(ReflectionUtils.java:189)<br>	at org.apache.maven.surefire.booter.ProviderFactory$ProviderProxy.invoke(ProviderFactory.java:165)<br>	at org.apache.maven.surefire.booter.ProviderFactory.invokeProvider(ProviderFactory.java:85)<br>	at org.apache.maven.surefire.booter.ForkedBooter.runSuitesInProcess(ForkedBooter.java:115)<br>	at org.apache.maven.surefire.booter.ForkedBooter.main(ForkedBooter.java:75)<br>
<br>    
</code></td><td>16.058</td>
</tr>
<tr valign="top" class="Error">
<td><a name="testBidOnRideFromAirport"></a>testBidOnRideFromAirport</td><td>Error</td><td>expected object to not be null<br>
<br>
<code>
<br>      java.lang.AssertionError: expected object to not be null<br>	at org.testng.Assert.fail(Assert.java:94)<br>	at org.testng.Assert.assertNotNull(Assert.java:404)<br>	at org.testng.Assert.assertNotNull(Assert.java:389)<br>	at com.sav.ra.framework.WebDriverTest.verifyElementPresent(WebDriverTest.java:106)<br>	at com.sav.ra.test.bid.TestBidOnRideFromAirport.testBidOnRideFromAirport(TestBidOnRideFromAirport.java:99)<br>	at sun.reflect.GeneratedMethodAccessor17.invoke(Unknown Source)<br>	at sun.reflect.DelegatingMethodAccessorImpl.invoke(DelegatingMethodAccessorImpl.java:25)<br>	at java.lang.reflect.Method.invoke(Method.java:597)<br>	at org.testng.internal.MethodInvocationHelper.invokeMethod(MethodInvocationHelper.java:80)<br>	at org.testng.internal.Invoker.invokeMethod(Invoker.java:714)<br>	at org.testng.internal.Invoker.invokeTestMethod(Invoker.java:901)<br>	at org.testng.internal.Invoker.invokeTestMethods(Invoker.java:1231)<br>	at org.testng.internal.TestMethodWorker.invokeTestMethods(TestMethodWorker.java:127)<br>	at org.testng.internal.TestMethodWorker.run(TestMethodWorker.java:111)<br>	at org.testng.TestRunner.privateRun(TestRunner.java:767)<br>	at org.testng.TestRunner.run(TestRunner.java:617)<br>	at org.testng.SuiteRunner.runTest(SuiteRunner.java:334)<br>	at org.testng.SuiteRunner.runSequentially(SuiteRunner.java:329)<br>	at org.testng.SuiteRunner.privateRun(SuiteRunner.java:291)<br>	at org.testng.SuiteRunner.run(SuiteRunner.java:240)<br>	at org.testng.SuiteRunnerWorker.runSuite(SuiteRunnerWorker.java:52)<br>	at org.testng.SuiteRunnerWorker.run(SuiteRunnerWorker.java:86)<br>	at org.testng.TestNG.runSuitesSequentially(TestNG.java:1198)<br>	at org.testng.TestNG.runSuitesLocally(TestNG.java:1123)<br>	at org.testng.TestNG.run(TestNG.java:1031)<br>	at org.apache.maven.surefire.testng.TestNGExecutor.run(TestNGExecutor.java:77)<br>	at org.apache.maven.surefire.testng.TestNGDirectoryTestSuite.executeMulti(TestNGDirectoryTestSuite.java:159)<br>	at org.apache.maven.surefire.testng.TestNGDirectoryTestSuite.execute(TestNGDirectoryTestSuite.java:99)<br>	at org.apache.maven.surefire.testng.TestNGProvider.invoke(TestNGProvider.java:106)<br>	at sun.reflect.NativeMethodAccessorImpl.invoke0(Native Method)<br>	at sun.reflect.NativeMethodAccessorImpl.invoke(NativeMethodAccessorImpl.java:39)<br>	at sun.reflect.DelegatingMethodAccessorImpl.invoke(DelegatingMethodAccessorImpl.java:25)<br>	at java.lang.reflect.Method.invoke(Method.java:597)<br>	at org.apache.maven.surefire.util.ReflectionUtils.invokeMethodWithArray(ReflectionUtils.java:189)<br>	at org.apache.maven.surefire.booter.ProviderFactory$ProviderProxy.invoke(ProviderFactory.java:165)<br>	at org.apache.maven.surefire.booter.ProviderFactory.invokeProvider(ProviderFactory.java:85)<br>	at org.apache.maven.surefire.booter.ForkedBooter.runSuitesInProcess(ForkedBooter.java:115)<br>	at org.apache.maven.surefire.booter.ForkedBooter.main(ForkedBooter.java:75)<br>
<br>    
</code></td><td>17.525</td>
</tr>
<tr valign="top" class="Error">
<td><a name="testBidOnRideFromAirport"></a>testBidOnRideFromAirport</td><td>Error</td><td>expected object to not be null<br>
<br>
<code>
<br>      java.lang.AssertionError: expected object to not be null<br>	at org.testng.Assert.fail(Assert.java:94)<br>	at org.testng.Assert.assertNotNull(Assert.java:404)<br>	at org.testng.Assert.assertNotNull(Assert.java:389)<br>	at com.sav.ra.framework.WebDriverTest.verifyElementPresent(WebDriverTest.java:106)<br>	at com.sav.ra.test.bid.TestBidOnRideFromAirport.testBidOnRideFromAirport(TestBidOnRideFromAirport.java:99)<br>	at sun.reflect.GeneratedMethodAccessor17.invoke(Unknown Source)<br>	at sun.reflect.DelegatingMethodAccessorImpl.invoke(DelegatingMethodAccessorImpl.java:25)<br>	at java.lang.reflect.Method.invoke(Method.java:597)<br>	at org.testng.internal.MethodInvocationHelper.invokeMethod(MethodInvocationHelper.java:80)<br>	at org.testng.internal.Invoker.invokeMethod(Invoker.java:714)<br>	at org.testng.internal.Invoker.invokeTestMethod(Invoker.java:901)<br>	at org.testng.internal.Invoker.invokeTestMethods(Invoker.java:1231)<br>	at org.testng.internal.TestMethodWorker.invokeTestMethods(TestMethodWorker.java:127)<br>	at org.testng.internal.TestMethodWorker.run(TestMethodWorker.java:111)<br>	at org.testng.TestRunner.privateRun(TestRunner.java:767)<br>	at org.testng.TestRunner.run(TestRunner.java:617)<br>	at org.testng.SuiteRunner.runTest(SuiteRunner.java:334)<br>	at org.testng.SuiteRunner.runSequentially(SuiteRunner.java:329)<br>	at org.testng.SuiteRunner.privateRun(SuiteRunner.java:291)<br>	at org.testng.SuiteRunner.run(SuiteRunner.java:240)<br>	at org.testng.SuiteRunnerWorker.runSuite(SuiteRunnerWorker.java:52)<br>	at org.testng.SuiteRunnerWorker.run(SuiteRunnerWorker.java:86)<br>	at org.testng.TestNG.runSuitesSequentially(TestNG.java:1198)<br>	at org.testng.TestNG.runSuitesLocally(TestNG.java:1123)<br>	at org.testng.TestNG.run(TestNG.java:1031)<br>	at org.apache.maven.surefire.testng.TestNGExecutor.run(TestNGExecutor.java:77)<br>	at org.apache.maven.surefire.testng.TestNGDirectoryTestSuite.executeMulti(TestNGDirectoryTestSuite.java:159)<br>	at org.apache.maven.surefire.testng.TestNGDirectoryTestSuite.execute(TestNGDirectoryTestSuite.java:99)<br>	at org.apache.maven.surefire.testng.TestNGProvider.invoke(TestNGProvider.java:106)<br>	at sun.reflect.NativeMethodAccessorImpl.invoke0(Native Method)<br>	at sun.reflect.NativeMethodAccessorImpl.invoke(NativeMethodAccessorImpl.java:39)<br>	at sun.reflect.DelegatingMethodAccessorImpl.invoke(DelegatingMethodAccessorImpl.java:25)<br>	at java.lang.reflect.Method.invoke(Method.java:597)<br>	at org.apache.maven.surefire.util.ReflectionUtils.invokeMethodWithArray(ReflectionUtils.java:189)<br>	at org.apache.maven.surefire.booter.ProviderFactory$ProviderProxy.invoke(ProviderFactory.java:165)<br>	at org.apache.maven.surefire.booter.ProviderFactory.invokeProvider(ProviderFactory.java:85)<br>	at org.apache.maven.surefire.booter.ForkedBooter.runSuitesInProcess(ForkedBooter.java:115)<br>	at org.apache.maven.surefire.booter.ForkedBooter.main(ForkedBooter.java:75)<br>
<br>    
</code></td><td>17.563</td>
</tr>
<tr valign="top" class="Error">
<td><a name="testBidOnRideFromAirport"></a>testBidOnRideFromAirport</td><td>Error</td><td>expected object to not be null<br>
<br>
<code>
<br>      java.lang.AssertionError: expected object to not be null<br>	at org.testng.Assert.fail(Assert.java:94)<br>	at org.testng.Assert.assertNotNull(Assert.java:404)<br>	at org.testng.Assert.assertNotNull(Assert.java:389)<br>	at com.sav.ra.framework.WebDriverTest.verifyElementPresent(WebDriverTest.java:106)<br>	at com.sav.ra.test.bid.TestBidOnRideFromAirport.testBidOnRideFromAirport(TestBidOnRideFromAirport.java:99)<br>	at sun.reflect.GeneratedMethodAccessor17.invoke(Unknown Source)<br>	at sun.reflect.DelegatingMethodAccessorImpl.invoke(DelegatingMethodAccessorImpl.java:25)<br>	at java.lang.reflect.Method.invoke(Method.java:597)<br>	at org.testng.internal.MethodInvocationHelper.invokeMethod(MethodInvocationHelper.java:80)<br>	at org.testng.internal.Invoker.invokeMethod(Invoker.java:714)<br>	at org.testng.internal.Invoker.invokeTestMethod(Invoker.java:901)<br>	at org.testng.internal.Invoker.invokeTestMethods(Invoker.java:1231)<br>	at org.testng.internal.TestMethodWorker.invokeTestMethods(TestMethodWorker.java:127)<br>	at org.testng.internal.TestMethodWorker.run(TestMethodWorker.java:111)<br>	at org.testng.TestRunner.privateRun(TestRunner.java:767)<br>	at org.testng.TestRunner.run(TestRunner.java:617)<br>	at org.testng.SuiteRunner.runTest(SuiteRunner.java:334)<br>	at org.testng.SuiteRunner.runSequentially(SuiteRunner.java:329)<br>	at org.testng.SuiteRunner.privateRun(SuiteRunner.java:291)<br>	at org.testng.SuiteRunner.run(SuiteRunner.java:240)<br>	at org.testng.SuiteRunnerWorker.runSuite(SuiteRunnerWorker.java:52)<br>	at org.testng.SuiteRunnerWorker.run(SuiteRunnerWorker.java:86)<br>	at org.testng.TestNG.runSuitesSequentially(TestNG.java:1198)<br>	at org.testng.TestNG.runSuitesLocally(TestNG.java:1123)<br>	at org.testng.TestNG.run(TestNG.java:1031)<br>	at org.apache.maven.surefire.testng.TestNGExecutor.run(TestNGExecutor.java:77)<br>	at org.apache.maven.surefire.testng.TestNGDirectoryTestSuite.executeMulti(TestNGDirectoryTestSuite.java:159)<br>	at org.apache.maven.surefire.testng.TestNGDirectoryTestSuite.execute(TestNGDirectoryTestSuite.java:99)<br>	at org.apache.maven.surefire.testng.TestNGProvider.invoke(TestNGProvider.java:106)<br>	at sun.reflect.NativeMethodAccessorImpl.invoke0(Native Method)<br>	at sun.reflect.NativeMethodAccessorImpl.invoke(NativeMethodAccessorImpl.java:39)<br>	at sun.reflect.DelegatingMethodAccessorImpl.invoke(DelegatingMethodAccessorImpl.java:25)<br>	at java.lang.reflect.Method.invoke(Method.java:597)<br>	at org.apache.maven.surefire.util.ReflectionUtils.invokeMethodWithArray(ReflectionUtils.java:189)<br>	at org.apache.maven.surefire.booter.ProviderFactory$ProviderProxy.invoke(ProviderFactory.java:165)<br>	at org.apache.maven.surefire.booter.ProviderFactory.invokeProvider(ProviderFactory.java:85)<br>	at org.apache.maven.surefire.booter.ForkedBooter.runSuitesInProcess(ForkedBooter.java:115)<br>	at org.apache.maven.surefire.booter.ForkedBooter.main(ForkedBooter.java:75)<br>
<br>    
</code></td><td>17.807</td>
</tr>
<tr valign="top" class="Error">
<td><a name="testBidOnRideFromAirport"></a>testBidOnRideFromAirport</td><td>Error</td><td>expected object to not be null<br>
<br>
<code>
<br>      java.lang.AssertionError: expected object to not be null<br>	at org.testng.Assert.fail(Assert.java:94)<br>	at org.testng.Assert.assertNotNull(Assert.java:404)<br>	at org.testng.Assert.assertNotNull(Assert.java:389)<br>	at com.sav.ra.framework.WebDriverTest.verifyElementPresent(WebDriverTest.java:106)<br>	at com.sav.ra.test.bid.TestBidOnRideFromAirport.testBidOnRideFromAirport(TestBidOnRideFromAirport.java:99)<br>	at sun.reflect.GeneratedMethodAccessor17.invoke(Unknown Source)<br>	at sun.reflect.DelegatingMethodAccessorImpl.invoke(DelegatingMethodAccessorImpl.java:25)<br>	at java.lang.reflect.Method.invoke(Method.java:597)<br>	at org.testng.internal.MethodInvocationHelper.invokeMethod(MethodInvocationHelper.java:80)<br>	at org.testng.internal.Invoker.invokeMethod(Invoker.java:714)<br>	at org.testng.internal.Invoker.invokeTestMethod(Invoker.java:901)<br>	at org.testng.internal.Invoker.invokeTestMethods(Invoker.java:1231)<br>	at org.testng.internal.TestMethodWorker.invokeTestMethods(TestMethodWorker.java:127)<br>	at org.testng.internal.TestMethodWorker.run(TestMethodWorker.java:111)<br>	at org.testng.TestRunner.privateRun(TestRunner.java:767)<br>	at org.testng.TestRunner.run(TestRunner.java:617)<br>	at org.testng.SuiteRunner.runTest(SuiteRunner.java:334)<br>	at org.testng.SuiteRunner.runSequentially(SuiteRunner.java:329)<br>	at org.testng.SuiteRunner.privateRun(SuiteRunner.java:291)<br>	at org.testng.SuiteRunner.run(SuiteRunner.java:240)<br>	at org.testng.SuiteRunnerWorker.runSuite(SuiteRunnerWorker.java:52)<br>	at org.testng.SuiteRunnerWorker.run(SuiteRunnerWorker.java:86)<br>	at org.testng.TestNG.runSuitesSequentially(TestNG.java:1198)<br>	at org.testng.TestNG.runSuitesLocally(TestNG.java:1123)<br>	at org.testng.TestNG.run(TestNG.java:1031)<br>	at org.apache.maven.surefire.testng.TestNGExecutor.run(TestNGExecutor.java:77)<br>	at org.apache.maven.surefire.testng.TestNGDirectoryTestSuite.executeMulti(TestNGDirectoryTestSuite.java:159)<br>	at org.apache.maven.surefire.testng.TestNGDirectoryTestSuite.execute(TestNGDirectoryTestSuite.java:99)<br>	at org.apache.maven.surefire.testng.TestNGProvider.invoke(TestNGProvider.java:106)<br>	at sun.reflect.NativeMethodAccessorImpl.invoke0(Native Method)<br>	at sun.reflect.NativeMethodAccessorImpl.invoke(NativeMethodAccessorImpl.java:39)<br>	at sun.reflect.DelegatingMethodAccessorImpl.invoke(DelegatingMethodAccessorImpl.java:25)<br>	at java.lang.reflect.Method.invoke(Method.java:597)<br>	at org.apache.maven.surefire.util.ReflectionUtils.invokeMethodWithArray(ReflectionUtils.java:189)<br>	at org.apache.maven.surefire.booter.ProviderFactory$ProviderProxy.invoke(ProviderFactory.java:165)<br>	at org.apache.maven.surefire.booter.ProviderFactory.invokeProvider(ProviderFactory.java:85)<br>	at org.apache.maven.surefire.booter.ForkedBooter.runSuitesInProcess(ForkedBooter.java:115)<br>	at org.apache.maven.surefire.booter.ForkedBooter.main(ForkedBooter.java:75)<br>
<br>    
</code></td><td>17.135</td>
</tr>
<tr valign="top" class="Error">
<td><a name="testBidOnRideFromAirport"></a>testBidOnRideFromAirport</td><td>Error</td><td>expected object to not be null<br>
<br>
<code>
<br>      java.lang.AssertionError: expected object to not be null<br>	at org.testng.Assert.fail(Assert.java:94)<br>	at org.testng.Assert.assertNotNull(Assert.java:404)<br>	at org.testng.Assert.assertNotNull(Assert.java:389)<br>	at com.sav.ra.framework.WebDriverTest.verifyElementPresent(WebDriverTest.java:106)<br>	at com.sav.ra.test.bid.TestBidOnRideFromAirport.testBidOnRideFromAirport(TestBidOnRideFromAirport.java:99)<br>	at sun.reflect.GeneratedMethodAccessor17.invoke(Unknown Source)<br>	at sun.reflect.DelegatingMethodAccessorImpl.invoke(DelegatingMethodAccessorImpl.java:25)<br>	at java.lang.reflect.Method.invoke(Method.java:597)<br>	at org.testng.internal.MethodInvocationHelper.invokeMethod(MethodInvocationHelper.java:80)<br>	at org.testng.internal.Invoker.invokeMethod(Invoker.java:714)<br>	at org.testng.internal.Invoker.invokeTestMethod(Invoker.java:901)<br>	at org.testng.internal.Invoker.invokeTestMethods(Invoker.java:1231)<br>	at org.testng.internal.TestMethodWorker.invokeTestMethods(TestMethodWorker.java:127)<br>	at org.testng.internal.TestMethodWorker.run(TestMethodWorker.java:111)<br>	at org.testng.TestRunner.privateRun(TestRunner.java:767)<br>	at org.testng.TestRunner.run(TestRunner.java:617)<br>	at org.testng.SuiteRunner.runTest(SuiteRunner.java:334)<br>	at org.testng.SuiteRunner.runSequentially(SuiteRunner.java:329)<br>	at org.testng.SuiteRunner.privateRun(SuiteRunner.java:291)<br>	at org.testng.SuiteRunner.run(SuiteRunner.java:240)<br>	at org.testng.SuiteRunnerWorker.runSuite(SuiteRunnerWorker.java:52)<br>	at org.testng.SuiteRunnerWorker.run(SuiteRunnerWorker.java:86)<br>	at org.testng.TestNG.runSuitesSequentially(TestNG.java:1198)<br>	at org.testng.TestNG.runSuitesLocally(TestNG.java:1123)<br>	at org.testng.TestNG.run(TestNG.java:1031)<br>	at org.apache.maven.surefire.testng.TestNGExecutor.run(TestNGExecutor.java:77)<br>	at org.apache.maven.surefire.testng.TestNGDirectoryTestSuite.executeMulti(TestNGDirectoryTestSuite.java:159)<br>	at org.apache.maven.surefire.testng.TestNGDirectoryTestSuite.execute(TestNGDirectoryTestSuite.java:99)<br>	at org.apache.maven.surefire.testng.TestNGProvider.invoke(TestNGProvider.java:106)<br>	at sun.reflect.NativeMethodAccessorImpl.invoke0(Native Method)<br>	at sun.reflect.NativeMethodAccessorImpl.invoke(NativeMethodAccessorImpl.java:39)<br>	at sun.reflect.DelegatingMethodAccessorImpl.invoke(DelegatingMethodAccessorImpl.java:25)<br>	at java.lang.reflect.Method.invoke(Method.java:597)<br>	at org.apache.maven.surefire.util.ReflectionUtils.invokeMethodWithArray(ReflectionUtils.java:189)<br>	at org.apache.maven.surefire.booter.ProviderFactory$ProviderProxy.invoke(ProviderFactory.java:165)<br>	at org.apache.maven.surefire.booter.ProviderFactory.invokeProvider(ProviderFactory.java:85)<br>	at org.apache.maven.surefire.booter.ForkedBooter.runSuitesInProcess(ForkedBooter.java:115)<br>	at org.apache.maven.surefire.booter.ForkedBooter.main(ForkedBooter.java:75)<br>
<br>    
</code></td><td>18.210</td>
</tr>
<tr valign="top" class="Error">
<td><a name="testBidOnRideFromAirport"></a>testBidOnRideFromAirport</td><td>Error</td><td>expected object to not be null<br>
<br>
<code>
<br>      java.lang.AssertionError: expected object to not be null<br>	at org.testng.Assert.fail(Assert.java:94)<br>	at org.testng.Assert.assertNotNull(Assert.java:404)<br>	at org.testng.Assert.assertNotNull(Assert.java:389)<br>	at com.sav.ra.framework.WebDriverTest.verifyElementPresent(WebDriverTest.java:106)<br>	at com.sav.ra.test.bid.TestBidOnRideFromAirport.testBidOnRideFromAirport(TestBidOnRideFromAirport.java:99)<br>	at sun.reflect.GeneratedMethodAccessor17.invoke(Unknown Source)<br>	at sun.reflect.DelegatingMethodAccessorImpl.invoke(DelegatingMethodAccessorImpl.java:25)<br>	at java.lang.reflect.Method.invoke(Method.java:597)<br>	at org.testng.internal.MethodInvocationHelper.invokeMethod(MethodInvocationHelper.java:80)<br>	at org.testng.internal.Invoker.invokeMethod(Invoker.java:714)<br>	at org.testng.internal.Invoker.invokeTestMethod(Invoker.java:901)<br>	at org.testng.internal.Invoker.invokeTestMethods(Invoker.java:1231)<br>	at org.testng.internal.TestMethodWorker.invokeTestMethods(TestMethodWorker.java:127)<br>	at org.testng.internal.TestMethodWorker.run(TestMethodWorker.java:111)<br>	at org.testng.TestRunner.privateRun(TestRunner.java:767)<br>	at org.testng.TestRunner.run(TestRunner.java:617)<br>	at org.testng.SuiteRunner.runTest(SuiteRunner.java:334)<br>	at org.testng.SuiteRunner.runSequentially(SuiteRunner.java:329)<br>	at org.testng.SuiteRunner.privateRun(SuiteRunner.java:291)<br>	at org.testng.SuiteRunner.run(SuiteRunner.java:240)<br>	at org.testng.SuiteRunnerWorker.runSuite(SuiteRunnerWorker.java:52)<br>	at org.testng.SuiteRunnerWorker.run(SuiteRunnerWorker.java:86)<br>	at org.testng.TestNG.runSuitesSequentially(TestNG.java:1198)<br>	at org.testng.TestNG.runSuitesLocally(TestNG.java:1123)<br>	at org.testng.TestNG.run(TestNG.java:1031)<br>	at org.apache.maven.surefire.testng.TestNGExecutor.run(TestNGExecutor.java:77)<br>	at org.apache.maven.surefire.testng.TestNGDirectoryTestSuite.executeMulti(TestNGDirectoryTestSuite.java:159)<br>	at org.apache.maven.surefire.testng.TestNGDirectoryTestSuite.execute(TestNGDirectoryTestSuite.java:99)<br>	at org.apache.maven.surefire.testng.TestNGProvider.invoke(TestNGProvider.java:106)<br>	at sun.reflect.NativeMethodAccessorImpl.invoke0(Native Method)<br>	at sun.reflect.NativeMethodAccessorImpl.invoke(NativeMethodAccessorImpl.java:39)<br>	at sun.reflect.DelegatingMethodAccessorImpl.invoke(DelegatingMethodAccessorImpl.java:25)<br>	at java.lang.reflect.Method.invoke(Method.java:597)<br>	at org.apache.maven.surefire.util.ReflectionUtils.invokeMethodWithArray(ReflectionUtils.java:189)<br>	at org.apache.maven.surefire.booter.ProviderFactory$ProviderProxy.invoke(ProviderFactory.java:165)<br>	at org.apache.maven.surefire.booter.ProviderFactory.invokeProvider(ProviderFactory.java:85)<br>	at org.apache.maven.surefire.booter.ForkedBooter.runSuitesInProcess(ForkedBooter.java:115)<br>	at org.apache.maven.surefire.booter.ForkedBooter.main(ForkedBooter.java:75)<br>
<br>    
</code></td><td>18.383</td>
</tr>
<tr valign="top" class="Error">
<td><a name="testBidOnRideFromAirport"></a>testBidOnRideFromAirport</td><td>Error</td><td>expected object to not be null<br>
<br>
<code>
<br>      java.lang.AssertionError: expected object to not be null<br>	at org.testng.Assert.fail(Assert.java:94)<br>	at org.testng.Assert.assertNotNull(Assert.java:404)<br>	at org.testng.Assert.assertNotNull(Assert.java:389)<br>	at com.sav.ra.framework.WebDriverTest.verifyElementPresent(WebDriverTest.java:106)<br>	at com.sav.ra.test.bid.TestBidOnRideFromAirport.testBidOnRideFromAirport(TestBidOnRideFromAirport.java:99)<br>	at sun.reflect.GeneratedMethodAccessor17.invoke(Unknown Source)<br>	at sun.reflect.DelegatingMethodAccessorImpl.invoke(DelegatingMethodAccessorImpl.java:25)<br>	at java.lang.reflect.Method.invoke(Method.java:597)<br>	at org.testng.internal.MethodInvocationHelper.invokeMethod(MethodInvocationHelper.java:80)<br>	at org.testng.internal.Invoker.invokeMethod(Invoker.java:714)<br>	at org.testng.internal.Invoker.invokeTestMethod(Invoker.java:901)<br>	at org.testng.internal.Invoker.invokeTestMethods(Invoker.java:1231)<br>	at org.testng.internal.TestMethodWorker.invokeTestMethods(TestMethodWorker.java:127)<br>	at org.testng.internal.TestMethodWorker.run(TestMethodWorker.java:111)<br>	at org.testng.TestRunner.privateRun(TestRunner.java:767)<br>	at org.testng.TestRunner.run(TestRunner.java:617)<br>	at org.testng.SuiteRunner.runTest(SuiteRunner.java:334)<br>	at org.testng.SuiteRunner.runSequentially(SuiteRunner.java:329)<br>	at org.testng.SuiteRunner.privateRun(SuiteRunner.java:291)<br>	at org.testng.SuiteRunner.run(SuiteRunner.java:240)<br>	at org.testng.SuiteRunnerWorker.runSuite(SuiteRunnerWorker.java:52)<br>	at org.testng.SuiteRunnerWorker.run(SuiteRunnerWorker.java:86)<br>	at org.testng.TestNG.runSuitesSequentially(TestNG.java:1198)<br>	at org.testng.TestNG.runSuitesLocally(TestNG.java:1123)<br>	at org.testng.TestNG.run(TestNG.java:1031)<br>	at org.apache.maven.surefire.testng.TestNGExecutor.run(TestNGExecutor.java:77)<br>	at org.apache.maven.surefire.testng.TestNGDirectoryTestSuite.executeMulti(TestNGDirectoryTestSuite.java:159)<br>	at org.apache.maven.surefire.testng.TestNGDirectoryTestSuite.execute(TestNGDirectoryTestSuite.java:99)<br>	at org.apache.maven.surefire.testng.TestNGProvider.invoke(TestNGProvider.java:106)<br>	at sun.reflect.NativeMethodAccessorImpl.invoke0(Native Method)<br>	at sun.reflect.NativeMethodAccessorImpl.invoke(NativeMethodAccessorImpl.java:39)<br>	at sun.reflect.DelegatingMethodAccessorImpl.invoke(DelegatingMethodAccessorImpl.java:25)<br>	at java.lang.reflect.Method.invoke(Method.java:597)<br>	at org.apache.maven.surefire.util.ReflectionUtils.invokeMethodWithArray(ReflectionUtils.java:189)<br>	at org.apache.maven.surefire.booter.ProviderFactory$ProviderProxy.invoke(ProviderFactory.java:165)<br>	at org.apache.maven.surefire.booter.ProviderFactory.invokeProvider(ProviderFactory.java:85)<br>	at org.apache.maven.surefire.booter.ForkedBooter.runSuitesInProcess(ForkedBooter.java:115)<br>	at org.apache.maven.surefire.booter.ForkedBooter.main(ForkedBooter.java:75)<br>
<br>    
</code></td><td>17.369</td>
</tr>
<tr valign="top" class="Error">
<td><a name="testBidOnRideFromAirport"></a>testBidOnRideFromAirport</td><td>Error</td><td>expected object to not be null<br>
<br>
<code>
<br>      java.lang.AssertionError: expected object to not be null<br>	at org.testng.Assert.fail(Assert.java:94)<br>	at org.testng.Assert.assertNotNull(Assert.java:404)<br>	at org.testng.Assert.assertNotNull(Assert.java:389)<br>	at com.sav.ra.framework.WebDriverTest.verifyElementPresent(WebDriverTest.java:106)<br>	at com.sav.ra.test.bid.TestBidOnRideFromAirport.testBidOnRideFromAirport(TestBidOnRideFromAirport.java:99)<br>	at sun.reflect.GeneratedMethodAccessor17.invoke(Unknown Source)<br>	at sun.reflect.DelegatingMethodAccessorImpl.invoke(DelegatingMethodAccessorImpl.java:25)<br>	at java.lang.reflect.Method.invoke(Method.java:597)<br>	at org.testng.internal.MethodInvocationHelper.invokeMethod(MethodInvocationHelper.java:80)<br>	at org.testng.internal.Invoker.invokeMethod(Invoker.java:714)<br>	at org.testng.internal.Invoker.invokeTestMethod(Invoker.java:901)<br>	at org.testng.internal.Invoker.invokeTestMethods(Invoker.java:1231)<br>	at org.testng.internal.TestMethodWorker.invokeTestMethods(TestMethodWorker.java:127)<br>	at org.testng.internal.TestMethodWorker.run(TestMethodWorker.java:111)<br>	at org.testng.TestRunner.privateRun(TestRunner.java:767)<br>	at org.testng.TestRunner.run(TestRunner.java:617)<br>	at org.testng.SuiteRunner.runTest(SuiteRunner.java:334)<br>	at org.testng.SuiteRunner.runSequentially(SuiteRunner.java:329)<br>	at org.testng.SuiteRunner.privateRun(SuiteRunner.java:291)<br>	at org.testng.SuiteRunner.run(SuiteRunner.java:240)<br>	at org.testng.SuiteRunnerWorker.runSuite(SuiteRunnerWorker.java:52)<br>	at org.testng.SuiteRunnerWorker.run(SuiteRunnerWorker.java:86)<br>	at org.testng.TestNG.runSuitesSequentially(TestNG.java:1198)<br>	at org.testng.TestNG.runSuitesLocally(TestNG.java:1123)<br>	at org.testng.TestNG.run(TestNG.java:1031)<br>	at org.apache.maven.surefire.testng.TestNGExecutor.run(TestNGExecutor.java:77)<br>	at org.apache.maven.surefire.testng.TestNGDirectoryTestSuite.executeMulti(TestNGDirectoryTestSuite.java:159)<br>	at org.apache.maven.surefire.testng.TestNGDirectoryTestSuite.execute(TestNGDirectoryTestSuite.java:99)<br>	at org.apache.maven.surefire.testng.TestNGProvider.invoke(TestNGProvider.java:106)<br>	at sun.reflect.NativeMethodAccessorImpl.invoke0(Native Method)<br>	at sun.reflect.NativeMethodAccessorImpl.invoke(NativeMethodAccessorImpl.java:39)<br>	at sun.reflect.DelegatingMethodAccessorImpl.invoke(DelegatingMethodAccessorImpl.java:25)<br>	at java.lang.reflect.Method.invoke(Method.java:597)<br>	at org.apache.maven.surefire.util.ReflectionUtils.invokeMethodWithArray(ReflectionUtils.java:189)<br>	at org.apache.maven.surefire.booter.ProviderFactory$ProviderProxy.invoke(ProviderFactory.java:165)<br>	at org.apache.maven.surefire.booter.ProviderFactory.invokeProvider(ProviderFactory.java:85)<br>	at org.apache.maven.surefire.booter.ForkedBooter.runSuitesInProcess(ForkedBooter.java:115)<br>	at org.apache.maven.surefire.booter.ForkedBooter.main(ForkedBooter.java:75)<br>
<br>    
</code></td><td>18.885</td>
</tr>
<tr valign="top" class="Error">
<td><a name="testBidOnRideFromAirport"></a>testBidOnRideFromAirport</td><td>Error</td><td>expected object to not be null<br>
<br>
<code>
<br>      java.lang.AssertionError: expected object to not be null<br>	at org.testng.Assert.fail(Assert.java:94)<br>	at org.testng.Assert.assertNotNull(Assert.java:404)<br>	at org.testng.Assert.assertNotNull(Assert.java:389)<br>	at com.sav.ra.framework.WebDriverTest.verifyElementPresent(WebDriverTest.java:106)<br>	at com.sav.ra.test.bid.TestBidOnRideFromAirport.testBidOnRideFromAirport(TestBidOnRideFromAirport.java:99)<br>	at sun.reflect.GeneratedMethodAccessor17.invoke(Unknown Source)<br>	at sun.reflect.DelegatingMethodAccessorImpl.invoke(DelegatingMethodAccessorImpl.java:25)<br>	at java.lang.reflect.Method.invoke(Method.java:597)<br>	at org.testng.internal.MethodInvocationHelper.invokeMethod(MethodInvocationHelper.java:80)<br>	at org.testng.internal.Invoker.invokeMethod(Invoker.java:714)<br>	at org.testng.internal.Invoker.invokeTestMethod(Invoker.java:901)<br>	at org.testng.internal.Invoker.invokeTestMethods(Invoker.java:1231)<br>	at org.testng.internal.TestMethodWorker.invokeTestMethods(TestMethodWorker.java:127)<br>	at org.testng.internal.TestMethodWorker.run(TestMethodWorker.java:111)<br>	at org.testng.TestRunner.privateRun(TestRunner.java:767)<br>	at org.testng.TestRunner.run(TestRunner.java:617)<br>	at org.testng.SuiteRunner.runTest(SuiteRunner.java:334)<br>	at org.testng.SuiteRunner.runSequentially(SuiteRunner.java:329)<br>	at org.testng.SuiteRunner.privateRun(SuiteRunner.java:291)<br>	at org.testng.SuiteRunner.run(SuiteRunner.java:240)<br>	at org.testng.SuiteRunnerWorker.runSuite(SuiteRunnerWorker.java:52)<br>	at org.testng.SuiteRunnerWorker.run(SuiteRunnerWorker.java:86)<br>	at org.testng.TestNG.runSuitesSequentially(TestNG.java:1198)<br>	at org.testng.TestNG.runSuitesLocally(TestNG.java:1123)<br>	at org.testng.TestNG.run(TestNG.java:1031)<br>	at org.apache.maven.surefire.testng.TestNGExecutor.run(TestNGExecutor.java:77)<br>	at org.apache.maven.surefire.testng.TestNGDirectoryTestSuite.executeMulti(TestNGDirectoryTestSuite.java:159)<br>	at org.apache.maven.surefire.testng.TestNGDirectoryTestSuite.execute(TestNGDirectoryTestSuite.java:99)<br>	at org.apache.maven.surefire.testng.TestNGProvider.invoke(TestNGProvider.java:106)<br>	at sun.reflect.NativeMethodAccessorImpl.invoke0(Native Method)<br>	at sun.reflect.NativeMethodAccessorImpl.invoke(NativeMethodAccessorImpl.java:39)<br>	at sun.reflect.DelegatingMethodAccessorImpl.invoke(DelegatingMethodAccessorImpl.java:25)<br>	at java.lang.reflect.Method.invoke(Method.java:597)<br>	at org.apache.maven.surefire.util.ReflectionUtils.invokeMethodWithArray(ReflectionUtils.java:189)<br>	at org.apache.maven.surefire.booter.ProviderFactory$ProviderProxy.invoke(ProviderFactory.java:165)<br>	at org.apache.maven.surefire.booter.ProviderFactory.invokeProvider(ProviderFactory.java:85)<br>	at org.apache.maven.surefire.booter.ForkedBooter.runSuitesInProcess(ForkedBooter.java:115)<br>	at org.apache.maven.surefire.booter.ForkedBooter.main(ForkedBooter.java:75)<br>
<br>    
</code></td><td>18.395</td>
</tr>
<tr valign="top" class="Error">
<td><a name="testBidOnRideFromAirport"></a>testBidOnRideFromAirport</td><td>Error</td><td>expected object to not be null<br>
<br>
<code>
<br>      java.lang.AssertionError: expected object to not be null<br>	at org.testng.Assert.fail(Assert.java:94)<br>	at org.testng.Assert.assertNotNull(Assert.java:404)<br>	at org.testng.Assert.assertNotNull(Assert.java:389)<br>	at com.sav.ra.framework.WebDriverTest.verifyElementPresent(WebDriverTest.java:106)<br>	at com.sav.ra.test.bid.TestBidOnRideFromAirport.testBidOnRideFromAirport(TestBidOnRideFromAirport.java:99)<br>	at sun.reflect.GeneratedMethodAccessor17.invoke(Unknown Source)<br>	at sun.reflect.DelegatingMethodAccessorImpl.invoke(DelegatingMethodAccessorImpl.java:25)<br>	at java.lang.reflect.Method.invoke(Method.java:597)<br>	at org.testng.internal.MethodInvocationHelper.invokeMethod(MethodInvocationHelper.java:80)<br>	at org.testng.internal.Invoker.invokeMethod(Invoker.java:714)<br>	at org.testng.internal.Invoker.invokeTestMethod(Invoker.java:901)<br>	at org.testng.internal.Invoker.invokeTestMethods(Invoker.java:1231)<br>	at org.testng.internal.TestMethodWorker.invokeTestMethods(TestMethodWorker.java:127)<br>	at org.testng.internal.TestMethodWorker.run(TestMethodWorker.java:111)<br>	at org.testng.TestRunner.privateRun(TestRunner.java:767)<br>	at org.testng.TestRunner.run(TestRunner.java:617)<br>	at org.testng.SuiteRunner.runTest(SuiteRunner.java:334)<br>	at org.testng.SuiteRunner.runSequentially(SuiteRunner.java:329)<br>	at org.testng.SuiteRunner.privateRun(SuiteRunner.java:291)<br>	at org.testng.SuiteRunner.run(SuiteRunner.java:240)<br>	at org.testng.SuiteRunnerWorker.runSuite(SuiteRunnerWorker.java:52)<br>	at org.testng.SuiteRunnerWorker.run(SuiteRunnerWorker.java:86)<br>	at org.testng.TestNG.runSuitesSequentially(TestNG.java:1198)<br>	at org.testng.TestNG.runSuitesLocally(TestNG.java:1123)<br>	at org.testng.TestNG.run(TestNG.java:1031)<br>	at org.apache.maven.surefire.testng.TestNGExecutor.run(TestNGExecutor.java:77)<br>	at org.apache.maven.surefire.testng.TestNGDirectoryTestSuite.executeMulti(TestNGDirectoryTestSuite.java:159)<br>	at org.apache.maven.surefire.testng.TestNGDirectoryTestSuite.execute(TestNGDirectoryTestSuite.java:99)<br>	at org.apache.maven.surefire.testng.TestNGProvider.invoke(TestNGProvider.java:106)<br>	at sun.reflect.NativeMethodAccessorImpl.invoke0(Native Method)<br>	at sun.reflect.NativeMethodAccessorImpl.invoke(NativeMethodAccessorImpl.java:39)<br>	at sun.reflect.DelegatingMethodAccessorImpl.invoke(DelegatingMethodAccessorImpl.java:25)<br>	at java.lang.reflect.Method.invoke(Method.java:597)<br>	at org.apache.maven.surefire.util.ReflectionUtils.invokeMethodWithArray(ReflectionUtils.java:189)<br>	at org.apache.maven.surefire.booter.ProviderFactory$ProviderProxy.invoke(ProviderFactory.java:165)<br>	at org.apache.maven.surefire.booter.ProviderFactory.invokeProvider(ProviderFactory.java:85)<br>	at org.apache.maven.surefire.booter.ForkedBooter.runSuitesInProcess(ForkedBooter.java:115)<br>	at org.apache.maven.surefire.booter.ForkedBooter.main(ForkedBooter.java:75)<br>
<br>    
</code></td><td>16.530</td>
</tr>
<tr valign="top" class="Error">
<td><a name="testBidOnRideFromAirport"></a>testBidOnRideFromAirport</td><td>Error</td><td>expected object to not be null<br>
<br>
<code>
<br>      java.lang.AssertionError: expected object to not be null<br>	at org.testng.Assert.fail(Assert.java:94)<br>	at org.testng.Assert.assertNotNull(Assert.java:404)<br>	at org.testng.Assert.assertNotNull(Assert.java:389)<br>	at com.sav.ra.framework.WebDriverTest.verifyElementPresent(WebDriverTest.java:106)<br>	at com.sav.ra.test.bid.TestBidOnRideFromAirport.testBidOnRideFromAirport(TestBidOnRideFromAirport.java:99)<br>	at sun.reflect.GeneratedMethodAccessor17.invoke(Unknown Source)<br>	at sun.reflect.DelegatingMethodAccessorImpl.invoke(DelegatingMethodAccessorImpl.java:25)<br>	at java.lang.reflect.Method.invoke(Method.java:597)<br>	at org.testng.internal.MethodInvocationHelper.invokeMethod(MethodInvocationHelper.java:80)<br>	at org.testng.internal.Invoker.invokeMethod(Invoker.java:714)<br>	at org.testng.internal.Invoker.invokeTestMethod(Invoker.java:901)<br>	at org.testng.internal.Invoker.invokeTestMethods(Invoker.java:1231)<br>	at org.testng.internal.TestMethodWorker.invokeTestMethods(TestMethodWorker.java:127)<br>	at org.testng.internal.TestMethodWorker.run(TestMethodWorker.java:111)<br>	at org.testng.TestRunner.privateRun(TestRunner.java:767)<br>	at org.testng.TestRunner.run(TestRunner.java:617)<br>	at org.testng.SuiteRunner.runTest(SuiteRunner.java:334)<br>	at org.testng.SuiteRunner.runSequentially(SuiteRunner.java:329)<br>	at org.testng.SuiteRunner.privateRun(SuiteRunner.java:291)<br>	at org.testng.SuiteRunner.run(SuiteRunner.java:240)<br>	at org.testng.SuiteRunnerWorker.runSuite(SuiteRunnerWorker.java:52)<br>	at org.testng.SuiteRunnerWorker.run(SuiteRunnerWorker.java:86)<br>	at org.testng.TestNG.runSuitesSequentially(TestNG.java:1198)<br>	at org.testng.TestNG.runSuitesLocally(TestNG.java:1123)<br>	at org.testng.TestNG.run(TestNG.java:1031)<br>	at org.apache.maven.surefire.testng.TestNGExecutor.run(TestNGExecutor.java:77)<br>	at org.apache.maven.surefire.testng.TestNGDirectoryTestSuite.executeMulti(TestNGDirectoryTestSuite.java:159)<br>	at org.apache.maven.surefire.testng.TestNGDirectoryTestSuite.execute(TestNGDirectoryTestSuite.java:99)<br>	at org.apache.maven.surefire.testng.TestNGProvider.invoke(TestNGProvider.java:106)<br>	at sun.reflect.NativeMethodAccessorImpl.invoke0(Native Method)<br>	at sun.reflect.NativeMethodAccessorImpl.invoke(NativeMethodAccessorImpl.java:39)<br>	at sun.reflect.DelegatingMethodAccessorImpl.invoke(DelegatingMethodAccessorImpl.java:25)<br>	at java.lang.reflect.Method.invoke(Method.java:597)<br>	at org.apache.maven.surefire.util.ReflectionUtils.invokeMethodWithArray(ReflectionUtils.java:189)<br>	at org.apache.maven.surefire.booter.ProviderFactory$ProviderProxy.invoke(ProviderFactory.java:165)<br>	at org.apache.maven.surefire.booter.ProviderFactory.invokeProvider(ProviderFactory.java:85)<br>	at org.apache.maven.surefire.booter.ForkedBooter.runSuitesInProcess(ForkedBooter.java:115)<br>	at org.apache.maven.surefire.booter.ForkedBooter.main(ForkedBooter.java:75)<br>
<br>    
</code></td><td>17.988</td>
</tr>
<tr valign="top" class="Error">
<td><a name="testBidOnRideFromAirport"></a>testBidOnRideFromAirport</td><td>Error</td><td>N/A<br>
<br>
<code>
<br>      java.lang.AssertionError<br>	at org.junit.Assert.fail(Assert.java:92)<br>	at org.junit.Assert.assertTrue(Assert.java:43)<br>	at org.junit.Assert.assertTrue(Assert.java:54)<br>	at com.sav.ra.shared.RideauctionSharedTestsAndUtils.bidOrBuyPositive(RideauctionSharedTestsAndUtils.java:117)<br>	at com.sav.ra.test.bid.TestBidOnRideFromAirport.testBidOnRideFromAirport(TestBidOnRideFromAirport.java:134)<br>	at sun.reflect.GeneratedMethodAccessor17.invoke(Unknown Source)<br>	at sun.reflect.DelegatingMethodAccessorImpl.invoke(DelegatingMethodAccessorImpl.java:25)<br>	at java.lang.reflect.Method.invoke(Method.java:597)<br>	at org.testng.internal.MethodInvocationHelper.invokeMethod(MethodInvocationHelper.java:80)<br>	at org.testng.internal.Invoker.invokeMethod(Invoker.java:714)<br>	at org.testng.internal.Invoker.invokeTestMethod(Invoker.java:901)<br>	at org.testng.internal.Invoker.invokeTestMethods(Invoker.java:1231)<br>	at org.testng.internal.TestMethodWorker.invokeTestMethods(TestMethodWorker.java:127)<br>	at org.testng.internal.TestMethodWorker.run(TestMethodWorker.java:111)<br>	at org.testng.TestRunner.privateRun(TestRunner.java:767)<br>	at org.testng.TestRunner.run(TestRunner.java:617)<br>	at org.testng.SuiteRunner.runTest(SuiteRunner.java:334)<br>	at org.testng.SuiteRunner.runSequentially(SuiteRunner.java:329)<br>	at org.testng.SuiteRunner.privateRun(SuiteRunner.java:291)<br>	at org.testng.SuiteRunner.run(SuiteRunner.java:240)<br>	at org.testng.SuiteRunnerWorker.runSuite(SuiteRunnerWorker.java:52)<br>	at org.testng.SuiteRunnerWorker.run(SuiteRunnerWorker.java:86)<br>	at org.testng.TestNG.runSuitesSequentially(TestNG.java:1198)<br>	at org.testng.TestNG.runSuitesLocally(TestNG.java:1123)<br>	at org.testng.TestNG.run(TestNG.java:1031)<br>	at org.apache.maven.surefire.testng.TestNGExecutor.run(TestNGExecutor.java:77)<br>	at org.apache.maven.surefire.testng.TestNGDirectoryTestSuite.executeMulti(TestNGDirectoryTestSuite.java:159)<br>	at org.apache.maven.surefire.testng.TestNGDirectoryTestSuite.execute(TestNGDirectoryTestSuite.java:99)<br>	at org.apache.maven.surefire.testng.TestNGProvider.invoke(TestNGProvider.java:106)<br>	at sun.reflect.NativeMethodAccessorImpl.invoke0(Native Method)<br>	at sun.reflect.NativeMethodAccessorImpl.invoke(NativeMethodAccessorImpl.java:39)<br>	at sun.reflect.DelegatingMethodAccessorImpl.invoke(DelegatingMethodAccessorImpl.java:25)<br>	at java.lang.reflect.Method.invoke(Method.java:597)<br>	at org.apache.maven.surefire.util.ReflectionUtils.invokeMethodWithArray(ReflectionUtils.java:189)<br>	at org.apache.maven.surefire.booter.ProviderFactory$ProviderProxy.invoke(ProviderFactory.java:165)<br>	at org.apache.maven.surefire.booter.ProviderFactory.invokeProvider(ProviderFactory.java:85)<br>	at org.apache.maven.surefire.booter.ForkedBooter.runSuitesInProcess(ForkedBooter.java:115)<br>	at org.apache.maven.surefire.booter.ForkedBooter.main(ForkedBooter.java:75)<br>
<br>    
</code></td><td>20.812</td>
</tr>
<tr valign="top" class="Error">
<td><a name="testBidOnRideFromAirport"></a>testBidOnRideFromAirport</td><td>Error</td><td>expected object to not be null<br>
<br>
<code>
<br>      java.lang.AssertionError: expected object to not be null<br>	at org.testng.Assert.fail(Assert.java:94)<br>	at org.testng.Assert.assertNotNull(Assert.java:404)<br>	at org.testng.Assert.assertNotNull(Assert.java:389)<br>	at com.sav.ra.framework.WebDriverTest.verifyElementPresent(WebDriverTest.java:106)<br>	at com.sav.ra.test.bid.TestBidOnRideFromAirport.testBidOnRideFromAirport(TestBidOnRideFromAirport.java:99)<br>	at sun.reflect.GeneratedMethodAccessor17.invoke(Unknown Source)<br>	at sun.reflect.DelegatingMethodAccessorImpl.invoke(DelegatingMethodAccessorImpl.java:25)<br>	at java.lang.reflect.Method.invoke(Method.java:597)<br>	at org.testng.internal.MethodInvocationHelper.invokeMethod(MethodInvocationHelper.java:80)<br>	at org.testng.internal.Invoker.invokeMethod(Invoker.java:714)<br>	at org.testng.internal.Invoker.invokeTestMethod(Invoker.java:901)<br>	at org.testng.internal.Invoker.invokeTestMethods(Invoker.java:1231)<br>	at org.testng.internal.TestMethodWorker.invokeTestMethods(TestMethodWorker.java:127)<br>	at org.testng.internal.TestMethodWorker.run(TestMethodWorker.java:111)<br>	at org.testng.TestRunner.privateRun(TestRunner.java:767)<br>	at org.testng.TestRunner.run(TestRunner.java:617)<br>	at org.testng.SuiteRunner.runTest(SuiteRunner.java:334)<br>	at org.testng.SuiteRunner.runSequentially(SuiteRunner.java:329)<br>	at org.testng.SuiteRunner.privateRun(SuiteRunner.java:291)<br>	at org.testng.SuiteRunner.run(SuiteRunner.java:240)<br>	at org.testng.SuiteRunnerWorker.runSuite(SuiteRunnerWorker.java:52)<br>	at org.testng.SuiteRunnerWorker.run(SuiteRunnerWorker.java:86)<br>	at org.testng.TestNG.runSuitesSequentially(TestNG.java:1198)<br>	at org.testng.TestNG.runSuitesLocally(TestNG.java:1123)<br>	at org.testng.TestNG.run(TestNG.java:1031)<br>	at org.apache.maven.surefire.testng.TestNGExecutor.run(TestNGExecutor.java:77)<br>	at org.apache.maven.surefire.testng.TestNGDirectoryTestSuite.executeMulti(TestNGDirectoryTestSuite.java:159)<br>	at org.apache.maven.surefire.testng.TestNGDirectoryTestSuite.execute(TestNGDirectoryTestSuite.java:99)<br>	at org.apache.maven.surefire.testng.TestNGProvider.invoke(TestNGProvider.java:106)<br>	at sun.reflect.NativeMethodAccessorImpl.invoke0(Native Method)<br>	at sun.reflect.NativeMethodAccessorImpl.invoke(NativeMethodAccessorImpl.java:39)<br>	at sun.reflect.DelegatingMethodAccessorImpl.invoke(DelegatingMethodAccessorImpl.java:25)<br>	at java.lang.reflect.Method.invoke(Method.java:597)<br>	at org.apache.maven.surefire.util.ReflectionUtils.invokeMethodWithArray(ReflectionUtils.java:189)<br>	at org.apache.maven.surefire.booter.ProviderFactory$ProviderProxy.invoke(ProviderFactory.java:165)<br>	at org.apache.maven.surefire.booter.ProviderFactory.invokeProvider(ProviderFactory.java:85)<br>	at org.apache.maven.surefire.booter.ForkedBooter.runSuitesInProcess(ForkedBooter.java:115)<br>	at org.apache.maven.surefire.booter.ForkedBooter.main(ForkedBooter.java:75)<br>
<br>    
</code></td><td>17.913</td>
</tr>
<tr valign="top" class="Error">
<td><a name="testBidOnRideFromAirport"></a>testBidOnRideFromAirport</td><td>Error</td><td>expected object to not be null<br>
<br>
<code>
<br>      java.lang.AssertionError: expected object to not be null<br>	at org.testng.Assert.fail(Assert.java:94)<br>	at org.testng.Assert.assertNotNull(Assert.java:404)<br>	at org.testng.Assert.assertNotNull(Assert.java:389)<br>	at com.sav.ra.framework.WebDriverTest.verifyElementPresent(WebDriverTest.java:106)<br>	at com.sav.ra.test.bid.TestBidOnRideFromAirport.testBidOnRideFromAirport(TestBidOnRideFromAirport.java:99)<br>	at sun.reflect.GeneratedMethodAccessor17.invoke(Unknown Source)<br>	at sun.reflect.DelegatingMethodAccessorImpl.invoke(DelegatingMethodAccessorImpl.java:25)<br>	at java.lang.reflect.Method.invoke(Method.java:597)<br>	at org.testng.internal.MethodInvocationHelper.invokeMethod(MethodInvocationHelper.java:80)<br>	at org.testng.internal.Invoker.invokeMethod(Invoker.java:714)<br>	at org.testng.internal.Invoker.invokeTestMethod(Invoker.java:901)<br>	at org.testng.internal.Invoker.invokeTestMethods(Invoker.java:1231)<br>	at org.testng.internal.TestMethodWorker.invokeTestMethods(TestMethodWorker.java:127)<br>	at org.testng.internal.TestMethodWorker.run(TestMethodWorker.java:111)<br>	at org.testng.TestRunner.privateRun(TestRunner.java:767)<br>	at org.testng.TestRunner.run(TestRunner.java:617)<br>	at org.testng.SuiteRunner.runTest(SuiteRunner.java:334)<br>	at org.testng.SuiteRunner.runSequentially(SuiteRunner.java:329)<br>	at org.testng.SuiteRunner.privateRun(SuiteRunner.java:291)<br>	at org.testng.SuiteRunner.run(SuiteRunner.java:240)<br>	at org.testng.SuiteRunnerWorker.runSuite(SuiteRunnerWorker.java:52)<br>	at org.testng.SuiteRunnerWorker.run(SuiteRunnerWorker.java:86)<br>	at org.testng.TestNG.runSuitesSequentially(TestNG.java:1198)<br>	at org.testng.TestNG.runSuitesLocally(TestNG.java:1123)<br>	at org.testng.TestNG.run(TestNG.java:1031)<br>	at org.apache.maven.surefire.testng.TestNGExecutor.run(TestNGExecutor.java:77)<br>	at org.apache.maven.surefire.testng.TestNGDirectoryTestSuite.executeMulti(TestNGDirectoryTestSuite.java:159)<br>	at org.apache.maven.surefire.testng.TestNGDirectoryTestSuite.execute(TestNGDirectoryTestSuite.java:99)<br>	at org.apache.maven.surefire.testng.TestNGProvider.invoke(TestNGProvider.java:106)<br>	at sun.reflect.NativeMethodAccessorImpl.invoke0(Native Method)<br>	at sun.reflect.NativeMethodAccessorImpl.invoke(NativeMethodAccessorImpl.java:39)<br>	at sun.reflect.DelegatingMethodAccessorImpl.invoke(DelegatingMethodAccessorImpl.java:25)<br>	at java.lang.reflect.Method.invoke(Method.java:597)<br>	at org.apache.maven.surefire.util.ReflectionUtils.invokeMethodWithArray(ReflectionUtils.java:189)<br>	at org.apache.maven.surefire.booter.ProviderFactory$ProviderProxy.invoke(ProviderFactory.java:165)<br>	at org.apache.maven.surefire.booter.ProviderFactory.invokeProvider(ProviderFactory.java:85)<br>	at org.apache.maven.surefire.booter.ForkedBooter.runSuitesInProcess(ForkedBooter.java:115)<br>	at org.apache.maven.surefire.booter.ForkedBooter.main(ForkedBooter.java:75)<br>
<br>    
</code></td><td>19.547</td>
</tr>
<tr valign="top" class="Error">
<td><a name="testBidOnRideFromAirport"></a>testBidOnRideFromAirport</td><td>Error</td><td>expected object to not be null<br>
<br>
<code>
<br>      java.lang.AssertionError: expected object to not be null<br>	at org.testng.Assert.fail(Assert.java:94)<br>	at org.testng.Assert.assertNotNull(Assert.java:404)<br>	at org.testng.Assert.assertNotNull(Assert.java:389)<br>	at com.sav.ra.framework.WebDriverTest.verifyElementPresent(WebDriverTest.java:106)<br>	at com.sav.ra.test.bid.TestBidOnRideFromAirport.testBidOnRideFromAirport(TestBidOnRideFromAirport.java:99)<br>	at sun.reflect.GeneratedMethodAccessor17.invoke(Unknown Source)<br>	at sun.reflect.DelegatingMethodAccessorImpl.invoke(DelegatingMethodAccessorImpl.java:25)<br>	at java.lang.reflect.Method.invoke(Method.java:597)<br>	at org.testng.internal.MethodInvocationHelper.invokeMethod(MethodInvocationHelper.java:80)<br>	at org.testng.internal.Invoker.invokeMethod(Invoker.java:714)<br>	at org.testng.internal.Invoker.invokeTestMethod(Invoker.java:901)<br>	at org.testng.internal.Invoker.invokeTestMethods(Invoker.java:1231)<br>	at org.testng.internal.TestMethodWorker.invokeTestMethods(TestMethodWorker.java:127)<br>	at org.testng.internal.TestMethodWorker.run(TestMethodWorker.java:111)<br>	at org.testng.TestRunner.privateRun(TestRunner.java:767)<br>	at org.testng.TestRunner.run(TestRunner.java:617)<br>	at org.testng.SuiteRunner.runTest(SuiteRunner.java:334)<br>	at org.testng.SuiteRunner.runSequentially(SuiteRunner.java:329)<br>	at org.testng.SuiteRunner.privateRun(SuiteRunner.java:291)<br>	at org.testng.SuiteRunner.run(SuiteRunner.java:240)<br>	at org.testng.SuiteRunnerWorker.runSuite(SuiteRunnerWorker.java:52)<br>	at org.testng.SuiteRunnerWorker.run(SuiteRunnerWorker.java:86)<br>	at org.testng.TestNG.runSuitesSequentially(TestNG.java:1198)<br>	at org.testng.TestNG.runSuitesLocally(TestNG.java:1123)<br>	at org.testng.TestNG.run(TestNG.java:1031)<br>	at org.apache.maven.surefire.testng.TestNGExecutor.run(TestNGExecutor.java:77)<br>	at org.apache.maven.surefire.testng.TestNGDirectoryTestSuite.executeMulti(TestNGDirectoryTestSuite.java:159)<br>	at org.apache.maven.surefire.testng.TestNGDirectoryTestSuite.execute(TestNGDirectoryTestSuite.java:99)<br>	at org.apache.maven.surefire.testng.TestNGProvider.invoke(TestNGProvider.java:106)<br>	at sun.reflect.NativeMethodAccessorImpl.invoke0(Native Method)<br>	at sun.reflect.NativeMethodAccessorImpl.invoke(NativeMethodAccessorImpl.java:39)<br>	at sun.reflect.DelegatingMethodAccessorImpl.invoke(DelegatingMethodAccessorImpl.java:25)<br>	at java.lang.reflect.Method.invoke(Method.java:597)<br>	at org.apache.maven.surefire.util.ReflectionUtils.invokeMethodWithArray(ReflectionUtils.java:189)<br>	at org.apache.maven.surefire.booter.ProviderFactory$ProviderProxy.invoke(ProviderFactory.java:165)<br>	at org.apache.maven.surefire.booter.ProviderFactory.invokeProvider(ProviderFactory.java:85)<br>	at org.apache.maven.surefire.booter.ForkedBooter.runSuitesInProcess(ForkedBooter.java:115)<br>	at org.apache.maven.surefire.booter.ForkedBooter.main(ForkedBooter.java:75)<br>
<br>    
</code></td><td>18.160</td>
</tr>
<tr valign="top" class="Error">
<td><a name="testBidOnRideFromAirport"></a>testBidOnRideFromAirport</td><td>Error</td><td>expected object to not be null<br>
<br>
<code>
<br>      java.lang.AssertionError: expected object to not be null<br>	at org.testng.Assert.fail(Assert.java:94)<br>	at org.testng.Assert.assertNotNull(Assert.java:404)<br>	at org.testng.Assert.assertNotNull(Assert.java:389)<br>	at com.sav.ra.framework.WebDriverTest.verifyElementPresent(WebDriverTest.java:106)<br>	at com.sav.ra.test.bid.TestBidOnRideFromAirport.testBidOnRideFromAirport(TestBidOnRideFromAirport.java:99)<br>	at sun.reflect.GeneratedMethodAccessor17.invoke(Unknown Source)<br>	at sun.reflect.DelegatingMethodAccessorImpl.invoke(DelegatingMethodAccessorImpl.java:25)<br>	at java.lang.reflect.Method.invoke(Method.java:597)<br>	at org.testng.internal.MethodInvocationHelper.invokeMethod(MethodInvocationHelper.java:80)<br>	at org.testng.internal.Invoker.invokeMethod(Invoker.java:714)<br>	at org.testng.internal.Invoker.invokeTestMethod(Invoker.java:901)<br>	at org.testng.internal.Invoker.invokeTestMethods(Invoker.java:1231)<br>	at org.testng.internal.TestMethodWorker.invokeTestMethods(TestMethodWorker.java:127)<br>	at org.testng.internal.TestMethodWorker.run(TestMethodWorker.java:111)<br>	at org.testng.TestRunner.privateRun(TestRunner.java:767)<br>	at org.testng.TestRunner.run(TestRunner.java:617)<br>	at org.testng.SuiteRunner.runTest(SuiteRunner.java:334)<br>	at org.testng.SuiteRunner.runSequentially(SuiteRunner.java:329)<br>	at org.testng.SuiteRunner.privateRun(SuiteRunner.java:291)<br>	at org.testng.SuiteRunner.run(SuiteRunner.java:240)<br>	at org.testng.SuiteRunnerWorker.runSuite(SuiteRunnerWorker.java:52)<br>	at org.testng.SuiteRunnerWorker.run(SuiteRunnerWorker.java:86)<br>	at org.testng.TestNG.runSuitesSequentially(TestNG.java:1198)<br>	at org.testng.TestNG.runSuitesLocally(TestNG.java:1123)<br>	at org.testng.TestNG.run(TestNG.java:1031)<br>	at org.apache.maven.surefire.testng.TestNGExecutor.run(TestNGExecutor.java:77)<br>	at org.apache.maven.surefire.testng.TestNGDirectoryTestSuite.executeMulti(TestNGDirectoryTestSuite.java:159)<br>	at org.apache.maven.surefire.testng.TestNGDirectoryTestSuite.execute(TestNGDirectoryTestSuite.java:99)<br>	at org.apache.maven.surefire.testng.TestNGProvider.invoke(TestNGProvider.java:106)<br>	at sun.reflect.NativeMethodAccessorImpl.invoke0(Native Method)<br>	at sun.reflect.NativeMethodAccessorImpl.invoke(NativeMethodAccessorImpl.java:39)<br>	at sun.reflect.DelegatingMethodAccessorImpl.invoke(DelegatingMethodAccessorImpl.java:25)<br>	at java.lang.reflect.Method.invoke(Method.java:597)<br>	at org.apache.maven.surefire.util.ReflectionUtils.invokeMethodWithArray(ReflectionUtils.java:189)<br>	at org.apache.maven.surefire.booter.ProviderFactory$ProviderProxy.invoke(ProviderFactory.java:165)<br>	at org.apache.maven.surefire.booter.ProviderFactory.invokeProvider(ProviderFactory.java:85)<br>	at org.apache.maven.surefire.booter.ForkedBooter.runSuitesInProcess(ForkedBooter.java:115)<br>	at org.apache.maven.surefire.booter.ForkedBooter.main(ForkedBooter.java:75)<br>
<br>    
</code></td><td>17.992</td>
</tr>
<tr valign="top" class="Error">
<td><a name="testBidOnRideFromAirport"></a>testBidOnRideFromAirport</td><td>Error</td><td>N/A<br>
<br>
<code>
<br>      java.lang.AssertionError<br>	at org.junit.Assert.fail(Assert.java:92)<br>	at org.junit.Assert.assertTrue(Assert.java:43)<br>	at org.junit.Assert.assertTrue(Assert.java:54)<br>	at com.sav.ra.shared.RideauctionSharedTestsAndUtils.bidOrBuyPositive(RideauctionSharedTestsAndUtils.java:117)<br>	at com.sav.ra.test.bid.TestBidOnRideFromAirport.testBidOnRideFromAirport(TestBidOnRideFromAirport.java:134)<br>	at sun.reflect.GeneratedMethodAccessor17.invoke(Unknown Source)<br>	at sun.reflect.DelegatingMethodAccessorImpl.invoke(DelegatingMethodAccessorImpl.java:25)<br>	at java.lang.reflect.Method.invoke(Method.java:597)<br>	at org.testng.internal.MethodInvocationHelper.invokeMethod(MethodInvocationHelper.java:80)<br>	at org.testng.internal.Invoker.invokeMethod(Invoker.java:714)<br>	at org.testng.internal.Invoker.invokeTestMethod(Invoker.java:901)<br>	at org.testng.internal.Invoker.invokeTestMethods(Invoker.java:1231)<br>	at org.testng.internal.TestMethodWorker.invokeTestMethods(TestMethodWorker.java:127)<br>	at org.testng.internal.TestMethodWorker.run(TestMethodWorker.java:111)<br>	at org.testng.TestRunner.privateRun(TestRunner.java:767)<br>	at org.testng.TestRunner.run(TestRunner.java:617)<br>	at org.testng.SuiteRunner.runTest(SuiteRunner.java:334)<br>	at org.testng.SuiteRunner.runSequentially(SuiteRunner.java:329)<br>	at org.testng.SuiteRunner.privateRun(SuiteRunner.java:291)<br>	at org.testng.SuiteRunner.run(SuiteRunner.java:240)<br>	at org.testng.SuiteRunnerWorker.runSuite(SuiteRunnerWorker.java:52)<br>	at org.testng.SuiteRunnerWorker.run(SuiteRunnerWorker.java:86)<br>	at org.testng.TestNG.runSuitesSequentially(TestNG.java:1198)<br>	at org.testng.TestNG.runSuitesLocally(TestNG.java:1123)<br>	at org.testng.TestNG.run(TestNG.java:1031)<br>	at org.apache.maven.surefire.testng.TestNGExecutor.run(TestNGExecutor.java:77)<br>	at org.apache.maven.surefire.testng.TestNGDirectoryTestSuite.executeMulti(TestNGDirectoryTestSuite.java:159)<br>	at org.apache.maven.surefire.testng.TestNGDirectoryTestSuite.execute(TestNGDirectoryTestSuite.java:99)<br>	at org.apache.maven.surefire.testng.TestNGProvider.invoke(TestNGProvider.java:106)<br>	at sun.reflect.NativeMethodAccessorImpl.invoke0(Native Method)<br>	at sun.reflect.NativeMethodAccessorImpl.invoke(NativeMethodAccessorImpl.java:39)<br>	at sun.reflect.DelegatingMethodAccessorImpl.invoke(DelegatingMethodAccessorImpl.java:25)<br>	at java.lang.reflect.Method.invoke(Method.java:597)<br>	at org.apache.maven.surefire.util.ReflectionUtils.invokeMethodWithArray(ReflectionUtils.java:189)<br>	at org.apache.maven.surefire.booter.ProviderFactory$ProviderProxy.invoke(ProviderFactory.java:165)<br>	at org.apache.maven.surefire.booter.ProviderFactory.invokeProvider(ProviderFactory.java:85)<br>	at org.apache.maven.surefire.booter.ForkedBooter.runSuitesInProcess(ForkedBooter.java:115)<br>	at org.apache.maven.surefire.booter.ForkedBooter.main(ForkedBooter.java:75)<br>
<br>    
</code></td><td>18.736</td>
</tr>
<tr valign="top" class="Error">
<td><a name="testBidOnRideFromAirport"></a>testBidOnRideFromAirport</td><td>Error</td><td>expected object to not be null<br>
<br>
<code>
<br>      java.lang.AssertionError: expected object to not be null<br>	at org.testng.Assert.fail(Assert.java:94)<br>	at org.testng.Assert.assertNotNull(Assert.java:404)<br>	at org.testng.Assert.assertNotNull(Assert.java:389)<br>	at com.sav.ra.framework.WebDriverTest.verifyElementPresent(WebDriverTest.java:106)<br>	at com.sav.ra.test.bid.TestBidOnRideFromAirport.testBidOnRideFromAirport(TestBidOnRideFromAirport.java:99)<br>	at sun.reflect.GeneratedMethodAccessor17.invoke(Unknown Source)<br>	at sun.reflect.DelegatingMethodAccessorImpl.invoke(DelegatingMethodAccessorImpl.java:25)<br>	at java.lang.reflect.Method.invoke(Method.java:597)<br>	at org.testng.internal.MethodInvocationHelper.invokeMethod(MethodInvocationHelper.java:80)<br>	at org.testng.internal.Invoker.invokeMethod(Invoker.java:714)<br>	at org.testng.internal.Invoker.invokeTestMethod(Invoker.java:901)<br>	at org.testng.internal.Invoker.invokeTestMethods(Invoker.java:1231)<br>	at org.testng.internal.TestMethodWorker.invokeTestMethods(TestMethodWorker.java:127)<br>	at org.testng.internal.TestMethodWorker.run(TestMethodWorker.java:111)<br>	at org.testng.TestRunner.privateRun(TestRunner.java:767)<br>	at org.testng.TestRunner.run(TestRunner.java:617)<br>	at org.testng.SuiteRunner.runTest(SuiteRunner.java:334)<br>	at org.testng.SuiteRunner.runSequentially(SuiteRunner.java:329)<br>	at org.testng.SuiteRunner.privateRun(SuiteRunner.java:291)<br>	at org.testng.SuiteRunner.run(SuiteRunner.java:240)<br>	at org.testng.SuiteRunnerWorker.runSuite(SuiteRunnerWorker.java:52)<br>	at org.testng.SuiteRunnerWorker.run(SuiteRunnerWorker.java:86)<br>	at org.testng.TestNG.runSuitesSequentially(TestNG.java:1198)<br>	at org.testng.TestNG.runSuitesLocally(TestNG.java:1123)<br>	at org.testng.TestNG.run(TestNG.java:1031)<br>	at org.apache.maven.surefire.testng.TestNGExecutor.run(TestNGExecutor.java:77)<br>	at org.apache.maven.surefire.testng.TestNGDirectoryTestSuite.executeMulti(TestNGDirectoryTestSuite.java:159)<br>	at org.apache.maven.surefire.testng.TestNGDirectoryTestSuite.execute(TestNGDirectoryTestSuite.java:99)<br>	at org.apache.maven.surefire.testng.TestNGProvider.invoke(TestNGProvider.java:106)<br>	at sun.reflect.NativeMethodAccessorImpl.invoke0(Native Method)<br>	at sun.reflect.NativeMethodAccessorImpl.invoke(NativeMethodAccessorImpl.java:39)<br>	at sun.reflect.DelegatingMethodAccessorImpl.invoke(DelegatingMethodAccessorImpl.java:25)<br>	at java.lang.reflect.Method.invoke(Method.java:597)<br>	at org.apache.maven.surefire.util.ReflectionUtils.invokeMethodWithArray(ReflectionUtils.java:189)<br>	at org.apache.maven.surefire.booter.ProviderFactory$ProviderProxy.invoke(ProviderFactory.java:165)<br>	at org.apache.maven.surefire.booter.ProviderFactory.invokeProvider(ProviderFactory.java:85)<br>	at org.apache.maven.surefire.booter.ForkedBooter.runSuitesInProcess(ForkedBooter.java:115)<br>	at org.apache.maven.surefire.booter.ForkedBooter.main(ForkedBooter.java:75)<br>
<br>    
</code></td><td>17.821</td>
</tr>
<tr valign="top" class="Error">
<td><a name="testBidOnRideFromAirport"></a>testBidOnRideFromAirport</td><td>Error</td><td>expected object to not be null<br>
<br>
<code>
<br>      java.lang.AssertionError: expected object to not be null<br>	at org.testng.Assert.fail(Assert.java:94)<br>	at org.testng.Assert.assertNotNull(Assert.java:404)<br>	at org.testng.Assert.assertNotNull(Assert.java:389)<br>	at com.sav.ra.framework.WebDriverTest.verifyElementPresent(WebDriverTest.java:106)<br>	at com.sav.ra.test.bid.TestBidOnRideFromAirport.testBidOnRideFromAirport(TestBidOnRideFromAirport.java:99)<br>	at sun.reflect.GeneratedMethodAccessor17.invoke(Unknown Source)<br>	at sun.reflect.DelegatingMethodAccessorImpl.invoke(DelegatingMethodAccessorImpl.java:25)<br>	at java.lang.reflect.Method.invoke(Method.java:597)<br>	at org.testng.internal.MethodInvocationHelper.invokeMethod(MethodInvocationHelper.java:80)<br>	at org.testng.internal.Invoker.invokeMethod(Invoker.java:714)<br>	at org.testng.internal.Invoker.invokeTestMethod(Invoker.java:901)<br>	at org.testng.internal.Invoker.invokeTestMethods(Invoker.java:1231)<br>	at org.testng.internal.TestMethodWorker.invokeTestMethods(TestMethodWorker.java:127)<br>	at org.testng.internal.TestMethodWorker.run(TestMethodWorker.java:111)<br>	at org.testng.TestRunner.privateRun(TestRunner.java:767)<br>	at org.testng.TestRunner.run(TestRunner.java:617)<br>	at org.testng.SuiteRunner.runTest(SuiteRunner.java:334)<br>	at org.testng.SuiteRunner.runSequentially(SuiteRunner.java:329)<br>	at org.testng.SuiteRunner.privateRun(SuiteRunner.java:291)<br>	at org.testng.SuiteRunner.run(SuiteRunner.java:240)<br>	at org.testng.SuiteRunnerWorker.runSuite(SuiteRunnerWorker.java:52)<br>	at org.testng.SuiteRunnerWorker.run(SuiteRunnerWorker.java:86)<br>	at org.testng.TestNG.runSuitesSequentially(TestNG.java:1198)<br>	at org.testng.TestNG.runSuitesLocally(TestNG.java:1123)<br>	at org.testng.TestNG.run(TestNG.java:1031)<br>	at org.apache.maven.surefire.testng.TestNGExecutor.run(TestNGExecutor.java:77)<br>	at org.apache.maven.surefire.testng.TestNGDirectoryTestSuite.executeMulti(TestNGDirectoryTestSuite.java:159)<br>	at org.apache.maven.surefire.testng.TestNGDirectoryTestSuite.execute(TestNGDirectoryTestSuite.java:99)<br>	at org.apache.maven.surefire.testng.TestNGProvider.invoke(TestNGProvider.java:106)<br>	at sun.reflect.NativeMethodAccessorImpl.invoke0(Native Method)<br>	at sun.reflect.NativeMethodAccessorImpl.invoke(NativeMethodAccessorImpl.java:39)<br>	at sun.reflect.DelegatingMethodAccessorImpl.invoke(DelegatingMethodAccessorImpl.java:25)<br>	at java.lang.reflect.Method.invoke(Method.java:597)<br>	at org.apache.maven.surefire.util.ReflectionUtils.invokeMethodWithArray(ReflectionUtils.java:189)<br>	at org.apache.maven.surefire.booter.ProviderFactory$ProviderProxy.invoke(ProviderFactory.java:165)<br>	at org.apache.maven.surefire.booter.ProviderFactory.invokeProvider(ProviderFactory.java:85)<br>	at org.apache.maven.surefire.booter.ForkedBooter.runSuitesInProcess(ForkedBooter.java:115)<br>	at org.apache.maven.surefire.booter.ForkedBooter.main(ForkedBooter.java:75)<br>
<br>    
</code></td><td>16.614</td>
</tr>
<tr valign="top" class="Error">
<td><a name="testBidOnRideFromAirport"></a>testBidOnRideFromAirport</td><td>Error</td><td>N/A<br>
<br>
<code>
<br>      java.lang.AssertionError<br>	at org.junit.Assert.fail(Assert.java:92)<br>	at org.junit.Assert.assertTrue(Assert.java:43)<br>	at org.junit.Assert.assertTrue(Assert.java:54)<br>	at com.sav.ra.shared.RideauctionSharedTestsAndUtils.bidOrBuyPositive(RideauctionSharedTestsAndUtils.java:117)<br>	at com.sav.ra.test.bid.TestBidOnRideFromAirport.testBidOnRideFromAirport(TestBidOnRideFromAirport.java:134)<br>	at sun.reflect.GeneratedMethodAccessor17.invoke(Unknown Source)<br>	at sun.reflect.DelegatingMethodAccessorImpl.invoke(DelegatingMethodAccessorImpl.java:25)<br>	at java.lang.reflect.Method.invoke(Method.java:597)<br>	at org.testng.internal.MethodInvocationHelper.invokeMethod(MethodInvocationHelper.java:80)<br>	at org.testng.internal.Invoker.invokeMethod(Invoker.java:714)<br>	at org.testng.internal.Invoker.invokeTestMethod(Invoker.java:901)<br>	at org.testng.internal.Invoker.invokeTestMethods(Invoker.java:1231)<br>	at org.testng.internal.TestMethodWorker.invokeTestMethods(TestMethodWorker.java:127)<br>	at org.testng.internal.TestMethodWorker.run(TestMethodWorker.java:111)<br>	at org.testng.TestRunner.privateRun(TestRunner.java:767)<br>	at org.testng.TestRunner.run(TestRunner.java:617)<br>	at org.testng.SuiteRunner.runTest(SuiteRunner.java:334)<br>	at org.testng.SuiteRunner.runSequentially(SuiteRunner.java:329)<br>	at org.testng.SuiteRunner.privateRun(SuiteRunner.java:291)<br>	at org.testng.SuiteRunner.run(SuiteRunner.java:240)<br>	at org.testng.SuiteRunnerWorker.runSuite(SuiteRunnerWorker.java:52)<br>	at org.testng.SuiteRunnerWorker.run(SuiteRunnerWorker.java:86)<br>	at org.testng.TestNG.runSuitesSequentially(TestNG.java:1198)<br>	at org.testng.TestNG.runSuitesLocally(TestNG.java:1123)<br>	at org.testng.TestNG.run(TestNG.java:1031)<br>	at org.apache.maven.surefire.testng.TestNGExecutor.run(TestNGExecutor.java:77)<br>	at org.apache.maven.surefire.testng.TestNGDirectoryTestSuite.executeMulti(TestNGDirectoryTestSuite.java:159)<br>	at org.apache.maven.surefire.testng.TestNGDirectoryTestSuite.execute(TestNGDirectoryTestSuite.java:99)<br>	at org.apache.maven.surefire.testng.TestNGProvider.invoke(TestNGProvider.java:106)<br>	at sun.reflect.NativeMethodAccessorImpl.invoke0(Native Method)<br>	at sun.reflect.NativeMethodAccessorImpl.invoke(NativeMethodAccessorImpl.java:39)<br>	at sun.reflect.DelegatingMethodAccessorImpl.invoke(DelegatingMethodAccessorImpl.java:25)<br>	at java.lang.reflect.Method.invoke(Method.java:597)<br>	at org.apache.maven.surefire.util.ReflectionUtils.invokeMethodWithArray(ReflectionUtils.java:189)<br>	at org.apache.maven.surefire.booter.ProviderFactory$ProviderProxy.invoke(ProviderFactory.java:165)<br>	at org.apache.maven.surefire.booter.ProviderFactory.invokeProvider(ProviderFactory.java:85)<br>	at org.apache.maven.surefire.booter.ForkedBooter.runSuitesInProcess(ForkedBooter.java:115)<br>	at org.apache.maven.surefire.booter.ForkedBooter.main(ForkedBooter.java:75)<br>
<br>    
</code></td><td>18.647</td>
</tr>
<tr valign="top" class="Error">
<td><a name="testBidOnRideFromAirport"></a>testBidOnRideFromAirport</td><td>Error</td><td>expected object to not be null<br>
<br>
<code>
<br>      java.lang.AssertionError: expected object to not be null<br>	at org.testng.Assert.fail(Assert.java:94)<br>	at org.testng.Assert.assertNotNull(Assert.java:404)<br>	at org.testng.Assert.assertNotNull(Assert.java:389)<br>	at com.sav.ra.framework.WebDriverTest.verifyElementPresent(WebDriverTest.java:106)<br>	at com.sav.ra.test.bid.TestBidOnRideFromAirport.testBidOnRideFromAirport(TestBidOnRideFromAirport.java:99)<br>	at sun.reflect.GeneratedMethodAccessor17.invoke(Unknown Source)<br>	at sun.reflect.DelegatingMethodAccessorImpl.invoke(DelegatingMethodAccessorImpl.java:25)<br>	at java.lang.reflect.Method.invoke(Method.java:597)<br>	at org.testng.internal.MethodInvocationHelper.invokeMethod(MethodInvocationHelper.java:80)<br>	at org.testng.internal.Invoker.invokeMethod(Invoker.java:714)<br>	at org.testng.internal.Invoker.invokeTestMethod(Invoker.java:901)<br>	at org.testng.internal.Invoker.invokeTestMethods(Invoker.java:1231)<br>	at org.testng.internal.TestMethodWorker.invokeTestMethods(TestMethodWorker.java:127)<br>	at org.testng.internal.TestMethodWorker.run(TestMethodWorker.java:111)<br>	at org.testng.TestRunner.privateRun(TestRunner.java:767)<br>	at org.testng.TestRunner.run(TestRunner.java:617)<br>	at org.testng.SuiteRunner.runTest(SuiteRunner.java:334)<br>	at org.testng.SuiteRunner.runSequentially(SuiteRunner.java:329)<br>	at org.testng.SuiteRunner.privateRun(SuiteRunner.java:291)<br>	at org.testng.SuiteRunner.run(SuiteRunner.java:240)<br>	at org.testng.SuiteRunnerWorker.runSuite(SuiteRunnerWorker.java:52)<br>	at org.testng.SuiteRunnerWorker.run(SuiteRunnerWorker.java:86)<br>	at org.testng.TestNG.runSuitesSequentially(TestNG.java:1198)<br>	at org.testng.TestNG.runSuitesLocally(TestNG.java:1123)<br>	at org.testng.TestNG.run(TestNG.java:1031)<br>	at org.apache.maven.surefire.testng.TestNGExecutor.run(TestNGExecutor.java:77)<br>	at org.apache.maven.surefire.testng.TestNGDirectoryTestSuite.executeMulti(TestNGDirectoryTestSuite.java:159)<br>	at org.apache.maven.surefire.testng.TestNGDirectoryTestSuite.execute(TestNGDirectoryTestSuite.java:99)<br>	at org.apache.maven.surefire.testng.TestNGProvider.invoke(TestNGProvider.java:106)<br>	at sun.reflect.NativeMethodAccessorImpl.invoke0(Native Method)<br>	at sun.reflect.NativeMethodAccessorImpl.invoke(NativeMethodAccessorImpl.java:39)<br>	at sun.reflect.DelegatingMethodAccessorImpl.invoke(DelegatingMethodAccessorImpl.java:25)<br>	at java.lang.reflect.Method.invoke(Method.java:597)<br>	at org.apache.maven.surefire.util.ReflectionUtils.invokeMethodWithArray(ReflectionUtils.java:189)<br>	at org.apache.maven.surefire.booter.ProviderFactory$ProviderProxy.invoke(ProviderFactory.java:165)<br>	at org.apache.maven.surefire.booter.ProviderFactory.invokeProvider(ProviderFactory.java:85)<br>	at org.apache.maven.surefire.booter.ForkedBooter.runSuitesInProcess(ForkedBooter.java:115)<br>	at org.apache.maven.surefire.booter.ForkedBooter.main(ForkedBooter.java:75)<br>
<br>    
</code></td><td>17.552</td>
</tr>
<tr valign="top" class="Error">
<td><a name="testBidOnRideFromAirport"></a>testBidOnRideFromAirport</td><td>Error</td><td>expected object to not be null<br>
<br>
<code>
<br>      java.lang.AssertionError: expected object to not be null<br>	at org.testng.Assert.fail(Assert.java:94)<br>	at org.testng.Assert.assertNotNull(Assert.java:404)<br>	at org.testng.Assert.assertNotNull(Assert.java:389)<br>	at com.sav.ra.framework.WebDriverTest.verifyElementPresent(WebDriverTest.java:106)<br>	at com.sav.ra.test.bid.TestBidOnRideFromAirport.testBidOnRideFromAirport(TestBidOnRideFromAirport.java:99)<br>	at sun.reflect.GeneratedMethodAccessor17.invoke(Unknown Source)<br>	at sun.reflect.DelegatingMethodAccessorImpl.invoke(DelegatingMethodAccessorImpl.java:25)<br>	at java.lang.reflect.Method.invoke(Method.java:597)<br>	at org.testng.internal.MethodInvocationHelper.invokeMethod(MethodInvocationHelper.java:80)<br>	at org.testng.internal.Invoker.invokeMethod(Invoker.java:714)<br>	at org.testng.internal.Invoker.invokeTestMethod(Invoker.java:901)<br>	at org.testng.internal.Invoker.invokeTestMethods(Invoker.java:1231)<br>	at org.testng.internal.TestMethodWorker.invokeTestMethods(TestMethodWorker.java:127)<br>	at org.testng.internal.TestMethodWorker.run(TestMethodWorker.java:111)<br>	at org.testng.TestRunner.privateRun(TestRunner.java:767)<br>	at org.testng.TestRunner.run(TestRunner.java:617)<br>	at org.testng.SuiteRunner.runTest(SuiteRunner.java:334)<br>	at org.testng.SuiteRunner.runSequentially(SuiteRunner.java:329)<br>	at org.testng.SuiteRunner.privateRun(SuiteRunner.java:291)<br>	at org.testng.SuiteRunner.run(SuiteRunner.java:240)<br>	at org.testng.SuiteRunnerWorker.runSuite(SuiteRunnerWorker.java:52)<br>	at org.testng.SuiteRunnerWorker.run(SuiteRunnerWorker.java:86)<br>	at org.testng.TestNG.runSuitesSequentially(TestNG.java:1198)<br>	at org.testng.TestNG.runSuitesLocally(TestNG.java:1123)<br>	at org.testng.TestNG.run(TestNG.java:1031)<br>	at org.apache.maven.surefire.testng.TestNGExecutor.run(TestNGExecutor.java:77)<br>	at org.apache.maven.surefire.testng.TestNGDirectoryTestSuite.executeMulti(TestNGDirectoryTestSuite.java:159)<br>	at org.apache.maven.surefire.testng.TestNGDirectoryTestSuite.execute(TestNGDirectoryTestSuite.java:99)<br>	at org.apache.maven.surefire.testng.TestNGProvider.invoke(TestNGProvider.java:106)<br>	at sun.reflect.NativeMethodAccessorImpl.invoke0(Native Method)<br>	at sun.reflect.NativeMethodAccessorImpl.invoke(NativeMethodAccessorImpl.java:39)<br>	at sun.reflect.DelegatingMethodAccessorImpl.invoke(DelegatingMethodAccessorImpl.java:25)<br>	at java.lang.reflect.Method.invoke(Method.java:597)<br>	at org.apache.maven.surefire.util.ReflectionUtils.invokeMethodWithArray(ReflectionUtils.java:189)<br>	at org.apache.maven.surefire.booter.ProviderFactory$ProviderProxy.invoke(ProviderFactory.java:165)<br>	at org.apache.maven.surefire.booter.ProviderFactory.invokeProvider(ProviderFactory.java:85)<br>	at org.apache.maven.surefire.booter.ForkedBooter.runSuitesInProcess(ForkedBooter.java:115)<br>	at org.apache.maven.surefire.booter.ForkedBooter.main(ForkedBooter.java:75)<br>
<br>    
</code></td><td>18.137</td>
</tr>
<tr valign="top" class="Error">
<td><a name="testBidOnRideFromAirport"></a>testBidOnRideFromAirport</td><td>Error</td><td>expected object to not be null<br>
<br>
<code>
<br>      java.lang.AssertionError: expected object to not be null<br>	at org.testng.Assert.fail(Assert.java:94)<br>	at org.testng.Assert.assertNotNull(Assert.java:404)<br>	at org.testng.Assert.assertNotNull(Assert.java:389)<br>	at com.sav.ra.framework.WebDriverTest.verifyElementPresent(WebDriverTest.java:106)<br>	at com.sav.ra.test.bid.TestBidOnRideFromAirport.testBidOnRideFromAirport(TestBidOnRideFromAirport.java:99)<br>	at sun.reflect.GeneratedMethodAccessor17.invoke(Unknown Source)<br>	at sun.reflect.DelegatingMethodAccessorImpl.invoke(DelegatingMethodAccessorImpl.java:25)<br>	at java.lang.reflect.Method.invoke(Method.java:597)<br>	at org.testng.internal.MethodInvocationHelper.invokeMethod(MethodInvocationHelper.java:80)<br>	at org.testng.internal.Invoker.invokeMethod(Invoker.java:714)<br>	at org.testng.internal.Invoker.invokeTestMethod(Invoker.java:901)<br>	at org.testng.internal.Invoker.invokeTestMethods(Invoker.java:1231)<br>	at org.testng.internal.TestMethodWorker.invokeTestMethods(TestMethodWorker.java:127)<br>	at org.testng.internal.TestMethodWorker.run(TestMethodWorker.java:111)<br>	at org.testng.TestRunner.privateRun(TestRunner.java:767)<br>	at org.testng.TestRunner.run(TestRunner.java:617)<br>	at org.testng.SuiteRunner.runTest(SuiteRunner.java:334)<br>	at org.testng.SuiteRunner.runSequentially(SuiteRunner.java:329)<br>	at org.testng.SuiteRunner.privateRun(SuiteRunner.java:291)<br>	at org.testng.SuiteRunner.run(SuiteRunner.java:240)<br>	at org.testng.SuiteRunnerWorker.runSuite(SuiteRunnerWorker.java:52)<br>	at org.testng.SuiteRunnerWorker.run(SuiteRunnerWorker.java:86)<br>	at org.testng.TestNG.runSuitesSequentially(TestNG.java:1198)<br>	at org.testng.TestNG.runSuitesLocally(TestNG.java:1123)<br>	at org.testng.TestNG.run(TestNG.java:1031)<br>	at org.apache.maven.surefire.testng.TestNGExecutor.run(TestNGExecutor.java:77)<br>	at org.apache.maven.surefire.testng.TestNGDirectoryTestSuite.executeMulti(TestNGDirectoryTestSuite.java:159)<br>	at org.apache.maven.surefire.testng.TestNGDirectoryTestSuite.execute(TestNGDirectoryTestSuite.java:99)<br>	at org.apache.maven.surefire.testng.TestNGProvider.invoke(TestNGProvider.java:106)<br>	at sun.reflect.NativeMethodAccessorImpl.invoke0(Native Method)<br>	at sun.reflect.NativeMethodAccessorImpl.invoke(NativeMethodAccessorImpl.java:39)<br>	at sun.reflect.DelegatingMethodAccessorImpl.invoke(DelegatingMethodAccessorImpl.java:25)<br>	at java.lang.reflect.Method.invoke(Method.java:597)<br>	at org.apache.maven.surefire.util.ReflectionUtils.invokeMethodWithArray(ReflectionUtils.java:189)<br>	at org.apache.maven.surefire.booter.ProviderFactory$ProviderProxy.invoke(ProviderFactory.java:165)<br>	at org.apache.maven.surefire.booter.ProviderFactory.invokeProvider(ProviderFactory.java:85)<br>	at org.apache.maven.surefire.booter.ForkedBooter.runSuitesInProcess(ForkedBooter.java:115)<br>	at org.apache.maven.surefire.booter.ForkedBooter.main(ForkedBooter.java:75)<br>
<br>    
</code></td><td>17.798</td>
</tr>
<tr valign="top" class="Error">
<td><a name="testBidOnRideFromAirport"></a>testBidOnRideFromAirport</td><td>Error</td><td>expected object to not be null<br>
<br>
<code>
<br>      java.lang.AssertionError: expected object to not be null<br>	at org.testng.Assert.fail(Assert.java:94)<br>	at org.testng.Assert.assertNotNull(Assert.java:404)<br>	at org.testng.Assert.assertNotNull(Assert.java:389)<br>	at com.sav.ra.framework.WebDriverTest.verifyElementPresent(WebDriverTest.java:106)<br>	at com.sav.ra.test.bid.TestBidOnRideFromAirport.testBidOnRideFromAirport(TestBidOnRideFromAirport.java:99)<br>	at sun.reflect.GeneratedMethodAccessor17.invoke(Unknown Source)<br>	at sun.reflect.DelegatingMethodAccessorImpl.invoke(DelegatingMethodAccessorImpl.java:25)<br>	at java.lang.reflect.Method.invoke(Method.java:597)<br>	at org.testng.internal.MethodInvocationHelper.invokeMethod(MethodInvocationHelper.java:80)<br>	at org.testng.internal.Invoker.invokeMethod(Invoker.java:714)<br>	at org.testng.internal.Invoker.invokeTestMethod(Invoker.java:901)<br>	at org.testng.internal.Invoker.invokeTestMethods(Invoker.java:1231)<br>	at org.testng.internal.TestMethodWorker.invokeTestMethods(TestMethodWorker.java:127)<br>	at org.testng.internal.TestMethodWorker.run(TestMethodWorker.java:111)<br>	at org.testng.TestRunner.privateRun(TestRunner.java:767)<br>	at org.testng.TestRunner.run(TestRunner.java:617)<br>	at org.testng.SuiteRunner.runTest(SuiteRunner.java:334)<br>	at org.testng.SuiteRunner.runSequentially(SuiteRunner.java:329)<br>	at org.testng.SuiteRunner.privateRun(SuiteRunner.java:291)<br>	at org.testng.SuiteRunner.run(SuiteRunner.java:240)<br>	at org.testng.SuiteRunnerWorker.runSuite(SuiteRunnerWorker.java:52)<br>	at org.testng.SuiteRunnerWorker.run(SuiteRunnerWorker.java:86)<br>	at org.testng.TestNG.runSuitesSequentially(TestNG.java:1198)<br>	at org.testng.TestNG.runSuitesLocally(TestNG.java:1123)<br>	at org.testng.TestNG.run(TestNG.java:1031)<br>	at org.apache.maven.surefire.testng.TestNGExecutor.run(TestNGExecutor.java:77)<br>	at org.apache.maven.surefire.testng.TestNGDirectoryTestSuite.executeMulti(TestNGDirectoryTestSuite.java:159)<br>	at org.apache.maven.surefire.testng.TestNGDirectoryTestSuite.execute(TestNGDirectoryTestSuite.java:99)<br>	at org.apache.maven.surefire.testng.TestNGProvider.invoke(TestNGProvider.java:106)<br>	at sun.reflect.NativeMethodAccessorImpl.invoke0(Native Method)<br>	at sun.reflect.NativeMethodAccessorImpl.invoke(NativeMethodAccessorImpl.java:39)<br>	at sun.reflect.DelegatingMethodAccessorImpl.invoke(DelegatingMethodAccessorImpl.java:25)<br>	at java.lang.reflect.Method.invoke(Method.java:597)<br>	at org.apache.maven.surefire.util.ReflectionUtils.invokeMethodWithArray(ReflectionUtils.java:189)<br>	at org.apache.maven.surefire.booter.ProviderFactory$ProviderProxy.invoke(ProviderFactory.java:165)<br>	at org.apache.maven.surefire.booter.ProviderFactory.invokeProvider(ProviderFactory.java:85)<br>	at org.apache.maven.surefire.booter.ForkedBooter.runSuitesInProcess(ForkedBooter.java:115)<br>	at org.apache.maven.surefire.booter.ForkedBooter.main(ForkedBooter.java:75)<br>
<br>    
</code></td><td>18.216</td>
</tr>
<tr valign="top" class="Error">
<td><a name="testBidOnRideFromAirport"></a>testBidOnRideFromAirport</td><td>Error</td><td> Expected: not &lt;0&gt;      got: &lt;0&gt; <br>
<br>
<code>
<br>      java.lang.AssertionError: <br>Expected: not &lt;0&gt;<br>     got: &lt;0&gt;<br>
<br>	at org.junit.Assert.assertThat(Assert.java:780)<br>	at org.junit.Assert.assertThat(Assert.java:738)<br>	at com.sav.ra.shared.RideauctionSharedTestsAndUtils.bidOrBuyPositive(RideauctionSharedTestsAndUtils.java:110)<br>	at com.sav.ra.test.bid.TestBidOnRideFromAirport.testBidOnRideFromAirport(TestBidOnRideFromAirport.java:134)<br>	at sun.reflect.GeneratedMethodAccessor17.invoke(Unknown Source)<br>	at sun.reflect.DelegatingMethodAccessorImpl.invoke(DelegatingMethodAccessorImpl.java:25)<br>	at java.lang.reflect.Method.invoke(Method.java:597)<br>	at org.testng.internal.MethodInvocationHelper.invokeMethod(MethodInvocationHelper.java:80)<br>	at org.testng.internal.Invoker.invokeMethod(Invoker.java:714)<br>	at org.testng.internal.Invoker.invokeTestMethod(Invoker.java:901)<br>	at org.testng.internal.Invoker.invokeTestMethods(Invoker.java:1231)<br>	at org.testng.internal.TestMethodWorker.invokeTestMethods(TestMethodWorker.java:127)<br>	at org.testng.internal.TestMethodWorker.run(TestMethodWorker.java:111)<br>	at org.testng.TestRunner.privateRun(TestRunner.java:767)<br>	at org.testng.TestRunner.run(TestRunner.java:617)<br>	at org.testng.SuiteRunner.runTest(SuiteRunner.java:334)<br>	at org.testng.SuiteRunner.runSequentially(SuiteRunner.java:329)<br>	at org.testng.SuiteRunner.privateRun(SuiteRunner.java:291)<br>	at org.testng.SuiteRunner.run(SuiteRunner.java:240)<br>	at org.testng.SuiteRunnerWorker.runSuite(SuiteRunnerWorker.java:52)<br>	at org.testng.SuiteRunnerWorker.run(SuiteRunnerWorker.java:86)<br>	at org.testng.TestNG.runSuitesSequentially(TestNG.java:1198)<br>	at org.testng.TestNG.runSuitesLocally(TestNG.java:1123)<br>	at org.testng.TestNG.run(TestNG.java:1031)<br>	at org.apache.maven.surefire.testng.TestNGExecutor.run(TestNGExecutor.java:77)<br>	at org.apache.maven.surefire.testng.TestNGDirectoryTestSuite.executeMulti(TestNGDirectoryTestSuite.java:159)<br>	at org.apache.maven.surefire.testng.TestNGDirectoryTestSuite.execute(TestNGDirectoryTestSuite.java:99)<br>	at org.apache.maven.surefire.testng.TestNGProvider.invoke(TestNGProvider.java:106)<br>	at sun.reflect.NativeMethodAccessorImpl.invoke0(Native Method)<br>	at sun.reflect.NativeMethodAccessorImpl.invoke(NativeMethodAccessorImpl.java:39)<br>	at sun.reflect.DelegatingMethodAccessorImpl.invoke(DelegatingMethodAccessorImpl.java:25)<br>	at java.lang.reflect.Method.invoke(Method.java:597)<br>	at org.apache.maven.surefire.util.ReflectionUtils.invokeMethodWithArray(ReflectionUtils.java:189)<br>	at org.apache.maven.surefire.booter.ProviderFactory$ProviderProxy.invoke(ProviderFactory.java:165)<br>	at org.apache.maven.surefire.booter.ProviderFactory.invokeProvider(ProviderFactory.java:85)<br>	at org.apache.maven.surefire.booter.ForkedBooter.runSuitesInProcess(ForkedBooter.java:115)<br>	at org.apache.maven.surefire.booter.ForkedBooter.main(ForkedBooter.java:75)<br>
<br>    
</code></td><td>18.289</td>
</tr>
<tr valign="top" class="Error">
<td><a name="testBidOnRideFromAirport"></a>testBidOnRideFromAirport</td><td>Error</td><td>N/A<br>
<br>
<code>
<br>      java.lang.AssertionError<br>	at org.junit.Assert.fail(Assert.java:92)<br>	at org.junit.Assert.assertTrue(Assert.java:43)<br>	at org.junit.Assert.assertTrue(Assert.java:54)<br>	at com.sav.ra.shared.RideauctionSharedTestsAndUtils.bidOrBuyPositive(RideauctionSharedTestsAndUtils.java:117)<br>	at com.sav.ra.test.bid.TestBidOnRideFromAirport.testBidOnRideFromAirport(TestBidOnRideFromAirport.java:134)<br>	at sun.reflect.GeneratedMethodAccessor17.invoke(Unknown Source)<br>	at sun.reflect.DelegatingMethodAccessorImpl.invoke(DelegatingMethodAccessorImpl.java:25)<br>	at java.lang.reflect.Method.invoke(Method.java:597)<br>	at org.testng.internal.MethodInvocationHelper.invokeMethod(MethodInvocationHelper.java:80)<br>	at org.testng.internal.Invoker.invokeMethod(Invoker.java:714)<br>	at org.testng.internal.Invoker.invokeTestMethod(Invoker.java:901)<br>	at org.testng.internal.Invoker.invokeTestMethods(Invoker.java:1231)<br>	at org.testng.internal.TestMethodWorker.invokeTestMethods(TestMethodWorker.java:127)<br>	at org.testng.internal.TestMethodWorker.run(TestMethodWorker.java:111)<br>	at org.testng.TestRunner.privateRun(TestRunner.java:767)<br>	at org.testng.TestRunner.run(TestRunner.java:617)<br>	at org.testng.SuiteRunner.runTest(SuiteRunner.java:334)<br>	at org.testng.SuiteRunner.runSequentially(SuiteRunner.java:329)<br>	at org.testng.SuiteRunner.privateRun(SuiteRunner.java:291)<br>	at org.testng.SuiteRunner.run(SuiteRunner.java:240)<br>	at org.testng.SuiteRunnerWorker.runSuite(SuiteRunnerWorker.java:52)<br>	at org.testng.SuiteRunnerWorker.run(SuiteRunnerWorker.java:86)<br>	at org.testng.TestNG.runSuitesSequentially(TestNG.java:1198)<br>	at org.testng.TestNG.runSuitesLocally(TestNG.java:1123)<br>	at org.testng.TestNG.run(TestNG.java:1031)<br>	at org.apache.maven.surefire.testng.TestNGExecutor.run(TestNGExecutor.java:77)<br>	at org.apache.maven.surefire.testng.TestNGDirectoryTestSuite.executeMulti(TestNGDirectoryTestSuite.java:159)<br>	at org.apache.maven.surefire.testng.TestNGDirectoryTestSuite.execute(TestNGDirectoryTestSuite.java:99)<br>	at org.apache.maven.surefire.testng.TestNGProvider.invoke(TestNGProvider.java:106)<br>	at sun.reflect.NativeMethodAccessorImpl.invoke0(Native Method)<br>	at sun.reflect.NativeMethodAccessorImpl.invoke(NativeMethodAccessorImpl.java:39)<br>	at sun.reflect.DelegatingMethodAccessorImpl.invoke(DelegatingMethodAccessorImpl.java:25)<br>	at java.lang.reflect.Method.invoke(Method.java:597)<br>	at org.apache.maven.surefire.util.ReflectionUtils.invokeMethodWithArray(ReflectionUtils.java:189)<br>	at org.apache.maven.surefire.booter.ProviderFactory$ProviderProxy.invoke(ProviderFactory.java:165)<br>	at org.apache.maven.surefire.booter.ProviderFactory.invokeProvider(ProviderFactory.java:85)<br>	at org.apache.maven.surefire.booter.ForkedBooter.runSuitesInProcess(ForkedBooter.java:115)<br>	at org.apache.maven.surefire.booter.ForkedBooter.main(ForkedBooter.java:75)<br>
<br>    
</code></td><td>18.593</td>
</tr>
</table>
<div class="Properties">
<a href="javascript:displayProperties('com.sav.ra.test.bid.TestBidOnRideFromAirport');">
                    Properties &raquo;
                </a>
</div>
</body>
</html>
