<html xmlns:string="xalan://java.lang.String" xmlns:lxslt="http://xml.apache.org/xslt">
<head>
<META http-equiv="Content-Type" content="text/html; charset=UTF-8">
<title>Unit Test Results: com.sav.ra.test.bid.TestBidOnRideHourlyInTheCity</title>
<link rel="stylesheet" type="text/css" title="Style" href="../../../../../stylesheet.css">
<script type="text/javascript" language="JavaScript">
        var TestCases = new Array();
        var cur;
        </script><script type="text/javascript" language="JavaScript">
        function displayProperties (name) {
          var win = window.open('','JUnitSystemProperties','scrollbars=1,resizable=1');
          var doc = win.document;
          doc.open();
          doc.write("<html><head><title>Properties of " + name + "</title>");
          doc.write("<style type=\"text/css\">");
          doc.write("body {font:normal 68% verdana,arial,helvetica; color:#000000; }");
          doc.write("table tr td, table tr th { font-size: 68%; }");
          doc.write("table.properties { border-collapse:collapse; border-left:solid 1 #cccccc; border-top:solid 1 #cccccc; padding:5px; }");
          doc.write("table.properties th { text-align:left; border-right:solid 1 #cccccc; border-bottom:solid 1 #cccccc; background-color:#eeeeee; }");
          doc.write("table.properties td { font:normal; text-align:left; border-right:solid 1 #cccccc; border-bottom:solid 1 #cccccc; background-color:#fffffff; }");
          doc.write("h3 { margin-bottom: 0.5em; font: bold 115% verdana,arial,helvetica }");
          doc.write("</style>");
          doc.write("</head><body>");
          doc.write("<h3>Properties of " + name + "</h3>");
          doc.write("<div align=\"right\"><a href=\"javascript:window.close();\">Close</a></div>");
          doc.write("<table class='properties'>");
          doc.write("<tr><th>Name</th><th>Value</th></tr>");
          for (prop in TestCases[name]) {
            doc.write("<tr><th>" + prop + "</th><td>" + TestCases[name][prop] + "</td></tr>");
          }
          doc.write("</table>");
          doc.write("</body></html>");
          doc.close();
          win.focus();
        }
      
      </script>
</head>
<body>
<h1>Unit Test Results.</h1>
<table width="100%">
<tr>
<td align="left"></td><td align="right">Designed for use with <a href="http://www.junit.org/">JUnit</a> and <a href="http://ant.apache.org/">Ant</a>.</td>
</tr>
</table>
<hr size="1">
<h3>Class com.sav.ra.test.bid.TestBidOnRideHourlyInTheCity</h3>
<table class="details" border="0" cellpadding="5" cellspacing="2" width="95%">
<tr valign="top">
<th width="80%">Name</th><th>Tests</th><th>Errors</th><th>Failures</th><th>Skipped</th><th nowrap>Time(s)</th><th nowrap>Time Stamp</th><th>Host</th>
</tr>
<tr valign="top" class="Error">
<td><a title="Display all tests" href="2_TestBidOnRideHourlyInTheCity.html">TestBidOnRideHourlyInTheCity</a></td><td><a title="Display all tests" href="2_TestBidOnRideHourlyInTheCity.html">114</a></td><td><a title="Display only errors" href="2_TestBidOnRideHourlyInTheCity-errors.html">33</a></td><td><a title="Display only failures" href="2_TestBidOnRideHourlyInTheCity-fails.html">23</a></td><td></td><td>1842.323</td><td>8 Jan 2014 22:08:00 GMT</td><td>users-MacBook-Pro-2.local</td>
</tr>
</table>
<h2>Errors</h2>
<table class="details" border="0" cellpadding="5" cellspacing="2" width="95%">
<tr valign="top">
<th>Name</th><th>Status</th><th width="80%">Type</th><th nowrap>Time(s)</th>
</tr>
<tr valign="top" class="Error">
<td><a name="testBidOnRideHourlyInTheCityPositive"></a>testBidOnRideHourlyInTheCityPositive</td><td>Error</td><td>N/A<br>
<br>
<code>
<br>      java.lang.AssertionError<br>	at org.junit.Assert.fail(Assert.java:92)<br>	at org.junit.Assert.assertTrue(Assert.java:43)<br>	at org.junit.Assert.assertTrue(Assert.java:54)<br>	at com.sav.ra.shared.RideauctionSharedTestsAndUtils.bidOrBuyPositive(RideauctionSharedTestsAndUtils.java:117)<br>	at com.sav.ra.test.bid.TestBidOnRideHourlyInTheCity.testBidOnRideHourlyInTheCityPositive(TestBidOnRideHourlyInTheCity.java:100)<br>	at sun.reflect.NativeMethodAccessorImpl.invoke0(Native Method)<br>	at sun.reflect.NativeMethodAccessorImpl.invoke(NativeMethodAccessorImpl.java:39)<br>	at sun.reflect.DelegatingMethodAccessorImpl.invoke(DelegatingMethodAccessorImpl.java:25)<br>	at java.lang.reflect.Method.invoke(Method.java:597)<br>	at org.testng.internal.MethodInvocationHelper.invokeMethod(MethodInvocationHelper.java:80)<br>	at org.testng.internal.Invoker.invokeMethod(Invoker.java:714)<br>	at org.testng.internal.Invoker.invokeTestMethod(Invoker.java:901)<br>	at org.testng.internal.Invoker.invokeTestMethods(Invoker.java:1231)<br>	at org.testng.internal.TestMethodWorker.invokeTestMethods(TestMethodWorker.java:127)<br>	at org.testng.internal.TestMethodWorker.run(TestMethodWorker.java:111)<br>	at org.testng.TestRunner.privateRun(TestRunner.java:767)<br>	at org.testng.TestRunner.run(TestRunner.java:617)<br>	at org.testng.SuiteRunner.runTest(SuiteRunner.java:334)<br>	at org.testng.SuiteRunner.runSequentially(SuiteRunner.java:329)<br>	at org.testng.SuiteRunner.privateRun(SuiteRunner.java:291)<br>	at org.testng.SuiteRunner.run(SuiteRunner.java:240)<br>	at org.testng.SuiteRunnerWorker.runSuite(SuiteRunnerWorker.java:52)<br>	at org.testng.SuiteRunnerWorker.run(SuiteRunnerWorker.java:86)<br>	at org.testng.TestNG.runSuitesSequentially(TestNG.java:1198)<br>	at org.testng.TestNG.runSuitesLocally(TestNG.java:1123)<br>	at org.testng.TestNG.run(TestNG.java:1031)<br>	at org.apache.maven.surefire.testng.TestNGExecutor.run(TestNGExecutor.java:77)<br>	at org.apache.maven.surefire.testng.TestNGDirectoryTestSuite.executeMulti(TestNGDirectoryTestSuite.java:159)<br>	at org.apache.maven.surefire.testng.TestNGDirectoryTestSuite.execute(TestNGDirectoryTestSuite.java:99)<br>	at org.apache.maven.surefire.testng.TestNGProvider.invoke(TestNGProvider.java:106)<br>	at sun.reflect.NativeMethodAccessorImpl.invoke0(Native Method)<br>	at sun.reflect.NativeMethodAccessorImpl.invoke(NativeMethodAccessorImpl.java:39)<br>	at sun.reflect.DelegatingMethodAccessorImpl.invoke(DelegatingMethodAccessorImpl.java:25)<br>	at java.lang.reflect.Method.invoke(Method.java:597)<br>	at org.apache.maven.surefire.util.ReflectionUtils.invokeMethodWithArray(ReflectionUtils.java:189)<br>	at org.apache.maven.surefire.booter.ProviderFactory$ProviderProxy.invoke(ProviderFactory.java:165)<br>	at org.apache.maven.surefire.booter.ProviderFactory.invokeProvider(ProviderFactory.java:85)<br>	at org.apache.maven.surefire.booter.ForkedBooter.runSuitesInProcess(ForkedBooter.java:115)<br>	at org.apache.maven.surefire.booter.ForkedBooter.main(ForkedBooter.java:75)<br>
<br>    
</code></td><td>14.251</td>
</tr>
<tr valign="top" class="Error">
<td><a name="testBidOnRideHourlyInTheCityPositive"></a>testBidOnRideHourlyInTheCityPositive</td><td>Error</td><td>expected object to not be null<br>
<br>
<code>
<br>      java.lang.AssertionError: expected object to not be null<br>	at org.testng.Assert.fail(Assert.java:94)<br>	at org.testng.Assert.assertNotNull(Assert.java:404)<br>	at org.testng.Assert.assertNotNull(Assert.java:389)<br>	at com.sav.ra.framework.WebDriverTest.verifyElementPresent(WebDriverTest.java:106)<br>	at com.sav.ra.test.bid.TestBidOnRideHourlyInTheCity.testBidOnRideHourlyInTheCityPositive(TestBidOnRideHourlyInTheCity.java:72)<br>	at sun.reflect.GeneratedMethodAccessor18.invoke(Unknown Source)<br>	at sun.reflect.DelegatingMethodAccessorImpl.invoke(DelegatingMethodAccessorImpl.java:25)<br>	at java.lang.reflect.Method.invoke(Method.java:597)<br>	at org.testng.internal.MethodInvocationHelper.invokeMethod(MethodInvocationHelper.java:80)<br>	at org.testng.internal.Invoker.invokeMethod(Invoker.java:714)<br>	at org.testng.internal.Invoker.invokeTestMethod(Invoker.java:901)<br>	at org.testng.internal.Invoker.invokeTestMethods(Invoker.java:1231)<br>	at org.testng.internal.TestMethodWorker.invokeTestMethods(TestMethodWorker.java:127)<br>	at org.testng.internal.TestMethodWorker.run(TestMethodWorker.java:111)<br>	at org.testng.TestRunner.privateRun(TestRunner.java:767)<br>	at org.testng.TestRunner.run(TestRunner.java:617)<br>	at org.testng.SuiteRunner.runTest(SuiteRunner.java:334)<br>	at org.testng.SuiteRunner.runSequentially(SuiteRunner.java:329)<br>	at org.testng.SuiteRunner.privateRun(SuiteRunner.java:291)<br>	at org.testng.SuiteRunner.run(SuiteRunner.java:240)<br>	at org.testng.SuiteRunnerWorker.runSuite(SuiteRunnerWorker.java:52)<br>	at org.testng.SuiteRunnerWorker.run(SuiteRunnerWorker.java:86)<br>	at org.testng.TestNG.runSuitesSequentially(TestNG.java:1198)<br>	at org.testng.TestNG.runSuitesLocally(TestNG.java:1123)<br>	at org.testng.TestNG.run(TestNG.java:1031)<br>	at org.apache.maven.surefire.testng.TestNGExecutor.run(TestNGExecutor.java:77)<br>	at org.apache.maven.surefire.testng.TestNGDirectoryTestSuite.executeMulti(TestNGDirectoryTestSuite.java:159)<br>	at org.apache.maven.surefire.testng.TestNGDirectoryTestSuite.execute(TestNGDirectoryTestSuite.java:99)<br>	at org.apache.maven.surefire.testng.TestNGProvider.invoke(TestNGProvider.java:106)<br>	at sun.reflect.NativeMethodAccessorImpl.invoke0(Native Method)<br>	at sun.reflect.NativeMethodAccessorImpl.invoke(NativeMethodAccessorImpl.java:39)<br>	at sun.reflect.DelegatingMethodAccessorImpl.invoke(DelegatingMethodAccessorImpl.java:25)<br>	at java.lang.reflect.Method.invoke(Method.java:597)<br>	at org.apache.maven.surefire.util.ReflectionUtils.invokeMethodWithArray(ReflectionUtils.java:189)<br>	at org.apache.maven.surefire.booter.ProviderFactory$ProviderProxy.invoke(ProviderFactory.java:165)<br>	at org.apache.maven.surefire.booter.ProviderFactory.invokeProvider(ProviderFactory.java:85)<br>	at org.apache.maven.surefire.booter.ForkedBooter.runSuitesInProcess(ForkedBooter.java:115)<br>	at org.apache.maven.surefire.booter.ForkedBooter.main(ForkedBooter.java:75)<br>
<br>    
</code></td><td>12.144</td>
</tr>
<tr valign="top" class="Error">
<td><a name="testBidOnRideHourlyInTheCityPositive"></a>testBidOnRideHourlyInTheCityPositive</td><td>Error</td><td>N/A<br>
<br>
<code>
<br>      java.lang.AssertionError<br>	at org.junit.Assert.fail(Assert.java:92)<br>	at org.junit.Assert.assertTrue(Assert.java:43)<br>	at org.junit.Assert.assertTrue(Assert.java:54)<br>	at com.sav.ra.shared.RideauctionSharedTestsAndUtils.bidOrBuyPositive(RideauctionSharedTestsAndUtils.java:117)<br>	at com.sav.ra.test.bid.TestBidOnRideHourlyInTheCity.testBidOnRideHourlyInTheCityPositive(TestBidOnRideHourlyInTheCity.java:100)<br>	at sun.reflect.GeneratedMethodAccessor18.invoke(Unknown Source)<br>	at sun.reflect.DelegatingMethodAccessorImpl.invoke(DelegatingMethodAccessorImpl.java:25)<br>	at java.lang.reflect.Method.invoke(Method.java:597)<br>	at org.testng.internal.MethodInvocationHelper.invokeMethod(MethodInvocationHelper.java:80)<br>	at org.testng.internal.Invoker.invokeMethod(Invoker.java:714)<br>	at org.testng.internal.Invoker.invokeTestMethod(Invoker.java:901)<br>	at org.testng.internal.Invoker.invokeTestMethods(Invoker.java:1231)<br>	at org.testng.internal.TestMethodWorker.invokeTestMethods(TestMethodWorker.java:127)<br>	at org.testng.internal.TestMethodWorker.run(TestMethodWorker.java:111)<br>	at org.testng.TestRunner.privateRun(TestRunner.java:767)<br>	at org.testng.TestRunner.run(TestRunner.java:617)<br>	at org.testng.SuiteRunner.runTest(SuiteRunner.java:334)<br>	at org.testng.SuiteRunner.runSequentially(SuiteRunner.java:329)<br>	at org.testng.SuiteRunner.privateRun(SuiteRunner.java:291)<br>	at org.testng.SuiteRunner.run(SuiteRunner.java:240)<br>	at org.testng.SuiteRunnerWorker.runSuite(SuiteRunnerWorker.java:52)<br>	at org.testng.SuiteRunnerWorker.run(SuiteRunnerWorker.java:86)<br>	at org.testng.TestNG.runSuitesSequentially(TestNG.java:1198)<br>	at org.testng.TestNG.runSuitesLocally(TestNG.java:1123)<br>	at org.testng.TestNG.run(TestNG.java:1031)<br>	at org.apache.maven.surefire.testng.TestNGExecutor.run(TestNGExecutor.java:77)<br>	at org.apache.maven.surefire.testng.TestNGDirectoryTestSuite.executeMulti(TestNGDirectoryTestSuite.java:159)<br>	at org.apache.maven.surefire.testng.TestNGDirectoryTestSuite.execute(TestNGDirectoryTestSuite.java:99)<br>	at org.apache.maven.surefire.testng.TestNGProvider.invoke(TestNGProvider.java:106)<br>	at sun.reflect.NativeMethodAccessorImpl.invoke0(Native Method)<br>	at sun.reflect.NativeMethodAccessorImpl.invoke(NativeMethodAccessorImpl.java:39)<br>	at sun.reflect.DelegatingMethodAccessorImpl.invoke(DelegatingMethodAccessorImpl.java:25)<br>	at java.lang.reflect.Method.invoke(Method.java:597)<br>	at org.apache.maven.surefire.util.ReflectionUtils.invokeMethodWithArray(ReflectionUtils.java:189)<br>	at org.apache.maven.surefire.booter.ProviderFactory$ProviderProxy.invoke(ProviderFactory.java:165)<br>	at org.apache.maven.surefire.booter.ProviderFactory.invokeProvider(ProviderFactory.java:85)<br>	at org.apache.maven.surefire.booter.ForkedBooter.runSuitesInProcess(ForkedBooter.java:115)<br>	at org.apache.maven.surefire.booter.ForkedBooter.main(ForkedBooter.java:75)<br>
<br>    
</code></td><td>14.952</td>
</tr>
<tr valign="top" class="Error">
<td><a name="testBidOnRideHourlyInTheCityPositive"></a>testBidOnRideHourlyInTheCityPositive</td><td>Error</td><td>N/A<br>
<br>
<code>
<br>      java.lang.AssertionError<br>	at org.junit.Assert.fail(Assert.java:92)<br>	at org.junit.Assert.assertTrue(Assert.java:43)<br>	at org.junit.Assert.assertTrue(Assert.java:54)<br>	at com.sav.ra.shared.RideauctionSharedTestsAndUtils.bidOrBuyPositive(RideauctionSharedTestsAndUtils.java:117)<br>	at com.sav.ra.test.bid.TestBidOnRideHourlyInTheCity.testBidOnRideHourlyInTheCityPositive(TestBidOnRideHourlyInTheCity.java:100)<br>	at sun.reflect.GeneratedMethodAccessor18.invoke(Unknown Source)<br>	at sun.reflect.DelegatingMethodAccessorImpl.invoke(DelegatingMethodAccessorImpl.java:25)<br>	at java.lang.reflect.Method.invoke(Method.java:597)<br>	at org.testng.internal.MethodInvocationHelper.invokeMethod(MethodInvocationHelper.java:80)<br>	at org.testng.internal.Invoker.invokeMethod(Invoker.java:714)<br>	at org.testng.internal.Invoker.invokeTestMethod(Invoker.java:901)<br>	at org.testng.internal.Invoker.invokeTestMethods(Invoker.java:1231)<br>	at org.testng.internal.TestMethodWorker.invokeTestMethods(TestMethodWorker.java:127)<br>	at org.testng.internal.TestMethodWorker.run(TestMethodWorker.java:111)<br>	at org.testng.TestRunner.privateRun(TestRunner.java:767)<br>	at org.testng.TestRunner.run(TestRunner.java:617)<br>	at org.testng.SuiteRunner.runTest(SuiteRunner.java:334)<br>	at org.testng.SuiteRunner.runSequentially(SuiteRunner.java:329)<br>	at org.testng.SuiteRunner.privateRun(SuiteRunner.java:291)<br>	at org.testng.SuiteRunner.run(SuiteRunner.java:240)<br>	at org.testng.SuiteRunnerWorker.runSuite(SuiteRunnerWorker.java:52)<br>	at org.testng.SuiteRunnerWorker.run(SuiteRunnerWorker.java:86)<br>	at org.testng.TestNG.runSuitesSequentially(TestNG.java:1198)<br>	at org.testng.TestNG.runSuitesLocally(TestNG.java:1123)<br>	at org.testng.TestNG.run(TestNG.java:1031)<br>	at org.apache.maven.surefire.testng.TestNGExecutor.run(TestNGExecutor.java:77)<br>	at org.apache.maven.surefire.testng.TestNGDirectoryTestSuite.executeMulti(TestNGDirectoryTestSuite.java:159)<br>	at org.apache.maven.surefire.testng.TestNGDirectoryTestSuite.execute(TestNGDirectoryTestSuite.java:99)<br>	at org.apache.maven.surefire.testng.TestNGProvider.invoke(TestNGProvider.java:106)<br>	at sun.reflect.NativeMethodAccessorImpl.invoke0(Native Method)<br>	at sun.reflect.NativeMethodAccessorImpl.invoke(NativeMethodAccessorImpl.java:39)<br>	at sun.reflect.DelegatingMethodAccessorImpl.invoke(DelegatingMethodAccessorImpl.java:25)<br>	at java.lang.reflect.Method.invoke(Method.java:597)<br>	at org.apache.maven.surefire.util.ReflectionUtils.invokeMethodWithArray(ReflectionUtils.java:189)<br>	at org.apache.maven.surefire.booter.ProviderFactory$ProviderProxy.invoke(ProviderFactory.java:165)<br>	at org.apache.maven.surefire.booter.ProviderFactory.invokeProvider(ProviderFactory.java:85)<br>	at org.apache.maven.surefire.booter.ForkedBooter.runSuitesInProcess(ForkedBooter.java:115)<br>	at org.apache.maven.surefire.booter.ForkedBooter.main(ForkedBooter.java:75)<br>
<br>    
</code></td><td>13.867</td>
</tr>
<tr valign="top" class="Error">
<td><a name="testBidOnRideHourlyInTheCityPositive"></a>testBidOnRideHourlyInTheCityPositive</td><td>Error</td><td>N/A<br>
<br>
<code>
<br>      java.lang.AssertionError<br>	at org.junit.Assert.fail(Assert.java:92)<br>	at org.junit.Assert.assertTrue(Assert.java:43)<br>	at org.junit.Assert.assertTrue(Assert.java:54)<br>	at com.sav.ra.shared.RideauctionSharedTestsAndUtils.bidOrBuyPositive(RideauctionSharedTestsAndUtils.java:117)<br>	at com.sav.ra.test.bid.TestBidOnRideHourlyInTheCity.testBidOnRideHourlyInTheCityPositive(TestBidOnRideHourlyInTheCity.java:100)<br>	at sun.reflect.GeneratedMethodAccessor18.invoke(Unknown Source)<br>	at sun.reflect.DelegatingMethodAccessorImpl.invoke(DelegatingMethodAccessorImpl.java:25)<br>	at java.lang.reflect.Method.invoke(Method.java:597)<br>	at org.testng.internal.MethodInvocationHelper.invokeMethod(MethodInvocationHelper.java:80)<br>	at org.testng.internal.Invoker.invokeMethod(Invoker.java:714)<br>	at org.testng.internal.Invoker.invokeTestMethod(Invoker.java:901)<br>	at org.testng.internal.Invoker.invokeTestMethods(Invoker.java:1231)<br>	at org.testng.internal.TestMethodWorker.invokeTestMethods(TestMethodWorker.java:127)<br>	at org.testng.internal.TestMethodWorker.run(TestMethodWorker.java:111)<br>	at org.testng.TestRunner.privateRun(TestRunner.java:767)<br>	at org.testng.TestRunner.run(TestRunner.java:617)<br>	at org.testng.SuiteRunner.runTest(SuiteRunner.java:334)<br>	at org.testng.SuiteRunner.runSequentially(SuiteRunner.java:329)<br>	at org.testng.SuiteRunner.privateRun(SuiteRunner.java:291)<br>	at org.testng.SuiteRunner.run(SuiteRunner.java:240)<br>	at org.testng.SuiteRunnerWorker.runSuite(SuiteRunnerWorker.java:52)<br>	at org.testng.SuiteRunnerWorker.run(SuiteRunnerWorker.java:86)<br>	at org.testng.TestNG.runSuitesSequentially(TestNG.java:1198)<br>	at org.testng.TestNG.runSuitesLocally(TestNG.java:1123)<br>	at org.testng.TestNG.run(TestNG.java:1031)<br>	at org.apache.maven.surefire.testng.TestNGExecutor.run(TestNGExecutor.java:77)<br>	at org.apache.maven.surefire.testng.TestNGDirectoryTestSuite.executeMulti(TestNGDirectoryTestSuite.java:159)<br>	at org.apache.maven.surefire.testng.TestNGDirectoryTestSuite.execute(TestNGDirectoryTestSuite.java:99)<br>	at org.apache.maven.surefire.testng.TestNGProvider.invoke(TestNGProvider.java:106)<br>	at sun.reflect.NativeMethodAccessorImpl.invoke0(Native Method)<br>	at sun.reflect.NativeMethodAccessorImpl.invoke(NativeMethodAccessorImpl.java:39)<br>	at sun.reflect.DelegatingMethodAccessorImpl.invoke(DelegatingMethodAccessorImpl.java:25)<br>	at java.lang.reflect.Method.invoke(Method.java:597)<br>	at org.apache.maven.surefire.util.ReflectionUtils.invokeMethodWithArray(ReflectionUtils.java:189)<br>	at org.apache.maven.surefire.booter.ProviderFactory$ProviderProxy.invoke(ProviderFactory.java:165)<br>	at org.apache.maven.surefire.booter.ProviderFactory.invokeProvider(ProviderFactory.java:85)<br>	at org.apache.maven.surefire.booter.ForkedBooter.runSuitesInProcess(ForkedBooter.java:115)<br>	at org.apache.maven.surefire.booter.ForkedBooter.main(ForkedBooter.java:75)<br>
<br>    
</code></td><td>14.237</td>
</tr>
<tr valign="top" class="Error">
<td><a name="testBidOnRideHourlyInTheCityPositive"></a>testBidOnRideHourlyInTheCityPositive</td><td>Error</td><td>expected object to not be null<br>
<br>
<code>
<br>      java.lang.AssertionError: expected object to not be null<br>	at org.testng.Assert.fail(Assert.java:94)<br>	at org.testng.Assert.assertNotNull(Assert.java:404)<br>	at org.testng.Assert.assertNotNull(Assert.java:389)<br>	at com.sav.ra.framework.WebDriverTest.verifyElementPresent(WebDriverTest.java:106)<br>	at com.sav.ra.test.bid.TestBidOnRideHourlyInTheCity.testBidOnRideHourlyInTheCityPositive(TestBidOnRideHourlyInTheCity.java:72)<br>	at sun.reflect.GeneratedMethodAccessor18.invoke(Unknown Source)<br>	at sun.reflect.DelegatingMethodAccessorImpl.invoke(DelegatingMethodAccessorImpl.java:25)<br>	at java.lang.reflect.Method.invoke(Method.java:597)<br>	at org.testng.internal.MethodInvocationHelper.invokeMethod(MethodInvocationHelper.java:80)<br>	at org.testng.internal.Invoker.invokeMethod(Invoker.java:714)<br>	at org.testng.internal.Invoker.invokeTestMethod(Invoker.java:901)<br>	at org.testng.internal.Invoker.invokeTestMethods(Invoker.java:1231)<br>	at org.testng.internal.TestMethodWorker.invokeTestMethods(TestMethodWorker.java:127)<br>	at org.testng.internal.TestMethodWorker.run(TestMethodWorker.java:111)<br>	at org.testng.TestRunner.privateRun(TestRunner.java:767)<br>	at org.testng.TestRunner.run(TestRunner.java:617)<br>	at org.testng.SuiteRunner.runTest(SuiteRunner.java:334)<br>	at org.testng.SuiteRunner.runSequentially(SuiteRunner.java:329)<br>	at org.testng.SuiteRunner.privateRun(SuiteRunner.java:291)<br>	at org.testng.SuiteRunner.run(SuiteRunner.java:240)<br>	at org.testng.SuiteRunnerWorker.runSuite(SuiteRunnerWorker.java:52)<br>	at org.testng.SuiteRunnerWorker.run(SuiteRunnerWorker.java:86)<br>	at org.testng.TestNG.runSuitesSequentially(TestNG.java:1198)<br>	at org.testng.TestNG.runSuitesLocally(TestNG.java:1123)<br>	at org.testng.TestNG.run(TestNG.java:1031)<br>	at org.apache.maven.surefire.testng.TestNGExecutor.run(TestNGExecutor.java:77)<br>	at org.apache.maven.surefire.testng.TestNGDirectoryTestSuite.executeMulti(TestNGDirectoryTestSuite.java:159)<br>	at org.apache.maven.surefire.testng.TestNGDirectoryTestSuite.execute(TestNGDirectoryTestSuite.java:99)<br>	at org.apache.maven.surefire.testng.TestNGProvider.invoke(TestNGProvider.java:106)<br>	at sun.reflect.NativeMethodAccessorImpl.invoke0(Native Method)<br>	at sun.reflect.NativeMethodAccessorImpl.invoke(NativeMethodAccessorImpl.java:39)<br>	at sun.reflect.DelegatingMethodAccessorImpl.invoke(DelegatingMethodAccessorImpl.java:25)<br>	at java.lang.reflect.Method.invoke(Method.java:597)<br>	at org.apache.maven.surefire.util.ReflectionUtils.invokeMethodWithArray(ReflectionUtils.java:189)<br>	at org.apache.maven.surefire.booter.ProviderFactory$ProviderProxy.invoke(ProviderFactory.java:165)<br>	at org.apache.maven.surefire.booter.ProviderFactory.invokeProvider(ProviderFactory.java:85)<br>	at org.apache.maven.surefire.booter.ForkedBooter.runSuitesInProcess(ForkedBooter.java:115)<br>	at org.apache.maven.surefire.booter.ForkedBooter.main(ForkedBooter.java:75)<br>
<br>    
</code></td><td>13.210</td>
</tr>
<tr valign="top" class="Error">
<td><a name="testBidOnRideHourlyInTheCityPositive"></a>testBidOnRideHourlyInTheCityPositive</td><td>Error</td><td>N/A<br>
<br>
<code>
<br>      java.lang.AssertionError<br>	at org.junit.Assert.fail(Assert.java:92)<br>	at org.junit.Assert.assertTrue(Assert.java:43)<br>	at org.junit.Assert.assertTrue(Assert.java:54)<br>	at com.sav.ra.shared.RideauctionSharedTestsAndUtils.bidOrBuyPositive(RideauctionSharedTestsAndUtils.java:117)<br>	at com.sav.ra.test.bid.TestBidOnRideHourlyInTheCity.testBidOnRideHourlyInTheCityPositive(TestBidOnRideHourlyInTheCity.java:100)<br>	at sun.reflect.GeneratedMethodAccessor18.invoke(Unknown Source)<br>	at sun.reflect.DelegatingMethodAccessorImpl.invoke(DelegatingMethodAccessorImpl.java:25)<br>	at java.lang.reflect.Method.invoke(Method.java:597)<br>	at org.testng.internal.MethodInvocationHelper.invokeMethod(MethodInvocationHelper.java:80)<br>	at org.testng.internal.Invoker.invokeMethod(Invoker.java:714)<br>	at org.testng.internal.Invoker.invokeTestMethod(Invoker.java:901)<br>	at org.testng.internal.Invoker.invokeTestMethods(Invoker.java:1231)<br>	at org.testng.internal.TestMethodWorker.invokeTestMethods(TestMethodWorker.java:127)<br>	at org.testng.internal.TestMethodWorker.run(TestMethodWorker.java:111)<br>	at org.testng.TestRunner.privateRun(TestRunner.java:767)<br>	at org.testng.TestRunner.run(TestRunner.java:617)<br>	at org.testng.SuiteRunner.runTest(SuiteRunner.java:334)<br>	at org.testng.SuiteRunner.runSequentially(SuiteRunner.java:329)<br>	at org.testng.SuiteRunner.privateRun(SuiteRunner.java:291)<br>	at org.testng.SuiteRunner.run(SuiteRunner.java:240)<br>	at org.testng.SuiteRunnerWorker.runSuite(SuiteRunnerWorker.java:52)<br>	at org.testng.SuiteRunnerWorker.run(SuiteRunnerWorker.java:86)<br>	at org.testng.TestNG.runSuitesSequentially(TestNG.java:1198)<br>	at org.testng.TestNG.runSuitesLocally(TestNG.java:1123)<br>	at org.testng.TestNG.run(TestNG.java:1031)<br>	at org.apache.maven.surefire.testng.TestNGExecutor.run(TestNGExecutor.java:77)<br>	at org.apache.maven.surefire.testng.TestNGDirectoryTestSuite.executeMulti(TestNGDirectoryTestSuite.java:159)<br>	at org.apache.maven.surefire.testng.TestNGDirectoryTestSuite.execute(TestNGDirectoryTestSuite.java:99)<br>	at org.apache.maven.surefire.testng.TestNGProvider.invoke(TestNGProvider.java:106)<br>	at sun.reflect.NativeMethodAccessorImpl.invoke0(Native Method)<br>	at sun.reflect.NativeMethodAccessorImpl.invoke(NativeMethodAccessorImpl.java:39)<br>	at sun.reflect.DelegatingMethodAccessorImpl.invoke(DelegatingMethodAccessorImpl.java:25)<br>	at java.lang.reflect.Method.invoke(Method.java:597)<br>	at org.apache.maven.surefire.util.ReflectionUtils.invokeMethodWithArray(ReflectionUtils.java:189)<br>	at org.apache.maven.surefire.booter.ProviderFactory$ProviderProxy.invoke(ProviderFactory.java:165)<br>	at org.apache.maven.surefire.booter.ProviderFactory.invokeProvider(ProviderFactory.java:85)<br>	at org.apache.maven.surefire.booter.ForkedBooter.runSuitesInProcess(ForkedBooter.java:115)<br>	at org.apache.maven.surefire.booter.ForkedBooter.main(ForkedBooter.java:75)<br>
<br>    
</code></td><td>15.278</td>
</tr>
<tr valign="top" class="Error">
<td><a name="testBidOnRideHourlyInTheCityPositive"></a>testBidOnRideHourlyInTheCityPositive</td><td>Error</td><td>expected object to not be null<br>
<br>
<code>
<br>      java.lang.AssertionError: expected object to not be null<br>	at org.testng.Assert.fail(Assert.java:94)<br>	at org.testng.Assert.assertNotNull(Assert.java:404)<br>	at org.testng.Assert.assertNotNull(Assert.java:389)<br>	at com.sav.ra.framework.WebDriverTest.verifyElementPresent(WebDriverTest.java:106)<br>	at com.sav.ra.test.bid.TestBidOnRideHourlyInTheCity.testBidOnRideHourlyInTheCityPositive(TestBidOnRideHourlyInTheCity.java:72)<br>	at sun.reflect.GeneratedMethodAccessor18.invoke(Unknown Source)<br>	at sun.reflect.DelegatingMethodAccessorImpl.invoke(DelegatingMethodAccessorImpl.java:25)<br>	at java.lang.reflect.Method.invoke(Method.java:597)<br>	at org.testng.internal.MethodInvocationHelper.invokeMethod(MethodInvocationHelper.java:80)<br>	at org.testng.internal.Invoker.invokeMethod(Invoker.java:714)<br>	at org.testng.internal.Invoker.invokeTestMethod(Invoker.java:901)<br>	at org.testng.internal.Invoker.invokeTestMethods(Invoker.java:1231)<br>	at org.testng.internal.TestMethodWorker.invokeTestMethods(TestMethodWorker.java:127)<br>	at org.testng.internal.TestMethodWorker.run(TestMethodWorker.java:111)<br>	at org.testng.TestRunner.privateRun(TestRunner.java:767)<br>	at org.testng.TestRunner.run(TestRunner.java:617)<br>	at org.testng.SuiteRunner.runTest(SuiteRunner.java:334)<br>	at org.testng.SuiteRunner.runSequentially(SuiteRunner.java:329)<br>	at org.testng.SuiteRunner.privateRun(SuiteRunner.java:291)<br>	at org.testng.SuiteRunner.run(SuiteRunner.java:240)<br>	at org.testng.SuiteRunnerWorker.runSuite(SuiteRunnerWorker.java:52)<br>	at org.testng.SuiteRunnerWorker.run(SuiteRunnerWorker.java:86)<br>	at org.testng.TestNG.runSuitesSequentially(TestNG.java:1198)<br>	at org.testng.TestNG.runSuitesLocally(TestNG.java:1123)<br>	at org.testng.TestNG.run(TestNG.java:1031)<br>	at org.apache.maven.surefire.testng.TestNGExecutor.run(TestNGExecutor.java:77)<br>	at org.apache.maven.surefire.testng.TestNGDirectoryTestSuite.executeMulti(TestNGDirectoryTestSuite.java:159)<br>	at org.apache.maven.surefire.testng.TestNGDirectoryTestSuite.execute(TestNGDirectoryTestSuite.java:99)<br>	at org.apache.maven.surefire.testng.TestNGProvider.invoke(TestNGProvider.java:106)<br>	at sun.reflect.NativeMethodAccessorImpl.invoke0(Native Method)<br>	at sun.reflect.NativeMethodAccessorImpl.invoke(NativeMethodAccessorImpl.java:39)<br>	at sun.reflect.DelegatingMethodAccessorImpl.invoke(DelegatingMethodAccessorImpl.java:25)<br>	at java.lang.reflect.Method.invoke(Method.java:597)<br>	at org.apache.maven.surefire.util.ReflectionUtils.invokeMethodWithArray(ReflectionUtils.java:189)<br>	at org.apache.maven.surefire.booter.ProviderFactory$ProviderProxy.invoke(ProviderFactory.java:165)<br>	at org.apache.maven.surefire.booter.ProviderFactory.invokeProvider(ProviderFactory.java:85)<br>	at org.apache.maven.surefire.booter.ForkedBooter.runSuitesInProcess(ForkedBooter.java:115)<br>	at org.apache.maven.surefire.booter.ForkedBooter.main(ForkedBooter.java:75)<br>
<br>    
</code></td><td>13.875</td>
</tr>
<tr valign="top" class="Error">
<td><a name="testBidOnRideHourlyInTheCityPositive"></a>testBidOnRideHourlyInTheCityPositive</td><td>Error</td><td>N/A<br>
<br>
<code>
<br>      java.lang.AssertionError<br>	at org.junit.Assert.fail(Assert.java:92)<br>	at org.junit.Assert.assertTrue(Assert.java:43)<br>	at org.junit.Assert.assertTrue(Assert.java:54)<br>	at com.sav.ra.shared.RideauctionSharedTestsAndUtils.bidOrBuyPositive(RideauctionSharedTestsAndUtils.java:117)<br>	at com.sav.ra.test.bid.TestBidOnRideHourlyInTheCity.testBidOnRideHourlyInTheCityPositive(TestBidOnRideHourlyInTheCity.java:100)<br>	at sun.reflect.NativeMethodAccessorImpl.invoke0(Native Method)<br>	at sun.reflect.NativeMethodAccessorImpl.invoke(NativeMethodAccessorImpl.java:39)<br>	at sun.reflect.DelegatingMethodAccessorImpl.invoke(DelegatingMethodAccessorImpl.java:25)<br>	at java.lang.reflect.Method.invoke(Method.java:597)<br>	at org.testng.internal.MethodInvocationHelper.invokeMethod(MethodInvocationHelper.java:80)<br>	at org.testng.internal.Invoker.invokeMethod(Invoker.java:714)<br>	at org.testng.internal.Invoker.invokeTestMethod(Invoker.java:901)<br>	at org.testng.internal.Invoker.invokeTestMethods(Invoker.java:1231)<br>	at org.testng.internal.TestMethodWorker.invokeTestMethods(TestMethodWorker.java:127)<br>	at org.testng.internal.TestMethodWorker.run(TestMethodWorker.java:111)<br>	at org.testng.TestRunner.privateRun(TestRunner.java:767)<br>	at org.testng.TestRunner.run(TestRunner.java:617)<br>	at org.testng.SuiteRunner.runTest(SuiteRunner.java:334)<br>	at org.testng.SuiteRunner.runSequentially(SuiteRunner.java:329)<br>	at org.testng.SuiteRunner.privateRun(SuiteRunner.java:291)<br>	at org.testng.SuiteRunner.run(SuiteRunner.java:240)<br>	at org.testng.SuiteRunnerWorker.runSuite(SuiteRunnerWorker.java:52)<br>	at org.testng.SuiteRunnerWorker.run(SuiteRunnerWorker.java:86)<br>	at org.testng.TestNG.runSuitesSequentially(TestNG.java:1198)<br>	at org.testng.TestNG.runSuitesLocally(TestNG.java:1123)<br>	at org.testng.TestNG.run(TestNG.java:1031)<br>	at org.apache.maven.surefire.testng.TestNGExecutor.run(TestNGExecutor.java:77)<br>	at org.apache.maven.surefire.testng.TestNGDirectoryTestSuite.executeMulti(TestNGDirectoryTestSuite.java:159)<br>	at org.apache.maven.surefire.testng.TestNGDirectoryTestSuite.execute(TestNGDirectoryTestSuite.java:99)<br>	at org.apache.maven.surefire.testng.TestNGProvider.invoke(TestNGProvider.java:106)<br>	at sun.reflect.NativeMethodAccessorImpl.invoke0(Native Method)<br>	at sun.reflect.NativeMethodAccessorImpl.invoke(NativeMethodAccessorImpl.java:39)<br>	at sun.reflect.DelegatingMethodAccessorImpl.invoke(DelegatingMethodAccessorImpl.java:25)<br>	at java.lang.reflect.Method.invoke(Method.java:597)<br>	at org.apache.maven.surefire.util.ReflectionUtils.invokeMethodWithArray(ReflectionUtils.java:189)<br>	at org.apache.maven.surefire.booter.ProviderFactory$ProviderProxy.invoke(ProviderFactory.java:165)<br>	at org.apache.maven.surefire.booter.ProviderFactory.invokeProvider(ProviderFactory.java:85)<br>	at org.apache.maven.surefire.booter.ForkedBooter.runSuitesInProcess(ForkedBooter.java:115)<br>	at org.apache.maven.surefire.booter.ForkedBooter.main(ForkedBooter.java:75)<br>
<br>    
</code></td><td>15.430</td>
</tr>
<tr valign="top" class="Error">
<td><a name="testBidOnRideHourlyInTheCityPositive"></a>testBidOnRideHourlyInTheCityPositive</td><td>Error</td><td>N/A<br>
<br>
<code>
<br>      java.lang.AssertionError<br>	at org.junit.Assert.fail(Assert.java:92)<br>	at org.junit.Assert.assertTrue(Assert.java:43)<br>	at org.junit.Assert.assertTrue(Assert.java:54)<br>	at com.sav.ra.shared.RideauctionSharedTestsAndUtils.bidOrBuyPositive(RideauctionSharedTestsAndUtils.java:117)<br>	at com.sav.ra.test.bid.TestBidOnRideHourlyInTheCity.testBidOnRideHourlyInTheCityPositive(TestBidOnRideHourlyInTheCity.java:100)<br>	at sun.reflect.GeneratedMethodAccessor18.invoke(Unknown Source)<br>	at sun.reflect.DelegatingMethodAccessorImpl.invoke(DelegatingMethodAccessorImpl.java:25)<br>	at java.lang.reflect.Method.invoke(Method.java:597)<br>	at org.testng.internal.MethodInvocationHelper.invokeMethod(MethodInvocationHelper.java:80)<br>	at org.testng.internal.Invoker.invokeMethod(Invoker.java:714)<br>	at org.testng.internal.Invoker.invokeTestMethod(Invoker.java:901)<br>	at org.testng.internal.Invoker.invokeTestMethods(Invoker.java:1231)<br>	at org.testng.internal.TestMethodWorker.invokeTestMethods(TestMethodWorker.java:127)<br>	at org.testng.internal.TestMethodWorker.run(TestMethodWorker.java:111)<br>	at org.testng.TestRunner.privateRun(TestRunner.java:767)<br>	at org.testng.TestRunner.run(TestRunner.java:617)<br>	at org.testng.SuiteRunner.runTest(SuiteRunner.java:334)<br>	at org.testng.SuiteRunner.runSequentially(SuiteRunner.java:329)<br>	at org.testng.SuiteRunner.privateRun(SuiteRunner.java:291)<br>	at org.testng.SuiteRunner.run(SuiteRunner.java:240)<br>	at org.testng.SuiteRunnerWorker.runSuite(SuiteRunnerWorker.java:52)<br>	at org.testng.SuiteRunnerWorker.run(SuiteRunnerWorker.java:86)<br>	at org.testng.TestNG.runSuitesSequentially(TestNG.java:1198)<br>	at org.testng.TestNG.runSuitesLocally(TestNG.java:1123)<br>	at org.testng.TestNG.run(TestNG.java:1031)<br>	at org.apache.maven.surefire.testng.TestNGExecutor.run(TestNGExecutor.java:77)<br>	at org.apache.maven.surefire.testng.TestNGDirectoryTestSuite.executeMulti(TestNGDirectoryTestSuite.java:159)<br>	at org.apache.maven.surefire.testng.TestNGDirectoryTestSuite.execute(TestNGDirectoryTestSuite.java:99)<br>	at org.apache.maven.surefire.testng.TestNGProvider.invoke(TestNGProvider.java:106)<br>	at sun.reflect.NativeMethodAccessorImpl.invoke0(Native Method)<br>	at sun.reflect.NativeMethodAccessorImpl.invoke(NativeMethodAccessorImpl.java:39)<br>	at sun.reflect.DelegatingMethodAccessorImpl.invoke(DelegatingMethodAccessorImpl.java:25)<br>	at java.lang.reflect.Method.invoke(Method.java:597)<br>	at org.apache.maven.surefire.util.ReflectionUtils.invokeMethodWithArray(ReflectionUtils.java:189)<br>	at org.apache.maven.surefire.booter.ProviderFactory$ProviderProxy.invoke(ProviderFactory.java:165)<br>	at org.apache.maven.surefire.booter.ProviderFactory.invokeProvider(ProviderFactory.java:85)<br>	at org.apache.maven.surefire.booter.ForkedBooter.runSuitesInProcess(ForkedBooter.java:115)<br>	at org.apache.maven.surefire.booter.ForkedBooter.main(ForkedBooter.java:75)<br>
<br>    
</code></td><td>16.014</td>
</tr>
<tr valign="top" class="Error">
<td><a name="testBidOnRideHourlyInTheCityPositive"></a>testBidOnRideHourlyInTheCityPositive</td><td>Error</td><td>expected object to not be null<br>
<br>
<code>
<br>      java.lang.AssertionError: expected object to not be null<br>	at org.testng.Assert.fail(Assert.java:94)<br>	at org.testng.Assert.assertNotNull(Assert.java:404)<br>	at org.testng.Assert.assertNotNull(Assert.java:389)<br>	at com.sav.ra.framework.WebDriverTest.verifyElementPresent(WebDriverTest.java:106)<br>	at com.sav.ra.test.bid.TestBidOnRideHourlyInTheCity.testBidOnRideHourlyInTheCityPositive(TestBidOnRideHourlyInTheCity.java:72)<br>	at sun.reflect.GeneratedMethodAccessor18.invoke(Unknown Source)<br>	at sun.reflect.DelegatingMethodAccessorImpl.invoke(DelegatingMethodAccessorImpl.java:25)<br>	at java.lang.reflect.Method.invoke(Method.java:597)<br>	at org.testng.internal.MethodInvocationHelper.invokeMethod(MethodInvocationHelper.java:80)<br>	at org.testng.internal.Invoker.invokeMethod(Invoker.java:714)<br>	at org.testng.internal.Invoker.invokeTestMethod(Invoker.java:901)<br>	at org.testng.internal.Invoker.invokeTestMethods(Invoker.java:1231)<br>	at org.testng.internal.TestMethodWorker.invokeTestMethods(TestMethodWorker.java:127)<br>	at org.testng.internal.TestMethodWorker.run(TestMethodWorker.java:111)<br>	at org.testng.TestRunner.privateRun(TestRunner.java:767)<br>	at org.testng.TestRunner.run(TestRunner.java:617)<br>	at org.testng.SuiteRunner.runTest(SuiteRunner.java:334)<br>	at org.testng.SuiteRunner.runSequentially(SuiteRunner.java:329)<br>	at org.testng.SuiteRunner.privateRun(SuiteRunner.java:291)<br>	at org.testng.SuiteRunner.run(SuiteRunner.java:240)<br>	at org.testng.SuiteRunnerWorker.runSuite(SuiteRunnerWorker.java:52)<br>	at org.testng.SuiteRunnerWorker.run(SuiteRunnerWorker.java:86)<br>	at org.testng.TestNG.runSuitesSequentially(TestNG.java:1198)<br>	at org.testng.TestNG.runSuitesLocally(TestNG.java:1123)<br>	at org.testng.TestNG.run(TestNG.java:1031)<br>	at org.apache.maven.surefire.testng.TestNGExecutor.run(TestNGExecutor.java:77)<br>	at org.apache.maven.surefire.testng.TestNGDirectoryTestSuite.executeMulti(TestNGDirectoryTestSuite.java:159)<br>	at org.apache.maven.surefire.testng.TestNGDirectoryTestSuite.execute(TestNGDirectoryTestSuite.java:99)<br>	at org.apache.maven.surefire.testng.TestNGProvider.invoke(TestNGProvider.java:106)<br>	at sun.reflect.NativeMethodAccessorImpl.invoke0(Native Method)<br>	at sun.reflect.NativeMethodAccessorImpl.invoke(NativeMethodAccessorImpl.java:39)<br>	at sun.reflect.DelegatingMethodAccessorImpl.invoke(DelegatingMethodAccessorImpl.java:25)<br>	at java.lang.reflect.Method.invoke(Method.java:597)<br>	at org.apache.maven.surefire.util.ReflectionUtils.invokeMethodWithArray(ReflectionUtils.java:189)<br>	at org.apache.maven.surefire.booter.ProviderFactory$ProviderProxy.invoke(ProviderFactory.java:165)<br>	at org.apache.maven.surefire.booter.ProviderFactory.invokeProvider(ProviderFactory.java:85)<br>	at org.apache.maven.surefire.booter.ForkedBooter.runSuitesInProcess(ForkedBooter.java:115)<br>	at org.apache.maven.surefire.booter.ForkedBooter.main(ForkedBooter.java:75)<br>
<br>    
</code></td><td>14.092</td>
</tr>
<tr valign="top" class="Error">
<td><a name="testBidOnRideHourlyInTheCityPositive"></a>testBidOnRideHourlyInTheCityPositive</td><td>Error</td><td>expected object to not be null<br>
<br>
<code>
<br>      java.lang.AssertionError: expected object to not be null<br>	at org.testng.Assert.fail(Assert.java:94)<br>	at org.testng.Assert.assertNotNull(Assert.java:404)<br>	at org.testng.Assert.assertNotNull(Assert.java:389)<br>	at com.sav.ra.framework.WebDriverTest.verifyElementPresent(WebDriverTest.java:106)<br>	at com.sav.ra.test.bid.TestBidOnRideHourlyInTheCity.testBidOnRideHourlyInTheCityPositive(TestBidOnRideHourlyInTheCity.java:72)<br>	at sun.reflect.GeneratedMethodAccessor18.invoke(Unknown Source)<br>	at sun.reflect.DelegatingMethodAccessorImpl.invoke(DelegatingMethodAccessorImpl.java:25)<br>	at java.lang.reflect.Method.invoke(Method.java:597)<br>	at org.testng.internal.MethodInvocationHelper.invokeMethod(MethodInvocationHelper.java:80)<br>	at org.testng.internal.Invoker.invokeMethod(Invoker.java:714)<br>	at org.testng.internal.Invoker.invokeTestMethod(Invoker.java:901)<br>	at org.testng.internal.Invoker.invokeTestMethods(Invoker.java:1231)<br>	at org.testng.internal.TestMethodWorker.invokeTestMethods(TestMethodWorker.java:127)<br>	at org.testng.internal.TestMethodWorker.run(TestMethodWorker.java:111)<br>	at org.testng.TestRunner.privateRun(TestRunner.java:767)<br>	at org.testng.TestRunner.run(TestRunner.java:617)<br>	at org.testng.SuiteRunner.runTest(SuiteRunner.java:334)<br>	at org.testng.SuiteRunner.runSequentially(SuiteRunner.java:329)<br>	at org.testng.SuiteRunner.privateRun(SuiteRunner.java:291)<br>	at org.testng.SuiteRunner.run(SuiteRunner.java:240)<br>	at org.testng.SuiteRunnerWorker.runSuite(SuiteRunnerWorker.java:52)<br>	at org.testng.SuiteRunnerWorker.run(SuiteRunnerWorker.java:86)<br>	at org.testng.TestNG.runSuitesSequentially(TestNG.java:1198)<br>	at org.testng.TestNG.runSuitesLocally(TestNG.java:1123)<br>	at org.testng.TestNG.run(TestNG.java:1031)<br>	at org.apache.maven.surefire.testng.TestNGExecutor.run(TestNGExecutor.java:77)<br>	at org.apache.maven.surefire.testng.TestNGDirectoryTestSuite.executeMulti(TestNGDirectoryTestSuite.java:159)<br>	at org.apache.maven.surefire.testng.TestNGDirectoryTestSuite.execute(TestNGDirectoryTestSuite.java:99)<br>	at org.apache.maven.surefire.testng.TestNGProvider.invoke(TestNGProvider.java:106)<br>	at sun.reflect.NativeMethodAccessorImpl.invoke0(Native Method)<br>	at sun.reflect.NativeMethodAccessorImpl.invoke(NativeMethodAccessorImpl.java:39)<br>	at sun.reflect.DelegatingMethodAccessorImpl.invoke(DelegatingMethodAccessorImpl.java:25)<br>	at java.lang.reflect.Method.invoke(Method.java:597)<br>	at org.apache.maven.surefire.util.ReflectionUtils.invokeMethodWithArray(ReflectionUtils.java:189)<br>	at org.apache.maven.surefire.booter.ProviderFactory$ProviderProxy.invoke(ProviderFactory.java:165)<br>	at org.apache.maven.surefire.booter.ProviderFactory.invokeProvider(ProviderFactory.java:85)<br>	at org.apache.maven.surefire.booter.ForkedBooter.runSuitesInProcess(ForkedBooter.java:115)<br>	at org.apache.maven.surefire.booter.ForkedBooter.main(ForkedBooter.java:75)<br>
<br>    
</code></td><td>11.998</td>
</tr>
<tr valign="top" class="Error">
<td><a name="testBidOnRideHourlyInTheCityPositive"></a>testBidOnRideHourlyInTheCityPositive</td><td>Error</td><td>N/A<br>
<br>
<code>
<br>      java.lang.AssertionError<br>	at org.junit.Assert.fail(Assert.java:92)<br>	at org.junit.Assert.assertTrue(Assert.java:43)<br>	at org.junit.Assert.assertTrue(Assert.java:54)<br>	at com.sav.ra.shared.RideauctionSharedTestsAndUtils.bidOrBuyPositive(RideauctionSharedTestsAndUtils.java:117)<br>	at com.sav.ra.test.bid.TestBidOnRideHourlyInTheCity.testBidOnRideHourlyInTheCityPositive(TestBidOnRideHourlyInTheCity.java:100)<br>	at sun.reflect.GeneratedMethodAccessor18.invoke(Unknown Source)<br>	at sun.reflect.DelegatingMethodAccessorImpl.invoke(DelegatingMethodAccessorImpl.java:25)<br>	at java.lang.reflect.Method.invoke(Method.java:597)<br>	at org.testng.internal.MethodInvocationHelper.invokeMethod(MethodInvocationHelper.java:80)<br>	at org.testng.internal.Invoker.invokeMethod(Invoker.java:714)<br>	at org.testng.internal.Invoker.invokeTestMethod(Invoker.java:901)<br>	at org.testng.internal.Invoker.invokeTestMethods(Invoker.java:1231)<br>	at org.testng.internal.TestMethodWorker.invokeTestMethods(TestMethodWorker.java:127)<br>	at org.testng.internal.TestMethodWorker.run(TestMethodWorker.java:111)<br>	at org.testng.TestRunner.privateRun(TestRunner.java:767)<br>	at org.testng.TestRunner.run(TestRunner.java:617)<br>	at org.testng.SuiteRunner.runTest(SuiteRunner.java:334)<br>	at org.testng.SuiteRunner.runSequentially(SuiteRunner.java:329)<br>	at org.testng.SuiteRunner.privateRun(SuiteRunner.java:291)<br>	at org.testng.SuiteRunner.run(SuiteRunner.java:240)<br>	at org.testng.SuiteRunnerWorker.runSuite(SuiteRunnerWorker.java:52)<br>	at org.testng.SuiteRunnerWorker.run(SuiteRunnerWorker.java:86)<br>	at org.testng.TestNG.runSuitesSequentially(TestNG.java:1198)<br>	at org.testng.TestNG.runSuitesLocally(TestNG.java:1123)<br>	at org.testng.TestNG.run(TestNG.java:1031)<br>	at org.apache.maven.surefire.testng.TestNGExecutor.run(TestNGExecutor.java:77)<br>	at org.apache.maven.surefire.testng.TestNGDirectoryTestSuite.executeMulti(TestNGDirectoryTestSuite.java:159)<br>	at org.apache.maven.surefire.testng.TestNGDirectoryTestSuite.execute(TestNGDirectoryTestSuite.java:99)<br>	at org.apache.maven.surefire.testng.TestNGProvider.invoke(TestNGProvider.java:106)<br>	at sun.reflect.NativeMethodAccessorImpl.invoke0(Native Method)<br>	at sun.reflect.NativeMethodAccessorImpl.invoke(NativeMethodAccessorImpl.java:39)<br>	at sun.reflect.DelegatingMethodAccessorImpl.invoke(DelegatingMethodAccessorImpl.java:25)<br>	at java.lang.reflect.Method.invoke(Method.java:597)<br>	at org.apache.maven.surefire.util.ReflectionUtils.invokeMethodWithArray(ReflectionUtils.java:189)<br>	at org.apache.maven.surefire.booter.ProviderFactory$ProviderProxy.invoke(ProviderFactory.java:165)<br>	at org.apache.maven.surefire.booter.ProviderFactory.invokeProvider(ProviderFactory.java:85)<br>	at org.apache.maven.surefire.booter.ForkedBooter.runSuitesInProcess(ForkedBooter.java:115)<br>	at org.apache.maven.surefire.booter.ForkedBooter.main(ForkedBooter.java:75)<br>
<br>    
</code></td><td>17.761</td>
</tr>
<tr valign="top" class="Error">
<td><a name="testBidOnRideHourlyInTheCityPositive"></a>testBidOnRideHourlyInTheCityPositive</td><td>Error</td><td>N/A<br>
<br>
<code>
<br>      java.lang.AssertionError<br>	at org.junit.Assert.fail(Assert.java:92)<br>	at org.junit.Assert.assertTrue(Assert.java:43)<br>	at org.junit.Assert.assertTrue(Assert.java:54)<br>	at com.sav.ra.shared.RideauctionSharedTestsAndUtils.bidOrBuyPositive(RideauctionSharedTestsAndUtils.java:117)<br>	at com.sav.ra.test.bid.TestBidOnRideHourlyInTheCity.testBidOnRideHourlyInTheCityPositive(TestBidOnRideHourlyInTheCity.java:100)<br>	at sun.reflect.GeneratedMethodAccessor18.invoke(Unknown Source)<br>	at sun.reflect.DelegatingMethodAccessorImpl.invoke(DelegatingMethodAccessorImpl.java:25)<br>	at java.lang.reflect.Method.invoke(Method.java:597)<br>	at org.testng.internal.MethodInvocationHelper.invokeMethod(MethodInvocationHelper.java:80)<br>	at org.testng.internal.Invoker.invokeMethod(Invoker.java:714)<br>	at org.testng.internal.Invoker.invokeTestMethod(Invoker.java:901)<br>	at org.testng.internal.Invoker.invokeTestMethods(Invoker.java:1231)<br>	at org.testng.internal.TestMethodWorker.invokeTestMethods(TestMethodWorker.java:127)<br>	at org.testng.internal.TestMethodWorker.run(TestMethodWorker.java:111)<br>	at org.testng.TestRunner.privateRun(TestRunner.java:767)<br>	at org.testng.TestRunner.run(TestRunner.java:617)<br>	at org.testng.SuiteRunner.runTest(SuiteRunner.java:334)<br>	at org.testng.SuiteRunner.runSequentially(SuiteRunner.java:329)<br>	at org.testng.SuiteRunner.privateRun(SuiteRunner.java:291)<br>	at org.testng.SuiteRunner.run(SuiteRunner.java:240)<br>	at org.testng.SuiteRunnerWorker.runSuite(SuiteRunnerWorker.java:52)<br>	at org.testng.SuiteRunnerWorker.run(SuiteRunnerWorker.java:86)<br>	at org.testng.TestNG.runSuitesSequentially(TestNG.java:1198)<br>	at org.testng.TestNG.runSuitesLocally(TestNG.java:1123)<br>	at org.testng.TestNG.run(TestNG.java:1031)<br>	at org.apache.maven.surefire.testng.TestNGExecutor.run(TestNGExecutor.java:77)<br>	at org.apache.maven.surefire.testng.TestNGDirectoryTestSuite.executeMulti(TestNGDirectoryTestSuite.java:159)<br>	at org.apache.maven.surefire.testng.TestNGDirectoryTestSuite.execute(TestNGDirectoryTestSuite.java:99)<br>	at org.apache.maven.surefire.testng.TestNGProvider.invoke(TestNGProvider.java:106)<br>	at sun.reflect.NativeMethodAccessorImpl.invoke0(Native Method)<br>	at sun.reflect.NativeMethodAccessorImpl.invoke(NativeMethodAccessorImpl.java:39)<br>	at sun.reflect.DelegatingMethodAccessorImpl.invoke(DelegatingMethodAccessorImpl.java:25)<br>	at java.lang.reflect.Method.invoke(Method.java:597)<br>	at org.apache.maven.surefire.util.ReflectionUtils.invokeMethodWithArray(ReflectionUtils.java:189)<br>	at org.apache.maven.surefire.booter.ProviderFactory$ProviderProxy.invoke(ProviderFactory.java:165)<br>	at org.apache.maven.surefire.booter.ProviderFactory.invokeProvider(ProviderFactory.java:85)<br>	at org.apache.maven.surefire.booter.ForkedBooter.runSuitesInProcess(ForkedBooter.java:115)<br>	at org.apache.maven.surefire.booter.ForkedBooter.main(ForkedBooter.java:75)<br>
<br>    
</code></td><td>13.876</td>
</tr>
<tr valign="top" class="Error">
<td><a name="testBidOnRideHourlyInTheCityPositive"></a>testBidOnRideHourlyInTheCityPositive</td><td>Error</td><td>N/A<br>
<br>
<code>
<br>      java.lang.AssertionError<br>	at org.junit.Assert.fail(Assert.java:92)<br>	at org.junit.Assert.assertTrue(Assert.java:43)<br>	at org.junit.Assert.assertTrue(Assert.java:54)<br>	at com.sav.ra.shared.RideauctionSharedTestsAndUtils.bidOrBuyPositive(RideauctionSharedTestsAndUtils.java:117)<br>	at com.sav.ra.test.bid.TestBidOnRideHourlyInTheCity.testBidOnRideHourlyInTheCityPositive(TestBidOnRideHourlyInTheCity.java:100)<br>	at sun.reflect.GeneratedMethodAccessor18.invoke(Unknown Source)<br>	at sun.reflect.DelegatingMethodAccessorImpl.invoke(DelegatingMethodAccessorImpl.java:25)<br>	at java.lang.reflect.Method.invoke(Method.java:597)<br>	at org.testng.internal.MethodInvocationHelper.invokeMethod(MethodInvocationHelper.java:80)<br>	at org.testng.internal.Invoker.invokeMethod(Invoker.java:714)<br>	at org.testng.internal.Invoker.invokeTestMethod(Invoker.java:901)<br>	at org.testng.internal.Invoker.invokeTestMethods(Invoker.java:1231)<br>	at org.testng.internal.TestMethodWorker.invokeTestMethods(TestMethodWorker.java:127)<br>	at org.testng.internal.TestMethodWorker.run(TestMethodWorker.java:111)<br>	at org.testng.TestRunner.privateRun(TestRunner.java:767)<br>	at org.testng.TestRunner.run(TestRunner.java:617)<br>	at org.testng.SuiteRunner.runTest(SuiteRunner.java:334)<br>	at org.testng.SuiteRunner.runSequentially(SuiteRunner.java:329)<br>	at org.testng.SuiteRunner.privateRun(SuiteRunner.java:291)<br>	at org.testng.SuiteRunner.run(SuiteRunner.java:240)<br>	at org.testng.SuiteRunnerWorker.runSuite(SuiteRunnerWorker.java:52)<br>	at org.testng.SuiteRunnerWorker.run(SuiteRunnerWorker.java:86)<br>	at org.testng.TestNG.runSuitesSequentially(TestNG.java:1198)<br>	at org.testng.TestNG.runSuitesLocally(TestNG.java:1123)<br>	at org.testng.TestNG.run(TestNG.java:1031)<br>	at org.apache.maven.surefire.testng.TestNGExecutor.run(TestNGExecutor.java:77)<br>	at org.apache.maven.surefire.testng.TestNGDirectoryTestSuite.executeMulti(TestNGDirectoryTestSuite.java:159)<br>	at org.apache.maven.surefire.testng.TestNGDirectoryTestSuite.execute(TestNGDirectoryTestSuite.java:99)<br>	at org.apache.maven.surefire.testng.TestNGProvider.invoke(TestNGProvider.java:106)<br>	at sun.reflect.NativeMethodAccessorImpl.invoke0(Native Method)<br>	at sun.reflect.NativeMethodAccessorImpl.invoke(NativeMethodAccessorImpl.java:39)<br>	at sun.reflect.DelegatingMethodAccessorImpl.invoke(DelegatingMethodAccessorImpl.java:25)<br>	at java.lang.reflect.Method.invoke(Method.java:597)<br>	at org.apache.maven.surefire.util.ReflectionUtils.invokeMethodWithArray(ReflectionUtils.java:189)<br>	at org.apache.maven.surefire.booter.ProviderFactory$ProviderProxy.invoke(ProviderFactory.java:165)<br>	at org.apache.maven.surefire.booter.ProviderFactory.invokeProvider(ProviderFactory.java:85)<br>	at org.apache.maven.surefire.booter.ForkedBooter.runSuitesInProcess(ForkedBooter.java:115)<br>	at org.apache.maven.surefire.booter.ForkedBooter.main(ForkedBooter.java:75)<br>
<br>    
</code></td><td>15.017</td>
</tr>
<tr valign="top" class="Error">
<td><a name="testBidOnRideHourlyInTheCityPositive"></a>testBidOnRideHourlyInTheCityPositive</td><td>Error</td><td>N/A<br>
<br>
<code>
<br>      java.lang.AssertionError<br>	at org.junit.Assert.fail(Assert.java:92)<br>	at org.junit.Assert.assertTrue(Assert.java:43)<br>	at org.junit.Assert.assertTrue(Assert.java:54)<br>	at com.sav.ra.shared.RideauctionSharedTestsAndUtils.bidOrBuyPositive(RideauctionSharedTestsAndUtils.java:117)<br>	at com.sav.ra.test.bid.TestBidOnRideHourlyInTheCity.testBidOnRideHourlyInTheCityPositive(TestBidOnRideHourlyInTheCity.java:100)<br>	at sun.reflect.GeneratedMethodAccessor18.invoke(Unknown Source)<br>	at sun.reflect.DelegatingMethodAccessorImpl.invoke(DelegatingMethodAccessorImpl.java:25)<br>	at java.lang.reflect.Method.invoke(Method.java:597)<br>	at org.testng.internal.MethodInvocationHelper.invokeMethod(MethodInvocationHelper.java:80)<br>	at org.testng.internal.Invoker.invokeMethod(Invoker.java:714)<br>	at org.testng.internal.Invoker.invokeTestMethod(Invoker.java:901)<br>	at org.testng.internal.Invoker.invokeTestMethods(Invoker.java:1231)<br>	at org.testng.internal.TestMethodWorker.invokeTestMethods(TestMethodWorker.java:127)<br>	at org.testng.internal.TestMethodWorker.run(TestMethodWorker.java:111)<br>	at org.testng.TestRunner.privateRun(TestRunner.java:767)<br>	at org.testng.TestRunner.run(TestRunner.java:617)<br>	at org.testng.SuiteRunner.runTest(SuiteRunner.java:334)<br>	at org.testng.SuiteRunner.runSequentially(SuiteRunner.java:329)<br>	at org.testng.SuiteRunner.privateRun(SuiteRunner.java:291)<br>	at org.testng.SuiteRunner.run(SuiteRunner.java:240)<br>	at org.testng.SuiteRunnerWorker.runSuite(SuiteRunnerWorker.java:52)<br>	at org.testng.SuiteRunnerWorker.run(SuiteRunnerWorker.java:86)<br>	at org.testng.TestNG.runSuitesSequentially(TestNG.java:1198)<br>	at org.testng.TestNG.runSuitesLocally(TestNG.java:1123)<br>	at org.testng.TestNG.run(TestNG.java:1031)<br>	at org.apache.maven.surefire.testng.TestNGExecutor.run(TestNGExecutor.java:77)<br>	at org.apache.maven.surefire.testng.TestNGDirectoryTestSuite.executeMulti(TestNGDirectoryTestSuite.java:159)<br>	at org.apache.maven.surefire.testng.TestNGDirectoryTestSuite.execute(TestNGDirectoryTestSuite.java:99)<br>	at org.apache.maven.surefire.testng.TestNGProvider.invoke(TestNGProvider.java:106)<br>	at sun.reflect.NativeMethodAccessorImpl.invoke0(Native Method)<br>	at sun.reflect.NativeMethodAccessorImpl.invoke(NativeMethodAccessorImpl.java:39)<br>	at sun.reflect.DelegatingMethodAccessorImpl.invoke(DelegatingMethodAccessorImpl.java:25)<br>	at java.lang.reflect.Method.invoke(Method.java:597)<br>	at org.apache.maven.surefire.util.ReflectionUtils.invokeMethodWithArray(ReflectionUtils.java:189)<br>	at org.apache.maven.surefire.booter.ProviderFactory$ProviderProxy.invoke(ProviderFactory.java:165)<br>	at org.apache.maven.surefire.booter.ProviderFactory.invokeProvider(ProviderFactory.java:85)<br>	at org.apache.maven.surefire.booter.ForkedBooter.runSuitesInProcess(ForkedBooter.java:115)<br>	at org.apache.maven.surefire.booter.ForkedBooter.main(ForkedBooter.java:75)<br>
<br>    
</code></td><td>13.613</td>
</tr>
<tr valign="top" class="Error">
<td><a name="testBidOnRideHourlyInTheCityPositive"></a>testBidOnRideHourlyInTheCityPositive</td><td>Error</td><td>N/A<br>
<br>
<code>
<br>      java.lang.AssertionError<br>	at org.junit.Assert.fail(Assert.java:92)<br>	at org.junit.Assert.assertTrue(Assert.java:43)<br>	at org.junit.Assert.assertTrue(Assert.java:54)<br>	at com.sav.ra.shared.RideauctionSharedTestsAndUtils.bidOrBuyPositive(RideauctionSharedTestsAndUtils.java:117)<br>	at com.sav.ra.test.bid.TestBidOnRideHourlyInTheCity.testBidOnRideHourlyInTheCityPositive(TestBidOnRideHourlyInTheCity.java:100)<br>	at sun.reflect.GeneratedMethodAccessor18.invoke(Unknown Source)<br>	at sun.reflect.DelegatingMethodAccessorImpl.invoke(DelegatingMethodAccessorImpl.java:25)<br>	at java.lang.reflect.Method.invoke(Method.java:597)<br>	at org.testng.internal.MethodInvocationHelper.invokeMethod(MethodInvocationHelper.java:80)<br>	at org.testng.internal.Invoker.invokeMethod(Invoker.java:714)<br>	at org.testng.internal.Invoker.invokeTestMethod(Invoker.java:901)<br>	at org.testng.internal.Invoker.invokeTestMethods(Invoker.java:1231)<br>	at org.testng.internal.TestMethodWorker.invokeTestMethods(TestMethodWorker.java:127)<br>	at org.testng.internal.TestMethodWorker.run(TestMethodWorker.java:111)<br>	at org.testng.TestRunner.privateRun(TestRunner.java:767)<br>	at org.testng.TestRunner.run(TestRunner.java:617)<br>	at org.testng.SuiteRunner.runTest(SuiteRunner.java:334)<br>	at org.testng.SuiteRunner.runSequentially(SuiteRunner.java:329)<br>	at org.testng.SuiteRunner.privateRun(SuiteRunner.java:291)<br>	at org.testng.SuiteRunner.run(SuiteRunner.java:240)<br>	at org.testng.SuiteRunnerWorker.runSuite(SuiteRunnerWorker.java:52)<br>	at org.testng.SuiteRunnerWorker.run(SuiteRunnerWorker.java:86)<br>	at org.testng.TestNG.runSuitesSequentially(TestNG.java:1198)<br>	at org.testng.TestNG.runSuitesLocally(TestNG.java:1123)<br>	at org.testng.TestNG.run(TestNG.java:1031)<br>	at org.apache.maven.surefire.testng.TestNGExecutor.run(TestNGExecutor.java:77)<br>	at org.apache.maven.surefire.testng.TestNGDirectoryTestSuite.executeMulti(TestNGDirectoryTestSuite.java:159)<br>	at org.apache.maven.surefire.testng.TestNGDirectoryTestSuite.execute(TestNGDirectoryTestSuite.java:99)<br>	at org.apache.maven.surefire.testng.TestNGProvider.invoke(TestNGProvider.java:106)<br>	at sun.reflect.NativeMethodAccessorImpl.invoke0(Native Method)<br>	at sun.reflect.NativeMethodAccessorImpl.invoke(NativeMethodAccessorImpl.java:39)<br>	at sun.reflect.DelegatingMethodAccessorImpl.invoke(DelegatingMethodAccessorImpl.java:25)<br>	at java.lang.reflect.Method.invoke(Method.java:597)<br>	at org.apache.maven.surefire.util.ReflectionUtils.invokeMethodWithArray(ReflectionUtils.java:189)<br>	at org.apache.maven.surefire.booter.ProviderFactory$ProviderProxy.invoke(ProviderFactory.java:165)<br>	at org.apache.maven.surefire.booter.ProviderFactory.invokeProvider(ProviderFactory.java:85)<br>	at org.apache.maven.surefire.booter.ForkedBooter.runSuitesInProcess(ForkedBooter.java:115)<br>	at org.apache.maven.surefire.booter.ForkedBooter.main(ForkedBooter.java:75)<br>
<br>    
</code></td><td>15.165</td>
</tr>
<tr valign="top" class="Error">
<td><a name="testBidOnRideHourlyInTheCityPositive"></a>testBidOnRideHourlyInTheCityPositive</td><td>Error</td><td>expected object to not be null<br>
<br>
<code>
<br>      java.lang.AssertionError: expected object to not be null<br>	at org.testng.Assert.fail(Assert.java:94)<br>	at org.testng.Assert.assertNotNull(Assert.java:404)<br>	at org.testng.Assert.assertNotNull(Assert.java:389)<br>	at com.sav.ra.framework.WebDriverTest.verifyElementPresent(WebDriverTest.java:106)<br>	at com.sav.ra.test.bid.TestBidOnRideHourlyInTheCity.testBidOnRideHourlyInTheCityPositive(TestBidOnRideHourlyInTheCity.java:72)<br>	at sun.reflect.GeneratedMethodAccessor18.invoke(Unknown Source)<br>	at sun.reflect.DelegatingMethodAccessorImpl.invoke(DelegatingMethodAccessorImpl.java:25)<br>	at java.lang.reflect.Method.invoke(Method.java:597)<br>	at org.testng.internal.MethodInvocationHelper.invokeMethod(MethodInvocationHelper.java:80)<br>	at org.testng.internal.Invoker.invokeMethod(Invoker.java:714)<br>	at org.testng.internal.Invoker.invokeTestMethod(Invoker.java:901)<br>	at org.testng.internal.Invoker.invokeTestMethods(Invoker.java:1231)<br>	at org.testng.internal.TestMethodWorker.invokeTestMethods(TestMethodWorker.java:127)<br>	at org.testng.internal.TestMethodWorker.run(TestMethodWorker.java:111)<br>	at org.testng.TestRunner.privateRun(TestRunner.java:767)<br>	at org.testng.TestRunner.run(TestRunner.java:617)<br>	at org.testng.SuiteRunner.runTest(SuiteRunner.java:334)<br>	at org.testng.SuiteRunner.runSequentially(SuiteRunner.java:329)<br>	at org.testng.SuiteRunner.privateRun(SuiteRunner.java:291)<br>	at org.testng.SuiteRunner.run(SuiteRunner.java:240)<br>	at org.testng.SuiteRunnerWorker.runSuite(SuiteRunnerWorker.java:52)<br>	at org.testng.SuiteRunnerWorker.run(SuiteRunnerWorker.java:86)<br>	at org.testng.TestNG.runSuitesSequentially(TestNG.java:1198)<br>	at org.testng.TestNG.runSuitesLocally(TestNG.java:1123)<br>	at org.testng.TestNG.run(TestNG.java:1031)<br>	at org.apache.maven.surefire.testng.TestNGExecutor.run(TestNGExecutor.java:77)<br>	at org.apache.maven.surefire.testng.TestNGDirectoryTestSuite.executeMulti(TestNGDirectoryTestSuite.java:159)<br>	at org.apache.maven.surefire.testng.TestNGDirectoryTestSuite.execute(TestNGDirectoryTestSuite.java:99)<br>	at org.apache.maven.surefire.testng.TestNGProvider.invoke(TestNGProvider.java:106)<br>	at sun.reflect.NativeMethodAccessorImpl.invoke0(Native Method)<br>	at sun.reflect.NativeMethodAccessorImpl.invoke(NativeMethodAccessorImpl.java:39)<br>	at sun.reflect.DelegatingMethodAccessorImpl.invoke(DelegatingMethodAccessorImpl.java:25)<br>	at java.lang.reflect.Method.invoke(Method.java:597)<br>	at org.apache.maven.surefire.util.ReflectionUtils.invokeMethodWithArray(ReflectionUtils.java:189)<br>	at org.apache.maven.surefire.booter.ProviderFactory$ProviderProxy.invoke(ProviderFactory.java:165)<br>	at org.apache.maven.surefire.booter.ProviderFactory.invokeProvider(ProviderFactory.java:85)<br>	at org.apache.maven.surefire.booter.ForkedBooter.runSuitesInProcess(ForkedBooter.java:115)<br>	at org.apache.maven.surefire.booter.ForkedBooter.main(ForkedBooter.java:75)<br>
<br>    
</code></td><td>12.338</td>
</tr>
<tr valign="top" class="Error">
<td><a name="testBidOnRideHourlyInTheCityPositive"></a>testBidOnRideHourlyInTheCityPositive</td><td>Error</td><td>N/A<br>
<br>
<code>
<br>      java.lang.AssertionError<br>	at org.junit.Assert.fail(Assert.java:92)<br>	at org.junit.Assert.assertTrue(Assert.java:43)<br>	at org.junit.Assert.assertTrue(Assert.java:54)<br>	at com.sav.ra.shared.RideauctionSharedTestsAndUtils.bidOrBuyPositive(RideauctionSharedTestsAndUtils.java:117)<br>	at com.sav.ra.test.bid.TestBidOnRideHourlyInTheCity.testBidOnRideHourlyInTheCityPositive(TestBidOnRideHourlyInTheCity.java:100)<br>	at sun.reflect.GeneratedMethodAccessor18.invoke(Unknown Source)<br>	at sun.reflect.DelegatingMethodAccessorImpl.invoke(DelegatingMethodAccessorImpl.java:25)<br>	at java.lang.reflect.Method.invoke(Method.java:597)<br>	at org.testng.internal.MethodInvocationHelper.invokeMethod(MethodInvocationHelper.java:80)<br>	at org.testng.internal.Invoker.invokeMethod(Invoker.java:714)<br>	at org.testng.internal.Invoker.invokeTestMethod(Invoker.java:901)<br>	at org.testng.internal.Invoker.invokeTestMethods(Invoker.java:1231)<br>	at org.testng.internal.TestMethodWorker.invokeTestMethods(TestMethodWorker.java:127)<br>	at org.testng.internal.TestMethodWorker.run(TestMethodWorker.java:111)<br>	at org.testng.TestRunner.privateRun(TestRunner.java:767)<br>	at org.testng.TestRunner.run(TestRunner.java:617)<br>	at org.testng.SuiteRunner.runTest(SuiteRunner.java:334)<br>	at org.testng.SuiteRunner.runSequentially(SuiteRunner.java:329)<br>	at org.testng.SuiteRunner.privateRun(SuiteRunner.java:291)<br>	at org.testng.SuiteRunner.run(SuiteRunner.java:240)<br>	at org.testng.SuiteRunnerWorker.runSuite(SuiteRunnerWorker.java:52)<br>	at org.testng.SuiteRunnerWorker.run(SuiteRunnerWorker.java:86)<br>	at org.testng.TestNG.runSuitesSequentially(TestNG.java:1198)<br>	at org.testng.TestNG.runSuitesLocally(TestNG.java:1123)<br>	at org.testng.TestNG.run(TestNG.java:1031)<br>	at org.apache.maven.surefire.testng.TestNGExecutor.run(TestNGExecutor.java:77)<br>	at org.apache.maven.surefire.testng.TestNGDirectoryTestSuite.executeMulti(TestNGDirectoryTestSuite.java:159)<br>	at org.apache.maven.surefire.testng.TestNGDirectoryTestSuite.execute(TestNGDirectoryTestSuite.java:99)<br>	at org.apache.maven.surefire.testng.TestNGProvider.invoke(TestNGProvider.java:106)<br>	at sun.reflect.NativeMethodAccessorImpl.invoke0(Native Method)<br>	at sun.reflect.NativeMethodAccessorImpl.invoke(NativeMethodAccessorImpl.java:39)<br>	at sun.reflect.DelegatingMethodAccessorImpl.invoke(DelegatingMethodAccessorImpl.java:25)<br>	at java.lang.reflect.Method.invoke(Method.java:597)<br>	at org.apache.maven.surefire.util.ReflectionUtils.invokeMethodWithArray(ReflectionUtils.java:189)<br>	at org.apache.maven.surefire.booter.ProviderFactory$ProviderProxy.invoke(ProviderFactory.java:165)<br>	at org.apache.maven.surefire.booter.ProviderFactory.invokeProvider(ProviderFactory.java:85)<br>	at org.apache.maven.surefire.booter.ForkedBooter.runSuitesInProcess(ForkedBooter.java:115)<br>	at org.apache.maven.surefire.booter.ForkedBooter.main(ForkedBooter.java:75)<br>
<br>    
</code></td><td>14.404</td>
</tr>
<tr valign="top" class="Error">
<td><a name="testBidOnRideHourlyInTheCityPositive"></a>testBidOnRideHourlyInTheCityPositive</td><td>Error</td><td>N/A<br>
<br>
<code>
<br>      java.lang.AssertionError<br>	at org.junit.Assert.fail(Assert.java:92)<br>	at org.junit.Assert.assertTrue(Assert.java:43)<br>	at org.junit.Assert.assertTrue(Assert.java:54)<br>	at com.sav.ra.shared.RideauctionSharedTestsAndUtils.bidOrBuyPositive(RideauctionSharedTestsAndUtils.java:117)<br>	at com.sav.ra.test.bid.TestBidOnRideHourlyInTheCity.testBidOnRideHourlyInTheCityPositive(TestBidOnRideHourlyInTheCity.java:100)<br>	at sun.reflect.NativeMethodAccessorImpl.invoke0(Native Method)<br>	at sun.reflect.NativeMethodAccessorImpl.invoke(NativeMethodAccessorImpl.java:39)<br>	at sun.reflect.DelegatingMethodAccessorImpl.invoke(DelegatingMethodAccessorImpl.java:25)<br>	at java.lang.reflect.Method.invoke(Method.java:597)<br>	at org.testng.internal.MethodInvocationHelper.invokeMethod(MethodInvocationHelper.java:80)<br>	at org.testng.internal.Invoker.invokeMethod(Invoker.java:714)<br>	at org.testng.internal.Invoker.invokeTestMethod(Invoker.java:901)<br>	at org.testng.internal.Invoker.invokeTestMethods(Invoker.java:1231)<br>	at org.testng.internal.TestMethodWorker.invokeTestMethods(TestMethodWorker.java:127)<br>	at org.testng.internal.TestMethodWorker.run(TestMethodWorker.java:111)<br>	at org.testng.TestRunner.privateRun(TestRunner.java:767)<br>	at org.testng.TestRunner.run(TestRunner.java:617)<br>	at org.testng.SuiteRunner.runTest(SuiteRunner.java:334)<br>	at org.testng.SuiteRunner.runSequentially(SuiteRunner.java:329)<br>	at org.testng.SuiteRunner.privateRun(SuiteRunner.java:291)<br>	at org.testng.SuiteRunner.run(SuiteRunner.java:240)<br>	at org.testng.SuiteRunnerWorker.runSuite(SuiteRunnerWorker.java:52)<br>	at org.testng.SuiteRunnerWorker.run(SuiteRunnerWorker.java:86)<br>	at org.testng.TestNG.runSuitesSequentially(TestNG.java:1198)<br>	at org.testng.TestNG.runSuitesLocally(TestNG.java:1123)<br>	at org.testng.TestNG.run(TestNG.java:1031)<br>	at org.apache.maven.surefire.testng.TestNGExecutor.run(TestNGExecutor.java:77)<br>	at org.apache.maven.surefire.testng.TestNGDirectoryTestSuite.executeMulti(TestNGDirectoryTestSuite.java:159)<br>	at org.apache.maven.surefire.testng.TestNGDirectoryTestSuite.execute(TestNGDirectoryTestSuite.java:99)<br>	at org.apache.maven.surefire.testng.TestNGProvider.invoke(TestNGProvider.java:106)<br>	at sun.reflect.NativeMethodAccessorImpl.invoke0(Native Method)<br>	at sun.reflect.NativeMethodAccessorImpl.invoke(NativeMethodAccessorImpl.java:39)<br>	at sun.reflect.DelegatingMethodAccessorImpl.invoke(DelegatingMethodAccessorImpl.java:25)<br>	at java.lang.reflect.Method.invoke(Method.java:597)<br>	at org.apache.maven.surefire.util.ReflectionUtils.invokeMethodWithArray(ReflectionUtils.java:189)<br>	at org.apache.maven.surefire.booter.ProviderFactory$ProviderProxy.invoke(ProviderFactory.java:165)<br>	at org.apache.maven.surefire.booter.ProviderFactory.invokeProvider(ProviderFactory.java:85)<br>	at org.apache.maven.surefire.booter.ForkedBooter.runSuitesInProcess(ForkedBooter.java:115)<br>	at org.apache.maven.surefire.booter.ForkedBooter.main(ForkedBooter.java:75)<br>
<br>    
</code></td><td>14.005</td>
</tr>
<tr valign="top" class="Error">
<td><a name="testBidOnRideHourlyInTheCityPositive"></a>testBidOnRideHourlyInTheCityPositive</td><td>Error</td><td>N/A<br>
<br>
<code>
<br>      java.lang.AssertionError<br>	at org.junit.Assert.fail(Assert.java:92)<br>	at org.junit.Assert.assertTrue(Assert.java:43)<br>	at org.junit.Assert.assertTrue(Assert.java:54)<br>	at com.sav.ra.shared.RideauctionSharedTestsAndUtils.bidOrBuyPositive(RideauctionSharedTestsAndUtils.java:117)<br>	at com.sav.ra.test.bid.TestBidOnRideHourlyInTheCity.testBidOnRideHourlyInTheCityPositive(TestBidOnRideHourlyInTheCity.java:100)<br>	at sun.reflect.GeneratedMethodAccessor18.invoke(Unknown Source)<br>	at sun.reflect.DelegatingMethodAccessorImpl.invoke(DelegatingMethodAccessorImpl.java:25)<br>	at java.lang.reflect.Method.invoke(Method.java:597)<br>	at org.testng.internal.MethodInvocationHelper.invokeMethod(MethodInvocationHelper.java:80)<br>	at org.testng.internal.Invoker.invokeMethod(Invoker.java:714)<br>	at org.testng.internal.Invoker.invokeTestMethod(Invoker.java:901)<br>	at org.testng.internal.Invoker.invokeTestMethods(Invoker.java:1231)<br>	at org.testng.internal.TestMethodWorker.invokeTestMethods(TestMethodWorker.java:127)<br>	at org.testng.internal.TestMethodWorker.run(TestMethodWorker.java:111)<br>	at org.testng.TestRunner.privateRun(TestRunner.java:767)<br>	at org.testng.TestRunner.run(TestRunner.java:617)<br>	at org.testng.SuiteRunner.runTest(SuiteRunner.java:334)<br>	at org.testng.SuiteRunner.runSequentially(SuiteRunner.java:329)<br>	at org.testng.SuiteRunner.privateRun(SuiteRunner.java:291)<br>	at org.testng.SuiteRunner.run(SuiteRunner.java:240)<br>	at org.testng.SuiteRunnerWorker.runSuite(SuiteRunnerWorker.java:52)<br>	at org.testng.SuiteRunnerWorker.run(SuiteRunnerWorker.java:86)<br>	at org.testng.TestNG.runSuitesSequentially(TestNG.java:1198)<br>	at org.testng.TestNG.runSuitesLocally(TestNG.java:1123)<br>	at org.testng.TestNG.run(TestNG.java:1031)<br>	at org.apache.maven.surefire.testng.TestNGExecutor.run(TestNGExecutor.java:77)<br>	at org.apache.maven.surefire.testng.TestNGDirectoryTestSuite.executeMulti(TestNGDirectoryTestSuite.java:159)<br>	at org.apache.maven.surefire.testng.TestNGDirectoryTestSuite.execute(TestNGDirectoryTestSuite.java:99)<br>	at org.apache.maven.surefire.testng.TestNGProvider.invoke(TestNGProvider.java:106)<br>	at sun.reflect.NativeMethodAccessorImpl.invoke0(Native Method)<br>	at sun.reflect.NativeMethodAccessorImpl.invoke(NativeMethodAccessorImpl.java:39)<br>	at sun.reflect.DelegatingMethodAccessorImpl.invoke(DelegatingMethodAccessorImpl.java:25)<br>	at java.lang.reflect.Method.invoke(Method.java:597)<br>	at org.apache.maven.surefire.util.ReflectionUtils.invokeMethodWithArray(ReflectionUtils.java:189)<br>	at org.apache.maven.surefire.booter.ProviderFactory$ProviderProxy.invoke(ProviderFactory.java:165)<br>	at org.apache.maven.surefire.booter.ProviderFactory.invokeProvider(ProviderFactory.java:85)<br>	at org.apache.maven.surefire.booter.ForkedBooter.runSuitesInProcess(ForkedBooter.java:115)<br>	at org.apache.maven.surefire.booter.ForkedBooter.main(ForkedBooter.java:75)<br>
<br>    
</code></td><td>14.647</td>
</tr>
<tr valign="top" class="Error">
<td><a name="testBidOnRideHourlyInTheCityPositive"></a>testBidOnRideHourlyInTheCityPositive</td><td>Error</td><td>N/A<br>
<br>
<code>
<br>      java.lang.AssertionError<br>	at org.junit.Assert.fail(Assert.java:92)<br>	at org.junit.Assert.assertTrue(Assert.java:43)<br>	at org.junit.Assert.assertTrue(Assert.java:54)<br>	at com.sav.ra.shared.RideauctionSharedTestsAndUtils.bidOrBuyPositive(RideauctionSharedTestsAndUtils.java:117)<br>	at com.sav.ra.test.bid.TestBidOnRideHourlyInTheCity.testBidOnRideHourlyInTheCityPositive(TestBidOnRideHourlyInTheCity.java:100)<br>	at sun.reflect.GeneratedMethodAccessor18.invoke(Unknown Source)<br>	at sun.reflect.DelegatingMethodAccessorImpl.invoke(DelegatingMethodAccessorImpl.java:25)<br>	at java.lang.reflect.Method.invoke(Method.java:597)<br>	at org.testng.internal.MethodInvocationHelper.invokeMethod(MethodInvocationHelper.java:80)<br>	at org.testng.internal.Invoker.invokeMethod(Invoker.java:714)<br>	at org.testng.internal.Invoker.invokeTestMethod(Invoker.java:901)<br>	at org.testng.internal.Invoker.invokeTestMethods(Invoker.java:1231)<br>	at org.testng.internal.TestMethodWorker.invokeTestMethods(TestMethodWorker.java:127)<br>	at org.testng.internal.TestMethodWorker.run(TestMethodWorker.java:111)<br>	at org.testng.TestRunner.privateRun(TestRunner.java:767)<br>	at org.testng.TestRunner.run(TestRunner.java:617)<br>	at org.testng.SuiteRunner.runTest(SuiteRunner.java:334)<br>	at org.testng.SuiteRunner.runSequentially(SuiteRunner.java:329)<br>	at org.testng.SuiteRunner.privateRun(SuiteRunner.java:291)<br>	at org.testng.SuiteRunner.run(SuiteRunner.java:240)<br>	at org.testng.SuiteRunnerWorker.runSuite(SuiteRunnerWorker.java:52)<br>	at org.testng.SuiteRunnerWorker.run(SuiteRunnerWorker.java:86)<br>	at org.testng.TestNG.runSuitesSequentially(TestNG.java:1198)<br>	at org.testng.TestNG.runSuitesLocally(TestNG.java:1123)<br>	at org.testng.TestNG.run(TestNG.java:1031)<br>	at org.apache.maven.surefire.testng.TestNGExecutor.run(TestNGExecutor.java:77)<br>	at org.apache.maven.surefire.testng.TestNGDirectoryTestSuite.executeMulti(TestNGDirectoryTestSuite.java:159)<br>	at org.apache.maven.surefire.testng.TestNGDirectoryTestSuite.execute(TestNGDirectoryTestSuite.java:99)<br>	at org.apache.maven.surefire.testng.TestNGProvider.invoke(TestNGProvider.java:106)<br>	at sun.reflect.NativeMethodAccessorImpl.invoke0(Native Method)<br>	at sun.reflect.NativeMethodAccessorImpl.invoke(NativeMethodAccessorImpl.java:39)<br>	at sun.reflect.DelegatingMethodAccessorImpl.invoke(DelegatingMethodAccessorImpl.java:25)<br>	at java.lang.reflect.Method.invoke(Method.java:597)<br>	at org.apache.maven.surefire.util.ReflectionUtils.invokeMethodWithArray(ReflectionUtils.java:189)<br>	at org.apache.maven.surefire.booter.ProviderFactory$ProviderProxy.invoke(ProviderFactory.java:165)<br>	at org.apache.maven.surefire.booter.ProviderFactory.invokeProvider(ProviderFactory.java:85)<br>	at org.apache.maven.surefire.booter.ForkedBooter.runSuitesInProcess(ForkedBooter.java:115)<br>	at org.apache.maven.surefire.booter.ForkedBooter.main(ForkedBooter.java:75)<br>
<br>    
</code></td><td>14.994</td>
</tr>
<tr valign="top" class="Error">
<td><a name="testBidOnRideHourlyInTheCityPositive"></a>testBidOnRideHourlyInTheCityPositive</td><td>Error</td><td>expected object to not be null<br>
<br>
<code>
<br>      java.lang.AssertionError: expected object to not be null<br>	at org.testng.Assert.fail(Assert.java:94)<br>	at org.testng.Assert.assertNotNull(Assert.java:404)<br>	at org.testng.Assert.assertNotNull(Assert.java:389)<br>	at com.sav.ra.framework.WebDriverTest.verifyElementPresent(WebDriverTest.java:106)<br>	at com.sav.ra.test.bid.TestBidOnRideHourlyInTheCity.testBidOnRideHourlyInTheCityPositive(TestBidOnRideHourlyInTheCity.java:72)<br>	at sun.reflect.NativeMethodAccessorImpl.invoke0(Native Method)<br>	at sun.reflect.NativeMethodAccessorImpl.invoke(NativeMethodAccessorImpl.java:39)<br>	at sun.reflect.DelegatingMethodAccessorImpl.invoke(DelegatingMethodAccessorImpl.java:25)<br>	at java.lang.reflect.Method.invoke(Method.java:597)<br>	at org.testng.internal.MethodInvocationHelper.invokeMethod(MethodInvocationHelper.java:80)<br>	at org.testng.internal.Invoker.invokeMethod(Invoker.java:714)<br>	at org.testng.internal.Invoker.invokeTestMethod(Invoker.java:901)<br>	at org.testng.internal.Invoker.invokeTestMethods(Invoker.java:1231)<br>	at org.testng.internal.TestMethodWorker.invokeTestMethods(TestMethodWorker.java:127)<br>	at org.testng.internal.TestMethodWorker.run(TestMethodWorker.java:111)<br>	at org.testng.TestRunner.privateRun(TestRunner.java:767)<br>	at org.testng.TestRunner.run(TestRunner.java:617)<br>	at org.testng.SuiteRunner.runTest(SuiteRunner.java:334)<br>	at org.testng.SuiteRunner.runSequentially(SuiteRunner.java:329)<br>	at org.testng.SuiteRunner.privateRun(SuiteRunner.java:291)<br>	at org.testng.SuiteRunner.run(SuiteRunner.java:240)<br>	at org.testng.SuiteRunnerWorker.runSuite(SuiteRunnerWorker.java:52)<br>	at org.testng.SuiteRunnerWorker.run(SuiteRunnerWorker.java:86)<br>	at org.testng.TestNG.runSuitesSequentially(TestNG.java:1198)<br>	at org.testng.TestNG.runSuitesLocally(TestNG.java:1123)<br>	at org.testng.TestNG.run(TestNG.java:1031)<br>	at org.apache.maven.surefire.testng.TestNGExecutor.run(TestNGExecutor.java:77)<br>	at org.apache.maven.surefire.testng.TestNGDirectoryTestSuite.executeMulti(TestNGDirectoryTestSuite.java:159)<br>	at org.apache.maven.surefire.testng.TestNGDirectoryTestSuite.execute(TestNGDirectoryTestSuite.java:99)<br>	at org.apache.maven.surefire.testng.TestNGProvider.invoke(TestNGProvider.java:106)<br>	at sun.reflect.NativeMethodAccessorImpl.invoke0(Native Method)<br>	at sun.reflect.NativeMethodAccessorImpl.invoke(NativeMethodAccessorImpl.java:39)<br>	at sun.reflect.DelegatingMethodAccessorImpl.invoke(DelegatingMethodAccessorImpl.java:25)<br>	at java.lang.reflect.Method.invoke(Method.java:597)<br>	at org.apache.maven.surefire.util.ReflectionUtils.invokeMethodWithArray(ReflectionUtils.java:189)<br>	at org.apache.maven.surefire.booter.ProviderFactory$ProviderProxy.invoke(ProviderFactory.java:165)<br>	at org.apache.maven.surefire.booter.ProviderFactory.invokeProvider(ProviderFactory.java:85)<br>	at org.apache.maven.surefire.booter.ForkedBooter.runSuitesInProcess(ForkedBooter.java:115)<br>	at org.apache.maven.surefire.booter.ForkedBooter.main(ForkedBooter.java:75)<br>
<br>    
</code></td><td>12.000</td>
</tr>
<tr valign="top" class="Error">
<td><a name="testBidOnRideHourlyInTheCityPositive"></a>testBidOnRideHourlyInTheCityPositive</td><td>Error</td><td>N/A<br>
<br>
<code>
<br>      java.lang.AssertionError<br>	at org.junit.Assert.fail(Assert.java:92)<br>	at org.junit.Assert.assertTrue(Assert.java:43)<br>	at org.junit.Assert.assertTrue(Assert.java:54)<br>	at com.sav.ra.shared.RideauctionSharedTestsAndUtils.bidOrBuyPositive(RideauctionSharedTestsAndUtils.java:117)<br>	at com.sav.ra.test.bid.TestBidOnRideHourlyInTheCity.testBidOnRideHourlyInTheCityPositive(TestBidOnRideHourlyInTheCity.java:100)<br>	at sun.reflect.GeneratedMethodAccessor18.invoke(Unknown Source)<br>	at sun.reflect.DelegatingMethodAccessorImpl.invoke(DelegatingMethodAccessorImpl.java:25)<br>	at java.lang.reflect.Method.invoke(Method.java:597)<br>	at org.testng.internal.MethodInvocationHelper.invokeMethod(MethodInvocationHelper.java:80)<br>	at org.testng.internal.Invoker.invokeMethod(Invoker.java:714)<br>	at org.testng.internal.Invoker.invokeTestMethod(Invoker.java:901)<br>	at org.testng.internal.Invoker.invokeTestMethods(Invoker.java:1231)<br>	at org.testng.internal.TestMethodWorker.invokeTestMethods(TestMethodWorker.java:127)<br>	at org.testng.internal.TestMethodWorker.run(TestMethodWorker.java:111)<br>	at org.testng.TestRunner.privateRun(TestRunner.java:767)<br>	at org.testng.TestRunner.run(TestRunner.java:617)<br>	at org.testng.SuiteRunner.runTest(SuiteRunner.java:334)<br>	at org.testng.SuiteRunner.runSequentially(SuiteRunner.java:329)<br>	at org.testng.SuiteRunner.privateRun(SuiteRunner.java:291)<br>	at org.testng.SuiteRunner.run(SuiteRunner.java:240)<br>	at org.testng.SuiteRunnerWorker.runSuite(SuiteRunnerWorker.java:52)<br>	at org.testng.SuiteRunnerWorker.run(SuiteRunnerWorker.java:86)<br>	at org.testng.TestNG.runSuitesSequentially(TestNG.java:1198)<br>	at org.testng.TestNG.runSuitesLocally(TestNG.java:1123)<br>	at org.testng.TestNG.run(TestNG.java:1031)<br>	at org.apache.maven.surefire.testng.TestNGExecutor.run(TestNGExecutor.java:77)<br>	at org.apache.maven.surefire.testng.TestNGDirectoryTestSuite.executeMulti(TestNGDirectoryTestSuite.java:159)<br>	at org.apache.maven.surefire.testng.TestNGDirectoryTestSuite.execute(TestNGDirectoryTestSuite.java:99)<br>	at org.apache.maven.surefire.testng.TestNGProvider.invoke(TestNGProvider.java:106)<br>	at sun.reflect.NativeMethodAccessorImpl.invoke0(Native Method)<br>	at sun.reflect.NativeMethodAccessorImpl.invoke(NativeMethodAccessorImpl.java:39)<br>	at sun.reflect.DelegatingMethodAccessorImpl.invoke(DelegatingMethodAccessorImpl.java:25)<br>	at java.lang.reflect.Method.invoke(Method.java:597)<br>	at org.apache.maven.surefire.util.ReflectionUtils.invokeMethodWithArray(ReflectionUtils.java:189)<br>	at org.apache.maven.surefire.booter.ProviderFactory$ProviderProxy.invoke(ProviderFactory.java:165)<br>	at org.apache.maven.surefire.booter.ProviderFactory.invokeProvider(ProviderFactory.java:85)<br>	at org.apache.maven.surefire.booter.ForkedBooter.runSuitesInProcess(ForkedBooter.java:115)<br>	at org.apache.maven.surefire.booter.ForkedBooter.main(ForkedBooter.java:75)<br>
<br>    
</code></td><td>15.244</td>
</tr>
<tr valign="top" class="Error">
<td><a name="testBidOnRideHourlyInTheCityPositive"></a>testBidOnRideHourlyInTheCityPositive</td><td>Error</td><td>N/A<br>
<br>
<code>
<br>      java.lang.AssertionError<br>	at org.junit.Assert.fail(Assert.java:92)<br>	at org.junit.Assert.assertTrue(Assert.java:43)<br>	at org.junit.Assert.assertTrue(Assert.java:54)<br>	at com.sav.ra.shared.RideauctionSharedTestsAndUtils.bidOrBuyPositive(RideauctionSharedTestsAndUtils.java:117)<br>	at com.sav.ra.test.bid.TestBidOnRideHourlyInTheCity.testBidOnRideHourlyInTheCityPositive(TestBidOnRideHourlyInTheCity.java:100)<br>	at sun.reflect.NativeMethodAccessorImpl.invoke0(Native Method)<br>	at sun.reflect.NativeMethodAccessorImpl.invoke(NativeMethodAccessorImpl.java:39)<br>	at sun.reflect.DelegatingMethodAccessorImpl.invoke(DelegatingMethodAccessorImpl.java:25)<br>	at java.lang.reflect.Method.invoke(Method.java:597)<br>	at org.testng.internal.MethodInvocationHelper.invokeMethod(MethodInvocationHelper.java:80)<br>	at org.testng.internal.Invoker.invokeMethod(Invoker.java:714)<br>	at org.testng.internal.Invoker.invokeTestMethod(Invoker.java:901)<br>	at org.testng.internal.Invoker.invokeTestMethods(Invoker.java:1231)<br>	at org.testng.internal.TestMethodWorker.invokeTestMethods(TestMethodWorker.java:127)<br>	at org.testng.internal.TestMethodWorker.run(TestMethodWorker.java:111)<br>	at org.testng.TestRunner.privateRun(TestRunner.java:767)<br>	at org.testng.TestRunner.run(TestRunner.java:617)<br>	at org.testng.SuiteRunner.runTest(SuiteRunner.java:334)<br>	at org.testng.SuiteRunner.runSequentially(SuiteRunner.java:329)<br>	at org.testng.SuiteRunner.privateRun(SuiteRunner.java:291)<br>	at org.testng.SuiteRunner.run(SuiteRunner.java:240)<br>	at org.testng.SuiteRunnerWorker.runSuite(SuiteRunnerWorker.java:52)<br>	at org.testng.SuiteRunnerWorker.run(SuiteRunnerWorker.java:86)<br>	at org.testng.TestNG.runSuitesSequentially(TestNG.java:1198)<br>	at org.testng.TestNG.runSuitesLocally(TestNG.java:1123)<br>	at org.testng.TestNG.run(TestNG.java:1031)<br>	at org.apache.maven.surefire.testng.TestNGExecutor.run(TestNGExecutor.java:77)<br>	at org.apache.maven.surefire.testng.TestNGDirectoryTestSuite.executeMulti(TestNGDirectoryTestSuite.java:159)<br>	at org.apache.maven.surefire.testng.TestNGDirectoryTestSuite.execute(TestNGDirectoryTestSuite.java:99)<br>	at org.apache.maven.surefire.testng.TestNGProvider.invoke(TestNGProvider.java:106)<br>	at sun.reflect.NativeMethodAccessorImpl.invoke0(Native Method)<br>	at sun.reflect.NativeMethodAccessorImpl.invoke(NativeMethodAccessorImpl.java:39)<br>	at sun.reflect.DelegatingMethodAccessorImpl.invoke(DelegatingMethodAccessorImpl.java:25)<br>	at java.lang.reflect.Method.invoke(Method.java:597)<br>	at org.apache.maven.surefire.util.ReflectionUtils.invokeMethodWithArray(ReflectionUtils.java:189)<br>	at org.apache.maven.surefire.booter.ProviderFactory$ProviderProxy.invoke(ProviderFactory.java:165)<br>	at org.apache.maven.surefire.booter.ProviderFactory.invokeProvider(ProviderFactory.java:85)<br>	at org.apache.maven.surefire.booter.ForkedBooter.runSuitesInProcess(ForkedBooter.java:115)<br>	at org.apache.maven.surefire.booter.ForkedBooter.main(ForkedBooter.java:75)<br>
<br>    
</code></td><td>15.164</td>
</tr>
<tr valign="top" class="Error">
<td><a name="testBidOnRideHourlyInTheCityPositive"></a>testBidOnRideHourlyInTheCityPositive</td><td>Error</td><td>N/A<br>
<br>
<code>
<br>      java.lang.AssertionError<br>	at org.junit.Assert.fail(Assert.java:92)<br>	at org.junit.Assert.assertTrue(Assert.java:43)<br>	at org.junit.Assert.assertTrue(Assert.java:54)<br>	at com.sav.ra.shared.RideauctionSharedTestsAndUtils.bidOrBuyPositive(RideauctionSharedTestsAndUtils.java:117)<br>	at com.sav.ra.test.bid.TestBidOnRideHourlyInTheCity.testBidOnRideHourlyInTheCityPositive(TestBidOnRideHourlyInTheCity.java:100)<br>	at sun.reflect.NativeMethodAccessorImpl.invoke0(Native Method)<br>	at sun.reflect.NativeMethodAccessorImpl.invoke(NativeMethodAccessorImpl.java:39)<br>	at sun.reflect.DelegatingMethodAccessorImpl.invoke(DelegatingMethodAccessorImpl.java:25)<br>	at java.lang.reflect.Method.invoke(Method.java:597)<br>	at org.testng.internal.MethodInvocationHelper.invokeMethod(MethodInvocationHelper.java:80)<br>	at org.testng.internal.Invoker.invokeMethod(Invoker.java:714)<br>	at org.testng.internal.Invoker.invokeTestMethod(Invoker.java:901)<br>	at org.testng.internal.Invoker.invokeTestMethods(Invoker.java:1231)<br>	at org.testng.internal.TestMethodWorker.invokeTestMethods(TestMethodWorker.java:127)<br>	at org.testng.internal.TestMethodWorker.run(TestMethodWorker.java:111)<br>	at org.testng.TestRunner.privateRun(TestRunner.java:767)<br>	at org.testng.TestRunner.run(TestRunner.java:617)<br>	at org.testng.SuiteRunner.runTest(SuiteRunner.java:334)<br>	at org.testng.SuiteRunner.runSequentially(SuiteRunner.java:329)<br>	at org.testng.SuiteRunner.privateRun(SuiteRunner.java:291)<br>	at org.testng.SuiteRunner.run(SuiteRunner.java:240)<br>	at org.testng.SuiteRunnerWorker.runSuite(SuiteRunnerWorker.java:52)<br>	at org.testng.SuiteRunnerWorker.run(SuiteRunnerWorker.java:86)<br>	at org.testng.TestNG.runSuitesSequentially(TestNG.java:1198)<br>	at org.testng.TestNG.runSuitesLocally(TestNG.java:1123)<br>	at org.testng.TestNG.run(TestNG.java:1031)<br>	at org.apache.maven.surefire.testng.TestNGExecutor.run(TestNGExecutor.java:77)<br>	at org.apache.maven.surefire.testng.TestNGDirectoryTestSuite.executeMulti(TestNGDirectoryTestSuite.java:159)<br>	at org.apache.maven.surefire.testng.TestNGDirectoryTestSuite.execute(TestNGDirectoryTestSuite.java:99)<br>	at org.apache.maven.surefire.testng.TestNGProvider.invoke(TestNGProvider.java:106)<br>	at sun.reflect.NativeMethodAccessorImpl.invoke0(Native Method)<br>	at sun.reflect.NativeMethodAccessorImpl.invoke(NativeMethodAccessorImpl.java:39)<br>	at sun.reflect.DelegatingMethodAccessorImpl.invoke(DelegatingMethodAccessorImpl.java:25)<br>	at java.lang.reflect.Method.invoke(Method.java:597)<br>	at org.apache.maven.surefire.util.ReflectionUtils.invokeMethodWithArray(ReflectionUtils.java:189)<br>	at org.apache.maven.surefire.booter.ProviderFactory$ProviderProxy.invoke(ProviderFactory.java:165)<br>	at org.apache.maven.surefire.booter.ProviderFactory.invokeProvider(ProviderFactory.java:85)<br>	at org.apache.maven.surefire.booter.ForkedBooter.runSuitesInProcess(ForkedBooter.java:115)<br>	at org.apache.maven.surefire.booter.ForkedBooter.main(ForkedBooter.java:75)<br>
<br>    
</code></td><td>13.884</td>
</tr>
<tr valign="top" class="Error">
<td><a name="testBidOnRideHourlyInTheCityPositive"></a>testBidOnRideHourlyInTheCityPositive</td><td>Error</td><td>N/A<br>
<br>
<code>
<br>      java.lang.AssertionError<br>	at org.junit.Assert.fail(Assert.java:92)<br>	at org.junit.Assert.assertTrue(Assert.java:43)<br>	at org.junit.Assert.assertTrue(Assert.java:54)<br>	at com.sav.ra.shared.RideauctionSharedTestsAndUtils.bidOrBuyPositive(RideauctionSharedTestsAndUtils.java:117)<br>	at com.sav.ra.test.bid.TestBidOnRideHourlyInTheCity.testBidOnRideHourlyInTheCityPositive(TestBidOnRideHourlyInTheCity.java:100)<br>	at sun.reflect.GeneratedMethodAccessor18.invoke(Unknown Source)<br>	at sun.reflect.DelegatingMethodAccessorImpl.invoke(DelegatingMethodAccessorImpl.java:25)<br>	at java.lang.reflect.Method.invoke(Method.java:597)<br>	at org.testng.internal.MethodInvocationHelper.invokeMethod(MethodInvocationHelper.java:80)<br>	at org.testng.internal.Invoker.invokeMethod(Invoker.java:714)<br>	at org.testng.internal.Invoker.invokeTestMethod(Invoker.java:901)<br>	at org.testng.internal.Invoker.invokeTestMethods(Invoker.java:1231)<br>	at org.testng.internal.TestMethodWorker.invokeTestMethods(TestMethodWorker.java:127)<br>	at org.testng.internal.TestMethodWorker.run(TestMethodWorker.java:111)<br>	at org.testng.TestRunner.privateRun(TestRunner.java:767)<br>	at org.testng.TestRunner.run(TestRunner.java:617)<br>	at org.testng.SuiteRunner.runTest(SuiteRunner.java:334)<br>	at org.testng.SuiteRunner.runSequentially(SuiteRunner.java:329)<br>	at org.testng.SuiteRunner.privateRun(SuiteRunner.java:291)<br>	at org.testng.SuiteRunner.run(SuiteRunner.java:240)<br>	at org.testng.SuiteRunnerWorker.runSuite(SuiteRunnerWorker.java:52)<br>	at org.testng.SuiteRunnerWorker.run(SuiteRunnerWorker.java:86)<br>	at org.testng.TestNG.runSuitesSequentially(TestNG.java:1198)<br>	at org.testng.TestNG.runSuitesLocally(TestNG.java:1123)<br>	at org.testng.TestNG.run(TestNG.java:1031)<br>	at org.apache.maven.surefire.testng.TestNGExecutor.run(TestNGExecutor.java:77)<br>	at org.apache.maven.surefire.testng.TestNGDirectoryTestSuite.executeMulti(TestNGDirectoryTestSuite.java:159)<br>	at org.apache.maven.surefire.testng.TestNGDirectoryTestSuite.execute(TestNGDirectoryTestSuite.java:99)<br>	at org.apache.maven.surefire.testng.TestNGProvider.invoke(TestNGProvider.java:106)<br>	at sun.reflect.NativeMethodAccessorImpl.invoke0(Native Method)<br>	at sun.reflect.NativeMethodAccessorImpl.invoke(NativeMethodAccessorImpl.java:39)<br>	at sun.reflect.DelegatingMethodAccessorImpl.invoke(DelegatingMethodAccessorImpl.java:25)<br>	at java.lang.reflect.Method.invoke(Method.java:597)<br>	at org.apache.maven.surefire.util.ReflectionUtils.invokeMethodWithArray(ReflectionUtils.java:189)<br>	at org.apache.maven.surefire.booter.ProviderFactory$ProviderProxy.invoke(ProviderFactory.java:165)<br>	at org.apache.maven.surefire.booter.ProviderFactory.invokeProvider(ProviderFactory.java:85)<br>	at org.apache.maven.surefire.booter.ForkedBooter.runSuitesInProcess(ForkedBooter.java:115)<br>	at org.apache.maven.surefire.booter.ForkedBooter.main(ForkedBooter.java:75)<br>
<br>    
</code></td><td>14.287</td>
</tr>
<tr valign="top" class="Error">
<td><a name="testBidOnRideHourlyInTheCityPositive"></a>testBidOnRideHourlyInTheCityPositive</td><td>Error</td><td>expected object to not be null<br>
<br>
<code>
<br>      java.lang.AssertionError: expected object to not be null<br>	at org.testng.Assert.fail(Assert.java:94)<br>	at org.testng.Assert.assertNotNull(Assert.java:404)<br>	at org.testng.Assert.assertNotNull(Assert.java:389)<br>	at com.sav.ra.framework.WebDriverTest.verifyElementPresent(WebDriverTest.java:106)<br>	at com.sav.ra.test.bid.TestBidOnRideHourlyInTheCity.testBidOnRideHourlyInTheCityPositive(TestBidOnRideHourlyInTheCity.java:72)<br>	at sun.reflect.GeneratedMethodAccessor18.invoke(Unknown Source)<br>	at sun.reflect.DelegatingMethodAccessorImpl.invoke(DelegatingMethodAccessorImpl.java:25)<br>	at java.lang.reflect.Method.invoke(Method.java:597)<br>	at org.testng.internal.MethodInvocationHelper.invokeMethod(MethodInvocationHelper.java:80)<br>	at org.testng.internal.Invoker.invokeMethod(Invoker.java:714)<br>	at org.testng.internal.Invoker.invokeTestMethod(Invoker.java:901)<br>	at org.testng.internal.Invoker.invokeTestMethods(Invoker.java:1231)<br>	at org.testng.internal.TestMethodWorker.invokeTestMethods(TestMethodWorker.java:127)<br>	at org.testng.internal.TestMethodWorker.run(TestMethodWorker.java:111)<br>	at org.testng.TestRunner.privateRun(TestRunner.java:767)<br>	at org.testng.TestRunner.run(TestRunner.java:617)<br>	at org.testng.SuiteRunner.runTest(SuiteRunner.java:334)<br>	at org.testng.SuiteRunner.runSequentially(SuiteRunner.java:329)<br>	at org.testng.SuiteRunner.privateRun(SuiteRunner.java:291)<br>	at org.testng.SuiteRunner.run(SuiteRunner.java:240)<br>	at org.testng.SuiteRunnerWorker.runSuite(SuiteRunnerWorker.java:52)<br>	at org.testng.SuiteRunnerWorker.run(SuiteRunnerWorker.java:86)<br>	at org.testng.TestNG.runSuitesSequentially(TestNG.java:1198)<br>	at org.testng.TestNG.runSuitesLocally(TestNG.java:1123)<br>	at org.testng.TestNG.run(TestNG.java:1031)<br>	at org.apache.maven.surefire.testng.TestNGExecutor.run(TestNGExecutor.java:77)<br>	at org.apache.maven.surefire.testng.TestNGDirectoryTestSuite.executeMulti(TestNGDirectoryTestSuite.java:159)<br>	at org.apache.maven.surefire.testng.TestNGDirectoryTestSuite.execute(TestNGDirectoryTestSuite.java:99)<br>	at org.apache.maven.surefire.testng.TestNGProvider.invoke(TestNGProvider.java:106)<br>	at sun.reflect.NativeMethodAccessorImpl.invoke0(Native Method)<br>	at sun.reflect.NativeMethodAccessorImpl.invoke(NativeMethodAccessorImpl.java:39)<br>	at sun.reflect.DelegatingMethodAccessorImpl.invoke(DelegatingMethodAccessorImpl.java:25)<br>	at java.lang.reflect.Method.invoke(Method.java:597)<br>	at org.apache.maven.surefire.util.ReflectionUtils.invokeMethodWithArray(ReflectionUtils.java:189)<br>	at org.apache.maven.surefire.booter.ProviderFactory$ProviderProxy.invoke(ProviderFactory.java:165)<br>	at org.apache.maven.surefire.booter.ProviderFactory.invokeProvider(ProviderFactory.java:85)<br>	at org.apache.maven.surefire.booter.ForkedBooter.runSuitesInProcess(ForkedBooter.java:115)<br>	at org.apache.maven.surefire.booter.ForkedBooter.main(ForkedBooter.java:75)<br>
<br>    
</code></td><td>14.318</td>
</tr>
<tr valign="top" class="Error">
<td><a name="testBidOnRideHourlyInTheCityPositive"></a>testBidOnRideHourlyInTheCityPositive</td><td>Error</td><td>N/A<br>
<br>
<code>
<br>      java.lang.AssertionError<br>	at org.junit.Assert.fail(Assert.java:92)<br>	at org.junit.Assert.assertTrue(Assert.java:43)<br>	at org.junit.Assert.assertTrue(Assert.java:54)<br>	at com.sav.ra.shared.RideauctionSharedTestsAndUtils.bidOrBuyPositive(RideauctionSharedTestsAndUtils.java:117)<br>	at com.sav.ra.test.bid.TestBidOnRideHourlyInTheCity.testBidOnRideHourlyInTheCityPositive(TestBidOnRideHourlyInTheCity.java:100)<br>	at sun.reflect.GeneratedMethodAccessor18.invoke(Unknown Source)<br>	at sun.reflect.DelegatingMethodAccessorImpl.invoke(DelegatingMethodAccessorImpl.java:25)<br>	at java.lang.reflect.Method.invoke(Method.java:597)<br>	at org.testng.internal.MethodInvocationHelper.invokeMethod(MethodInvocationHelper.java:80)<br>	at org.testng.internal.Invoker.invokeMethod(Invoker.java:714)<br>	at org.testng.internal.Invoker.invokeTestMethod(Invoker.java:901)<br>	at org.testng.internal.Invoker.invokeTestMethods(Invoker.java:1231)<br>	at org.testng.internal.TestMethodWorker.invokeTestMethods(TestMethodWorker.java:127)<br>	at org.testng.internal.TestMethodWorker.run(TestMethodWorker.java:111)<br>	at org.testng.TestRunner.privateRun(TestRunner.java:767)<br>	at org.testng.TestRunner.run(TestRunner.java:617)<br>	at org.testng.SuiteRunner.runTest(SuiteRunner.java:334)<br>	at org.testng.SuiteRunner.runSequentially(SuiteRunner.java:329)<br>	at org.testng.SuiteRunner.privateRun(SuiteRunner.java:291)<br>	at org.testng.SuiteRunner.run(SuiteRunner.java:240)<br>	at org.testng.SuiteRunnerWorker.runSuite(SuiteRunnerWorker.java:52)<br>	at org.testng.SuiteRunnerWorker.run(SuiteRunnerWorker.java:86)<br>	at org.testng.TestNG.runSuitesSequentially(TestNG.java:1198)<br>	at org.testng.TestNG.runSuitesLocally(TestNG.java:1123)<br>	at org.testng.TestNG.run(TestNG.java:1031)<br>	at org.apache.maven.surefire.testng.TestNGExecutor.run(TestNGExecutor.java:77)<br>	at org.apache.maven.surefire.testng.TestNGDirectoryTestSuite.executeMulti(TestNGDirectoryTestSuite.java:159)<br>	at org.apache.maven.surefire.testng.TestNGDirectoryTestSuite.execute(TestNGDirectoryTestSuite.java:99)<br>	at org.apache.maven.surefire.testng.TestNGProvider.invoke(TestNGProvider.java:106)<br>	at sun.reflect.NativeMethodAccessorImpl.invoke0(Native Method)<br>	at sun.reflect.NativeMethodAccessorImpl.invoke(NativeMethodAccessorImpl.java:39)<br>	at sun.reflect.DelegatingMethodAccessorImpl.invoke(DelegatingMethodAccessorImpl.java:25)<br>	at java.lang.reflect.Method.invoke(Method.java:597)<br>	at org.apache.maven.surefire.util.ReflectionUtils.invokeMethodWithArray(ReflectionUtils.java:189)<br>	at org.apache.maven.surefire.booter.ProviderFactory$ProviderProxy.invoke(ProviderFactory.java:165)<br>	at org.apache.maven.surefire.booter.ProviderFactory.invokeProvider(ProviderFactory.java:85)<br>	at org.apache.maven.surefire.booter.ForkedBooter.runSuitesInProcess(ForkedBooter.java:115)<br>	at org.apache.maven.surefire.booter.ForkedBooter.main(ForkedBooter.java:75)<br>
<br>    
</code></td><td>14.328</td>
</tr>
<tr valign="top" class="Error">
<td><a name="testBidOnRideHourlyInTheCityPositive"></a>testBidOnRideHourlyInTheCityPositive</td><td>Error</td><td>N/A<br>
<br>
<code>
<br>      java.lang.AssertionError<br>	at org.junit.Assert.fail(Assert.java:92)<br>	at org.junit.Assert.assertTrue(Assert.java:43)<br>	at org.junit.Assert.assertTrue(Assert.java:54)<br>	at com.sav.ra.shared.RideauctionSharedTestsAndUtils.bidOrBuyPositive(RideauctionSharedTestsAndUtils.java:117)<br>	at com.sav.ra.test.bid.TestBidOnRideHourlyInTheCity.testBidOnRideHourlyInTheCityPositive(TestBidOnRideHourlyInTheCity.java:100)<br>	at sun.reflect.GeneratedMethodAccessor18.invoke(Unknown Source)<br>	at sun.reflect.DelegatingMethodAccessorImpl.invoke(DelegatingMethodAccessorImpl.java:25)<br>	at java.lang.reflect.Method.invoke(Method.java:597)<br>	at org.testng.internal.MethodInvocationHelper.invokeMethod(MethodInvocationHelper.java:80)<br>	at org.testng.internal.Invoker.invokeMethod(Invoker.java:714)<br>	at org.testng.internal.Invoker.invokeTestMethod(Invoker.java:901)<br>	at org.testng.internal.Invoker.invokeTestMethods(Invoker.java:1231)<br>	at org.testng.internal.TestMethodWorker.invokeTestMethods(TestMethodWorker.java:127)<br>	at org.testng.internal.TestMethodWorker.run(TestMethodWorker.java:111)<br>	at org.testng.TestRunner.privateRun(TestRunner.java:767)<br>	at org.testng.TestRunner.run(TestRunner.java:617)<br>	at org.testng.SuiteRunner.runTest(SuiteRunner.java:334)<br>	at org.testng.SuiteRunner.runSequentially(SuiteRunner.java:329)<br>	at org.testng.SuiteRunner.privateRun(SuiteRunner.java:291)<br>	at org.testng.SuiteRunner.run(SuiteRunner.java:240)<br>	at org.testng.SuiteRunnerWorker.runSuite(SuiteRunnerWorker.java:52)<br>	at org.testng.SuiteRunnerWorker.run(SuiteRunnerWorker.java:86)<br>	at org.testng.TestNG.runSuitesSequentially(TestNG.java:1198)<br>	at org.testng.TestNG.runSuitesLocally(TestNG.java:1123)<br>	at org.testng.TestNG.run(TestNG.java:1031)<br>	at org.apache.maven.surefire.testng.TestNGExecutor.run(TestNGExecutor.java:77)<br>	at org.apache.maven.surefire.testng.TestNGDirectoryTestSuite.executeMulti(TestNGDirectoryTestSuite.java:159)<br>	at org.apache.maven.surefire.testng.TestNGDirectoryTestSuite.execute(TestNGDirectoryTestSuite.java:99)<br>	at org.apache.maven.surefire.testng.TestNGProvider.invoke(TestNGProvider.java:106)<br>	at sun.reflect.NativeMethodAccessorImpl.invoke0(Native Method)<br>	at sun.reflect.NativeMethodAccessorImpl.invoke(NativeMethodAccessorImpl.java:39)<br>	at sun.reflect.DelegatingMethodAccessorImpl.invoke(DelegatingMethodAccessorImpl.java:25)<br>	at java.lang.reflect.Method.invoke(Method.java:597)<br>	at org.apache.maven.surefire.util.ReflectionUtils.invokeMethodWithArray(ReflectionUtils.java:189)<br>	at org.apache.maven.surefire.booter.ProviderFactory$ProviderProxy.invoke(ProviderFactory.java:165)<br>	at org.apache.maven.surefire.booter.ProviderFactory.invokeProvider(ProviderFactory.java:85)<br>	at org.apache.maven.surefire.booter.ForkedBooter.runSuitesInProcess(ForkedBooter.java:115)<br>	at org.apache.maven.surefire.booter.ForkedBooter.main(ForkedBooter.java:75)<br>
<br>    
</code></td><td>14.947</td>
</tr>
<tr valign="top" class="Error">
<td><a name="testBidOnRideHourlyInTheCityPositive"></a>testBidOnRideHourlyInTheCityPositive</td><td>Error</td><td>N/A<br>
<br>
<code>
<br>      java.lang.AssertionError<br>	at org.junit.Assert.fail(Assert.java:92)<br>	at org.junit.Assert.assertTrue(Assert.java:43)<br>	at org.junit.Assert.assertTrue(Assert.java:54)<br>	at com.sav.ra.shared.RideauctionSharedTestsAndUtils.bidOrBuyPositive(RideauctionSharedTestsAndUtils.java:117)<br>	at com.sav.ra.test.bid.TestBidOnRideHourlyInTheCity.testBidOnRideHourlyInTheCityPositive(TestBidOnRideHourlyInTheCity.java:100)<br>	at sun.reflect.GeneratedMethodAccessor18.invoke(Unknown Source)<br>	at sun.reflect.DelegatingMethodAccessorImpl.invoke(DelegatingMethodAccessorImpl.java:25)<br>	at java.lang.reflect.Method.invoke(Method.java:597)<br>	at org.testng.internal.MethodInvocationHelper.invokeMethod(MethodInvocationHelper.java:80)<br>	at org.testng.internal.Invoker.invokeMethod(Invoker.java:714)<br>	at org.testng.internal.Invoker.invokeTestMethod(Invoker.java:901)<br>	at org.testng.internal.Invoker.invokeTestMethods(Invoker.java:1231)<br>	at org.testng.internal.TestMethodWorker.invokeTestMethods(TestMethodWorker.java:127)<br>	at org.testng.internal.TestMethodWorker.run(TestMethodWorker.java:111)<br>	at org.testng.TestRunner.privateRun(TestRunner.java:767)<br>	at org.testng.TestRunner.run(TestRunner.java:617)<br>	at org.testng.SuiteRunner.runTest(SuiteRunner.java:334)<br>	at org.testng.SuiteRunner.runSequentially(SuiteRunner.java:329)<br>	at org.testng.SuiteRunner.privateRun(SuiteRunner.java:291)<br>	at org.testng.SuiteRunner.run(SuiteRunner.java:240)<br>	at org.testng.SuiteRunnerWorker.runSuite(SuiteRunnerWorker.java:52)<br>	at org.testng.SuiteRunnerWorker.run(SuiteRunnerWorker.java:86)<br>	at org.testng.TestNG.runSuitesSequentially(TestNG.java:1198)<br>	at org.testng.TestNG.runSuitesLocally(TestNG.java:1123)<br>	at org.testng.TestNG.run(TestNG.java:1031)<br>	at org.apache.maven.surefire.testng.TestNGExecutor.run(TestNGExecutor.java:77)<br>	at org.apache.maven.surefire.testng.TestNGDirectoryTestSuite.executeMulti(TestNGDirectoryTestSuite.java:159)<br>	at org.apache.maven.surefire.testng.TestNGDirectoryTestSuite.execute(TestNGDirectoryTestSuite.java:99)<br>	at org.apache.maven.surefire.testng.TestNGProvider.invoke(TestNGProvider.java:106)<br>	at sun.reflect.NativeMethodAccessorImpl.invoke0(Native Method)<br>	at sun.reflect.NativeMethodAccessorImpl.invoke(NativeMethodAccessorImpl.java:39)<br>	at sun.reflect.DelegatingMethodAccessorImpl.invoke(DelegatingMethodAccessorImpl.java:25)<br>	at java.lang.reflect.Method.invoke(Method.java:597)<br>	at org.apache.maven.surefire.util.ReflectionUtils.invokeMethodWithArray(ReflectionUtils.java:189)<br>	at org.apache.maven.surefire.booter.ProviderFactory$ProviderProxy.invoke(ProviderFactory.java:165)<br>	at org.apache.maven.surefire.booter.ProviderFactory.invokeProvider(ProviderFactory.java:85)<br>	at org.apache.maven.surefire.booter.ForkedBooter.runSuitesInProcess(ForkedBooter.java:115)<br>	at org.apache.maven.surefire.booter.ForkedBooter.main(ForkedBooter.java:75)<br>
<br>    
</code></td><td>14.064</td>
</tr>
<tr valign="top" class="Error">
<td><a name="testBidOnRideHourlyInTheCityPositive"></a>testBidOnRideHourlyInTheCityPositive</td><td>Error</td><td>N/A<br>
<br>
<code>
<br>      java.lang.AssertionError<br>	at org.junit.Assert.fail(Assert.java:92)<br>	at org.junit.Assert.assertTrue(Assert.java:43)<br>	at org.junit.Assert.assertTrue(Assert.java:54)<br>	at com.sav.ra.shared.RideauctionSharedTestsAndUtils.bidOrBuyPositive(RideauctionSharedTestsAndUtils.java:117)<br>	at com.sav.ra.test.bid.TestBidOnRideHourlyInTheCity.testBidOnRideHourlyInTheCityPositive(TestBidOnRideHourlyInTheCity.java:100)<br>	at sun.reflect.GeneratedMethodAccessor18.invoke(Unknown Source)<br>	at sun.reflect.DelegatingMethodAccessorImpl.invoke(DelegatingMethodAccessorImpl.java:25)<br>	at java.lang.reflect.Method.invoke(Method.java:597)<br>	at org.testng.internal.MethodInvocationHelper.invokeMethod(MethodInvocationHelper.java:80)<br>	at org.testng.internal.Invoker.invokeMethod(Invoker.java:714)<br>	at org.testng.internal.Invoker.invokeTestMethod(Invoker.java:901)<br>	at org.testng.internal.Invoker.invokeTestMethods(Invoker.java:1231)<br>	at org.testng.internal.TestMethodWorker.invokeTestMethods(TestMethodWorker.java:127)<br>	at org.testng.internal.TestMethodWorker.run(TestMethodWorker.java:111)<br>	at org.testng.TestRunner.privateRun(TestRunner.java:767)<br>	at org.testng.TestRunner.run(TestRunner.java:617)<br>	at org.testng.SuiteRunner.runTest(SuiteRunner.java:334)<br>	at org.testng.SuiteRunner.runSequentially(SuiteRunner.java:329)<br>	at org.testng.SuiteRunner.privateRun(SuiteRunner.java:291)<br>	at org.testng.SuiteRunner.run(SuiteRunner.java:240)<br>	at org.testng.SuiteRunnerWorker.runSuite(SuiteRunnerWorker.java:52)<br>	at org.testng.SuiteRunnerWorker.run(SuiteRunnerWorker.java:86)<br>	at org.testng.TestNG.runSuitesSequentially(TestNG.java:1198)<br>	at org.testng.TestNG.runSuitesLocally(TestNG.java:1123)<br>	at org.testng.TestNG.run(TestNG.java:1031)<br>	at org.apache.maven.surefire.testng.TestNGExecutor.run(TestNGExecutor.java:77)<br>	at org.apache.maven.surefire.testng.TestNGDirectoryTestSuite.executeMulti(TestNGDirectoryTestSuite.java:159)<br>	at org.apache.maven.surefire.testng.TestNGDirectoryTestSuite.execute(TestNGDirectoryTestSuite.java:99)<br>	at org.apache.maven.surefire.testng.TestNGProvider.invoke(TestNGProvider.java:106)<br>	at sun.reflect.NativeMethodAccessorImpl.invoke0(Native Method)<br>	at sun.reflect.NativeMethodAccessorImpl.invoke(NativeMethodAccessorImpl.java:39)<br>	at sun.reflect.DelegatingMethodAccessorImpl.invoke(DelegatingMethodAccessorImpl.java:25)<br>	at java.lang.reflect.Method.invoke(Method.java:597)<br>	at org.apache.maven.surefire.util.ReflectionUtils.invokeMethodWithArray(ReflectionUtils.java:189)<br>	at org.apache.maven.surefire.booter.ProviderFactory$ProviderProxy.invoke(ProviderFactory.java:165)<br>	at org.apache.maven.surefire.booter.ProviderFactory.invokeProvider(ProviderFactory.java:85)<br>	at org.apache.maven.surefire.booter.ForkedBooter.runSuitesInProcess(ForkedBooter.java:115)<br>	at org.apache.maven.surefire.booter.ForkedBooter.main(ForkedBooter.java:75)<br>
<br>    
</code></td><td>18.426</td>
</tr>
<tr valign="top" class="Error">
<td><a name="testBidOnRideHourlyInTheCityPositive"></a>testBidOnRideHourlyInTheCityPositive</td><td>Error</td><td>N/A<br>
<br>
<code>
<br>      java.lang.AssertionError<br>	at org.junit.Assert.fail(Assert.java:92)<br>	at org.junit.Assert.assertTrue(Assert.java:43)<br>	at org.junit.Assert.assertTrue(Assert.java:54)<br>	at com.sav.ra.shared.RideauctionSharedTestsAndUtils.bidOrBuyPositive(RideauctionSharedTestsAndUtils.java:117)<br>	at com.sav.ra.test.bid.TestBidOnRideHourlyInTheCity.testBidOnRideHourlyInTheCityPositive(TestBidOnRideHourlyInTheCity.java:100)<br>	at sun.reflect.NativeMethodAccessorImpl.invoke0(Native Method)<br>	at sun.reflect.NativeMethodAccessorImpl.invoke(NativeMethodAccessorImpl.java:39)<br>	at sun.reflect.DelegatingMethodAccessorImpl.invoke(DelegatingMethodAccessorImpl.java:25)<br>	at java.lang.reflect.Method.invoke(Method.java:597)<br>	at org.testng.internal.MethodInvocationHelper.invokeMethod(MethodInvocationHelper.java:80)<br>	at org.testng.internal.Invoker.invokeMethod(Invoker.java:714)<br>	at org.testng.internal.Invoker.invokeTestMethod(Invoker.java:901)<br>	at org.testng.internal.Invoker.invokeTestMethods(Invoker.java:1231)<br>	at org.testng.internal.TestMethodWorker.invokeTestMethods(TestMethodWorker.java:127)<br>	at org.testng.internal.TestMethodWorker.run(TestMethodWorker.java:111)<br>	at org.testng.TestRunner.privateRun(TestRunner.java:767)<br>	at org.testng.TestRunner.run(TestRunner.java:617)<br>	at org.testng.SuiteRunner.runTest(SuiteRunner.java:334)<br>	at org.testng.SuiteRunner.runSequentially(SuiteRunner.java:329)<br>	at org.testng.SuiteRunner.privateRun(SuiteRunner.java:291)<br>	at org.testng.SuiteRunner.run(SuiteRunner.java:240)<br>	at org.testng.SuiteRunnerWorker.runSuite(SuiteRunnerWorker.java:52)<br>	at org.testng.SuiteRunnerWorker.run(SuiteRunnerWorker.java:86)<br>	at org.testng.TestNG.runSuitesSequentially(TestNG.java:1198)<br>	at org.testng.TestNG.runSuitesLocally(TestNG.java:1123)<br>	at org.testng.TestNG.run(TestNG.java:1031)<br>	at org.apache.maven.surefire.testng.TestNGExecutor.run(TestNGExecutor.java:77)<br>	at org.apache.maven.surefire.testng.TestNGDirectoryTestSuite.executeMulti(TestNGDirectoryTestSuite.java:159)<br>	at org.apache.maven.surefire.testng.TestNGDirectoryTestSuite.execute(TestNGDirectoryTestSuite.java:99)<br>	at org.apache.maven.surefire.testng.TestNGProvider.invoke(TestNGProvider.java:106)<br>	at sun.reflect.NativeMethodAccessorImpl.invoke0(Native Method)<br>	at sun.reflect.NativeMethodAccessorImpl.invoke(NativeMethodAccessorImpl.java:39)<br>	at sun.reflect.DelegatingMethodAccessorImpl.invoke(DelegatingMethodAccessorImpl.java:25)<br>	at java.lang.reflect.Method.invoke(Method.java:597)<br>	at org.apache.maven.surefire.util.ReflectionUtils.invokeMethodWithArray(ReflectionUtils.java:189)<br>	at org.apache.maven.surefire.booter.ProviderFactory$ProviderProxy.invoke(ProviderFactory.java:165)<br>	at org.apache.maven.surefire.booter.ProviderFactory.invokeProvider(ProviderFactory.java:85)<br>	at org.apache.maven.surefire.booter.ForkedBooter.runSuitesInProcess(ForkedBooter.java:115)<br>	at org.apache.maven.surefire.booter.ForkedBooter.main(ForkedBooter.java:75)<br>
<br>    
</code></td><td>14.709</td>
</tr>
</table>
<div class="Properties">
<a href="javascript:displayProperties('com.sav.ra.test.bid.TestBidOnRideHourlyInTheCity');">
                    Properties &raquo;
                </a>
</div>
</body>
</html>
