<html xmlns:string="xalan://java.lang.String" xmlns:lxslt="http://xml.apache.org/xslt">
<head>
<META http-equiv="Content-Type" content="text/html; charset=UTF-8">
<title>Unit Test Results: com.sav.ra.test.bid.TestBidOnRidePointToPoint</title>
<link rel="stylesheet" type="text/css" title="Style" href="../../../../../stylesheet.css">
<script type="text/javascript" language="JavaScript">
        var TestCases = new Array();
        var cur;
        </script><script type="text/javascript" language="JavaScript">
        function displayProperties (name) {
          var win = window.open('','JUnitSystemProperties','scrollbars=1,resizable=1');
          var doc = win.document;
          doc.open();
          doc.write("<html><head><title>Properties of " + name + "</title>");
          doc.write("<style type=\"text/css\">");
          doc.write("body {font:normal 68% verdana,arial,helvetica; color:#000000; }");
          doc.write("table tr td, table tr th { font-size: 68%; }");
          doc.write("table.properties { border-collapse:collapse; border-left:solid 1 #cccccc; border-top:solid 1 #cccccc; padding:5px; }");
          doc.write("table.properties th { text-align:left; border-right:solid 1 #cccccc; border-bottom:solid 1 #cccccc; background-color:#eeeeee; }");
          doc.write("table.properties td { font:normal; text-align:left; border-right:solid 1 #cccccc; border-bottom:solid 1 #cccccc; background-color:#fffffff; }");
          doc.write("h3 { margin-bottom: 0.5em; font: bold 115% verdana,arial,helvetica }");
          doc.write("</style>");
          doc.write("</head><body>");
          doc.write("<h3>Properties of " + name + "</h3>");
          doc.write("<div align=\"right\"><a href=\"javascript:window.close();\">Close</a></div>");
          doc.write("<table class='properties'>");
          doc.write("<tr><th>Name</th><th>Value</th></tr>");
          for (prop in TestCases[name]) {
            doc.write("<tr><th>" + prop + "</th><td>" + TestCases[name][prop] + "</td></tr>");
          }
          doc.write("</table>");
          doc.write("</body></html>");
          doc.close();
          win.focus();
        }
      
      </script>
</head>
<body>
<h1>Unit Test Results.</h1>
<table width="100%">
<tr>
<td align="left"></td><td align="right">Designed for use with <a href="http://www.junit.org/">JUnit</a> and <a href="http://ant.apache.org/">Ant</a>.</td>
</tr>
</table>
<hr size="1">
<h3>Class com.sav.ra.test.bid.TestBidOnRidePointToPoint</h3>
<table class="details" border="0" cellpadding="5" cellspacing="2" width="95%">
<tr valign="top">
<th width="80%">Name</th><th>Tests</th><th>Errors</th><th>Failures</th><th>Skipped</th><th nowrap>Time(s)</th><th nowrap>Time Stamp</th><th>Host</th>
</tr>
<tr valign="top" class="Error">
<td><a title="Display all tests" href="4_TestBidOnRidePointToPoint.html">TestBidOnRidePointToPoint</a></td><td><a title="Display all tests" href="4_TestBidOnRidePointToPoint.html">126</a></td><td><a title="Display only errors" href="4_TestBidOnRidePointToPoint-errors.html">35</a></td><td><a title="Display only failures" href="4_TestBidOnRidePointToPoint-fails.html">8</a></td><td></td><td>2617.302</td><td>8 Jan 2014 22:08:00 GMT</td><td>users-MacBook-Pro-2.local</td>
</tr>
</table>
<h2>Failures</h2>
<table class="details" border="0" cellpadding="5" cellspacing="2" width="95%">
<tr valign="top">
<th>Name</th><th>Status</th><th width="80%">Type</th><th nowrap>Time(s)</th>
</tr>
<tr valign="top" class="Failure">
<td><a name="testBidOnRidePointToPointPositive"></a>testBidOnRidePointToPointPositive</td><td>Failure</td><td>Element is not currently visible and so may not be interacted with Command duration or timeout: 5 milliseconds Build info: version: '2.37.1', revision: 'a7c61cbd68657e133ae96672cf995890bad2ee42', time: '2013-10-21 09:08:07' System info: host: 'users-MacBook-Pro-2.local', ip: '192.168.1.107', os.name: 'Mac OS X', os.arch: 'x86_64', os.version: '10.9.1', java.version: '1.6.0_65' Session ID: 468c8b38-4717-a140-86a9-cd9fbf4ee38d Driver info: org.openqa.selenium.firefox.FirefoxDriver Capabilities [{platform=MAC, acceptSslCerts=true, javascriptEnabled=true, browserName=firefox, rotatable=false, locationContextEnabled=true, version=26.0, cssSelectorsEnabled=true, databaseEnabled=true, handlesAlerts=true, browserConnectionEnabled=true, nativeEvents=false, webStorageEnabled=true, applicationCacheEnabled=true, takesScreenshot=true}]<br>
<br>
<code>
<br>      org.openqa.selenium.ElementNotVisibleException: Element is not currently visible and so may not be interacted with<br>Command duration or timeout: 5 milliseconds<br>Build info: version: '2.37.1', revision: 'a7c61cbd68657e133ae96672cf995890bad2ee42', time: '2013-10-21 09:08:07'<br>System info: host: 'users-MacBook-Pro-2.local', ip: '192.168.1.107', os.name: 'Mac OS X', os.arch: 'x86_64', os.version: '10.9.1', java.version: '1.6.0_65'<br>Session ID: 468c8b38-4717-a140-86a9-cd9fbf4ee38d<br>Driver info: org.openqa.selenium.firefox.FirefoxDriver<br>Capabilities [{platform=MAC, acceptSslCerts=true, javascriptEnabled=true, browserName=firefox, rotatable=false, locationContextEnabled=true, version=26.0, cssSelectorsEnabled=true, databaseEnabled=true, handlesAlerts=true, browserConnectionEnabled=true, nativeEvents=false, webStorageEnabled=true, applicationCacheEnabled=true, takesScreenshot=true}]<br>	at sun.reflect.NativeConstructorAccessorImpl.newInstance0(Native Method)<br>	at sun.reflect.NativeConstructorAccessorImpl.newInstance(NativeConstructorAccessorImpl.java:39)<br>	at sun.reflect.DelegatingConstructorAccessorImpl.newInstance(DelegatingConstructorAccessorImpl.java:27)<br>	at java.lang.reflect.Constructor.newInstance(Constructor.java:513)<br>	at org.openqa.selenium.remote.ErrorHandler.createThrowable(ErrorHandler.java:193)<br>	at org.openqa.selenium.remote.ErrorHandler.throwIfResponseFailed(ErrorHandler.java:145)<br>	at org.openqa.selenium.remote.RemoteWebDriver.execute(RemoteWebDriver.java:554)<br>	at org.openqa.selenium.remote.RemoteWebElement.execute(RemoteWebElement.java:268)<br>	at org.openqa.selenium.remote.RemoteWebElement.click(RemoteWebElement.java:79)<br>	at com.sav.ra.framework.WebDriverTest.verifyAndClickElement(WebDriverTest.java:135)<br>	at com.sav.ra.test.bid.TestBidOnRidePointToPoint.testBidOnRidePointToPointPositive(TestBidOnRidePointToPoint.java:59)<br>	at sun.reflect.GeneratedMethodAccessor20.invoke(Unknown Source)<br>	at sun.reflect.DelegatingMethodAccessorImpl.invoke(DelegatingMethodAccessorImpl.java:25)<br>	at java.lang.reflect.Method.invoke(Method.java:597)<br>	at org.testng.internal.MethodInvocationHelper.invokeMethod(MethodInvocationHelper.java:80)<br>	at org.testng.internal.Invoker.invokeMethod(Invoker.java:714)<br>	at org.testng.internal.Invoker.invokeTestMethod(Invoker.java:901)<br>	at org.testng.internal.Invoker.invokeTestMethods(Invoker.java:1231)<br>	at org.testng.internal.TestMethodWorker.invokeTestMethods(TestMethodWorker.java:127)<br>	at org.testng.internal.TestMethodWorker.run(TestMethodWorker.java:111)<br>	at org.testng.TestRunner.privateRun(TestRunner.java:767)<br>	at org.testng.TestRunner.run(TestRunner.java:617)<br>	at org.testng.SuiteRunner.runTest(SuiteRunner.java:334)<br>	at org.testng.SuiteRunner.runSequentially(SuiteRunner.java:329)<br>	at org.testng.SuiteRunner.privateRun(SuiteRunner.java:291)<br>	at org.testng.SuiteRunner.run(SuiteRunner.java:240)<br>	at org.testng.SuiteRunnerWorker.runSuite(SuiteRunnerWorker.java:52)<br>	at org.testng.SuiteRunnerWorker.run(SuiteRunnerWorker.java:86)<br>	at org.testng.TestNG.runSuitesSequentially(TestNG.java:1198)<br>	at org.testng.TestNG.runSuitesLocally(TestNG.java:1123)<br>	at org.testng.TestNG.run(TestNG.java:1031)<br>	at org.apache.maven.surefire.testng.TestNGExecutor.run(TestNGExecutor.java:77)<br>	at org.apache.maven.surefire.testng.TestNGDirectoryTestSuite.executeMulti(TestNGDirectoryTestSuite.java:159)<br>	at org.apache.maven.surefire.testng.TestNGDirectoryTestSuite.execute(TestNGDirectoryTestSuite.java:99)<br>	at org.apache.maven.surefire.testng.TestNGProvider.invoke(TestNGProvider.java:106)<br>	at sun.reflect.NativeMethodAccessorImpl.invoke0(Native Method)<br>	at sun.reflect.NativeMethodAccessorImpl.invoke(NativeMethodAccessorImpl.java:39)<br>	at sun.reflect.DelegatingMethodAccessorImpl.invoke(DelegatingMethodAccessorImpl.java:25)<br>	at java.lang.reflect.Method.invoke(Method.java:597)<br>	at org.apache.maven.surefire.util.ReflectionUtils.invokeMethodWithArray(ReflectionUtils.java:189)<br>	at org.apache.maven.surefire.booter.ProviderFactory$ProviderProxy.invoke(ProviderFactory.java:165)<br>	at org.apache.maven.surefire.booter.ProviderFactory.invokeProvider(ProviderFactory.java:85)<br>	at org.apache.maven.surefire.booter.ForkedBooter.runSuitesInProcess(ForkedBooter.java:115)<br>	at org.apache.maven.surefire.booter.ForkedBooter.main(ForkedBooter.java:75)<br>Caused by: org.openqa.selenium.remote.ErrorHandler$UnknownServerException: Element is not currently visible and so may not be interacted with<br>Build info: version: '2.37.1', revision: 'a7c61cbd68657e133ae96672cf995890bad2ee42', time: '2013-10-21 09:08:07'<br>System info: host: 'users-MacBook-Pro-2.local', ip: '192.168.1.107', os.name: 'Mac OS X', os.arch: 'x86_64', os.version: '10.9.1', java.version: '1.6.0_65'<br>Driver info: driver.version: unknown<br>	at &lt;anonymous class&gt;.fxdriver.preconditions.visible(file:///var/folders/3r/pyh6fkjj3k78lhxjrpryl7c80000gn/T/anonymous6395313450753729912webdriver-profile/extensions/fxdriver@googlecode.com/components/command_processor.js:8210)<br>	at &lt;anonymous class&gt;.DelayedCommand.prototype.checkPreconditions_(file:///var/folders/3r/pyh6fkjj3k78lhxjrpryl7c80000gn/T/anonymous6395313450753729912webdriver-profile/extensions/fxdriver@googlecode.com/components/command_processor.js:10827)<br>	at &lt;anonymous class&gt;.DelayedCommand.prototype.executeInternal_/h(file:///var/folders/3r/pyh6fkjj3k78lhxjrpryl7c80000gn/T/anonymous6395313450753729912webdriver-profile/extensions/fxdriver@googlecode.com/components/command_processor.js:10844)<br>	at &lt;anonymous class&gt;.DelayedCommand.prototype.executeInternal_(file:///var/folders/3r/pyh6fkjj3k78lhxjrpryl7c80000gn/T/anonymous6395313450753729912webdriver-profile/extensions/fxdriver@googlecode.com/components/command_processor.js:10849)<br>	at &lt;anonymous class&gt;.DelayedCommand.prototype.execute/&lt;(file:///var/folders/3r/pyh6fkjj3k78lhxjrpryl7c80000gn/T/anonymous6395313450753729912webdriver-profile/extensions/fxdriver@googlecode.com/components/command_processor.js:10791)<br>
<br>    
</code></td><td>5.135</td>
</tr>
<tr valign="top" class="Failure">
<td><a name="testBidOnRidePointToPointPositive"></a>testBidOnRidePointToPointPositive</td><td>Failure</td><td>Element is not currently visible and so may not be interacted with Command duration or timeout: 7 milliseconds Build info: version: '2.37.1', revision: 'a7c61cbd68657e133ae96672cf995890bad2ee42', time: '2013-10-21 09:08:07' System info: host: 'users-MacBook-Pro-2.local', ip: '192.168.1.107', os.name: 'Mac OS X', os.arch: 'x86_64', os.version: '10.9.1', java.version: '1.6.0_65' Session ID: 3b394204-0670-9847-b2a4-49b7427f94b9 Driver info: org.openqa.selenium.firefox.FirefoxDriver Capabilities [{platform=MAC, acceptSslCerts=true, javascriptEnabled=true, browserName=firefox, rotatable=false, locationContextEnabled=true, version=26.0, cssSelectorsEnabled=true, databaseEnabled=true, handlesAlerts=true, browserConnectionEnabled=true, nativeEvents=false, webStorageEnabled=true, applicationCacheEnabled=true, takesScreenshot=true}]<br>
<br>
<code>
<br>      org.openqa.selenium.ElementNotVisibleException: Element is not currently visible and so may not be interacted with<br>Command duration or timeout: 7 milliseconds<br>Build info: version: '2.37.1', revision: 'a7c61cbd68657e133ae96672cf995890bad2ee42', time: '2013-10-21 09:08:07'<br>System info: host: 'users-MacBook-Pro-2.local', ip: '192.168.1.107', os.name: 'Mac OS X', os.arch: 'x86_64', os.version: '10.9.1', java.version: '1.6.0_65'<br>Session ID: 3b394204-0670-9847-b2a4-49b7427f94b9<br>Driver info: org.openqa.selenium.firefox.FirefoxDriver<br>Capabilities [{platform=MAC, acceptSslCerts=true, javascriptEnabled=true, browserName=firefox, rotatable=false, locationContextEnabled=true, version=26.0, cssSelectorsEnabled=true, databaseEnabled=true, handlesAlerts=true, browserConnectionEnabled=true, nativeEvents=false, webStorageEnabled=true, applicationCacheEnabled=true, takesScreenshot=true}]<br>	at sun.reflect.NativeConstructorAccessorImpl.newInstance0(Native Method)<br>	at sun.reflect.NativeConstructorAccessorImpl.newInstance(NativeConstructorAccessorImpl.java:39)<br>	at sun.reflect.DelegatingConstructorAccessorImpl.newInstance(DelegatingConstructorAccessorImpl.java:27)<br>	at java.lang.reflect.Constructor.newInstance(Constructor.java:513)<br>	at org.openqa.selenium.remote.ErrorHandler.createThrowable(ErrorHandler.java:193)<br>	at org.openqa.selenium.remote.ErrorHandler.throwIfResponseFailed(ErrorHandler.java:145)<br>	at org.openqa.selenium.remote.RemoteWebDriver.execute(RemoteWebDriver.java:554)<br>	at org.openqa.selenium.remote.RemoteWebElement.execute(RemoteWebElement.java:268)<br>	at org.openqa.selenium.remote.RemoteWebElement.click(RemoteWebElement.java:79)<br>	at com.sav.ra.framework.WebDriverTest.verifyAndClickElement(WebDriverTest.java:135)<br>	at com.sav.ra.test.bid.TestBidOnRidePointToPoint.testBidOnRidePointToPointPositive(TestBidOnRidePointToPoint.java:59)<br>	at sun.reflect.GeneratedMethodAccessor20.invoke(Unknown Source)<br>	at sun.reflect.DelegatingMethodAccessorImpl.invoke(DelegatingMethodAccessorImpl.java:25)<br>	at java.lang.reflect.Method.invoke(Method.java:597)<br>	at org.testng.internal.MethodInvocationHelper.invokeMethod(MethodInvocationHelper.java:80)<br>	at org.testng.internal.Invoker.invokeMethod(Invoker.java:714)<br>	at org.testng.internal.Invoker.invokeTestMethod(Invoker.java:901)<br>	at org.testng.internal.Invoker.invokeTestMethods(Invoker.java:1231)<br>	at org.testng.internal.TestMethodWorker.invokeTestMethods(TestMethodWorker.java:127)<br>	at org.testng.internal.TestMethodWorker.run(TestMethodWorker.java:111)<br>	at org.testng.TestRunner.privateRun(TestRunner.java:767)<br>	at org.testng.TestRunner.run(TestRunner.java:617)<br>	at org.testng.SuiteRunner.runTest(SuiteRunner.java:334)<br>	at org.testng.SuiteRunner.runSequentially(SuiteRunner.java:329)<br>	at org.testng.SuiteRunner.privateRun(SuiteRunner.java:291)<br>	at org.testng.SuiteRunner.run(SuiteRunner.java:240)<br>	at org.testng.SuiteRunnerWorker.runSuite(SuiteRunnerWorker.java:52)<br>	at org.testng.SuiteRunnerWorker.run(SuiteRunnerWorker.java:86)<br>	at org.testng.TestNG.runSuitesSequentially(TestNG.java:1198)<br>	at org.testng.TestNG.runSuitesLocally(TestNG.java:1123)<br>	at org.testng.TestNG.run(TestNG.java:1031)<br>	at org.apache.maven.surefire.testng.TestNGExecutor.run(TestNGExecutor.java:77)<br>	at org.apache.maven.surefire.testng.TestNGDirectoryTestSuite.executeMulti(TestNGDirectoryTestSuite.java:159)<br>	at org.apache.maven.surefire.testng.TestNGDirectoryTestSuite.execute(TestNGDirectoryTestSuite.java:99)<br>	at org.apache.maven.surefire.testng.TestNGProvider.invoke(TestNGProvider.java:106)<br>	at sun.reflect.NativeMethodAccessorImpl.invoke0(Native Method)<br>	at sun.reflect.NativeMethodAccessorImpl.invoke(NativeMethodAccessorImpl.java:39)<br>	at sun.reflect.DelegatingMethodAccessorImpl.invoke(DelegatingMethodAccessorImpl.java:25)<br>	at java.lang.reflect.Method.invoke(Method.java:597)<br>	at org.apache.maven.surefire.util.ReflectionUtils.invokeMethodWithArray(ReflectionUtils.java:189)<br>	at org.apache.maven.surefire.booter.ProviderFactory$ProviderProxy.invoke(ProviderFactory.java:165)<br>	at org.apache.maven.surefire.booter.ProviderFactory.invokeProvider(ProviderFactory.java:85)<br>	at org.apache.maven.surefire.booter.ForkedBooter.runSuitesInProcess(ForkedBooter.java:115)<br>	at org.apache.maven.surefire.booter.ForkedBooter.main(ForkedBooter.java:75)<br>Caused by: org.openqa.selenium.remote.ErrorHandler$UnknownServerException: Element is not currently visible and so may not be interacted with<br>Build info: version: '2.37.1', revision: 'a7c61cbd68657e133ae96672cf995890bad2ee42', time: '2013-10-21 09:08:07'<br>System info: host: 'users-MacBook-Pro-2.local', ip: '192.168.1.107', os.name: 'Mac OS X', os.arch: 'x86_64', os.version: '10.9.1', java.version: '1.6.0_65'<br>Driver info: driver.version: unknown<br>	at &lt;anonymous class&gt;.fxdriver.preconditions.visible(file:///var/folders/3r/pyh6fkjj3k78lhxjrpryl7c80000gn/T/anonymous3267407678943856527webdriver-profile/extensions/fxdriver@googlecode.com/components/command_processor.js:8210)<br>	at &lt;anonymous class&gt;.DelayedCommand.prototype.checkPreconditions_(file:///var/folders/3r/pyh6fkjj3k78lhxjrpryl7c80000gn/T/anonymous3267407678943856527webdriver-profile/extensions/fxdriver@googlecode.com/components/command_processor.js:10827)<br>	at &lt;anonymous class&gt;.DelayedCommand.prototype.executeInternal_/h(file:///var/folders/3r/pyh6fkjj3k78lhxjrpryl7c80000gn/T/anonymous3267407678943856527webdriver-profile/extensions/fxdriver@googlecode.com/components/command_processor.js:10844)<br>	at &lt;anonymous class&gt;.DelayedCommand.prototype.executeInternal_(file:///var/folders/3r/pyh6fkjj3k78lhxjrpryl7c80000gn/T/anonymous3267407678943856527webdriver-profile/extensions/fxdriver@googlecode.com/components/command_processor.js:10849)<br>	at &lt;anonymous class&gt;.DelayedCommand.prototype.execute/&lt;(file:///var/folders/3r/pyh6fkjj3k78lhxjrpryl7c80000gn/T/anonymous3267407678943856527webdriver-profile/extensions/fxdriver@googlecode.com/components/command_processor.js:10791)<br>
<br>    
</code></td><td>5.738</td>
</tr>
<tr valign="top" class="Failure">
<td><a name="testBidOnRidePointToPointPositive"></a>testBidOnRidePointToPointPositive</td><td>Failure</td><td>Element is not currently visible and so may not be interacted with Command duration or timeout: 8 milliseconds Build info: version: '2.37.1', revision: 'a7c61cbd68657e133ae96672cf995890bad2ee42', time: '2013-10-21 09:08:07' System info: host: 'users-MacBook-Pro-2.local', ip: '192.168.1.107', os.name: 'Mac OS X', os.arch: 'x86_64', os.version: '10.9.1', java.version: '1.6.0_65' Session ID: 784b4534-f9d7-6848-a2d7-0994a69abe92 Driver info: org.openqa.selenium.firefox.FirefoxDriver Capabilities [{platform=MAC, acceptSslCerts=true, javascriptEnabled=true, browserName=firefox, rotatable=false, locationContextEnabled=true, version=26.0, cssSelectorsEnabled=true, databaseEnabled=true, handlesAlerts=true, browserConnectionEnabled=true, nativeEvents=false, webStorageEnabled=true, applicationCacheEnabled=true, takesScreenshot=true}]<br>
<br>
<code>
<br>      org.openqa.selenium.ElementNotVisibleException: Element is not currently visible and so may not be interacted with<br>Command duration or timeout: 8 milliseconds<br>Build info: version: '2.37.1', revision: 'a7c61cbd68657e133ae96672cf995890bad2ee42', time: '2013-10-21 09:08:07'<br>System info: host: 'users-MacBook-Pro-2.local', ip: '192.168.1.107', os.name: 'Mac OS X', os.arch: 'x86_64', os.version: '10.9.1', java.version: '1.6.0_65'<br>Session ID: 784b4534-f9d7-6848-a2d7-0994a69abe92<br>Driver info: org.openqa.selenium.firefox.FirefoxDriver<br>Capabilities [{platform=MAC, acceptSslCerts=true, javascriptEnabled=true, browserName=firefox, rotatable=false, locationContextEnabled=true, version=26.0, cssSelectorsEnabled=true, databaseEnabled=true, handlesAlerts=true, browserConnectionEnabled=true, nativeEvents=false, webStorageEnabled=true, applicationCacheEnabled=true, takesScreenshot=true}]<br>	at sun.reflect.NativeConstructorAccessorImpl.newInstance0(Native Method)<br>	at sun.reflect.NativeConstructorAccessorImpl.newInstance(NativeConstructorAccessorImpl.java:39)<br>	at sun.reflect.DelegatingConstructorAccessorImpl.newInstance(DelegatingConstructorAccessorImpl.java:27)<br>	at java.lang.reflect.Constructor.newInstance(Constructor.java:513)<br>	at org.openqa.selenium.remote.ErrorHandler.createThrowable(ErrorHandler.java:193)<br>	at org.openqa.selenium.remote.ErrorHandler.throwIfResponseFailed(ErrorHandler.java:145)<br>	at org.openqa.selenium.remote.RemoteWebDriver.execute(RemoteWebDriver.java:554)<br>	at org.openqa.selenium.remote.RemoteWebElement.execute(RemoteWebElement.java:268)<br>	at org.openqa.selenium.remote.RemoteWebElement.click(RemoteWebElement.java:79)<br>	at com.sav.ra.framework.WebDriverTest.verifyAndClickElement(WebDriverTest.java:135)<br>	at com.sav.ra.test.bid.TestBidOnRidePointToPoint.testBidOnRidePointToPointPositive(TestBidOnRidePointToPoint.java:78)<br>	at sun.reflect.GeneratedMethodAccessor20.invoke(Unknown Source)<br>	at sun.reflect.DelegatingMethodAccessorImpl.invoke(DelegatingMethodAccessorImpl.java:25)<br>	at java.lang.reflect.Method.invoke(Method.java:597)<br>	at org.testng.internal.MethodInvocationHelper.invokeMethod(MethodInvocationHelper.java:80)<br>	at org.testng.internal.Invoker.invokeMethod(Invoker.java:714)<br>	at org.testng.internal.Invoker.invokeTestMethod(Invoker.java:901)<br>	at org.testng.internal.Invoker.invokeTestMethods(Invoker.java:1231)<br>	at org.testng.internal.TestMethodWorker.invokeTestMethods(TestMethodWorker.java:127)<br>	at org.testng.internal.TestMethodWorker.run(TestMethodWorker.java:111)<br>	at org.testng.TestRunner.privateRun(TestRunner.java:767)<br>	at org.testng.TestRunner.run(TestRunner.java:617)<br>	at org.testng.SuiteRunner.runTest(SuiteRunner.java:334)<br>	at org.testng.SuiteRunner.runSequentially(SuiteRunner.java:329)<br>	at org.testng.SuiteRunner.privateRun(SuiteRunner.java:291)<br>	at org.testng.SuiteRunner.run(SuiteRunner.java:240)<br>	at org.testng.SuiteRunnerWorker.runSuite(SuiteRunnerWorker.java:52)<br>	at org.testng.SuiteRunnerWorker.run(SuiteRunnerWorker.java:86)<br>	at org.testng.TestNG.runSuitesSequentially(TestNG.java:1198)<br>	at org.testng.TestNG.runSuitesLocally(TestNG.java:1123)<br>	at org.testng.TestNG.run(TestNG.java:1031)<br>	at org.apache.maven.surefire.testng.TestNGExecutor.run(TestNGExecutor.java:77)<br>	at org.apache.maven.surefire.testng.TestNGDirectoryTestSuite.executeMulti(TestNGDirectoryTestSuite.java:159)<br>	at org.apache.maven.surefire.testng.TestNGDirectoryTestSuite.execute(TestNGDirectoryTestSuite.java:99)<br>	at org.apache.maven.surefire.testng.TestNGProvider.invoke(TestNGProvider.java:106)<br>	at sun.reflect.NativeMethodAccessorImpl.invoke0(Native Method)<br>	at sun.reflect.NativeMethodAccessorImpl.invoke(NativeMethodAccessorImpl.java:39)<br>	at sun.reflect.DelegatingMethodAccessorImpl.invoke(DelegatingMethodAccessorImpl.java:25)<br>	at java.lang.reflect.Method.invoke(Method.java:597)<br>	at org.apache.maven.surefire.util.ReflectionUtils.invokeMethodWithArray(ReflectionUtils.java:189)<br>	at org.apache.maven.surefire.booter.ProviderFactory$ProviderProxy.invoke(ProviderFactory.java:165)<br>	at org.apache.maven.surefire.booter.ProviderFactory.invokeProvider(ProviderFactory.java:85)<br>	at org.apache.maven.surefire.booter.ForkedBooter.runSuitesInProcess(ForkedBooter.java:115)<br>	at org.apache.maven.surefire.booter.ForkedBooter.main(ForkedBooter.java:75)<br>Caused by: org.openqa.selenium.remote.ErrorHandler$UnknownServerException: Element is not currently visible and so may not be interacted with<br>Build info: version: '2.37.1', revision: 'a7c61cbd68657e133ae96672cf995890bad2ee42', time: '2013-10-21 09:08:07'<br>System info: host: 'users-MacBook-Pro-2.local', ip: '192.168.1.107', os.name: 'Mac OS X', os.arch: 'x86_64', os.version: '10.9.1', java.version: '1.6.0_65'<br>Driver info: driver.version: unknown<br>	at &lt;anonymous class&gt;.fxdriver.preconditions.visible(file:///var/folders/3r/pyh6fkjj3k78lhxjrpryl7c80000gn/T/anonymous1147270341378015044webdriver-profile/extensions/fxdriver@googlecode.com/components/command_processor.js:8210)<br>	at &lt;anonymous class&gt;.DelayedCommand.prototype.checkPreconditions_(file:///var/folders/3r/pyh6fkjj3k78lhxjrpryl7c80000gn/T/anonymous1147270341378015044webdriver-profile/extensions/fxdriver@googlecode.com/components/command_processor.js:10827)<br>	at &lt;anonymous class&gt;.DelayedCommand.prototype.executeInternal_/h(file:///var/folders/3r/pyh6fkjj3k78lhxjrpryl7c80000gn/T/anonymous1147270341378015044webdriver-profile/extensions/fxdriver@googlecode.com/components/command_processor.js:10844)<br>	at &lt;anonymous class&gt;.DelayedCommand.prototype.executeInternal_(file:///var/folders/3r/pyh6fkjj3k78lhxjrpryl7c80000gn/T/anonymous1147270341378015044webdriver-profile/extensions/fxdriver@googlecode.com/components/command_processor.js:10849)<br>	at &lt;anonymous class&gt;.DelayedCommand.prototype.execute/&lt;(file:///var/folders/3r/pyh6fkjj3k78lhxjrpryl7c80000gn/T/anonymous1147270341378015044webdriver-profile/extensions/fxdriver@googlecode.com/components/command_processor.js:10791)<br>
<br>    
</code></td><td>17.424</td>
</tr>
<tr valign="top" class="Failure">
<td><a name="testBidOnRidePointToPointPositive"></a>testBidOnRidePointToPointPositive</td><td>Failure</td><td>Element is not currently visible and so may not be interacted with Command duration or timeout: 7 milliseconds Build info: version: '2.37.1', revision: 'a7c61cbd68657e133ae96672cf995890bad2ee42', time: '2013-10-21 09:08:07' System info: host: 'users-MacBook-Pro-2.local', ip: '192.168.1.107', os.name: 'Mac OS X', os.arch: 'x86_64', os.version: '10.9.1', java.version: '1.6.0_65' Session ID: 5117bb8c-bf2c-4d43-a838-dc0043f5a66d Driver info: org.openqa.selenium.firefox.FirefoxDriver Capabilities [{platform=MAC, acceptSslCerts=true, javascriptEnabled=true, browserName=firefox, rotatable=false, locationContextEnabled=true, version=26.0, cssSelectorsEnabled=true, databaseEnabled=true, handlesAlerts=true, browserConnectionEnabled=true, nativeEvents=false, webStorageEnabled=true, applicationCacheEnabled=true, takesScreenshot=true}]<br>
<br>
<code>
<br>      org.openqa.selenium.ElementNotVisibleException: Element is not currently visible and so may not be interacted with<br>Command duration or timeout: 7 milliseconds<br>Build info: version: '2.37.1', revision: 'a7c61cbd68657e133ae96672cf995890bad2ee42', time: '2013-10-21 09:08:07'<br>System info: host: 'users-MacBook-Pro-2.local', ip: '192.168.1.107', os.name: 'Mac OS X', os.arch: 'x86_64', os.version: '10.9.1', java.version: '1.6.0_65'<br>Session ID: 5117bb8c-bf2c-4d43-a838-dc0043f5a66d<br>Driver info: org.openqa.selenium.firefox.FirefoxDriver<br>Capabilities [{platform=MAC, acceptSslCerts=true, javascriptEnabled=true, browserName=firefox, rotatable=false, locationContextEnabled=true, version=26.0, cssSelectorsEnabled=true, databaseEnabled=true, handlesAlerts=true, browserConnectionEnabled=true, nativeEvents=false, webStorageEnabled=true, applicationCacheEnabled=true, takesScreenshot=true}]<br>	at sun.reflect.NativeConstructorAccessorImpl.newInstance0(Native Method)<br>	at sun.reflect.NativeConstructorAccessorImpl.newInstance(NativeConstructorAccessorImpl.java:39)<br>	at sun.reflect.DelegatingConstructorAccessorImpl.newInstance(DelegatingConstructorAccessorImpl.java:27)<br>	at java.lang.reflect.Constructor.newInstance(Constructor.java:513)<br>	at org.openqa.selenium.remote.ErrorHandler.createThrowable(ErrorHandler.java:193)<br>	at org.openqa.selenium.remote.ErrorHandler.throwIfResponseFailed(ErrorHandler.java:145)<br>	at org.openqa.selenium.remote.RemoteWebDriver.execute(RemoteWebDriver.java:554)<br>	at org.openqa.selenium.remote.RemoteWebElement.execute(RemoteWebElement.java:268)<br>	at org.openqa.selenium.remote.RemoteWebElement.click(RemoteWebElement.java:79)<br>	at com.sav.ra.framework.WebDriverTest.verifyAndClickElement(WebDriverTest.java:135)<br>	at com.sav.ra.test.bid.TestBidOnRidePointToPoint.testBidOnRidePointToPointPositive(TestBidOnRidePointToPoint.java:59)<br>	at sun.reflect.GeneratedMethodAccessor20.invoke(Unknown Source)<br>	at sun.reflect.DelegatingMethodAccessorImpl.invoke(DelegatingMethodAccessorImpl.java:25)<br>	at java.lang.reflect.Method.invoke(Method.java:597)<br>	at org.testng.internal.MethodInvocationHelper.invokeMethod(MethodInvocationHelper.java:80)<br>	at org.testng.internal.Invoker.invokeMethod(Invoker.java:714)<br>	at org.testng.internal.Invoker.invokeTestMethod(Invoker.java:901)<br>	at org.testng.internal.Invoker.invokeTestMethods(Invoker.java:1231)<br>	at org.testng.internal.TestMethodWorker.invokeTestMethods(TestMethodWorker.java:127)<br>	at org.testng.internal.TestMethodWorker.run(TestMethodWorker.java:111)<br>	at org.testng.TestRunner.privateRun(TestRunner.java:767)<br>	at org.testng.TestRunner.run(TestRunner.java:617)<br>	at org.testng.SuiteRunner.runTest(SuiteRunner.java:334)<br>	at org.testng.SuiteRunner.runSequentially(SuiteRunner.java:329)<br>	at org.testng.SuiteRunner.privateRun(SuiteRunner.java:291)<br>	at org.testng.SuiteRunner.run(SuiteRunner.java:240)<br>	at org.testng.SuiteRunnerWorker.runSuite(SuiteRunnerWorker.java:52)<br>	at org.testng.SuiteRunnerWorker.run(SuiteRunnerWorker.java:86)<br>	at org.testng.TestNG.runSuitesSequentially(TestNG.java:1198)<br>	at org.testng.TestNG.runSuitesLocally(TestNG.java:1123)<br>	at org.testng.TestNG.run(TestNG.java:1031)<br>	at org.apache.maven.surefire.testng.TestNGExecutor.run(TestNGExecutor.java:77)<br>	at org.apache.maven.surefire.testng.TestNGDirectoryTestSuite.executeMulti(TestNGDirectoryTestSuite.java:159)<br>	at org.apache.maven.surefire.testng.TestNGDirectoryTestSuite.execute(TestNGDirectoryTestSuite.java:99)<br>	at org.apache.maven.surefire.testng.TestNGProvider.invoke(TestNGProvider.java:106)<br>	at sun.reflect.NativeMethodAccessorImpl.invoke0(Native Method)<br>	at sun.reflect.NativeMethodAccessorImpl.invoke(NativeMethodAccessorImpl.java:39)<br>	at sun.reflect.DelegatingMethodAccessorImpl.invoke(DelegatingMethodAccessorImpl.java:25)<br>	at java.lang.reflect.Method.invoke(Method.java:597)<br>	at org.apache.maven.surefire.util.ReflectionUtils.invokeMethodWithArray(ReflectionUtils.java:189)<br>	at org.apache.maven.surefire.booter.ProviderFactory$ProviderProxy.invoke(ProviderFactory.java:165)<br>	at org.apache.maven.surefire.booter.ProviderFactory.invokeProvider(ProviderFactory.java:85)<br>	at org.apache.maven.surefire.booter.ForkedBooter.runSuitesInProcess(ForkedBooter.java:115)<br>	at org.apache.maven.surefire.booter.ForkedBooter.main(ForkedBooter.java:75)<br>Caused by: org.openqa.selenium.remote.ErrorHandler$UnknownServerException: Element is not currently visible and so may not be interacted with<br>Build info: version: '2.37.1', revision: 'a7c61cbd68657e133ae96672cf995890bad2ee42', time: '2013-10-21 09:08:07'<br>System info: host: 'users-MacBook-Pro-2.local', ip: '192.168.1.107', os.name: 'Mac OS X', os.arch: 'x86_64', os.version: '10.9.1', java.version: '1.6.0_65'<br>Driver info: driver.version: unknown<br>	at &lt;anonymous class&gt;.fxdriver.preconditions.visible(file:///var/folders/3r/pyh6fkjj3k78lhxjrpryl7c80000gn/T/anonymous108719252212151633webdriver-profile/extensions/fxdriver@googlecode.com/components/command_processor.js:8210)<br>	at &lt;anonymous class&gt;.DelayedCommand.prototype.checkPreconditions_(file:///var/folders/3r/pyh6fkjj3k78lhxjrpryl7c80000gn/T/anonymous108719252212151633webdriver-profile/extensions/fxdriver@googlecode.com/components/command_processor.js:10827)<br>	at &lt;anonymous class&gt;.DelayedCommand.prototype.executeInternal_/h(file:///var/folders/3r/pyh6fkjj3k78lhxjrpryl7c80000gn/T/anonymous108719252212151633webdriver-profile/extensions/fxdriver@googlecode.com/components/command_processor.js:10844)<br>	at &lt;anonymous class&gt;.DelayedCommand.prototype.executeInternal_(file:///var/folders/3r/pyh6fkjj3k78lhxjrpryl7c80000gn/T/anonymous108719252212151633webdriver-profile/extensions/fxdriver@googlecode.com/components/command_processor.js:10849)<br>	at &lt;anonymous class&gt;.DelayedCommand.prototype.execute/&lt;(file:///var/folders/3r/pyh6fkjj3k78lhxjrpryl7c80000gn/T/anonymous108719252212151633webdriver-profile/extensions/fxdriver@googlecode.com/components/command_processor.js:10791)<br>
<br>    
</code></td><td>6.363</td>
</tr>
<tr valign="top" class="Failure">
<td><a name="testBidOnRidePointToPointPositive"></a>testBidOnRidePointToPointPositive</td><td>Failure</td><td>Element is not currently visible and so may not be interacted with Command duration or timeout: 7 milliseconds Build info: version: '2.37.1', revision: 'a7c61cbd68657e133ae96672cf995890bad2ee42', time: '2013-10-21 09:08:07' System info: host: 'users-MacBook-Pro-2.local', ip: '192.168.1.107', os.name: 'Mac OS X', os.arch: 'x86_64', os.version: '10.9.1', java.version: '1.6.0_65' Session ID: 03955b3c-cf20-7b40-ac21-053b389aa9d1 Driver info: org.openqa.selenium.firefox.FirefoxDriver Capabilities [{platform=MAC, acceptSslCerts=true, javascriptEnabled=true, browserName=firefox, rotatable=false, locationContextEnabled=true, version=26.0, cssSelectorsEnabled=true, databaseEnabled=true, handlesAlerts=true, browserConnectionEnabled=true, nativeEvents=false, webStorageEnabled=true, applicationCacheEnabled=true, takesScreenshot=true}]<br>
<br>
<code>
<br>      org.openqa.selenium.ElementNotVisibleException: Element is not currently visible and so may not be interacted with<br>Command duration or timeout: 7 milliseconds<br>Build info: version: '2.37.1', revision: 'a7c61cbd68657e133ae96672cf995890bad2ee42', time: '2013-10-21 09:08:07'<br>System info: host: 'users-MacBook-Pro-2.local', ip: '192.168.1.107', os.name: 'Mac OS X', os.arch: 'x86_64', os.version: '10.9.1', java.version: '1.6.0_65'<br>Session ID: 03955b3c-cf20-7b40-ac21-053b389aa9d1<br>Driver info: org.openqa.selenium.firefox.FirefoxDriver<br>Capabilities [{platform=MAC, acceptSslCerts=true, javascriptEnabled=true, browserName=firefox, rotatable=false, locationContextEnabled=true, version=26.0, cssSelectorsEnabled=true, databaseEnabled=true, handlesAlerts=true, browserConnectionEnabled=true, nativeEvents=false, webStorageEnabled=true, applicationCacheEnabled=true, takesScreenshot=true}]<br>	at sun.reflect.NativeConstructorAccessorImpl.newInstance0(Native Method)<br>	at sun.reflect.NativeConstructorAccessorImpl.newInstance(NativeConstructorAccessorImpl.java:39)<br>	at sun.reflect.DelegatingConstructorAccessorImpl.newInstance(DelegatingConstructorAccessorImpl.java:27)<br>	at java.lang.reflect.Constructor.newInstance(Constructor.java:513)<br>	at org.openqa.selenium.remote.ErrorHandler.createThrowable(ErrorHandler.java:193)<br>	at org.openqa.selenium.remote.ErrorHandler.throwIfResponseFailed(ErrorHandler.java:145)<br>	at org.openqa.selenium.remote.RemoteWebDriver.execute(RemoteWebDriver.java:554)<br>	at org.openqa.selenium.remote.RemoteWebElement.execute(RemoteWebElement.java:268)<br>	at org.openqa.selenium.remote.RemoteWebElement.click(RemoteWebElement.java:79)<br>	at com.sav.ra.framework.WebDriverTest.verifyAndClickElement(WebDriverTest.java:135)<br>	at com.sav.ra.test.bid.TestBidOnRidePointToPoint.testBidOnRidePointToPointPositive(TestBidOnRidePointToPoint.java:59)<br>	at sun.reflect.GeneratedMethodAccessor20.invoke(Unknown Source)<br>	at sun.reflect.DelegatingMethodAccessorImpl.invoke(DelegatingMethodAccessorImpl.java:25)<br>	at java.lang.reflect.Method.invoke(Method.java:597)<br>	at org.testng.internal.MethodInvocationHelper.invokeMethod(MethodInvocationHelper.java:80)<br>	at org.testng.internal.Invoker.invokeMethod(Invoker.java:714)<br>	at org.testng.internal.Invoker.invokeTestMethod(Invoker.java:901)<br>	at org.testng.internal.Invoker.invokeTestMethods(Invoker.java:1231)<br>	at org.testng.internal.TestMethodWorker.invokeTestMethods(TestMethodWorker.java:127)<br>	at org.testng.internal.TestMethodWorker.run(TestMethodWorker.java:111)<br>	at org.testng.TestRunner.privateRun(TestRunner.java:767)<br>	at org.testng.TestRunner.run(TestRunner.java:617)<br>	at org.testng.SuiteRunner.runTest(SuiteRunner.java:334)<br>	at org.testng.SuiteRunner.runSequentially(SuiteRunner.java:329)<br>	at org.testng.SuiteRunner.privateRun(SuiteRunner.java:291)<br>	at org.testng.SuiteRunner.run(SuiteRunner.java:240)<br>	at org.testng.SuiteRunnerWorker.runSuite(SuiteRunnerWorker.java:52)<br>	at org.testng.SuiteRunnerWorker.run(SuiteRunnerWorker.java:86)<br>	at org.testng.TestNG.runSuitesSequentially(TestNG.java:1198)<br>	at org.testng.TestNG.runSuitesLocally(TestNG.java:1123)<br>	at org.testng.TestNG.run(TestNG.java:1031)<br>	at org.apache.maven.surefire.testng.TestNGExecutor.run(TestNGExecutor.java:77)<br>	at org.apache.maven.surefire.testng.TestNGDirectoryTestSuite.executeMulti(TestNGDirectoryTestSuite.java:159)<br>	at org.apache.maven.surefire.testng.TestNGDirectoryTestSuite.execute(TestNGDirectoryTestSuite.java:99)<br>	at org.apache.maven.surefire.testng.TestNGProvider.invoke(TestNGProvider.java:106)<br>	at sun.reflect.NativeMethodAccessorImpl.invoke0(Native Method)<br>	at sun.reflect.NativeMethodAccessorImpl.invoke(NativeMethodAccessorImpl.java:39)<br>	at sun.reflect.DelegatingMethodAccessorImpl.invoke(DelegatingMethodAccessorImpl.java:25)<br>	at java.lang.reflect.Method.invoke(Method.java:597)<br>	at org.apache.maven.surefire.util.ReflectionUtils.invokeMethodWithArray(ReflectionUtils.java:189)<br>	at org.apache.maven.surefire.booter.ProviderFactory$ProviderProxy.invoke(ProviderFactory.java:165)<br>	at org.apache.maven.surefire.booter.ProviderFactory.invokeProvider(ProviderFactory.java:85)<br>	at org.apache.maven.surefire.booter.ForkedBooter.runSuitesInProcess(ForkedBooter.java:115)<br>	at org.apache.maven.surefire.booter.ForkedBooter.main(ForkedBooter.java:75)<br>Caused by: org.openqa.selenium.remote.ErrorHandler$UnknownServerException: Element is not currently visible and so may not be interacted with<br>Build info: version: '2.37.1', revision: 'a7c61cbd68657e133ae96672cf995890bad2ee42', time: '2013-10-21 09:08:07'<br>System info: host: 'users-MacBook-Pro-2.local', ip: '192.168.1.107', os.name: 'Mac OS X', os.arch: 'x86_64', os.version: '10.9.1', java.version: '1.6.0_65'<br>Driver info: driver.version: unknown<br>	at &lt;anonymous class&gt;.fxdriver.preconditions.visible(file:///var/folders/3r/pyh6fkjj3k78lhxjrpryl7c80000gn/T/anonymous5871801024623869955webdriver-profile/extensions/fxdriver@googlecode.com/components/command_processor.js:8210)<br>	at &lt;anonymous class&gt;.DelayedCommand.prototype.checkPreconditions_(file:///var/folders/3r/pyh6fkjj3k78lhxjrpryl7c80000gn/T/anonymous5871801024623869955webdriver-profile/extensions/fxdriver@googlecode.com/components/command_processor.js:10827)<br>	at &lt;anonymous class&gt;.DelayedCommand.prototype.executeInternal_/h(file:///var/folders/3r/pyh6fkjj3k78lhxjrpryl7c80000gn/T/anonymous5871801024623869955webdriver-profile/extensions/fxdriver@googlecode.com/components/command_processor.js:10844)<br>	at &lt;anonymous class&gt;.DelayedCommand.prototype.executeInternal_(file:///var/folders/3r/pyh6fkjj3k78lhxjrpryl7c80000gn/T/anonymous5871801024623869955webdriver-profile/extensions/fxdriver@googlecode.com/components/command_processor.js:10849)<br>	at &lt;anonymous class&gt;.DelayedCommand.prototype.execute/&lt;(file:///var/folders/3r/pyh6fkjj3k78lhxjrpryl7c80000gn/T/anonymous5871801024623869955webdriver-profile/extensions/fxdriver@googlecode.com/components/command_processor.js:10791)<br>
<br>    
</code></td><td>5.357</td>
</tr>
<tr valign="top" class="Failure">
<td><a name="testBidOnRidePointToPointPositive"></a>testBidOnRidePointToPointPositive</td><td>Failure</td><td>Element is not currently visible and so may not be interacted with Command duration or timeout: 6 milliseconds Build info: version: '2.37.1', revision: 'a7c61cbd68657e133ae96672cf995890bad2ee42', time: '2013-10-21 09:08:07' System info: host: 'users-MacBook-Pro-2.local', ip: '192.168.1.107', os.name: 'Mac OS X', os.arch: 'x86_64', os.version: '10.9.1', java.version: '1.6.0_65' Session ID: 39a5df09-6031-0943-9c2a-df441b61bee5 Driver info: org.openqa.selenium.firefox.FirefoxDriver Capabilities [{platform=MAC, acceptSslCerts=true, javascriptEnabled=true, browserName=firefox, rotatable=false, locationContextEnabled=true, version=26.0, cssSelectorsEnabled=true, databaseEnabled=true, handlesAlerts=true, browserConnectionEnabled=true, nativeEvents=false, webStorageEnabled=true, applicationCacheEnabled=true, takesScreenshot=true}]<br>
<br>
<code>
<br>      org.openqa.selenium.ElementNotVisibleException: Element is not currently visible and so may not be interacted with<br>Command duration or timeout: 6 milliseconds<br>Build info: version: '2.37.1', revision: 'a7c61cbd68657e133ae96672cf995890bad2ee42', time: '2013-10-21 09:08:07'<br>System info: host: 'users-MacBook-Pro-2.local', ip: '192.168.1.107', os.name: 'Mac OS X', os.arch: 'x86_64', os.version: '10.9.1', java.version: '1.6.0_65'<br>Session ID: 39a5df09-6031-0943-9c2a-df441b61bee5<br>Driver info: org.openqa.selenium.firefox.FirefoxDriver<br>Capabilities [{platform=MAC, acceptSslCerts=true, javascriptEnabled=true, browserName=firefox, rotatable=false, locationContextEnabled=true, version=26.0, cssSelectorsEnabled=true, databaseEnabled=true, handlesAlerts=true, browserConnectionEnabled=true, nativeEvents=false, webStorageEnabled=true, applicationCacheEnabled=true, takesScreenshot=true}]<br>	at sun.reflect.NativeConstructorAccessorImpl.newInstance0(Native Method)<br>	at sun.reflect.NativeConstructorAccessorImpl.newInstance(NativeConstructorAccessorImpl.java:39)<br>	at sun.reflect.DelegatingConstructorAccessorImpl.newInstance(DelegatingConstructorAccessorImpl.java:27)<br>	at java.lang.reflect.Constructor.newInstance(Constructor.java:513)<br>	at org.openqa.selenium.remote.ErrorHandler.createThrowable(ErrorHandler.java:193)<br>	at org.openqa.selenium.remote.ErrorHandler.throwIfResponseFailed(ErrorHandler.java:145)<br>	at org.openqa.selenium.remote.RemoteWebDriver.execute(RemoteWebDriver.java:554)<br>	at org.openqa.selenium.remote.RemoteWebElement.execute(RemoteWebElement.java:268)<br>	at org.openqa.selenium.remote.RemoteWebElement.click(RemoteWebElement.java:79)<br>	at com.sav.ra.framework.WebDriverTest.verifyAndClickElement(WebDriverTest.java:135)<br>	at com.sav.ra.test.bid.TestBidOnRidePointToPoint.testBidOnRidePointToPointPositive(TestBidOnRidePointToPoint.java:72)<br>	at sun.reflect.GeneratedMethodAccessor20.invoke(Unknown Source)<br>	at sun.reflect.DelegatingMethodAccessorImpl.invoke(DelegatingMethodAccessorImpl.java:25)<br>	at java.lang.reflect.Method.invoke(Method.java:597)<br>	at org.testng.internal.MethodInvocationHelper.invokeMethod(MethodInvocationHelper.java:80)<br>	at org.testng.internal.Invoker.invokeMethod(Invoker.java:714)<br>	at org.testng.internal.Invoker.invokeTestMethod(Invoker.java:901)<br>	at org.testng.internal.Invoker.invokeTestMethods(Invoker.java:1231)<br>	at org.testng.internal.TestMethodWorker.invokeTestMethods(TestMethodWorker.java:127)<br>	at org.testng.internal.TestMethodWorker.run(TestMethodWorker.java:111)<br>	at org.testng.TestRunner.privateRun(TestRunner.java:767)<br>	at org.testng.TestRunner.run(TestRunner.java:617)<br>	at org.testng.SuiteRunner.runTest(SuiteRunner.java:334)<br>	at org.testng.SuiteRunner.runSequentially(SuiteRunner.java:329)<br>	at org.testng.SuiteRunner.privateRun(SuiteRunner.java:291)<br>	at org.testng.SuiteRunner.run(SuiteRunner.java:240)<br>	at org.testng.SuiteRunnerWorker.runSuite(SuiteRunnerWorker.java:52)<br>	at org.testng.SuiteRunnerWorker.run(SuiteRunnerWorker.java:86)<br>	at org.testng.TestNG.runSuitesSequentially(TestNG.java:1198)<br>	at org.testng.TestNG.runSuitesLocally(TestNG.java:1123)<br>	at org.testng.TestNG.run(TestNG.java:1031)<br>	at org.apache.maven.surefire.testng.TestNGExecutor.run(TestNGExecutor.java:77)<br>	at org.apache.maven.surefire.testng.TestNGDirectoryTestSuite.executeMulti(TestNGDirectoryTestSuite.java:159)<br>	at org.apache.maven.surefire.testng.TestNGDirectoryTestSuite.execute(TestNGDirectoryTestSuite.java:99)<br>	at org.apache.maven.surefire.testng.TestNGProvider.invoke(TestNGProvider.java:106)<br>	at sun.reflect.NativeMethodAccessorImpl.invoke0(Native Method)<br>	at sun.reflect.NativeMethodAccessorImpl.invoke(NativeMethodAccessorImpl.java:39)<br>	at sun.reflect.DelegatingMethodAccessorImpl.invoke(DelegatingMethodAccessorImpl.java:25)<br>	at java.lang.reflect.Method.invoke(Method.java:597)<br>	at org.apache.maven.surefire.util.ReflectionUtils.invokeMethodWithArray(ReflectionUtils.java:189)<br>	at org.apache.maven.surefire.booter.ProviderFactory$ProviderProxy.invoke(ProviderFactory.java:165)<br>	at org.apache.maven.surefire.booter.ProviderFactory.invokeProvider(ProviderFactory.java:85)<br>	at org.apache.maven.surefire.booter.ForkedBooter.runSuitesInProcess(ForkedBooter.java:115)<br>	at org.apache.maven.surefire.booter.ForkedBooter.main(ForkedBooter.java:75)<br>Caused by: org.openqa.selenium.remote.ErrorHandler$UnknownServerException: Element is not currently visible and so may not be interacted with<br>Build info: version: '2.37.1', revision: 'a7c61cbd68657e133ae96672cf995890bad2ee42', time: '2013-10-21 09:08:07'<br>System info: host: 'users-MacBook-Pro-2.local', ip: '192.168.1.107', os.name: 'Mac OS X', os.arch: 'x86_64', os.version: '10.9.1', java.version: '1.6.0_65'<br>Driver info: driver.version: unknown<br>	at &lt;anonymous class&gt;.fxdriver.preconditions.visible(file:///var/folders/3r/pyh6fkjj3k78lhxjrpryl7c80000gn/T/anonymous2840812235989009894webdriver-profile/extensions/fxdriver@googlecode.com/components/command_processor.js:8210)<br>	at &lt;anonymous class&gt;.DelayedCommand.prototype.checkPreconditions_(file:///var/folders/3r/pyh6fkjj3k78lhxjrpryl7c80000gn/T/anonymous2840812235989009894webdriver-profile/extensions/fxdriver@googlecode.com/components/command_processor.js:10827)<br>	at &lt;anonymous class&gt;.DelayedCommand.prototype.executeInternal_/h(file:///var/folders/3r/pyh6fkjj3k78lhxjrpryl7c80000gn/T/anonymous2840812235989009894webdriver-profile/extensions/fxdriver@googlecode.com/components/command_processor.js:10844)<br>	at &lt;anonymous class&gt;.DelayedCommand.prototype.executeInternal_(file:///var/folders/3r/pyh6fkjj3k78lhxjrpryl7c80000gn/T/anonymous2840812235989009894webdriver-profile/extensions/fxdriver@googlecode.com/components/command_processor.js:10849)<br>	at &lt;anonymous class&gt;.DelayedCommand.prototype.execute/&lt;(file:///var/folders/3r/pyh6fkjj3k78lhxjrpryl7c80000gn/T/anonymous2840812235989009894webdriver-profile/extensions/fxdriver@googlecode.com/components/command_processor.js:10791)<br>
<br>    
</code></td><td>11.867</td>
</tr>
<tr valign="top" class="Failure">
<td><a name="testBidOnRidePointToPointPositive"></a>testBidOnRidePointToPointPositive</td><td>Failure</td><td>Element is not currently visible and so may not be interacted with Command duration or timeout: 6 milliseconds Build info: version: '2.37.1', revision: 'a7c61cbd68657e133ae96672cf995890bad2ee42', time: '2013-10-21 09:08:07' System info: host: 'users-MacBook-Pro-2.local', ip: '192.168.1.107', os.name: 'Mac OS X', os.arch: 'x86_64', os.version: '10.9.1', java.version: '1.6.0_65' Session ID: 481e0704-c65f-ba41-b7c7-ce5a4f24aeca Driver info: org.openqa.selenium.firefox.FirefoxDriver Capabilities [{platform=MAC, acceptSslCerts=true, javascriptEnabled=true, browserName=firefox, rotatable=false, locationContextEnabled=true, version=26.0, cssSelectorsEnabled=true, databaseEnabled=true, handlesAlerts=true, browserConnectionEnabled=true, nativeEvents=false, webStorageEnabled=true, applicationCacheEnabled=true, takesScreenshot=true}]<br>
<br>
<code>
<br>      org.openqa.selenium.ElementNotVisibleException: Element is not currently visible and so may not be interacted with<br>Command duration or timeout: 6 milliseconds<br>Build info: version: '2.37.1', revision: 'a7c61cbd68657e133ae96672cf995890bad2ee42', time: '2013-10-21 09:08:07'<br>System info: host: 'users-MacBook-Pro-2.local', ip: '192.168.1.107', os.name: 'Mac OS X', os.arch: 'x86_64', os.version: '10.9.1', java.version: '1.6.0_65'<br>Session ID: 481e0704-c65f-ba41-b7c7-ce5a4f24aeca<br>Driver info: org.openqa.selenium.firefox.FirefoxDriver<br>Capabilities [{platform=MAC, acceptSslCerts=true, javascriptEnabled=true, browserName=firefox, rotatable=false, locationContextEnabled=true, version=26.0, cssSelectorsEnabled=true, databaseEnabled=true, handlesAlerts=true, browserConnectionEnabled=true, nativeEvents=false, webStorageEnabled=true, applicationCacheEnabled=true, takesScreenshot=true}]<br>	at sun.reflect.NativeConstructorAccessorImpl.newInstance0(Native Method)<br>	at sun.reflect.NativeConstructorAccessorImpl.newInstance(NativeConstructorAccessorImpl.java:39)<br>	at sun.reflect.DelegatingConstructorAccessorImpl.newInstance(DelegatingConstructorAccessorImpl.java:27)<br>	at java.lang.reflect.Constructor.newInstance(Constructor.java:513)<br>	at org.openqa.selenium.remote.ErrorHandler.createThrowable(ErrorHandler.java:193)<br>	at org.openqa.selenium.remote.ErrorHandler.throwIfResponseFailed(ErrorHandler.java:145)<br>	at org.openqa.selenium.remote.RemoteWebDriver.execute(RemoteWebDriver.java:554)<br>	at org.openqa.selenium.remote.RemoteWebElement.execute(RemoteWebElement.java:268)<br>	at org.openqa.selenium.remote.RemoteWebElement.click(RemoteWebElement.java:79)<br>	at com.sav.ra.framework.WebDriverTest.verifyAndClickElement(WebDriverTest.java:135)<br>	at com.sav.ra.test.bid.TestBidOnRidePointToPoint.testBidOnRidePointToPointPositive(TestBidOnRidePointToPoint.java:59)<br>	at sun.reflect.GeneratedMethodAccessor20.invoke(Unknown Source)<br>	at sun.reflect.DelegatingMethodAccessorImpl.invoke(DelegatingMethodAccessorImpl.java:25)<br>	at java.lang.reflect.Method.invoke(Method.java:597)<br>	at org.testng.internal.MethodInvocationHelper.invokeMethod(MethodInvocationHelper.java:80)<br>	at org.testng.internal.Invoker.invokeMethod(Invoker.java:714)<br>	at org.testng.internal.Invoker.invokeTestMethod(Invoker.java:901)<br>	at org.testng.internal.Invoker.invokeTestMethods(Invoker.java:1231)<br>	at org.testng.internal.TestMethodWorker.invokeTestMethods(TestMethodWorker.java:127)<br>	at org.testng.internal.TestMethodWorker.run(TestMethodWorker.java:111)<br>	at org.testng.TestRunner.privateRun(TestRunner.java:767)<br>	at org.testng.TestRunner.run(TestRunner.java:617)<br>	at org.testng.SuiteRunner.runTest(SuiteRunner.java:334)<br>	at org.testng.SuiteRunner.runSequentially(SuiteRunner.java:329)<br>	at org.testng.SuiteRunner.privateRun(SuiteRunner.java:291)<br>	at org.testng.SuiteRunner.run(SuiteRunner.java:240)<br>	at org.testng.SuiteRunnerWorker.runSuite(SuiteRunnerWorker.java:52)<br>	at org.testng.SuiteRunnerWorker.run(SuiteRunnerWorker.java:86)<br>	at org.testng.TestNG.runSuitesSequentially(TestNG.java:1198)<br>	at org.testng.TestNG.runSuitesLocally(TestNG.java:1123)<br>	at org.testng.TestNG.run(TestNG.java:1031)<br>	at org.apache.maven.surefire.testng.TestNGExecutor.run(TestNGExecutor.java:77)<br>	at org.apache.maven.surefire.testng.TestNGDirectoryTestSuite.executeMulti(TestNGDirectoryTestSuite.java:159)<br>	at org.apache.maven.surefire.testng.TestNGDirectoryTestSuite.execute(TestNGDirectoryTestSuite.java:99)<br>	at org.apache.maven.surefire.testng.TestNGProvider.invoke(TestNGProvider.java:106)<br>	at sun.reflect.NativeMethodAccessorImpl.invoke0(Native Method)<br>	at sun.reflect.NativeMethodAccessorImpl.invoke(NativeMethodAccessorImpl.java:39)<br>	at sun.reflect.DelegatingMethodAccessorImpl.invoke(DelegatingMethodAccessorImpl.java:25)<br>	at java.lang.reflect.Method.invoke(Method.java:597)<br>	at org.apache.maven.surefire.util.ReflectionUtils.invokeMethodWithArray(ReflectionUtils.java:189)<br>	at org.apache.maven.surefire.booter.ProviderFactory$ProviderProxy.invoke(ProviderFactory.java:165)<br>	at org.apache.maven.surefire.booter.ProviderFactory.invokeProvider(ProviderFactory.java:85)<br>	at org.apache.maven.surefire.booter.ForkedBooter.runSuitesInProcess(ForkedBooter.java:115)<br>	at org.apache.maven.surefire.booter.ForkedBooter.main(ForkedBooter.java:75)<br>Caused by: org.openqa.selenium.remote.ErrorHandler$UnknownServerException: Element is not currently visible and so may not be interacted with<br>Build info: version: '2.37.1', revision: 'a7c61cbd68657e133ae96672cf995890bad2ee42', time: '2013-10-21 09:08:07'<br>System info: host: 'users-MacBook-Pro-2.local', ip: '192.168.1.107', os.name: 'Mac OS X', os.arch: 'x86_64', os.version: '10.9.1', java.version: '1.6.0_65'<br>Driver info: driver.version: unknown<br>	at &lt;anonymous class&gt;.fxdriver.preconditions.visible(file:///var/folders/3r/pyh6fkjj3k78lhxjrpryl7c80000gn/T/anonymous6044736551681957549webdriver-profile/extensions/fxdriver@googlecode.com/components/command_processor.js:8210)<br>	at &lt;anonymous class&gt;.DelayedCommand.prototype.checkPreconditions_(file:///var/folders/3r/pyh6fkjj3k78lhxjrpryl7c80000gn/T/anonymous6044736551681957549webdriver-profile/extensions/fxdriver@googlecode.com/components/command_processor.js:10827)<br>	at &lt;anonymous class&gt;.DelayedCommand.prototype.executeInternal_/h(file:///var/folders/3r/pyh6fkjj3k78lhxjrpryl7c80000gn/T/anonymous6044736551681957549webdriver-profile/extensions/fxdriver@googlecode.com/components/command_processor.js:10844)<br>	at &lt;anonymous class&gt;.DelayedCommand.prototype.executeInternal_(file:///var/folders/3r/pyh6fkjj3k78lhxjrpryl7c80000gn/T/anonymous6044736551681957549webdriver-profile/extensions/fxdriver@googlecode.com/components/command_processor.js:10849)<br>	at &lt;anonymous class&gt;.DelayedCommand.prototype.execute/&lt;(file:///var/folders/3r/pyh6fkjj3k78lhxjrpryl7c80000gn/T/anonymous6044736551681957549webdriver-profile/extensions/fxdriver@googlecode.com/components/command_processor.js:10791)<br>
<br>    
</code></td><td>6.220</td>
</tr>
<tr valign="top" class="Failure">
<td><a name="testBidOnRidePointToPointPositive"></a>testBidOnRidePointToPointPositive</td><td>Failure</td><td>Element is not currently visible and so may not be interacted with Command duration or timeout: 8 milliseconds Build info: version: '2.37.1', revision: 'a7c61cbd68657e133ae96672cf995890bad2ee42', time: '2013-10-21 09:08:07' System info: host: 'users-MacBook-Pro-2.local', ip: '192.168.1.107', os.name: 'Mac OS X', os.arch: 'x86_64', os.version: '10.9.1', java.version: '1.6.0_65' Session ID: a26969bc-1f08-a148-8eb9-11f27711b786 Driver info: org.openqa.selenium.firefox.FirefoxDriver Capabilities [{platform=MAC, acceptSslCerts=true, javascriptEnabled=true, browserName=firefox, rotatable=false, locationContextEnabled=true, version=26.0, cssSelectorsEnabled=true, databaseEnabled=true, handlesAlerts=true, browserConnectionEnabled=true, nativeEvents=false, webStorageEnabled=true, applicationCacheEnabled=true, takesScreenshot=true}]<br>
<br>
<code>
<br>      org.openqa.selenium.ElementNotVisibleException: Element is not currently visible and so may not be interacted with<br>Command duration or timeout: 8 milliseconds<br>Build info: version: '2.37.1', revision: 'a7c61cbd68657e133ae96672cf995890bad2ee42', time: '2013-10-21 09:08:07'<br>System info: host: 'users-MacBook-Pro-2.local', ip: '192.168.1.107', os.name: 'Mac OS X', os.arch: 'x86_64', os.version: '10.9.1', java.version: '1.6.0_65'<br>Session ID: a26969bc-1f08-a148-8eb9-11f27711b786<br>Driver info: org.openqa.selenium.firefox.FirefoxDriver<br>Capabilities [{platform=MAC, acceptSslCerts=true, javascriptEnabled=true, browserName=firefox, rotatable=false, locationContextEnabled=true, version=26.0, cssSelectorsEnabled=true, databaseEnabled=true, handlesAlerts=true, browserConnectionEnabled=true, nativeEvents=false, webStorageEnabled=true, applicationCacheEnabled=true, takesScreenshot=true}]<br>	at sun.reflect.NativeConstructorAccessorImpl.newInstance0(Native Method)<br>	at sun.reflect.NativeConstructorAccessorImpl.newInstance(NativeConstructorAccessorImpl.java:39)<br>	at sun.reflect.DelegatingConstructorAccessorImpl.newInstance(DelegatingConstructorAccessorImpl.java:27)<br>	at java.lang.reflect.Constructor.newInstance(Constructor.java:513)<br>	at org.openqa.selenium.remote.ErrorHandler.createThrowable(ErrorHandler.java:193)<br>	at org.openqa.selenium.remote.ErrorHandler.throwIfResponseFailed(ErrorHandler.java:145)<br>	at org.openqa.selenium.remote.RemoteWebDriver.execute(RemoteWebDriver.java:554)<br>	at org.openqa.selenium.remote.RemoteWebElement.execute(RemoteWebElement.java:268)<br>	at org.openqa.selenium.remote.RemoteWebElement.click(RemoteWebElement.java:79)<br>	at com.sav.ra.framework.WebDriverTest.verifyAndClickElement(WebDriverTest.java:135)<br>	at com.sav.ra.test.bid.TestBidOnRidePointToPoint.testBidOnRidePointToPointPositive(TestBidOnRidePointToPoint.java:78)<br>	at sun.reflect.GeneratedMethodAccessor20.invoke(Unknown Source)<br>	at sun.reflect.DelegatingMethodAccessorImpl.invoke(DelegatingMethodAccessorImpl.java:25)<br>	at java.lang.reflect.Method.invoke(Method.java:597)<br>	at org.testng.internal.MethodInvocationHelper.invokeMethod(MethodInvocationHelper.java:80)<br>	at org.testng.internal.Invoker.invokeMethod(Invoker.java:714)<br>	at org.testng.internal.Invoker.invokeTestMethod(Invoker.java:901)<br>	at org.testng.internal.Invoker.invokeTestMethods(Invoker.java:1231)<br>	at org.testng.internal.TestMethodWorker.invokeTestMethods(TestMethodWorker.java:127)<br>	at org.testng.internal.TestMethodWorker.run(TestMethodWorker.java:111)<br>	at org.testng.TestRunner.privateRun(TestRunner.java:767)<br>	at org.testng.TestRunner.run(TestRunner.java:617)<br>	at org.testng.SuiteRunner.runTest(SuiteRunner.java:334)<br>	at org.testng.SuiteRunner.runSequentially(SuiteRunner.java:329)<br>	at org.testng.SuiteRunner.privateRun(SuiteRunner.java:291)<br>	at org.testng.SuiteRunner.run(SuiteRunner.java:240)<br>	at org.testng.SuiteRunnerWorker.runSuite(SuiteRunnerWorker.java:52)<br>	at org.testng.SuiteRunnerWorker.run(SuiteRunnerWorker.java:86)<br>	at org.testng.TestNG.runSuitesSequentially(TestNG.java:1198)<br>	at org.testng.TestNG.runSuitesLocally(TestNG.java:1123)<br>	at org.testng.TestNG.run(TestNG.java:1031)<br>	at org.apache.maven.surefire.testng.TestNGExecutor.run(TestNGExecutor.java:77)<br>	at org.apache.maven.surefire.testng.TestNGDirectoryTestSuite.executeMulti(TestNGDirectoryTestSuite.java:159)<br>	at org.apache.maven.surefire.testng.TestNGDirectoryTestSuite.execute(TestNGDirectoryTestSuite.java:99)<br>	at org.apache.maven.surefire.testng.TestNGProvider.invoke(TestNGProvider.java:106)<br>	at sun.reflect.NativeMethodAccessorImpl.invoke0(Native Method)<br>	at sun.reflect.NativeMethodAccessorImpl.invoke(NativeMethodAccessorImpl.java:39)<br>	at sun.reflect.DelegatingMethodAccessorImpl.invoke(DelegatingMethodAccessorImpl.java:25)<br>	at java.lang.reflect.Method.invoke(Method.java:597)<br>	at org.apache.maven.surefire.util.ReflectionUtils.invokeMethodWithArray(ReflectionUtils.java:189)<br>	at org.apache.maven.surefire.booter.ProviderFactory$ProviderProxy.invoke(ProviderFactory.java:165)<br>	at org.apache.maven.surefire.booter.ProviderFactory.invokeProvider(ProviderFactory.java:85)<br>	at org.apache.maven.surefire.booter.ForkedBooter.runSuitesInProcess(ForkedBooter.java:115)<br>	at org.apache.maven.surefire.booter.ForkedBooter.main(ForkedBooter.java:75)<br>Caused by: org.openqa.selenium.remote.ErrorHandler$UnknownServerException: Element is not currently visible and so may not be interacted with<br>Build info: version: '2.37.1', revision: 'a7c61cbd68657e133ae96672cf995890bad2ee42', time: '2013-10-21 09:08:07'<br>System info: host: 'users-MacBook-Pro-2.local', ip: '192.168.1.107', os.name: 'Mac OS X', os.arch: 'x86_64', os.version: '10.9.1', java.version: '1.6.0_65'<br>Driver info: driver.version: unknown<br>	at &lt;anonymous class&gt;.fxdriver.preconditions.visible(file:///var/folders/3r/pyh6fkjj3k78lhxjrpryl7c80000gn/T/anonymous6833468512791570776webdriver-profile/extensions/fxdriver@googlecode.com/components/command_processor.js:8210)<br>	at &lt;anonymous class&gt;.DelayedCommand.prototype.checkPreconditions_(file:///var/folders/3r/pyh6fkjj3k78lhxjrpryl7c80000gn/T/anonymous6833468512791570776webdriver-profile/extensions/fxdriver@googlecode.com/components/command_processor.js:10827)<br>	at &lt;anonymous class&gt;.DelayedCommand.prototype.executeInternal_/h(file:///var/folders/3r/pyh6fkjj3k78lhxjrpryl7c80000gn/T/anonymous6833468512791570776webdriver-profile/extensions/fxdriver@googlecode.com/components/command_processor.js:10844)<br>	at &lt;anonymous class&gt;.DelayedCommand.prototype.executeInternal_(file:///var/folders/3r/pyh6fkjj3k78lhxjrpryl7c80000gn/T/anonymous6833468512791570776webdriver-profile/extensions/fxdriver@googlecode.com/components/command_processor.js:10849)<br>	at &lt;anonymous class&gt;.DelayedCommand.prototype.execute/&lt;(file:///var/folders/3r/pyh6fkjj3k78lhxjrpryl7c80000gn/T/anonymous6833468512791570776webdriver-profile/extensions/fxdriver@googlecode.com/components/command_processor.js:10791)<br>
<br>    
</code></td><td>18.783</td>
</tr>
</table>
<div class="Properties">
<a href="javascript:displayProperties('com.sav.ra.test.bid.TestBidOnRidePointToPoint');">
                    Properties &raquo;
                </a>
</div>
</body>
</html>
